{"@timestamp": "2026-03-11T08:37:32.975403Z", "EventID": 13, "Channel": "Microsoft-Windows-Sysmon/Operational", "Provider": "Microsoft-Windows-Sysmon", "ProviderGuid": "{5770385f-c22a-43e0-bf4c-06f5698ffbd9}", "Computer": "WS-MKT-047", "Task": "Registry value set", "UtcTime": "2026-03-11 08:37:32.975", "ProcessGuid": "{5b141f18-0000-0000-0000-1a8e83e2de8a}", "User": "CORP\\m.laurent", "EventType": "SetValue", "Image": "C:\\Windows\\System32\\RuntimeBroker.exe", "TargetObject": "HKLM\\SOFTWARE\\Microsoft\\Windows\\CurrentVersion\\Explorer\\Advanced\\Hidden", "Details": "DWORD (0x00000001)", "ProcessId": 17796}
{"@timestamp": "2026-03-11T08:37:38.082043Z", "EventID": 1, "Channel": "Microsoft-Windows-Sysmon/Operational", "Provider": "Microsoft-Windows-Sysmon", "ProviderGuid": "{5770385f-c22a-43e0-bf4c-06f5698ffbd9}", "Computer": "WS-HR-022", "Task": "Process Create", "UtcTime": "2026-03-11 08:37:38.082", "ProcessGuid": "{840429fe-0000-0000-0000-0815fdd4d112}", "User": "CORP\\p.novak", "Image": "C:\\Windows\\System32\\SearchIndexer.exe", "CommandLine": "SearchIndexer.exe /Embedding", "CurrentDirectory": "C:\\Users\\p.novak\\", "ProcessId": 17826, "IntegrityLevel": "Medium", "Hashes": "SHA1=121647E7D5A6D15EEAB8D97378C4AEDDD4ADD9A0,MD5=283832F41A113F74BCD3F79D,SHA256=121647E7D5A6D15EEAB8D97378C4AEDDD4ADD9A0283832F41A113F74BCD3F79D,IMPHASH=121647E7D5A6D15EEAB8D97378C4AEDD", "ParentImage": "C:\\Windows\\System32\\services.exe", "ParentCommandLine": "services.exe", "ParentProcessId": 17864, "OriginalFileName": "SearchIndexer.exe", "LogonId": "0x3ce0c2"}
{"@timestamp": "2026-03-11T08:37:49.906732Z", "EventID": 1, "Channel": "Microsoft-Windows-Sysmon/Operational", "Provider": "Microsoft-Windows-Sysmon", "ProviderGuid": "{5770385f-c22a-43e0-bf4c-06f5698ffbd9}", "Computer": "WS-ENG-101", "Task": "Process Create", "UtcTime": "2026-03-11 08:37:49.906", "ProcessGuid": "{1cc82557-0000-0000-0000-72dca22455d6}", "User": "CORP\\p.novak", "Image": "C:\\Program Files\\Google\\Chrome\\Application\\chrome.exe", "CommandLine": "chrome.exe --type=renderer", "CurrentDirectory": "C:\\Users\\p.novak\\", "ProcessId": 17903, "IntegrityLevel": "Medium", "Hashes": "SHA1=B98A42E7E75A66429BF21F48D54033A6083EAF10,MD5=1BD296B5FE5A63134C2B6565,SHA256=B98A42E7E75A66429BF21F48D54033A6083EAF101BD296B5FE5A63134C2B6565,IMPHASH=B98A42E7E75A66429BF21F48D54033A6", "ParentImage": "C:\\Windows\\explorer.exe", "ParentCommandLine": "explorer.exe", "ParentProcessId": 17933, "OriginalFileName": "chrome.exe", "LogonId": "0x6daf1b"}
{"@timestamp": "2026-03-11T08:38:00.542021Z", "EventID": 1, "Channel": "Microsoft-Windows-Sysmon/Operational", "Provider": "Microsoft-Windows-Sysmon", "ProviderGuid": "{5770385f-c22a-43e0-bf4c-06f5698ffbd9}", "Computer": "WS-MKT-047", "Task": "Process Create", "UtcTime": "2026-03-11 08:38:00.542", "ProcessGuid": "{20f7167f-0000-0000-0000-0d3f8bb122c2}", "User": "CORP\\j.dupont", "Image": "C:\\Program Files\\Microsoft Office\\root\\Office16\\OUTLOOK.EXE", "CommandLine": "OUTLOOK.EXE /recycle", "CurrentDirectory": "C:\\Users\\j.dupont\\", "ProcessId": 17940, "IntegrityLevel": "Medium", "Hashes": "SHA1=D25566003433C51441C6E3C14EF3881FFB63A3D5,MD5=4985E661295960B277858FDD,SHA256=D25566003433C51441C6E3C14EF3881FFB63A3D54985E661295960B277858FDD,IMPHASH=D25566003433C51441C6E3C14EF3881F", "ParentImage": "C:\\Windows\\explorer.exe", "ParentCommandLine": "explorer.exe", "ParentProcessId": 17977, "OriginalFileName": "OUTLOOK.EXE", "LogonId": "0x393492"}
{"@timestamp": "2026-03-11T08:38:01.542021Z", "EventID": 7, "Channel": "Microsoft-Windows-Sysmon/Operational", "Provider": "Microsoft-Windows-Sysmon", "ProviderGuid": "{5770385f-c22a-43e0-bf4c-06f5698ffbd9}", "Computer": "WS-MKT-047", "Task": "Image loaded", "UtcTime": "2026-03-11 08:38:01.542", "ProcessGuid": "{30fe279c-0000-0000-0000-22e6d63a0669}", "User": "CORP\\j.dupont", "Image": "C:\\Program Files\\Microsoft Office\\root\\Office16\\OUTLOOK.EXE", "ImageLoaded": "C:\\Windows\\System32\\kernel32.dll", "Hashes": "SHA1=9CFF62CD296F6EFDBB9B5622D676BA00427ABD30,MD5=4150B5B1C27F0AA9385BB344,SHA256=9CFF62CD296F6EFDBB9B5622D676BA00427ABD304150B5B1C27F0AA9385BB344,IMPHASH=9CFF62CD296F6EFDBB9B5622D676BA00", "Signed": "true", "Signature": "Microsoft Windows", "SignatureStatus": "Valid", "ProcessId": 18002}
{"@timestamp": "2026-03-11T08:38:11.519261Z", "EventID": 1, "Channel": "Microsoft-Windows-Sysmon/Operational", "Provider": "Microsoft-Windows-Sysmon", "ProviderGuid": "{5770385f-c22a-43e0-bf4c-06f5698ffbd9}", "Computer": "WS-ENG-101", "Task": "Process Create", "UtcTime": "2026-03-11 08:38:11.519", "ProcessGuid": "{325c185d-0000-0000-0000-a2008237f495}", "User": "CORP\\m.laurent", "Image": "C:\\Windows\\System32\\taskhostw.exe", "CommandLine": "taskhostw.exe {222A245B}", "CurrentDirectory": "C:\\Users\\m.laurent\\", "ProcessId": 18007, "IntegrityLevel": "Medium", "Hashes": "SHA1=EADE2CD8C84CE631A2A6917151557D03D7BCF704,MD5=B2A911E5910025FA412EE1D7,SHA256=EADE2CD8C84CE631A2A6917151557D03D7BCF704B2A911E5910025FA412EE1D7,IMPHASH=EADE2CD8C84CE631A2A6917151557D03", "ParentImage": "C:\\Windows\\System32\\svchost.exe", "ParentCommandLine": "svchost.exe", "ParentProcessId": 18039, "OriginalFileName": "taskhostw.exe", "LogonId": "0x97ee2b"}
{"@timestamp": "2026-03-11T08:38:13.519261Z", "EventID": 22, "Channel": "Microsoft-Windows-Sysmon/Operational", "Provider": "Microsoft-Windows-Sysmon", "ProviderGuid": "{5770385f-c22a-43e0-bf4c-06f5698ffbd9}", "Computer": "WS-ENG-101", "Task": "Dns query", "UtcTime": "2026-03-11 08:38:13.519", "ProcessGuid": "{f38abe50-0000-0000-0000-184aadf7bb8a}", "User": "CORP\\m.laurent", "Image": "C:\\Windows\\System32\\taskhostw.exe", "QueryName": "outlook.office365.com", "QueryStatus": "0", "QueryResults": "type: 5 outlook.office365.com", "ProcessId": 18063}
{"@timestamp": "2026-03-11T08:38:14.519261Z", "EventID": 3, "Channel": "Microsoft-Windows-Sysmon/Operational", "Provider": "Microsoft-Windows-Sysmon", "ProviderGuid": "{5770385f-c22a-43e0-bf4c-06f5698ffbd9}", "Computer": "WS-ENG-101", "Task": "Network connection detected", "UtcTime": "2026-03-11 08:38:14.519", "ProcessGuid": "{60a214a2-0000-0000-0000-f69c6183908b}", "User": "CORP\\m.laurent", "Image": "C:\\Windows\\System32\\taskhostw.exe", "Protocol": "tcp", "Initiated": true, "SourceIp": "10.20.4.12", "SourcePort": 59474, "DestinationIp": "104.18.18.152", "DestinationPort": 443, "DestinationHostname": "outlook.office365.com", "ProcessId": 18083}
{"@timestamp": "2026-03-11T08:38:20.367119Z", "EventID": 1, "Channel": "Microsoft-Windows-Sysmon/Operational", "Provider": "Microsoft-Windows-Sysmon", "ProviderGuid": "{5770385f-c22a-43e0-bf4c-06f5698ffbd9}", "Computer": "SRV-APP-02", "Task": "Process Create", "UtcTime": "2026-03-11 08:38:20.367", "ProcessGuid": "{c17d75ec-0000-0000-0000-37be0f82b062}", "User": "CORP\\p.novak", "Image": "C:\\Windows\\System32\\SearchIndexer.exe", "CommandLine": "SearchIndexer.exe /Embedding", "CurrentDirectory": "C:\\Users\\p.novak\\", "ProcessId": 18097, "IntegrityLevel": "Medium", "Hashes": "SHA1=121647E7D5A6D15EEAB8D97378C4AEDDD4ADD9A0,MD5=283832F41A113F74BCD3F79D,SHA256=121647E7D5A6D15EEAB8D97378C4AEDDD4ADD9A0283832F41A113F74BCD3F79D,IMPHASH=121647E7D5A6D15EEAB8D97378C4AEDD", "ParentImage": "C:\\Windows\\System32\\services.exe", "ParentCommandLine": "services.exe", "ParentProcessId": 18113, "OriginalFileName": "SearchIndexer.exe", "LogonId": "0xa9431e"}
{"@timestamp": "2026-03-11T08:38:30.135882Z", "EventID": 1, "Channel": "Microsoft-Windows-Sysmon/Operational", "Provider": "Microsoft-Windows-Sysmon", "ProviderGuid": "{5770385f-c22a-43e0-bf4c-06f5698ffbd9}", "Computer": "WS-HR-022", "Task": "Process Create", "UtcTime": "2026-03-11 08:38:30.135", "ProcessGuid": "{b55cf6ae-0000-0000-0000-c5d1a8aa46cf}", "User": "CORP\\j.dupont", "Image": "C:\\Windows\\System32\\taskhostw.exe", "CommandLine": "taskhostw.exe {222A245B}", "CurrentDirectory": "C:\\Users\\j.dupont\\", "ProcessId": 18144, "IntegrityLevel": "Medium", "Hashes": "SHA1=EADE2CD8C84CE631A2A6917151557D03D7BCF704,MD5=B2A911E5910025FA412EE1D7,SHA256=EADE2CD8C84CE631A2A6917151557D03D7BCF704B2A911E5910025FA412EE1D7,IMPHASH=EADE2CD8C84CE631A2A6917151557D03", "ParentImage": "C:\\Windows\\System32\\svchost.exe", "ParentCommandLine": "svchost.exe", "ParentProcessId": 18180, "OriginalFileName": "taskhostw.exe", "LogonId": "0xc30090"}
{"@timestamp": "2026-03-11T08:38:31.135882Z", "EventID": 7, "Channel": "Microsoft-Windows-Sysmon/Operational", "Provider": "Microsoft-Windows-Sysmon", "ProviderGuid": "{5770385f-c22a-43e0-bf4c-06f5698ffbd9}", "Computer": "WS-HR-022", "Task": "Image loaded", "UtcTime": "2026-03-11 08:38:31.135", "ProcessGuid": "{cce24b46-0000-0000-0000-8f49cdc81ab3}", "User": "CORP\\j.dupont", "Image": "C:\\Windows\\System32\\taskhostw.exe", "ImageLoaded": "C:\\Windows\\System32\\ole32.dll", "Hashes": "SHA1=F245FE196BF4E32347EB826671DBFA2AE75FC0F7,MD5=3E3DDDD0ED96FA97ED29A527,SHA256=F245FE196BF4E32347EB826671DBFA2AE75FC0F73E3DDDD0ED96FA97ED29A527,IMPHASH=F245FE196BF4E32347EB826671DBFA2A", "Signed": "true", "Signature": "Microsoft Windows", "SignatureStatus": "Valid", "ProcessId": 18210}
{"@timestamp": "2026-03-11T08:38:34.135882Z", "EventID": 13, "Channel": "Microsoft-Windows-Sysmon/Operational", "Provider": "Microsoft-Windows-Sysmon", "ProviderGuid": "{5770385f-c22a-43e0-bf4c-06f5698ffbd9}", "Computer": "WS-HR-022", "Task": "Registry value set", "UtcTime": "2026-03-11 08:38:34.135", "ProcessGuid": "{cab5b22c-0000-0000-0000-8cf6b8ce3870}", "User": "CORP\\j.dupont", "EventType": "SetValue", "Image": "C:\\Windows\\System32\\taskhostw.exe", "TargetObject": "HKLM\\SOFTWARE\\Microsoft\\Windows\\CurrentVersion\\Explorer\\Advanced\\Hidden", "Details": "DWORD (0x00000001)", "ProcessId": 18222}
{"@timestamp": "2026-03-11T08:38:43.635313Z", "EventID": 1, "Channel": "Microsoft-Windows-Sysmon/Operational", "Provider": "Microsoft-Windows-Sysmon", "ProviderGuid": "{5770385f-c22a-43e0-bf4c-06f5698ffbd9}", "Computer": "WS-HR-022", "Task": "Process Create", "UtcTime": "2026-03-11 08:38:43.635", "ProcessGuid": "{5f180516-0000-0000-0000-f0d59ad958c6}", "User": "CORP\\j.dupont", "Image": "C:\\Windows\\System32\\SearchIndexer.exe", "CommandLine": "SearchIndexer.exe /Embedding", "CurrentDirectory": "C:\\Users\\j.dupont\\", "ProcessId": 18253, "IntegrityLevel": "Medium", "Hashes": "SHA1=121647E7D5A6D15EEAB8D97378C4AEDDD4ADD9A0,MD5=283832F41A113F74BCD3F79D,SHA256=121647E7D5A6D15EEAB8D97378C4AEDDD4ADD9A0283832F41A113F74BCD3F79D,IMPHASH=121647E7D5A6D15EEAB8D97378C4AEDD", "ParentImage": "C:\\Windows\\System32\\services.exe", "ParentCommandLine": "services.exe", "ParentProcessId": 18283, "OriginalFileName": "SearchIndexer.exe", "LogonId": "0x2a0523"}
{"@timestamp": "2026-03-11T08:38:52.803434Z", "EventID": 1, "Channel": "Microsoft-Windows-Sysmon/Operational", "Provider": "Microsoft-Windows-Sysmon", "ProviderGuid": "{5770385f-c22a-43e0-bf4c-06f5698ffbd9}", "Computer": "SRV-APP-02", "Task": "Process Create", "UtcTime": "2026-03-11 08:38:52.803", "ProcessGuid": "{1e804f11-0000-0000-0000-130546f8b79c}", "User": "CORP\\a.schmidt", "Image": "C:\\Windows\\System32\\SearchIndexer.exe", "CommandLine": "SearchIndexer.exe /Embedding", "CurrentDirectory": "C:\\Users\\a.schmidt\\", "ProcessId": 18316, "IntegrityLevel": "Medium", "Hashes": "SHA1=121647E7D5A6D15EEAB8D97378C4AEDDD4ADD9A0,MD5=283832F41A113F74BCD3F79D,SHA256=121647E7D5A6D15EEAB8D97378C4AEDDD4ADD9A0283832F41A113F74BCD3F79D,IMPHASH=121647E7D5A6D15EEAB8D97378C4AEDD", "ParentImage": "C:\\Windows\\System32\\services.exe", "ParentCommandLine": "services.exe", "ParentProcessId": 18330, "OriginalFileName": "SearchIndexer.exe", "LogonId": "0x9a4d5a"}
{"@timestamp": "2026-03-11T08:38:54.803434Z", "EventID": 22, "Channel": "Microsoft-Windows-Sysmon/Operational", "Provider": "Microsoft-Windows-Sysmon", "ProviderGuid": "{5770385f-c22a-43e0-bf4c-06f5698ffbd9}", "Computer": "SRV-APP-02", "Task": "Dns query", "UtcTime": "2026-03-11 08:38:54.803", "ProcessGuid": "{4093825b-0000-0000-0000-fe102f3c0a02}", "User": "CORP\\a.schmidt", "Image": "C:\\Windows\\System32\\SearchIndexer.exe", "QueryName": "login.microsoftonline.com", "QueryStatus": "0", "QueryResults": "type: 5 login.microsoftonline.com", "ProcessId": 18334}
{"@timestamp": "2026-03-11T08:38:55.803434Z", "EventID": 3, "Channel": "Microsoft-Windows-Sysmon/Operational", "Provider": "Microsoft-Windows-Sysmon", "ProviderGuid": "{5770385f-c22a-43e0-bf4c-06f5698ffbd9}", "Computer": "SRV-APP-02", "Task": "Network connection detected", "UtcTime": "2026-03-11 08:38:55.803", "ProcessGuid": "{5951ed0c-0000-0000-0000-e2217ab831d9}", "User": "CORP\\a.schmidt", "Image": "C:\\Windows\\System32\\SearchIndexer.exe", "Protocol": "tcp", "Initiated": true, "SourceIp": "10.20.4.26", "SourcePort": 65056, "DestinationIp": "104.18.34.202", "DestinationPort": 443, "DestinationHostname": "login.microsoftonline.com", "ProcessId": 18338}
{"@timestamp": "2026-03-11T08:39:07.490502Z", "EventID": 1, "Channel": "Microsoft-Windows-Sysmon/Operational", "Provider": "Microsoft-Windows-Sysmon", "ProviderGuid": "{5770385f-c22a-43e0-bf4c-06f5698ffbd9}", "Computer": "WS-HR-022", "Task": "Process Create", "UtcTime": "2026-03-11 08:39:07.490", "ProcessGuid": "{f536fbbf-0000-0000-0000-f753b7c65a4d}", "User": "CORP\\a.schmidt", "Image": "C:\\Windows\\System32\\SearchIndexer.exe", "CommandLine": "SearchIndexer.exe /Embedding", "CurrentDirectory": "C:\\Users\\a.schmidt\\", "ProcessId": 18376, "IntegrityLevel": "Medium", "Hashes": "SHA1=121647E7D5A6D15EEAB8D97378C4AEDDD4ADD9A0,MD5=283832F41A113F74BCD3F79D,SHA256=121647E7D5A6D15EEAB8D97378C4AEDDD4ADD9A0283832F41A113F74BCD3F79D,IMPHASH=121647E7D5A6D15EEAB8D97378C4AEDD", "ParentImage": "C:\\Windows\\System32\\services.exe", "ParentCommandLine": "services.exe", "ParentProcessId": 18392, "OriginalFileName": "SearchIndexer.exe", "LogonId": "0xf6b56e"}
{"@timestamp": "2026-03-11T08:39:08.490502Z", "EventID": 7, "Channel": "Microsoft-Windows-Sysmon/Operational", "Provider": "Microsoft-Windows-Sysmon", "ProviderGuid": "{5770385f-c22a-43e0-bf4c-06f5698ffbd9}", "Computer": "WS-HR-022", "Task": "Image loaded", "UtcTime": "2026-03-11 08:39:08.490", "ProcessGuid": "{49978321-0000-0000-0000-8d2f19b18e6e}", "User": "CORP\\a.schmidt", "Image": "C:\\Windows\\System32\\SearchIndexer.exe", "ImageLoaded": "C:\\Windows\\System32\\kernel32.dll", "Hashes": "SHA1=9CFF62CD296F6EFDBB9B5622D676BA00427ABD30,MD5=4150B5B1C27F0AA9385BB344,SHA256=9CFF62CD296F6EFDBB9B5622D676BA00427ABD304150B5B1C27F0AA9385BB344,IMPHASH=9CFF62CD296F6EFDBB9B5622D676BA00", "Signed": "true", "Signature": "Microsoft Windows", "SignatureStatus": "Valid", "ProcessId": 18416}
{"@timestamp": "2026-03-11T08:39:15.470343Z", "EventID": 1, "Channel": "Microsoft-Windows-Sysmon/Operational", "Provider": "Microsoft-Windows-Sysmon", "ProviderGuid": "{5770385f-c22a-43e0-bf4c-06f5698ffbd9}", "Computer": "WS-ENG-101", "Task": "Process Create", "UtcTime": "2026-03-11 08:39:15.470", "ProcessGuid": "{33895d89-0000-0000-0000-7b88ebbd80d2}", "User": "CORP\\p.novak", "Image": "C:\\Program Files\\Google\\Chrome\\Application\\chrome.exe", "CommandLine": "chrome.exe --type=renderer", "CurrentDirectory": "C:\\Users\\p.novak\\", "ProcessId": 18450, "IntegrityLevel": "Medium", "Hashes": "SHA1=B98A42E7E75A66429BF21F48D54033A6083EAF10,MD5=1BD296B5FE5A63134C2B6565,SHA256=B98A42E7E75A66429BF21F48D54033A6083EAF101BD296B5FE5A63134C2B6565,IMPHASH=B98A42E7E75A66429BF21F48D54033A6", "ParentImage": "C:\\Windows\\explorer.exe", "ParentCommandLine": "explorer.exe", "ParentProcessId": 18467, "OriginalFileName": "chrome.exe", "LogonId": "0xc8ebf7"}
{"@timestamp": "2026-03-11T08:39:25.916534Z", "EventID": 1, "Channel": "Microsoft-Windows-Sysmon/Operational", "Provider": "Microsoft-Windows-Sysmon", "ProviderGuid": "{5770385f-c22a-43e0-bf4c-06f5698ffbd9}", "Computer": "SRV-APP-02", "Task": "Process Create", "UtcTime": "2026-03-11 08:39:25.916", "ProcessGuid": "{ff58a08b-0000-0000-0000-87017cbbe340}", "User": "CORP\\j.dupont", "Image": "C:\\Program Files\\Microsoft Office\\root\\Office16\\OUTLOOK.EXE", "CommandLine": "OUTLOOK.EXE /recycle", "CurrentDirectory": "C:\\Users\\j.dupont\\", "ProcessId": 18503, "IntegrityLevel": "Medium", "Hashes": "SHA1=D25566003433C51441C6E3C14EF3881FFB63A3D5,MD5=4985E661295960B277858FDD,SHA256=D25566003433C51441C6E3C14EF3881FFB63A3D54985E661295960B277858FDD,IMPHASH=D25566003433C51441C6E3C14EF3881F", "ParentImage": "C:\\Windows\\explorer.exe", "ParentCommandLine": "explorer.exe", "ParentProcessId": 18540, "OriginalFileName": "OUTLOOK.EXE", "LogonId": "0x2079f2"}
{"@timestamp": "2026-03-11T08:39:36.886840Z", "EventID": 1, "Channel": "Microsoft-Windows-Sysmon/Operational", "Provider": "Microsoft-Windows-Sysmon", "ProviderGuid": "{5770385f-c22a-43e0-bf4c-06f5698ffbd9}", "Computer": "WS-ENG-101", "Task": "Process Create", "UtcTime": "2026-03-11 08:39:36.886", "ProcessGuid": "{898289f1-0000-0000-0000-5cfa0ca67d12}", "User": "CORP\\j.dupont", "Image": "C:\\Windows\\System32\\RuntimeBroker.exe", "CommandLine": "RuntimeBroker.exe -Embedding", "CurrentDirectory": "C:\\Users\\j.dupont\\", "ProcessId": 18544, "IntegrityLevel": "Medium", "Hashes": "SHA1=6E06B06ABB69086464746156B313BB85E792314E,MD5=F5BB5F92FAEC74E6F48A66F1,SHA256=6E06B06ABB69086464746156B313BB85E792314EF5BB5F92FAEC74E6F48A66F1,IMPHASH=6E06B06ABB69086464746156B313BB85", "ParentImage": "C:\\Windows\\System32\\svchost.exe", "ParentCommandLine": "svchost.exe", "ParentProcessId": 18574, "OriginalFileName": "RuntimeBroker.exe", "LogonId": "0xeb4313"}
{"@timestamp": "2026-03-11T08:39:37.886840Z", "EventID": 7, "Channel": "Microsoft-Windows-Sysmon/Operational", "Provider": "Microsoft-Windows-Sysmon", "ProviderGuid": "{5770385f-c22a-43e0-bf4c-06f5698ffbd9}", "Computer": "WS-ENG-101", "Task": "Image loaded", "UtcTime": "2026-03-11 08:39:37.886", "ProcessGuid": "{8e75f6ac-0000-0000-0000-d610824e9cce}", "User": "CORP\\j.dupont", "Image": "C:\\Windows\\System32\\RuntimeBroker.exe", "ImageLoaded": "C:\\Windows\\System32\\kernel32.dll", "Hashes": "SHA1=9CFF62CD296F6EFDBB9B5622D676BA00427ABD30,MD5=4150B5B1C27F0AA9385BB344,SHA256=9CFF62CD296F6EFDBB9B5622D676BA00427ABD304150B5B1C27F0AA9385BB344,IMPHASH=9CFF62CD296F6EFDBB9B5622D676BA00", "Signed": "true", "Signature": "Microsoft Windows", "SignatureStatus": "Valid", "ProcessId": 18603}
{"@timestamp": "2026-03-11T08:39:38.886840Z", "EventID": 22, "Channel": "Microsoft-Windows-Sysmon/Operational", "Provider": "Microsoft-Windows-Sysmon", "ProviderGuid": "{5770385f-c22a-43e0-bf4c-06f5698ffbd9}", "Computer": "WS-ENG-101", "Task": "Dns query", "UtcTime": "2026-03-11 08:39:38.886", "ProcessGuid": "{822a5131-0000-0000-0000-a59861adced2}", "User": "CORP\\j.dupont", "Image": "C:\\Windows\\System32\\RuntimeBroker.exe", "QueryName": "www.microsoft.com", "QueryStatus": "0", "QueryResults": "type: 5 www.microsoft.com", "ProcessId": 18638}
{"@timestamp": "2026-03-11T08:39:39.886840Z", "EventID": 3, "Channel": "Microsoft-Windows-Sysmon/Operational", "Provider": "Microsoft-Windows-Sysmon", "ProviderGuid": "{5770385f-c22a-43e0-bf4c-06f5698ffbd9}", "Computer": "WS-ENG-101", "Task": "Network connection detected", "UtcTime": "2026-03-11 08:39:39.886", "ProcessGuid": "{1615b690-0000-0000-0000-3cb51dc2c1f1}", "User": "CORP\\j.dupont", "Image": "C:\\Windows\\System32\\RuntimeBroker.exe", "Protocol": "tcp", "Initiated": true, "SourceIp": "10.20.4.33", "SourcePort": 61119, "DestinationIp": "104.18.12.181", "DestinationPort": 443, "DestinationHostname": "www.microsoft.com", "ProcessId": 18643}
{"@timestamp": "2026-03-11T08:39:40.886840Z", "EventID": 13, "Channel": "Microsoft-Windows-Sysmon/Operational", "Provider": "Microsoft-Windows-Sysmon", "ProviderGuid": "{5770385f-c22a-43e0-bf4c-06f5698ffbd9}", "Computer": "WS-ENG-101", "Task": "Registry value set", "UtcTime": "2026-03-11 08:39:40.886", "ProcessGuid": "{016177d1-0000-0000-0000-68f6140a9018}", "User": "CORP\\j.dupont", "EventType": "SetValue", "Image": "C:\\Windows\\System32\\RuntimeBroker.exe", "TargetObject": "HKLM\\SOFTWARE\\Microsoft\\Windows\\CurrentVersion\\Explorer\\Advanced\\Hidden", "Details": "DWORD (0x00000001)", "ProcessId": 18660}
{"@timestamp": "2026-03-11T08:39:50.544731Z", "EventID": 1, "Channel": "Microsoft-Windows-Sysmon/Operational", "Provider": "Microsoft-Windows-Sysmon", "ProviderGuid": "{5770385f-c22a-43e0-bf4c-06f5698ffbd9}", "Computer": "WS-ENG-101", "Task": "Process Create", "UtcTime": "2026-03-11 08:39:50.544", "ProcessGuid": "{69450483-0000-0000-0000-87387a6f32d3}", "User": "CORP\\a.schmidt", "Image": "C:\\Windows\\System32\\taskhostw.exe", "CommandLine": "taskhostw.exe {222A245B}", "CurrentDirectory": "C:\\Users\\a.schmidt\\", "ProcessId": 18664, "IntegrityLevel": "Medium", "Hashes": "SHA1=EADE2CD8C84CE631A2A6917151557D03D7BCF704,MD5=B2A911E5910025FA412EE1D7,SHA256=EADE2CD8C84CE631A2A6917151557D03D7BCF704B2A911E5910025FA412EE1D7,IMPHASH=EADE2CD8C84CE631A2A6917151557D03", "ParentImage": "C:\\Windows\\System32\\svchost.exe", "ParentCommandLine": "svchost.exe", "ParentProcessId": 18696, "OriginalFileName": "taskhostw.exe", "LogonId": "0xd88f4"}
{"@timestamp": "2026-03-11T08:39:58.589648Z", "EventID": 1, "Channel": "Microsoft-Windows-Sysmon/Operational", "Provider": "Microsoft-Windows-Sysmon", "ProviderGuid": "{5770385f-c22a-43e0-bf4c-06f5698ffbd9}", "Computer": "SRV-APP-02", "Task": "Process Create", "UtcTime": "2026-03-11 08:39:58.589", "ProcessGuid": "{e16d8b95-0000-0000-0000-1e3088fdecf4}", "User": "CORP\\a.schmidt", "Image": "C:\\Program Files\\Microsoft Office\\root\\Office16\\OUTLOOK.EXE", "CommandLine": "OUTLOOK.EXE /recycle", "CurrentDirectory": "C:\\Users\\a.schmidt\\", "ProcessId": 18733, "IntegrityLevel": "Medium", "Hashes": "SHA1=D25566003433C51441C6E3C14EF3881FFB63A3D5,MD5=4985E661295960B277858FDD,SHA256=D25566003433C51441C6E3C14EF3881FFB63A3D54985E661295960B277858FDD,IMPHASH=D25566003433C51441C6E3C14EF3881F", "ParentImage": "C:\\Windows\\explorer.exe", "ParentCommandLine": "explorer.exe", "ParentProcessId": 18739, "OriginalFileName": "OUTLOOK.EXE", "LogonId": "0xf43ef2"}
{"@timestamp": "2026-03-11T08:40:13.029491Z", "EventID": 1, "Channel": "Microsoft-Windows-Sysmon/Operational", "Provider": "Microsoft-Windows-Sysmon", "ProviderGuid": "{5770385f-c22a-43e0-bf4c-06f5698ffbd9}", "Computer": "WS-ENG-101", "Task": "Process Create", "UtcTime": "2026-03-11 08:40:13.029", "ProcessGuid": "{b6f209fa-0000-0000-0000-a15d8b116db7}", "User": "CORP\\a.schmidt", "Image": "C:\\Program Files\\Microsoft Teams\\Teams.exe", "CommandLine": "Teams.exe --system-initiated", "CurrentDirectory": "C:\\Users\\a.schmidt\\", "ProcessId": 18769, "IntegrityLevel": "Medium", "Hashes": "SHA1=9525FFAF892D6BD1156DEC6DA15806371098DE79,MD5=FF07B9533A5BBA93B98DAC47,SHA256=9525FFAF892D6BD1156DEC6DA15806371098DE79FF07B9533A5BBA93B98DAC47,IMPHASH=9525FFAF892D6BD1156DEC6DA1580637", "ParentImage": "C:\\Windows\\explorer.exe", "ParentCommandLine": "explorer.exe", "ParentProcessId": 18799, "OriginalFileName": "Teams.exe", "LogonId": "0x404239"}
{"@timestamp": "2026-03-11T08:40:14.029491Z", "EventID": 7, "Channel": "Microsoft-Windows-Sysmon/Operational", "Provider": "Microsoft-Windows-Sysmon", "ProviderGuid": "{5770385f-c22a-43e0-bf4c-06f5698ffbd9}", "Computer": "WS-ENG-101", "Task": "Image loaded", "UtcTime": "2026-03-11 08:40:14.029", "ProcessGuid": "{a9faf00e-0000-0000-0000-51fadf01787b}", "User": "CORP\\a.schmidt", "Image": "C:\\Program Files\\Microsoft Teams\\Teams.exe", "ImageLoaded": "C:\\Windows\\System32\\ntdll.dll", "Hashes": "SHA1=10A7949A67B3658998DA2966045490E09CA516C0,MD5=DBDCDCAAC9D1FC61849E35DE,SHA256=10A7949A67B3658998DA2966045490E09CA516C0DBDCDCAAC9D1FC61849E35DE,IMPHASH=10A7949A67B3658998DA2966045490E0", "Signed": "true", "Signature": "Microsoft Windows", "SignatureStatus": "Valid", "ProcessId": 18834}
{"@timestamp": "2026-03-11T08:40:21.755016Z", "EventID": 1, "Channel": "Microsoft-Windows-Sysmon/Operational", "Provider": "Microsoft-Windows-Sysmon", "ProviderGuid": "{5770385f-c22a-43e0-bf4c-06f5698ffbd9}", "Computer": "WS-MKT-047", "Task": "Process Create", "UtcTime": "2026-03-11 08:40:21.755", "ProcessGuid": "{9cdad98b-0000-0000-0000-d0f74a7cf37b}", "User": "CORP\\j.dupont", "Image": "C:\\Windows\\System32\\SearchIndexer.exe", "CommandLine": "SearchIndexer.exe /Embedding", "CurrentDirectory": "C:\\Users\\j.dupont\\", "ProcessId": 18855, "IntegrityLevel": "Medium", "Hashes": "SHA1=121647E7D5A6D15EEAB8D97378C4AEDDD4ADD9A0,MD5=283832F41A113F74BCD3F79D,SHA256=121647E7D5A6D15EEAB8D97378C4AEDDD4ADD9A0283832F41A113F74BCD3F79D,IMPHASH=121647E7D5A6D15EEAB8D97378C4AEDD", "ParentImage": "C:\\Windows\\System32\\services.exe", "ParentCommandLine": "services.exe", "ParentProcessId": 18889, "OriginalFileName": "SearchIndexer.exe", "LogonId": "0xe38aff"}
{"@timestamp": "2026-03-11T08:40:23.755016Z", "EventID": 22, "Channel": "Microsoft-Windows-Sysmon/Operational", "Provider": "Microsoft-Windows-Sysmon", "ProviderGuid": "{5770385f-c22a-43e0-bf4c-06f5698ffbd9}", "Computer": "WS-MKT-047", "Task": "Dns query", "UtcTime": "2026-03-11 08:40:23.755", "ProcessGuid": "{6a863949-0000-0000-0000-875c396836b2}", "User": "CORP\\j.dupont", "Image": "C:\\Windows\\System32\\SearchIndexer.exe", "QueryName": "teams.microsoft.com", "QueryStatus": "0", "QueryResults": "type: 5 teams.microsoft.com", "ProcessId": 18912}
{"@timestamp": "2026-03-11T08:40:24.755016Z", "EventID": 3, "Channel": "Microsoft-Windows-Sysmon/Operational", "Provider": "Microsoft-Windows-Sysmon", "ProviderGuid": "{5770385f-c22a-43e0-bf4c-06f5698ffbd9}", "Computer": "WS-MKT-047", "Task": "Network connection detected", "UtcTime": "2026-03-11 08:40:24.755", "ProcessGuid": "{7f578561-0000-0000-0000-ae7b4d44a21a}", "User": "CORP\\j.dupont", "Image": "C:\\Windows\\System32\\SearchIndexer.exe", "Protocol": "tcp", "Initiated": true, "SourceIp": "10.20.4.43", "SourcePort": 61474, "DestinationIp": "104.18.27.88", "DestinationPort": 443, "DestinationHostname": "teams.microsoft.com", "ProcessId": 18928}
{"@timestamp": "2026-03-11T08:40:33.133984Z", "EventID": 1, "Channel": "Microsoft-Windows-Sysmon/Operational", "Provider": "Microsoft-Windows-Sysmon", "ProviderGuid": "{5770385f-c22a-43e0-bf4c-06f5698ffbd9}", "Computer": "WS-ENG-101", "Task": "Process Create", "UtcTime": "2026-03-11 08:40:33.133", "ProcessGuid": "{03692226-0000-0000-0000-9147f65b1d9a}", "User": "CORP\\p.novak", "Image": "C:\\Windows\\System32\\svchost.exe", "CommandLine": "svchost.exe -k netsvcs -p", "CurrentDirectory": "C:\\Users\\p.novak\\", "ProcessId": 18944, "IntegrityLevel": "Medium", "Hashes": "SHA1=61ED4F85C992073BF9CF86A8CCF97A3836235B30,MD5=26EEE472B11BDD9EB577ED2A,SHA256=61ED4F85C992073BF9CF86A8CCF97A3836235B3026EEE472B11BDD9EB577ED2A,IMPHASH=61ED4F85C992073BF9CF86A8CCF97A38", "ParentImage": "C:\\Windows\\System32\\services.exe", "ParentCommandLine": "services.exe", "ParentProcessId": 18969, "OriginalFileName": "svchost.exe", "LogonId": "0x7aac7c"}
{"@timestamp": "2026-03-11T08:40:43.289205Z", "EventID": 1, "Channel": "Microsoft-Windows-Sysmon/Operational", "Provider": "Microsoft-Windows-Sysmon", "ProviderGuid": "{5770385f-c22a-43e0-bf4c-06f5698ffbd9}", "Computer": "SRV-APP-02", "Task": "Process Create", "UtcTime": "2026-03-11 08:40:43.289", "ProcessGuid": "{bd00e0a1-0000-0000-0000-b96cdb4a985a}", "User": "CORP\\p.novak", "Image": "C:\\Windows\\System32\\svchost.exe", "CommandLine": "svchost.exe -k netsvcs -p", "CurrentDirectory": "C:\\Users\\p.novak\\", "ProcessId": 18992, "IntegrityLevel": "Medium", "Hashes": "SHA1=61ED4F85C992073BF9CF86A8CCF97A3836235B30,MD5=26EEE472B11BDD9EB577ED2A,SHA256=61ED4F85C992073BF9CF86A8CCF97A3836235B3026EEE472B11BDD9EB577ED2A,IMPHASH=61ED4F85C992073BF9CF86A8CCF97A38", "ParentImage": "C:\\Windows\\System32\\services.exe", "ParentCommandLine": "services.exe", "ParentProcessId": 19005, "OriginalFileName": "svchost.exe", "LogonId": "0x8370a2"}
{"@timestamp": "2026-03-11T08:40:44.289205Z", "EventID": 7, "Channel": "Microsoft-Windows-Sysmon/Operational", "Provider": "Microsoft-Windows-Sysmon", "ProviderGuid": "{5770385f-c22a-43e0-bf4c-06f5698ffbd9}", "Computer": "SRV-APP-02", "Task": "Image loaded", "UtcTime": "2026-03-11 08:40:44.289", "ProcessGuid": "{04df6e0c-0000-0000-0000-191d7620d3e1}", "User": "CORP\\p.novak", "Image": "C:\\Windows\\System32\\svchost.exe", "ImageLoaded": "C:\\Windows\\System32\\advapi32.dll", "Hashes": "SHA1=710137EDECA7E0959E59CD8930BB80C7ECC16348,MD5=F711E39436CB57EA45CD1749,SHA256=710137EDECA7E0959E59CD8930BB80C7ECC16348F711E39436CB57EA45CD1749,IMPHASH=710137EDECA7E0959E59CD8930BB80C7", "Signed": "true", "Signature": "Microsoft Windows", "SignatureStatus": "Valid", "ProcessId": 19009}
{"@timestamp": "2026-03-11T08:40:47.289205Z", "EventID": 13, "Channel": "Microsoft-Windows-Sysmon/Operational", "Provider": "Microsoft-Windows-Sysmon", "ProviderGuid": "{5770385f-c22a-43e0-bf4c-06f5698ffbd9}", "Computer": "SRV-APP-02", "Task": "Registry value set", "UtcTime": "2026-03-11 08:40:47.289", "ProcessGuid": "{03220b7d-0000-0000-0000-171576a11fa2}", "User": "CORP\\p.novak", "EventType": "SetValue", "Image": "C:\\Windows\\System32\\svchost.exe", "TargetObject": "HKLM\\SOFTWARE\\Microsoft\\Windows\\CurrentVersion\\Explorer\\Advanced\\Hidden", "Details": "DWORD (0x00000001)", "ProcessId": 19038}
{"@timestamp": "2026-03-11T08:40:53.327835Z", "EventID": 1, "Channel": "Microsoft-Windows-Sysmon/Operational", "Provider": "Microsoft-Windows-Sysmon", "ProviderGuid": "{5770385f-c22a-43e0-bf4c-06f5698ffbd9}", "Computer": "WS-MKT-047", "Task": "Process Create", "UtcTime": "2026-03-11 08:40:53.327", "ProcessGuid": "{c9fc73b4-0000-0000-0000-0fdb06bb8c5c}", "User": "CORP\\a.schmidt", "Image": "C:\\Windows\\System32\\taskhostw.exe", "CommandLine": "taskhostw.exe {222A245B}", "CurrentDirectory": "C:\\Users\\a.schmidt\\", "ProcessId": 19058, "IntegrityLevel": "Medium", "Hashes": "SHA1=EADE2CD8C84CE631A2A6917151557D03D7BCF704,MD5=B2A911E5910025FA412EE1D7,SHA256=EADE2CD8C84CE631A2A6917151557D03D7BCF704B2A911E5910025FA412EE1D7,IMPHASH=EADE2CD8C84CE631A2A6917151557D03", "ParentImage": "C:\\Windows\\System32\\svchost.exe", "ParentCommandLine": "svchost.exe", "ParentProcessId": 19083, "OriginalFileName": "taskhostw.exe", "LogonId": "0xfa8dce"}
{"@timestamp": "2026-03-11T08:41:05.395061Z", "EventID": 1, "Channel": "Microsoft-Windows-Sysmon/Operational", "Provider": "Microsoft-Windows-Sysmon", "ProviderGuid": "{5770385f-c22a-43e0-bf4c-06f5698ffbd9}", "Computer": "WS-ENG-101", "Task": "Process Create", "UtcTime": "2026-03-11 08:41:05.395", "ProcessGuid": "{66089a4c-0000-0000-0000-80bfcb1d75b8}", "User": "CORP\\p.novak", "Image": "C:\\Windows\\System32\\RuntimeBroker.exe", "CommandLine": "RuntimeBroker.exe -Embedding", "CurrentDirectory": "C:\\Users\\p.novak\\", "ProcessId": 19089, "IntegrityLevel": "Medium", "Hashes": "SHA1=6E06B06ABB69086464746156B313BB85E792314E,MD5=F5BB5F92FAEC74E6F48A66F1,SHA256=6E06B06ABB69086464746156B313BB85E792314EF5BB5F92FAEC74E6F48A66F1,IMPHASH=6E06B06ABB69086464746156B313BB85", "ParentImage": "C:\\Windows\\System32\\svchost.exe", "ParentCommandLine": "svchost.exe", "ParentProcessId": 19117, "OriginalFileName": "RuntimeBroker.exe", "LogonId": "0x395857"}
{"@timestamp": "2026-03-11T08:41:07.395061Z", "EventID": 22, "Channel": "Microsoft-Windows-Sysmon/Operational", "Provider": "Microsoft-Windows-Sysmon", "ProviderGuid": "{5770385f-c22a-43e0-bf4c-06f5698ffbd9}", "Computer": "WS-ENG-101", "Task": "Dns query", "UtcTime": "2026-03-11 08:41:07.395", "ProcessGuid": "{8214d19c-0000-0000-0000-7014cb4f8a73}", "User": "CORP\\p.novak", "Image": "C:\\Windows\\System32\\RuntimeBroker.exe", "QueryName": "outlook.office365.com", "QueryStatus": "0", "QueryResults": "type: 5 outlook.office365.com", "ProcessId": 19123}
{"@timestamp": "2026-03-11T08:41:08.395061Z", "EventID": 3, "Channel": "Microsoft-Windows-Sysmon/Operational", "Provider": "Microsoft-Windows-Sysmon", "ProviderGuid": "{5770385f-c22a-43e0-bf4c-06f5698ffbd9}", "Computer": "WS-ENG-101", "Task": "Network connection detected", "UtcTime": "2026-03-11 08:41:08.395", "ProcessGuid": "{f884924b-0000-0000-0000-b67af203c4d8}", "User": "CORP\\p.novak", "Image": "C:\\Windows\\System32\\RuntimeBroker.exe", "Protocol": "tcp", "Initiated": true, "SourceIp": "10.20.4.51", "SourcePort": 64407, "DestinationIp": "104.18.18.116", "DestinationPort": 443, "DestinationHostname": "outlook.office365.com", "ProcessId": 19140}
{"@timestamp": "2026-03-11T08:41:18.073093Z", "EventID": 1, "Channel": "Microsoft-Windows-Sysmon/Operational", "Provider": "Microsoft-Windows-Sysmon", "ProviderGuid": "{5770385f-c22a-43e0-bf4c-06f5698ffbd9}", "Computer": "SRV-APP-02", "Task": "Process Create", "UtcTime": "2026-03-11 08:41:18.073", "ProcessGuid": "{d87010b4-0000-0000-0000-10dca5a3d39c}", "User": "CORP\\m.laurent", "Image": "C:\\Program Files\\Microsoft Office\\root\\Office16\\OUTLOOK.EXE", "CommandLine": "OUTLOOK.EXE /recycle", "CurrentDirectory": "C:\\Users\\m.laurent\\", "ProcessId": 19152, "IntegrityLevel": "Medium", "Hashes": "SHA1=D25566003433C51441C6E3C14EF3881FFB63A3D5,MD5=4985E661295960B277858FDD,SHA256=D25566003433C51441C6E3C14EF3881FFB63A3D54985E661295960B277858FDD,IMPHASH=D25566003433C51441C6E3C14EF3881F", "ParentImage": "C:\\Windows\\explorer.exe", "ParentCommandLine": "explorer.exe", "ParentProcessId": 19187, "OriginalFileName": "OUTLOOK.EXE", "LogonId": "0xb4d775"}
{"@timestamp": "2026-03-11T08:41:19.073093Z", "EventID": 7, "Channel": "Microsoft-Windows-Sysmon/Operational", "Provider": "Microsoft-Windows-Sysmon", "ProviderGuid": "{5770385f-c22a-43e0-bf4c-06f5698ffbd9}", "Computer": "SRV-APP-02", "Task": "Image loaded", "UtcTime": "2026-03-11 08:41:19.073", "ProcessGuid": "{467e4a5c-0000-0000-0000-a46a2cb5e55d}", "User": "CORP\\m.laurent", "Image": "C:\\Program Files\\Microsoft Office\\root\\Office16\\OUTLOOK.EXE", "ImageLoaded": "C:\\Windows\\System32\\ntdll.dll", "Hashes": "SHA1=10A7949A67B3658998DA2966045490E09CA516C0,MD5=DBDCDCAAC9D1FC61849E35DE,SHA256=10A7949A67B3658998DA2966045490E09CA516C0DBDCDCAAC9D1FC61849E35DE,IMPHASH=10A7949A67B3658998DA2966045490E0", "Signed": "true", "Signature": "Microsoft Windows", "SignatureStatus": "Valid", "ProcessId": 19226}
{"@timestamp": "2026-03-11T08:41:28.691655Z", "EventID": 1, "Channel": "Microsoft-Windows-Sysmon/Operational", "Provider": "Microsoft-Windows-Sysmon", "ProviderGuid": "{5770385f-c22a-43e0-bf4c-06f5698ffbd9}", "Computer": "WS-FIN-014", "Task": "Process Create", "UtcTime": "2026-03-11 08:41:28.691", "ProcessGuid": "{e01b68d5-0000-0000-0000-28d3521991b7}", "User": "CORP\\p.novak", "Image": "C:\\Program Files\\Microsoft Office\\root\\Office16\\OUTLOOK.EXE", "CommandLine": "OUTLOOK.EXE /recycle", "CurrentDirectory": "C:\\Users\\p.novak\\", "ProcessId": 19243, "IntegrityLevel": "Medium", "Hashes": "SHA1=D25566003433C51441C6E3C14EF3881FFB63A3D5,MD5=4985E661295960B277858FDD,SHA256=D25566003433C51441C6E3C14EF3881FFB63A3D54985E661295960B277858FDD,IMPHASH=D25566003433C51441C6E3C14EF3881F", "ParentImage": "C:\\Windows\\explorer.exe", "ParentCommandLine": "explorer.exe", "ParentProcessId": 19278, "OriginalFileName": "OUTLOOK.EXE", "LogonId": "0x25d2fc"}
{"@timestamp": "2026-03-11T08:41:38.254538Z", "EventID": 1, "Channel": "Microsoft-Windows-Sysmon/Operational", "Provider": "Microsoft-Windows-Sysmon", "ProviderGuid": "{5770385f-c22a-43e0-bf4c-06f5698ffbd9}", "Computer": "SRV-APP-02", "Task": "Process Create", "UtcTime": "2026-03-11 08:41:38.254", "ProcessGuid": "{c1680e3c-0000-0000-0000-1dc6c008367d}", "User": "CORP\\m.laurent", "Image": "C:\\Windows\\System32\\taskhostw.exe", "CommandLine": "taskhostw.exe {222A245B}", "CurrentDirectory": "C:\\Users\\m.laurent\\", "ProcessId": 19312, "IntegrityLevel": "Medium", "Hashes": "SHA1=EADE2CD8C84CE631A2A6917151557D03D7BCF704,MD5=B2A911E5910025FA412EE1D7,SHA256=EADE2CD8C84CE631A2A6917151557D03D7BCF704B2A911E5910025FA412EE1D7,IMPHASH=EADE2CD8C84CE631A2A6917151557D03", "ParentImage": "C:\\Windows\\System32\\svchost.exe", "ParentCommandLine": "svchost.exe", "ParentProcessId": 19337, "OriginalFileName": "taskhostw.exe", "LogonId": "0xf16e2d"}
{"@timestamp": "2026-03-11T08:41:49.291898Z", "EventID": 1, "Channel": "Microsoft-Windows-Sysmon/Operational", "Provider": "Microsoft-Windows-Sysmon", "ProviderGuid": "{5770385f-c22a-43e0-bf4c-06f5698ffbd9}", "Computer": "WS-FIN-014", "Task": "Process Create", "UtcTime": "2026-03-11 08:41:49.291", "ProcessGuid": "{5dddaacc-0000-0000-0000-05ad9cec7cfa}", "User": "CORP\\m.laurent", "Image": "C:\\Windows\\System32\\svchost.exe", "CommandLine": "svchost.exe -k netsvcs -p", "CurrentDirectory": "C:\\Users\\m.laurent\\", "ProcessId": 19345, "IntegrityLevel": "Medium", "Hashes": "SHA1=61ED4F85C992073BF9CF86A8CCF97A3836235B30,MD5=26EEE472B11BDD9EB577ED2A,SHA256=61ED4F85C992073BF9CF86A8CCF97A3836235B3026EEE472B11BDD9EB577ED2A,IMPHASH=61ED4F85C992073BF9CF86A8CCF97A38", "ParentImage": "C:\\Windows\\System32\\services.exe", "ParentCommandLine": "services.exe", "ParentProcessId": 19384, "OriginalFileName": "svchost.exe", "LogonId": "0x99f7eb"}
{"@timestamp": "2026-03-11T08:41:50.291898Z", "EventID": 7, "Channel": "Microsoft-Windows-Sysmon/Operational", "Provider": "Microsoft-Windows-Sysmon", "ProviderGuid": "{5770385f-c22a-43e0-bf4c-06f5698ffbd9}", "Computer": "WS-FIN-014", "Task": "Image loaded", "UtcTime": "2026-03-11 08:41:50.291", "ProcessGuid": "{f0f2cb92-0000-0000-0000-42f24fe77edc}", "User": "CORP\\m.laurent", "Image": "C:\\Windows\\System32\\svchost.exe", "ImageLoaded": "C:\\Windows\\System32\\advapi32.dll", "Hashes": "SHA1=710137EDECA7E0959E59CD8930BB80C7ECC16348,MD5=F711E39436CB57EA45CD1749,SHA256=710137EDECA7E0959E59CD8930BB80C7ECC16348F711E39436CB57EA45CD1749,IMPHASH=710137EDECA7E0959E59CD8930BB80C7", "Signed": "true", "Signature": "Microsoft Windows", "SignatureStatus": "Valid", "ProcessId": 19412}
{"@timestamp": "2026-03-11T08:41:51.291898Z", "EventID": 22, "Channel": "Microsoft-Windows-Sysmon/Operational", "Provider": "Microsoft-Windows-Sysmon", "ProviderGuid": "{5770385f-c22a-43e0-bf4c-06f5698ffbd9}", "Computer": "WS-FIN-014", "Task": "Dns query", "UtcTime": "2026-03-11 08:41:51.291", "ProcessGuid": "{ce892603-0000-0000-0000-fd39dd5673e5}", "User": "CORP\\m.laurent", "Image": "C:\\Windows\\System32\\svchost.exe", "QueryName": "teams.microsoft.com", "QueryStatus": "0", "QueryResults": "type: 5 teams.microsoft.com", "ProcessId": 19417}
{"@timestamp": "2026-03-11T08:41:52.291898Z", "EventID": 3, "Channel": "Microsoft-Windows-Sysmon/Operational", "Provider": "Microsoft-Windows-Sysmon", "ProviderGuid": "{5770385f-c22a-43e0-bf4c-06f5698ffbd9}", "Computer": "WS-FIN-014", "Task": "Network connection detected", "UtcTime": "2026-03-11 08:41:52.291", "ProcessGuid": "{6550b4fb-0000-0000-0000-a7d5a56ae70e}", "User": "CORP\\m.laurent", "Image": "C:\\Windows\\System32\\svchost.exe", "Protocol": "tcp", "Initiated": true, "SourceIp": "10.20.4.50", "SourcePort": 53124, "DestinationIp": "104.18.4.218", "DestinationPort": 443, "DestinationHostname": "teams.microsoft.com", "ProcessId": 19444}
{"@timestamp": "2026-03-11T08:41:53.291898Z", "EventID": 13, "Channel": "Microsoft-Windows-Sysmon/Operational", "Provider": "Microsoft-Windows-Sysmon", "ProviderGuid": "{5770385f-c22a-43e0-bf4c-06f5698ffbd9}", "Computer": "WS-FIN-014", "Task": "Registry value set", "UtcTime": "2026-03-11 08:41:53.291", "ProcessGuid": "{05144466-0000-0000-0000-556f9bb2647a}", "User": "CORP\\m.laurent", "EventType": "SetValue", "Image": "C:\\Windows\\System32\\svchost.exe", "TargetObject": "HKLM\\SOFTWARE\\Microsoft\\Windows\\CurrentVersion\\Explorer\\Advanced\\Hidden", "Details": "DWORD (0x00000001)", "ProcessId": 19453}
{"@timestamp": "2026-03-11T08:42:00.351106Z", "EventID": 1, "Channel": "Microsoft-Windows-Sysmon/Operational", "Provider": "Microsoft-Windows-Sysmon", "ProviderGuid": "{5770385f-c22a-43e0-bf4c-06f5698ffbd9}", "Computer": "SRV-APP-02", "Task": "Process Create", "UtcTime": "2026-03-11 08:42:00.351", "ProcessGuid": "{c671f7c2-0000-0000-0000-859f202b3f4e}", "User": "CORP\\m.laurent", "Image": "C:\\Program Files\\Microsoft Office\\root\\Office16\\OUTLOOK.EXE", "CommandLine": "OUTLOOK.EXE /recycle", "CurrentDirectory": "C:\\Users\\m.laurent\\", "ProcessId": 19489, "IntegrityLevel": "Medium", "Hashes": "SHA1=D25566003433C51441C6E3C14EF3881FFB63A3D5,MD5=4985E661295960B277858FDD,SHA256=D25566003433C51441C6E3C14EF3881FFB63A3D54985E661295960B277858FDD,IMPHASH=D25566003433C51441C6E3C14EF3881F", "ParentImage": "C:\\Windows\\explorer.exe", "ParentCommandLine": "explorer.exe", "ParentProcessId": 19516, "OriginalFileName": "OUTLOOK.EXE", "LogonId": "0x695b93"}
{"@timestamp": "2026-03-11T08:42:12.199766Z", "EventID": 1, "Channel": "Microsoft-Windows-Sysmon/Operational", "Provider": "Microsoft-Windows-Sysmon", "ProviderGuid": "{5770385f-c22a-43e0-bf4c-06f5698ffbd9}", "Computer": "WS-ENG-101", "Task": "Process Create", "UtcTime": "2026-03-11 08:42:12.199", "ProcessGuid": "{1c61530f-0000-0000-0000-fd66c4b9cc1d}", "User": "CORP\\p.novak", "Image": "C:\\Program Files\\Microsoft Office\\root\\Office16\\OUTLOOK.EXE", "CommandLine": "OUTLOOK.EXE /recycle", "CurrentDirectory": "C:\\Users\\p.novak\\", "ProcessId": 19526, "IntegrityLevel": "Medium", "Hashes": "SHA1=D25566003433C51441C6E3C14EF3881FFB63A3D5,MD5=4985E661295960B277858FDD,SHA256=D25566003433C51441C6E3C14EF3881FFB63A3D54985E661295960B277858FDD,IMPHASH=D25566003433C51441C6E3C14EF3881F", "ParentImage": "C:\\Windows\\explorer.exe", "ParentCommandLine": "explorer.exe", "ParentProcessId": 19565, "OriginalFileName": "OUTLOOK.EXE", "LogonId": "0x4c2d7"}
{"@timestamp": "2026-03-11T08:42:25.843268Z", "EventID": 1, "Channel": "Microsoft-Windows-Sysmon/Operational", "Provider": "Microsoft-Windows-Sysmon", "ProviderGuid": "{5770385f-c22a-43e0-bf4c-06f5698ffbd9}", "Computer": "WS-MKT-047", "Task": "Process Create", "UtcTime": "2026-03-11 08:42:25.843", "ProcessGuid": "{3bf21221-0000-0000-0000-91899acc4d78}", "User": "CORP\\p.novak", "Image": "C:\\Program Files\\Google\\Chrome\\Application\\chrome.exe", "CommandLine": "chrome.exe --type=renderer", "CurrentDirectory": "C:\\Users\\p.novak\\", "ProcessId": 19578, "IntegrityLevel": "Medium", "Hashes": "SHA1=B98A42E7E75A66429BF21F48D54033A6083EAF10,MD5=1BD296B5FE5A63134C2B6565,SHA256=B98A42E7E75A66429BF21F48D54033A6083EAF101BD296B5FE5A63134C2B6565,IMPHASH=B98A42E7E75A66429BF21F48D54033A6", "ParentImage": "C:\\Windows\\explorer.exe", "ParentCommandLine": "explorer.exe", "ParentProcessId": 19605, "OriginalFileName": "chrome.exe", "LogonId": "0xe0ba72"}
{"@timestamp": "2026-03-11T08:42:26.843268Z", "EventID": 7, "Channel": "Microsoft-Windows-Sysmon/Operational", "Provider": "Microsoft-Windows-Sysmon", "ProviderGuid": "{5770385f-c22a-43e0-bf4c-06f5698ffbd9}", "Computer": "WS-MKT-047", "Task": "Image loaded", "UtcTime": "2026-03-11 08:42:26.843", "ProcessGuid": "{0bb983cd-0000-0000-0000-9084e79c40c8}", "User": "CORP\\p.novak", "Image": "C:\\Program Files\\Google\\Chrome\\Application\\chrome.exe", "ImageLoaded": "C:\\Windows\\System32\\ole32.dll", "Hashes": "SHA1=F245FE196BF4E32347EB826671DBFA2AE75FC0F7,MD5=3E3DDDD0ED96FA97ED29A527,SHA256=F245FE196BF4E32347EB826671DBFA2AE75FC0F73E3DDDD0ED96FA97ED29A527,IMPHASH=F245FE196BF4E32347EB826671DBFA2A", "Signed": "true", "Signature": "Microsoft Windows", "SignatureStatus": "Valid", "ProcessId": 19628}
{"@timestamp": "2026-03-11T08:42:34.727631Z", "EventID": 1, "Channel": "Microsoft-Windows-Sysmon/Operational", "Provider": "Microsoft-Windows-Sysmon", "ProviderGuid": "{5770385f-c22a-43e0-bf4c-06f5698ffbd9}", "Computer": "WS-FIN-014", "Task": "Process Create", "UtcTime": "2026-03-11 08:42:34.727", "ProcessGuid": "{95640494-0000-0000-0000-3fa9af4c969a}", "User": "CORP\\m.laurent", "Image": "C:\\Windows\\System32\\SearchIndexer.exe", "CommandLine": "SearchIndexer.exe /Embedding", "CurrentDirectory": "C:\\Users\\m.laurent\\", "ProcessId": 19643, "IntegrityLevel": "Medium", "Hashes": "SHA1=121647E7D5A6D15EEAB8D97378C4AEDDD4ADD9A0,MD5=283832F41A113F74BCD3F79D,SHA256=121647E7D5A6D15EEAB8D97378C4AEDDD4ADD9A0283832F41A113F74BCD3F79D,IMPHASH=121647E7D5A6D15EEAB8D97378C4AEDD", "ParentImage": "C:\\Windows\\System32\\services.exe", "ParentCommandLine": "services.exe", "ParentProcessId": 19661, "OriginalFileName": "SearchIndexer.exe", "LogonId": "0xb93dba"}
{"@timestamp": "2026-03-11T08:42:36.727631Z", "EventID": 22, "Channel": "Microsoft-Windows-Sysmon/Operational", "Provider": "Microsoft-Windows-Sysmon", "ProviderGuid": "{5770385f-c22a-43e0-bf4c-06f5698ffbd9}", "Computer": "WS-FIN-014", "Task": "Dns query", "UtcTime": "2026-03-11 08:42:36.727", "ProcessGuid": "{3a6293a6-0000-0000-0000-30dcc92328fa}", "User": "CORP\\m.laurent", "Image": "C:\\Windows\\System32\\SearchIndexer.exe", "QueryName": "teams.microsoft.com", "QueryStatus": "0", "QueryResults": "type: 5 teams.microsoft.com", "ProcessId": 19696}
{"@timestamp": "2026-03-11T08:42:37.727631Z", "EventID": 3, "Channel": "Microsoft-Windows-Sysmon/Operational", "Provider": "Microsoft-Windows-Sysmon", "ProviderGuid": "{5770385f-c22a-43e0-bf4c-06f5698ffbd9}", "Computer": "WS-FIN-014", "Task": "Network connection detected", "UtcTime": "2026-03-11 08:42:37.727", "ProcessGuid": "{935cc6bd-0000-0000-0000-7bce56cb7505}", "User": "CORP\\m.laurent", "Image": "C:\\Windows\\System32\\SearchIndexer.exe", "Protocol": "tcp", "Initiated": true, "SourceIp": "10.20.4.57", "SourcePort": 58933, "DestinationIp": "104.18.33.174", "DestinationPort": 443, "DestinationHostname": "teams.microsoft.com", "ProcessId": 19706}
{"@timestamp": "2026-03-11T08:42:46.623599Z", "EventID": 1, "Channel": "Microsoft-Windows-Sysmon/Operational", "Provider": "Microsoft-Windows-Sysmon", "ProviderGuid": "{5770385f-c22a-43e0-bf4c-06f5698ffbd9}", "Computer": "WS-FIN-014", "Task": "Process Create", "UtcTime": "2026-03-11 08:42:46.623", "ProcessGuid": "{a572542d-0000-0000-0000-8272a1d07a91}", "User": "CORP\\a.schmidt", "Image": "C:\\Program Files\\Google\\Chrome\\Application\\chrome.exe", "CommandLine": "chrome.exe --type=renderer", "CurrentDirectory": "C:\\Users\\a.schmidt\\", "ProcessId": 19719, "IntegrityLevel": "Medium", "Hashes": "SHA1=B98A42E7E75A66429BF21F48D54033A6083EAF10,MD5=1BD296B5FE5A63134C2B6565,SHA256=B98A42E7E75A66429BF21F48D54033A6083EAF101BD296B5FE5A63134C2B6565,IMPHASH=B98A42E7E75A66429BF21F48D54033A6", "ParentImage": "C:\\Windows\\explorer.exe", "ParentCommandLine": "explorer.exe", "ParentProcessId": 19750, "OriginalFileName": "chrome.exe", "LogonId": "0x9f7fe0"}
{"@timestamp": "2026-03-11T08:42:56.531805Z", "EventID": 1, "Channel": "Microsoft-Windows-Sysmon/Operational", "Provider": "Microsoft-Windows-Sysmon", "ProviderGuid": "{5770385f-c22a-43e0-bf4c-06f5698ffbd9}", "Computer": "WS-FIN-014", "Task": "Process Create", "UtcTime": "2026-03-11 08:42:56.531", "ProcessGuid": "{1b63489e-0000-0000-0000-64e89a7594b6}", "User": "CORP\\j.dupont", "Image": "C:\\Windows\\System32\\RuntimeBroker.exe", "CommandLine": "RuntimeBroker.exe -Embedding", "CurrentDirectory": "C:\\Users\\j.dupont\\", "ProcessId": 19776, "IntegrityLevel": "Medium", "Hashes": "SHA1=6E06B06ABB69086464746156B313BB85E792314E,MD5=F5BB5F92FAEC74E6F48A66F1,SHA256=6E06B06ABB69086464746156B313BB85E792314EF5BB5F92FAEC74E6F48A66F1,IMPHASH=6E06B06ABB69086464746156B313BB85", "ParentImage": "C:\\Windows\\System32\\svchost.exe", "ParentCommandLine": "svchost.exe", "ParentProcessId": 19806, "OriginalFileName": "RuntimeBroker.exe", "LogonId": "0x1e8c"}
{"@timestamp": "2026-03-11T08:42:57.531805Z", "EventID": 7, "Channel": "Microsoft-Windows-Sysmon/Operational", "Provider": "Microsoft-Windows-Sysmon", "ProviderGuid": "{5770385f-c22a-43e0-bf4c-06f5698ffbd9}", "Computer": "WS-FIN-014", "Task": "Image loaded", "UtcTime": "2026-03-11 08:42:57.531", "ProcessGuid": "{aebac60e-0000-0000-0000-5d6b6b263752}", "User": "CORP\\j.dupont", "Image": "C:\\Windows\\System32\\RuntimeBroker.exe", "ImageLoaded": "C:\\Windows\\System32\\kernel32.dll", "Hashes": "SHA1=9CFF62CD296F6EFDBB9B5622D676BA00427ABD30,MD5=4150B5B1C27F0AA9385BB344,SHA256=9CFF62CD296F6EFDBB9B5622D676BA00427ABD304150B5B1C27F0AA9385BB344,IMPHASH=9CFF62CD296F6EFDBB9B5622D676BA00", "Signed": "true", "Signature": "Microsoft Windows", "SignatureStatus": "Valid", "ProcessId": 19834}
{"@timestamp": "2026-03-11T08:43:00.531805Z", "EventID": 13, "Channel": "Microsoft-Windows-Sysmon/Operational", "Provider": "Microsoft-Windows-Sysmon", "ProviderGuid": "{5770385f-c22a-43e0-bf4c-06f5698ffbd9}", "Computer": "WS-FIN-014", "Task": "Registry value set", "UtcTime": "2026-03-11 08:43:00.531", "ProcessGuid": "{956af879-0000-0000-0000-37b2ca8f3f7b}", "User": "CORP\\j.dupont", "EventType": "SetValue", "Image": "C:\\Windows\\System32\\RuntimeBroker.exe", "TargetObject": "HKLM\\SOFTWARE\\Microsoft\\Windows\\CurrentVersion\\Explorer\\Advanced\\Hidden", "Details": "DWORD (0x00000001)", "ProcessId": 19846}
{"@timestamp": "2026-03-11T08:43:09.899257Z", "EventID": 1, "Channel": "Microsoft-Windows-Sysmon/Operational", "Provider": "Microsoft-Windows-Sysmon", "ProviderGuid": "{5770385f-c22a-43e0-bf4c-06f5698ffbd9}", "Computer": "WS-HR-022", "Task": "Process Create", "UtcTime": "2026-03-11 08:43:09.899", "ProcessGuid": "{1394edc8-0000-0000-0000-3415dd7e57c3}", "User": "CORP\\m.laurent", "Image": "C:\\Program Files\\Microsoft Office\\root\\Office16\\OUTLOOK.EXE", "CommandLine": "OUTLOOK.EXE /recycle", "CurrentDirectory": "C:\\Users\\m.laurent\\", "ProcessId": 19855, "IntegrityLevel": "Medium", "Hashes": "SHA1=D25566003433C51441C6E3C14EF3881FFB63A3D5,MD5=4985E661295960B277858FDD,SHA256=D25566003433C51441C6E3C14EF3881FFB63A3D54985E661295960B277858FDD,IMPHASH=D25566003433C51441C6E3C14EF3881F", "ParentImage": "C:\\Windows\\explorer.exe", "ParentCommandLine": "explorer.exe", "ParentProcessId": 19885, "OriginalFileName": "OUTLOOK.EXE", "LogonId": "0x5ff784"}
