{"@timestamp": "2026-03-11T08:33:00Z", "EventID": 1, "Channel": "Microsoft-Windows-Sysmon/Operational", "Provider": "Microsoft-Windows-Sysmon", "ProviderGuid": "{5770385f-c22a-43e0-bf4c-06f5698ffbd9}", "Computer": "WS-FIN-014", "Task": "Process Create", "UtcTime": "2026-03-11 08:33:00.000", "ProcessGuid": "{dfbc43ef-0000-0000-0000-0481de61132d}", "User": "NT AUTHORITY\\SYSTEM", "Image": "C:\\Windows\\System32\\sc.exe", "CommandLine": "sc.exe create RTCore64 binPath= C:\\Users\\Public\\RTCore64.sys type= kernel start= demand", "CurrentDirectory": "C:\\Users\\SYSTEM\\", "ProcessId": 20336, "IntegrityLevel": "High", "Hashes": "SHA1=091AF7817015A4A58D1FBBBB669B3592EA6BA3A7,MD5=8E6DA8645DAB8E1622277614,SHA256=091AF7817015A4A58D1FBBBB669B3592EA6BA3A78E6DA8645DAB8E1622277614,IMPHASH=091AF7817015A4A58D1FBBBB669B3592", "ParentImage": "C:\\Users\\Public\\updater.exe", "ParentCommandLine": "\"C:\\Users\\Public\\updater.exe\" -elevated", "ParentProcessId": 20342, "OriginalFileName": "sc.exe", "LogonId": "0x8c899a"}
{"@timestamp": "2026-03-11T08:33:04.687847Z", "EventID": 1, "Channel": "Microsoft-Windows-Sysmon/Operational", "Provider": "Microsoft-Windows-Sysmon", "ProviderGuid": "{5770385f-c22a-43e0-bf4c-06f5698ffbd9}", "Computer": "WS-ENG-101", "Task": "Process Create", "UtcTime": "2026-03-11 08:33:04.687", "ProcessGuid": "{65b75241-0000-0000-0000-fd46efca3e85}", "User": "CORP\\j.dupont", "Image": "C:\\Windows\\System32\\SearchIndexer.exe", "CommandLine": "SearchIndexer.exe /Embedding", "CurrentDirectory": "C:\\Users\\j.dupont\\", "ProcessId": 16212, "IntegrityLevel": "Medium", "Hashes": "SHA1=121647E7D5A6D15EEAB8D97378C4AEDDD4ADD9A0,MD5=283832F41A113F74BCD3F79D,SHA256=121647E7D5A6D15EEAB8D97378C4AEDDD4ADD9A0283832F41A113F74BCD3F79D,IMPHASH=121647E7D5A6D15EEAB8D97378C4AEDD", "ParentImage": "C:\\Windows\\System32\\services.exe", "ParentCommandLine": "services.exe", "ParentProcessId": 16218, "OriginalFileName": "SearchIndexer.exe", "LogonId": "0xefe8f1"}
{"@timestamp": "2026-03-11T08:33:05.687847Z", "EventID": 7, "Channel": "Microsoft-Windows-Sysmon/Operational", "Provider": "Microsoft-Windows-Sysmon", "ProviderGuid": "{5770385f-c22a-43e0-bf4c-06f5698ffbd9}", "Computer": "WS-ENG-101", "Task": "Image loaded", "UtcTime": "2026-03-11 08:33:05.687", "ProcessGuid": "{e4dbcb92-0000-0000-0000-0ffa388d19e5}", "User": "CORP\\j.dupont", "Image": "C:\\Windows\\System32\\SearchIndexer.exe", "ImageLoaded": "C:\\Windows\\System32\\advapi32.dll", "Hashes": "SHA1=710137EDECA7E0959E59CD8930BB80C7ECC16348,MD5=F711E39436CB57EA45CD1749,SHA256=710137EDECA7E0959E59CD8930BB80C7ECC16348F711E39436CB57EA45CD1749,IMPHASH=710137EDECA7E0959E59CD8930BB80C7", "Signed": "true", "Signature": "Microsoft Windows", "SignatureStatus": "Valid", "ProcessId": 16234}
{"@timestamp": "2026-03-11T08:33:06.687847Z", "EventID": 22, "Channel": "Microsoft-Windows-Sysmon/Operational", "Provider": "Microsoft-Windows-Sysmon", "ProviderGuid": "{5770385f-c22a-43e0-bf4c-06f5698ffbd9}", "Computer": "WS-ENG-101", "Task": "Dns query", "UtcTime": "2026-03-11 08:33:06.687", "ProcessGuid": "{ea00a308-0000-0000-0000-9f030be2ce86}", "User": "CORP\\j.dupont", "Image": "C:\\Windows\\System32\\SearchIndexer.exe", "QueryName": "login.microsoftonline.com", "QueryStatus": "0", "QueryResults": "type: 5 login.microsoftonline.com", "ProcessId": 16260}
{"@timestamp": "2026-03-11T08:33:07.687847Z", "EventID": 3, "Channel": "Microsoft-Windows-Sysmon/Operational", "Provider": "Microsoft-Windows-Sysmon", "ProviderGuid": "{5770385f-c22a-43e0-bf4c-06f5698ffbd9}", "Computer": "WS-ENG-101", "Task": "Network connection detected", "UtcTime": "2026-03-11 08:33:07.687", "ProcessGuid": "{4baf6457-0000-0000-0000-887da25faf08}", "User": "CORP\\j.dupont", "Image": "C:\\Windows\\System32\\SearchIndexer.exe", "Protocol": "tcp", "Initiated": true, "SourceIp": "10.20.4.15", "SourcePort": 54687, "DestinationIp": "104.18.26.145", "DestinationPort": 443, "DestinationHostname": "login.microsoftonline.com", "ProcessId": 16269}
{"@timestamp": "2026-03-11T08:33:08.687847Z", "EventID": 13, "Channel": "Microsoft-Windows-Sysmon/Operational", "Provider": "Microsoft-Windows-Sysmon", "ProviderGuid": "{5770385f-c22a-43e0-bf4c-06f5698ffbd9}", "Computer": "WS-ENG-101", "Task": "Registry value set", "UtcTime": "2026-03-11 08:33:08.687", "ProcessGuid": "{fea60a40-0000-0000-0000-9983d4534d19}", "User": "CORP\\j.dupont", "EventType": "SetValue", "Image": "C:\\Windows\\System32\\SearchIndexer.exe", "TargetObject": "HKLM\\SOFTWARE\\Microsoft\\Windows\\CurrentVersion\\Explorer\\Advanced\\Hidden", "Details": "DWORD (0x00000001)", "ProcessId": 16305}
{"@timestamp": "2026-03-11T08:33:12.851315Z", "EventID": 1, "Channel": "Microsoft-Windows-Sysmon/Operational", "Provider": "Microsoft-Windows-Sysmon", "ProviderGuid": "{5770385f-c22a-43e0-bf4c-06f5698ffbd9}", "Computer": "WS-FIN-014", "Task": "Process Create", "UtcTime": "2026-03-11 08:33:12.851", "ProcessGuid": "{6e857db7-0000-0000-0000-56854a53f4d0}", "User": "CORP\\j.dupont", "Image": "C:\\Program Files\\Microsoft Office\\root\\Office16\\OUTLOOK.EXE", "CommandLine": "OUTLOOK.EXE /recycle", "CurrentDirectory": "C:\\Users\\j.dupont\\", "ProcessId": 16336, "IntegrityLevel": "Medium", "Hashes": "SHA1=D25566003433C51441C6E3C14EF3881FFB63A3D5,MD5=4985E661295960B277858FDD,SHA256=D25566003433C51441C6E3C14EF3881FFB63A3D54985E661295960B277858FDD,IMPHASH=D25566003433C51441C6E3C14EF3881F", "ParentImage": "C:\\Windows\\explorer.exe", "ParentCommandLine": "explorer.exe", "ParentProcessId": 16357, "OriginalFileName": "OUTLOOK.EXE", "LogonId": "0x155a03"}
{"@timestamp": "2026-03-11T08:33:26.103343Z", "EventID": 1, "Channel": "Microsoft-Windows-Sysmon/Operational", "Provider": "Microsoft-Windows-Sysmon", "ProviderGuid": "{5770385f-c22a-43e0-bf4c-06f5698ffbd9}", "Computer": "WS-HR-022", "Task": "Process Create", "UtcTime": "2026-03-11 08:33:26.103", "ProcessGuid": "{2b4162a6-0000-0000-0000-b662e15ccd12}", "User": "CORP\\m.laurent", "Image": "C:\\Windows\\System32\\SearchIndexer.exe", "CommandLine": "SearchIndexer.exe /Embedding", "CurrentDirectory": "C:\\Users\\m.laurent\\", "ProcessId": 16393, "IntegrityLevel": "Medium", "Hashes": "SHA1=121647E7D5A6D15EEAB8D97378C4AEDDD4ADD9A0,MD5=283832F41A113F74BCD3F79D,SHA256=121647E7D5A6D15EEAB8D97378C4AEDDD4ADD9A0283832F41A113F74BCD3F79D,IMPHASH=121647E7D5A6D15EEAB8D97378C4AEDD", "ParentImage": "C:\\Windows\\System32\\services.exe", "ParentCommandLine": "services.exe", "ParentProcessId": 16427, "OriginalFileName": "SearchIndexer.exe", "LogonId": "0x415c2"}
{"@timestamp": "2026-03-11T08:33:30Z", "EventID": 6, "Channel": "Microsoft-Windows-Sysmon/Operational", "Provider": "Microsoft-Windows-Sysmon", "ProviderGuid": "{5770385f-c22a-43e0-bf4c-06f5698ffbd9}", "Computer": "WS-FIN-014", "Task": "Driver loaded", "UtcTime": "2026-03-11 08:33:30.000", "ProcessGuid": "{943b7d49-0000-0000-0000-294c51160ab3}", "User": "NT AUTHORITY\\SYSTEM", "ImageLoaded": "C:\\Users\\Public\\RTCore64.sys", "Hashes": "SHA1=D0C4F7072CCF0640BCEE0AD8BF13CBBD79A2B6AD,MD5=50199714EB33E48093699D6E,SHA256=D0C4F7072CCF0640BCEE0AD8BF13CBBD79A2B6AD50199714EB33E48093699D6E,IMPHASH=D0C4F7072CCF0640BCEE0AD8BF13CBBD", "Signed": "false", "Signature": "MICRO-STAR INTERNATIONAL CO., LTD.", "SignatureStatus": "Unavailable"}
{"@timestamp": "2026-03-11T08:33:32Z", "EventID": 7, "Channel": "Microsoft-Windows-Sysmon/Operational", "Provider": "Microsoft-Windows-Sysmon", "ProviderGuid": "{5770385f-c22a-43e0-bf4c-06f5698ffbd9}", "Computer": "WS-FIN-014", "Task": "Image loaded", "UtcTime": "2026-03-11 08:33:32.000", "ProcessGuid": "{e3499c11-0000-0000-0000-f06700795db9}", "User": "NT AUTHORITY\\SYSTEM", "Image": "C:\\Users\\Public\\updater.exe", "ImageLoaded": "C:\\Users\\Public\\RTCore64.sys", "Hashes": "SHA1=D0C4F7072CCF0640BCEE0AD8BF13CBBD79A2B6AD,MD5=50199714EB33E48093699D6E,SHA256=D0C4F7072CCF0640BCEE0AD8BF13CBBD79A2B6AD50199714EB33E48093699D6E,IMPHASH=D0C4F7072CCF0640BCEE0AD8BF13CBBD", "Signed": "false", "Signature": "MICRO-STAR INTERNATIONAL CO., LTD.", "SignatureStatus": "Unavailable", "ProcessId": 20372}
{"@timestamp": "2026-03-11T08:33:34.057640Z", "EventID": 1, "Channel": "Microsoft-Windows-Sysmon/Operational", "Provider": "Microsoft-Windows-Sysmon", "ProviderGuid": "{5770385f-c22a-43e0-bf4c-06f5698ffbd9}", "Computer": "WS-MKT-047", "Task": "Process Create", "UtcTime": "2026-03-11 08:33:34.057", "ProcessGuid": "{598b2a7d-0000-0000-0000-fd046014e6b6}", "User": "CORP\\a.schmidt", "Image": "C:\\Windows\\System32\\SearchIndexer.exe", "CommandLine": "SearchIndexer.exe /Embedding", "CurrentDirectory": "C:\\Users\\a.schmidt\\", "ProcessId": 16465, "IntegrityLevel": "Medium", "Hashes": "SHA1=121647E7D5A6D15EEAB8D97378C4AEDDD4ADD9A0,MD5=283832F41A113F74BCD3F79D,SHA256=121647E7D5A6D15EEAB8D97378C4AEDDD4ADD9A0283832F41A113F74BCD3F79D,IMPHASH=121647E7D5A6D15EEAB8D97378C4AEDD", "ParentImage": "C:\\Windows\\System32\\services.exe", "ParentCommandLine": "services.exe", "ParentProcessId": 16500, "OriginalFileName": "SearchIndexer.exe", "LogonId": "0xe93145"}
{"@timestamp": "2026-03-11T08:33:35.057640Z", "EventID": 7, "Channel": "Microsoft-Windows-Sysmon/Operational", "Provider": "Microsoft-Windows-Sysmon", "ProviderGuid": "{5770385f-c22a-43e0-bf4c-06f5698ffbd9}", "Computer": "WS-MKT-047", "Task": "Image loaded", "UtcTime": "2026-03-11 08:33:35.057", "ProcessGuid": "{99d69928-0000-0000-0000-f826d3c2dc3f}", "User": "CORP\\a.schmidt", "Image": "C:\\Windows\\System32\\SearchIndexer.exe", "ImageLoaded": "C:\\Windows\\System32\\ole32.dll", "Hashes": "SHA1=F245FE196BF4E32347EB826671DBFA2AE75FC0F7,MD5=3E3DDDD0ED96FA97ED29A527,SHA256=F245FE196BF4E32347EB826671DBFA2AE75FC0F73E3DDDD0ED96FA97ED29A527,IMPHASH=F245FE196BF4E32347EB826671DBFA2A", "Signed": "true", "Signature": "Microsoft Windows", "SignatureStatus": "Valid", "ProcessId": 16533}
{"@timestamp": "2026-03-11T08:33:44.389641Z", "EventID": 1, "Channel": "Microsoft-Windows-Sysmon/Operational", "Provider": "Microsoft-Windows-Sysmon", "ProviderGuid": "{5770385f-c22a-43e0-bf4c-06f5698ffbd9}", "Computer": "WS-ENG-101", "Task": "Process Create", "UtcTime": "2026-03-11 08:33:44.389", "ProcessGuid": "{56198b2d-0000-0000-0000-f897ea098345}", "User": "CORP\\j.dupont", "Image": "C:\\Program Files\\Google\\Chrome\\Application\\chrome.exe", "CommandLine": "chrome.exe --type=renderer", "CurrentDirectory": "C:\\Users\\j.dupont\\", "ProcessId": 16551, "IntegrityLevel": "Medium", "Hashes": "SHA1=B98A42E7E75A66429BF21F48D54033A6083EAF10,MD5=1BD296B5FE5A63134C2B6565,SHA256=B98A42E7E75A66429BF21F48D54033A6083EAF101BD296B5FE5A63134C2B6565,IMPHASH=B98A42E7E75A66429BF21F48D54033A6", "ParentImage": "C:\\Windows\\explorer.exe", "ParentCommandLine": "explorer.exe", "ParentProcessId": 16558, "OriginalFileName": "chrome.exe", "LogonId": "0x3a0607"}
{"@timestamp": "2026-03-11T08:33:46.389641Z", "EventID": 22, "Channel": "Microsoft-Windows-Sysmon/Operational", "Provider": "Microsoft-Windows-Sysmon", "ProviderGuid": "{5770385f-c22a-43e0-bf4c-06f5698ffbd9}", "Computer": "WS-ENG-101", "Task": "Dns query", "UtcTime": "2026-03-11 08:33:46.389", "ProcessGuid": "{93671fd5-0000-0000-0000-039caf601e4d}", "User": "CORP\\j.dupont", "Image": "C:\\Program Files\\Google\\Chrome\\Application\\chrome.exe", "QueryName": "www.microsoft.com", "QueryStatus": "0", "QueryResults": "type: 5 www.microsoft.com", "ProcessId": 16568}
{"@timestamp": "2026-03-11T08:33:47.389641Z", "EventID": 3, "Channel": "Microsoft-Windows-Sysmon/Operational", "Provider": "Microsoft-Windows-Sysmon", "ProviderGuid": "{5770385f-c22a-43e0-bf4c-06f5698ffbd9}", "Computer": "WS-ENG-101", "Task": "Network connection detected", "UtcTime": "2026-03-11 08:33:47.389", "ProcessGuid": "{0d02f6ff-0000-0000-0000-3ebf7470960b}", "User": "CORP\\j.dupont", "Image": "C:\\Program Files\\Google\\Chrome\\Application\\chrome.exe", "Protocol": "tcp", "Initiated": true, "SourceIp": "10.20.4.51", "SourcePort": 53234, "DestinationIp": "104.18.12.84", "DestinationPort": 443, "DestinationHostname": "www.microsoft.com", "ProcessId": 16587}
{"@timestamp": "2026-03-11T08:33:57.216559Z", "EventID": 1, "Channel": "Microsoft-Windows-Sysmon/Operational", "Provider": "Microsoft-Windows-Sysmon", "ProviderGuid": "{5770385f-c22a-43e0-bf4c-06f5698ffbd9}", "Computer": "WS-ENG-101", "Task": "Process Create", "UtcTime": "2026-03-11 08:33:57.216", "ProcessGuid": "{204cdd79-0000-0000-0000-5dd7e0e9c475}", "User": "CORP\\j.dupont", "Image": "C:\\Program Files\\Google\\Chrome\\Application\\chrome.exe", "CommandLine": "chrome.exe --type=renderer", "CurrentDirectory": "C:\\Users\\j.dupont\\", "ProcessId": 16592, "IntegrityLevel": "Medium", "Hashes": "SHA1=B98A42E7E75A66429BF21F48D54033A6083EAF10,MD5=1BD296B5FE5A63134C2B6565,SHA256=B98A42E7E75A66429BF21F48D54033A6083EAF101BD296B5FE5A63134C2B6565,IMPHASH=B98A42E7E75A66429BF21F48D54033A6", "ParentImage": "C:\\Windows\\explorer.exe", "ParentCommandLine": "explorer.exe", "ParentProcessId": 16609, "OriginalFileName": "chrome.exe", "LogonId": "0x59e9b9"}
{"@timestamp": "2026-03-11T08:34:06.439340Z", "EventID": 1, "Channel": "Microsoft-Windows-Sysmon/Operational", "Provider": "Microsoft-Windows-Sysmon", "ProviderGuid": "{5770385f-c22a-43e0-bf4c-06f5698ffbd9}", "Computer": "WS-MKT-047", "Task": "Process Create", "UtcTime": "2026-03-11 08:34:06.439", "ProcessGuid": "{e63c2650-0000-0000-0000-b8cecdc85a33}", "User": "CORP\\m.laurent", "Image": "C:\\Program Files\\Microsoft Office\\root\\Office16\\OUTLOOK.EXE", "CommandLine": "OUTLOOK.EXE /recycle", "CurrentDirectory": "C:\\Users\\m.laurent\\", "ProcessId": 16626, "IntegrityLevel": "Medium", "Hashes": "SHA1=D25566003433C51441C6E3C14EF3881FFB63A3D5,MD5=4985E661295960B277858FDD,SHA256=D25566003433C51441C6E3C14EF3881FFB63A3D54985E661295960B277858FDD,IMPHASH=D25566003433C51441C6E3C14EF3881F", "ParentImage": "C:\\Windows\\explorer.exe", "ParentCommandLine": "explorer.exe", "ParentProcessId": 16649, "OriginalFileName": "OUTLOOK.EXE", "LogonId": "0x12f23d"}
{"@timestamp": "2026-03-11T08:34:07.439340Z", "EventID": 7, "Channel": "Microsoft-Windows-Sysmon/Operational", "Provider": "Microsoft-Windows-Sysmon", "ProviderGuid": "{5770385f-c22a-43e0-bf4c-06f5698ffbd9}", "Computer": "WS-MKT-047", "Task": "Image loaded", "UtcTime": "2026-03-11 08:34:07.439", "ProcessGuid": "{c9792846-0000-0000-0000-d1f39de564ea}", "User": "CORP\\m.laurent", "Image": "C:\\Program Files\\Microsoft Office\\root\\Office16\\OUTLOOK.EXE", "ImageLoaded": "C:\\Windows\\System32\\kernel32.dll", "Hashes": "SHA1=9CFF62CD296F6EFDBB9B5622D676BA00427ABD30,MD5=4150B5B1C27F0AA9385BB344,SHA256=9CFF62CD296F6EFDBB9B5622D676BA00427ABD304150B5B1C27F0AA9385BB344,IMPHASH=9CFF62CD296F6EFDBB9B5622D676BA00", "Signed": "true", "Signature": "Microsoft Windows", "SignatureStatus": "Valid", "ProcessId": 16662}
{"@timestamp": "2026-03-11T08:34:10.439340Z", "EventID": 13, "Channel": "Microsoft-Windows-Sysmon/Operational", "Provider": "Microsoft-Windows-Sysmon", "ProviderGuid": "{5770385f-c22a-43e0-bf4c-06f5698ffbd9}", "Computer": "WS-MKT-047", "Task": "Registry value set", "UtcTime": "2026-03-11 08:34:10.439", "ProcessGuid": "{9b91d527-0000-0000-0000-54835c638316}", "User": "CORP\\m.laurent", "EventType": "SetValue", "Image": "C:\\Program Files\\Microsoft Office\\root\\Office16\\OUTLOOK.EXE", "TargetObject": "HKLM\\SOFTWARE\\Microsoft\\Windows\\CurrentVersion\\Explorer\\Advanced\\Hidden", "Details": "DWORD (0x00000001)", "ProcessId": 16669}
{"@timestamp": "2026-03-11T08:34:20.026145Z", "EventID": 1, "Channel": "Microsoft-Windows-Sysmon/Operational", "Provider": "Microsoft-Windows-Sysmon", "ProviderGuid": "{5770385f-c22a-43e0-bf4c-06f5698ffbd9}", "Computer": "WS-MKT-047", "Task": "Process Create", "UtcTime": "2026-03-11 08:34:20.026", "ProcessGuid": "{c6c98dfb-0000-0000-0000-49b571b7e920}", "User": "CORP\\a.schmidt", "Image": "C:\\Windows\\System32\\SearchIndexer.exe", "CommandLine": "SearchIndexer.exe /Embedding", "CurrentDirectory": "C:\\Users\\a.schmidt\\", "ProcessId": 16689, "IntegrityLevel": "Medium", "Hashes": "SHA1=121647E7D5A6D15EEAB8D97378C4AEDDD4ADD9A0,MD5=283832F41A113F74BCD3F79D,SHA256=121647E7D5A6D15EEAB8D97378C4AEDDD4ADD9A0283832F41A113F74BCD3F79D,IMPHASH=121647E7D5A6D15EEAB8D97378C4AEDD", "ParentImage": "C:\\Windows\\System32\\services.exe", "ParentCommandLine": "services.exe", "ParentProcessId": 16720, "OriginalFileName": "SearchIndexer.exe", "LogonId": "0xff985a"}
{"@timestamp": "2026-03-11T08:34:30.017600Z", "EventID": 1, "Channel": "Microsoft-Windows-Sysmon/Operational", "Provider": "Microsoft-Windows-Sysmon", "ProviderGuid": "{5770385f-c22a-43e0-bf4c-06f5698ffbd9}", "Computer": "WS-FIN-014", "Task": "Process Create", "UtcTime": "2026-03-11 08:34:30.017", "ProcessGuid": "{33dc0d22-0000-0000-0000-9d6be4ff9e8e}", "User": "CORP\\m.laurent", "Image": "C:\\Windows\\System32\\taskhostw.exe", "CommandLine": "taskhostw.exe {222A245B}", "CurrentDirectory": "C:\\Users\\m.laurent\\", "ProcessId": 16744, "IntegrityLevel": "Medium", "Hashes": "SHA1=EADE2CD8C84CE631A2A6917151557D03D7BCF704,MD5=B2A911E5910025FA412EE1D7,SHA256=EADE2CD8C84CE631A2A6917151557D03D7BCF704B2A911E5910025FA412EE1D7,IMPHASH=EADE2CD8C84CE631A2A6917151557D03", "ParentImage": "C:\\Windows\\System32\\svchost.exe", "ParentCommandLine": "svchost.exe", "ParentProcessId": 16783, "OriginalFileName": "taskhostw.exe", "LogonId": "0x699f00"}
{"@timestamp": "2026-03-11T08:34:30Z", "EventID": 1, "Channel": "Microsoft-Windows-Sysmon/Operational", "Provider": "Microsoft-Windows-Sysmon", "ProviderGuid": "{5770385f-c22a-43e0-bf4c-06f5698ffbd9}", "Computer": "WS-FIN-014", "Task": "Process Create", "UtcTime": "2026-03-11 08:34:30.000", "ProcessGuid": "{69005c61-0000-0000-0000-012bb04f6633}", "User": "NT AUTHORITY\\SYSTEM", "Image": "C:\\Windows\\System32\\spoolsv.exe", "CommandLine": "spoolsv.exe -k print CVE-2021-34527 printnightmare AddPrinterDriverEx", "CurrentDirectory": "C:\\Users\\SYSTEM\\", "ProcessId": 20396, "IntegrityLevel": "System", "Hashes": "SHA1=421A6532C0EFA4EC223577572CF7387050C53ACC,MD5=9CA91F82727A0032044F4AB3,SHA256=421A6532C0EFA4EC223577572CF7387050C53ACC9CA91F82727A0032044F4AB3,IMPHASH=421A6532C0EFA4EC223577572CF73870", "ParentImage": "C:\\Windows\\System32\\services.exe", "ParentCommandLine": "services.exe", "ParentProcessId": 20415, "OriginalFileName": "spoolsv.exe", "LogonId": "0x2cf8a9"}
{"@timestamp": "2026-03-11T08:34:32.017600Z", "EventID": 22, "Channel": "Microsoft-Windows-Sysmon/Operational", "Provider": "Microsoft-Windows-Sysmon", "ProviderGuid": "{5770385f-c22a-43e0-bf4c-06f5698ffbd9}", "Computer": "WS-FIN-014", "Task": "Dns query", "UtcTime": "2026-03-11 08:34:32.017", "ProcessGuid": "{4df8291e-0000-0000-0000-3aa82de89879}", "User": "CORP\\m.laurent", "Image": "C:\\Windows\\System32\\taskhostw.exe", "QueryName": "www.microsoft.com", "QueryStatus": "0", "QueryResults": "type: 5 www.microsoft.com", "ProcessId": 16804}
{"@timestamp": "2026-03-11T08:34:32Z", "EventID": 7, "Channel": "Microsoft-Windows-Sysmon/Operational", "Provider": "Microsoft-Windows-Sysmon", "ProviderGuid": "{5770385f-c22a-43e0-bf4c-06f5698ffbd9}", "Computer": "WS-FIN-014", "Task": "Image loaded", "UtcTime": "2026-03-11 08:34:32.000", "ProcessGuid": "{64ef5147-0000-0000-0000-e3dac92c7369}", "User": "NT AUTHORITY\\SYSTEM", "Image": "C:\\Windows\\System32\\spoolsv.exe", "ImageLoaded": "C:\\Windows\\System32\\spool\\drivers\\x64\\3\\evil.dll", "Hashes": "SHA1=5FD894C2C52491249DCED6ED096D5AD345157B2E,MD5=E37C47FBF5F704FABDB6B665,SHA256=5FD894C2C52491249DCED6ED096D5AD345157B2EE37C47FBF5F704FABDB6B665,IMPHASH=5FD894C2C52491249DCED6ED096D5AD3", "Signed": "false", "Signature": "", "SignatureStatus": "Unavailable", "ProcessId": 20422}
{"@timestamp": "2026-03-11T08:34:33.017600Z", "EventID": 3, "Channel": "Microsoft-Windows-Sysmon/Operational", "Provider": "Microsoft-Windows-Sysmon", "ProviderGuid": "{5770385f-c22a-43e0-bf4c-06f5698ffbd9}", "Computer": "WS-FIN-014", "Task": "Network connection detected", "UtcTime": "2026-03-11 08:34:33.017", "ProcessGuid": "{698f469f-0000-0000-0000-df89b70b6642}", "User": "CORP\\m.laurent", "Image": "C:\\Windows\\System32\\taskhostw.exe", "Protocol": "tcp", "Initiated": true, "SourceIp": "10.20.4.76", "SourcePort": 57291, "DestinationIp": "104.18.17.80", "DestinationPort": 443, "DestinationHostname": "www.microsoft.com", "ProcessId": 16825}
{"@timestamp": "2026-03-11T08:34:43.054299Z", "EventID": 1, "Channel": "Microsoft-Windows-Sysmon/Operational", "Provider": "Microsoft-Windows-Sysmon", "ProviderGuid": "{5770385f-c22a-43e0-bf4c-06f5698ffbd9}", "Computer": "WS-FIN-014", "Task": "Process Create", "UtcTime": "2026-03-11 08:34:43.054", "ProcessGuid": "{cb3dcfd3-0000-0000-0000-409db7647525}", "User": "CORP\\m.laurent", "Image": "C:\\Program Files\\Microsoft Office\\root\\Office16\\OUTLOOK.EXE", "CommandLine": "OUTLOOK.EXE /recycle", "CurrentDirectory": "C:\\Users\\m.laurent\\", "ProcessId": 16855, "IntegrityLevel": "Medium", "Hashes": "SHA1=D25566003433C51441C6E3C14EF3881FFB63A3D5,MD5=4985E661295960B277858FDD,SHA256=D25566003433C51441C6E3C14EF3881FFB63A3D54985E661295960B277858FDD,IMPHASH=D25566003433C51441C6E3C14EF3881F", "ParentImage": "C:\\Windows\\explorer.exe", "ParentCommandLine": "explorer.exe", "ParentProcessId": 16864, "OriginalFileName": "OUTLOOK.EXE", "LogonId": "0xab0ab8"}
{"@timestamp": "2026-03-11T08:34:44.054299Z", "EventID": 7, "Channel": "Microsoft-Windows-Sysmon/Operational", "Provider": "Microsoft-Windows-Sysmon", "ProviderGuid": "{5770385f-c22a-43e0-bf4c-06f5698ffbd9}", "Computer": "WS-FIN-014", "Task": "Image loaded", "UtcTime": "2026-03-11 08:34:44.054", "ProcessGuid": "{5c857b1c-0000-0000-0000-8ef1b74350fa}", "User": "CORP\\m.laurent", "Image": "C:\\Program Files\\Microsoft Office\\root\\Office16\\OUTLOOK.EXE", "ImageLoaded": "C:\\Windows\\System32\\ntdll.dll", "Hashes": "SHA1=10A7949A67B3658998DA2966045490E09CA516C0,MD5=DBDCDCAAC9D1FC61849E35DE,SHA256=10A7949A67B3658998DA2966045490E09CA516C0DBDCDCAAC9D1FC61849E35DE,IMPHASH=10A7949A67B3658998DA2966045490E0", "Signed": "true", "Signature": "Microsoft Windows", "SignatureStatus": "Valid", "ProcessId": 16898}
{"@timestamp": "2026-03-11T08:34:51.394221Z", "EventID": 1, "Channel": "Microsoft-Windows-Sysmon/Operational", "Provider": "Microsoft-Windows-Sysmon", "ProviderGuid": "{5770385f-c22a-43e0-bf4c-06f5698ffbd9}", "Computer": "WS-HR-022", "Task": "Process Create", "UtcTime": "2026-03-11 08:34:51.394", "ProcessGuid": "{956aa726-0000-0000-0000-1828796ec15e}", "User": "CORP\\j.dupont", "Image": "C:\\Program Files\\Microsoft Office\\root\\Office16\\OUTLOOK.EXE", "CommandLine": "OUTLOOK.EXE /recycle", "CurrentDirectory": "C:\\Users\\j.dupont\\", "ProcessId": 16904, "IntegrityLevel": "Medium", "Hashes": "SHA1=D25566003433C51441C6E3C14EF3881FFB63A3D5,MD5=4985E661295960B277858FDD,SHA256=D25566003433C51441C6E3C14EF3881FFB63A3D54985E661295960B277858FDD,IMPHASH=D25566003433C51441C6E3C14EF3881F", "ParentImage": "C:\\Windows\\explorer.exe", "ParentCommandLine": "explorer.exe", "ParentProcessId": 16931, "OriginalFileName": "OUTLOOK.EXE", "LogonId": "0x6f7e9b"}
{"@timestamp": "2026-03-11T08:35:02.930926Z", "EventID": 1, "Channel": "Microsoft-Windows-Sysmon/Operational", "Provider": "Microsoft-Windows-Sysmon", "ProviderGuid": "{5770385f-c22a-43e0-bf4c-06f5698ffbd9}", "Computer": "WS-FIN-014", "Task": "Process Create", "UtcTime": "2026-03-11 08:35:02.930", "ProcessGuid": "{6fb75ba2-0000-0000-0000-c48ba69f3136}", "User": "CORP\\p.novak", "Image": "C:\\Windows\\System32\\taskhostw.exe", "CommandLine": "taskhostw.exe {222A245B}", "CurrentDirectory": "C:\\Users\\p.novak\\", "ProcessId": 16967, "IntegrityLevel": "Medium", "Hashes": "SHA1=EADE2CD8C84CE631A2A6917151557D03D7BCF704,MD5=B2A911E5910025FA412EE1D7,SHA256=EADE2CD8C84CE631A2A6917151557D03D7BCF704B2A911E5910025FA412EE1D7,IMPHASH=EADE2CD8C84CE631A2A6917151557D03", "ParentImage": "C:\\Windows\\System32\\svchost.exe", "ParentCommandLine": "svchost.exe", "ParentProcessId": 16976, "OriginalFileName": "taskhostw.exe", "LogonId": "0x14e82f"}
{"@timestamp": "2026-03-11T08:35:14.181104Z", "EventID": 1, "Channel": "Microsoft-Windows-Sysmon/Operational", "Provider": "Microsoft-Windows-Sysmon", "ProviderGuid": "{5770385f-c22a-43e0-bf4c-06f5698ffbd9}", "Computer": "WS-FIN-014", "Task": "Process Create", "UtcTime": "2026-03-11 08:35:14.181", "ProcessGuid": "{b57d00b9-0000-0000-0000-5b244b962b94}", "User": "CORP\\a.schmidt", "Image": "C:\\Program Files\\Google\\Chrome\\Application\\chrome.exe", "CommandLine": "chrome.exe --type=renderer", "CurrentDirectory": "C:\\Users\\a.schmidt\\", "ProcessId": 16992, "IntegrityLevel": "Medium", "Hashes": "SHA1=B98A42E7E75A66429BF21F48D54033A6083EAF10,MD5=1BD296B5FE5A63134C2B6565,SHA256=B98A42E7E75A66429BF21F48D54033A6083EAF101BD296B5FE5A63134C2B6565,IMPHASH=B98A42E7E75A66429BF21F48D54033A6", "ParentImage": "C:\\Windows\\explorer.exe", "ParentCommandLine": "explorer.exe", "ParentProcessId": 17002, "OriginalFileName": "chrome.exe", "LogonId": "0x75279f"}
{"@timestamp": "2026-03-11T08:35:15.181104Z", "EventID": 7, "Channel": "Microsoft-Windows-Sysmon/Operational", "Provider": "Microsoft-Windows-Sysmon", "ProviderGuid": "{5770385f-c22a-43e0-bf4c-06f5698ffbd9}", "Computer": "WS-FIN-014", "Task": "Image loaded", "UtcTime": "2026-03-11 08:35:15.181", "ProcessGuid": "{f59b7401-0000-0000-0000-23a87920b101}", "User": "CORP\\a.schmidt", "Image": "C:\\Program Files\\Google\\Chrome\\Application\\chrome.exe", "ImageLoaded": "C:\\Windows\\System32\\kernel32.dll", "Hashes": "SHA1=9CFF62CD296F6EFDBB9B5622D676BA00427ABD30,MD5=4150B5B1C27F0AA9385BB344,SHA256=9CFF62CD296F6EFDBB9B5622D676BA00427ABD304150B5B1C27F0AA9385BB344,IMPHASH=9CFF62CD296F6EFDBB9B5622D676BA00", "Signed": "true", "Signature": "Microsoft Windows", "SignatureStatus": "Valid", "ProcessId": 17039}
{"@timestamp": "2026-03-11T08:35:16.181104Z", "EventID": 22, "Channel": "Microsoft-Windows-Sysmon/Operational", "Provider": "Microsoft-Windows-Sysmon", "ProviderGuid": "{5770385f-c22a-43e0-bf4c-06f5698ffbd9}", "Computer": "WS-FIN-014", "Task": "Dns query", "UtcTime": "2026-03-11 08:35:16.181", "ProcessGuid": "{955a43c7-0000-0000-0000-8b53ec80ecc8}", "User": "CORP\\a.schmidt", "Image": "C:\\Program Files\\Google\\Chrome\\Application\\chrome.exe", "QueryName": "cdn.jsdelivr.net", "QueryStatus": "0", "QueryResults": "type: 5 cdn.jsdelivr.net", "ProcessId": 17048}
{"@timestamp": "2026-03-11T08:35:17.181104Z", "EventID": 3, "Channel": "Microsoft-Windows-Sysmon/Operational", "Provider": "Microsoft-Windows-Sysmon", "ProviderGuid": "{5770385f-c22a-43e0-bf4c-06f5698ffbd9}", "Computer": "WS-FIN-014", "Task": "Network connection detected", "UtcTime": "2026-03-11 08:35:17.181", "ProcessGuid": "{bf2da0a4-0000-0000-0000-f2d15255a927}", "User": "CORP\\a.schmidt", "Image": "C:\\Program Files\\Google\\Chrome\\Application\\chrome.exe", "Protocol": "tcp", "Initiated": true, "SourceIp": "10.20.4.41", "SourcePort": 56645, "DestinationIp": "104.18.12.195", "DestinationPort": 443, "DestinationHostname": "cdn.jsdelivr.net", "ProcessId": 17067}
{"@timestamp": "2026-03-11T08:35:18.181104Z", "EventID": 13, "Channel": "Microsoft-Windows-Sysmon/Operational", "Provider": "Microsoft-Windows-Sysmon", "ProviderGuid": "{5770385f-c22a-43e0-bf4c-06f5698ffbd9}", "Computer": "WS-FIN-014", "Task": "Registry value set", "UtcTime": "2026-03-11 08:35:18.181", "ProcessGuid": "{658614d8-0000-0000-0000-537faab3929f}", "User": "CORP\\a.schmidt", "EventType": "SetValue", "Image": "C:\\Program Files\\Google\\Chrome\\Application\\chrome.exe", "TargetObject": "HKLM\\SOFTWARE\\Microsoft\\Windows\\CurrentVersion\\Explorer\\Advanced\\Hidden", "Details": "DWORD (0x00000001)", "ProcessId": 17099}
{"@timestamp": "2026-03-11T08:35:24.188170Z", "EventID": 1, "Channel": "Microsoft-Windows-Sysmon/Operational", "Provider": "Microsoft-Windows-Sysmon", "ProviderGuid": "{5770385f-c22a-43e0-bf4c-06f5698ffbd9}", "Computer": "WS-MKT-047", "Task": "Process Create", "UtcTime": "2026-03-11 08:35:24.188", "ProcessGuid": "{6b11957c-0000-0000-0000-eaf45edcd3d5}", "User": "CORP\\a.schmidt", "Image": "C:\\Windows\\System32\\RuntimeBroker.exe", "CommandLine": "RuntimeBroker.exe -Embedding", "CurrentDirectory": "C:\\Users\\a.schmidt\\", "ProcessId": 17108, "IntegrityLevel": "Medium", "Hashes": "SHA1=6E06B06ABB69086464746156B313BB85E792314E,MD5=F5BB5F92FAEC74E6F48A66F1,SHA256=6E06B06ABB69086464746156B313BB85E792314EF5BB5F92FAEC74E6F48A66F1,IMPHASH=6E06B06ABB69086464746156B313BB85", "ParentImage": "C:\\Windows\\System32\\svchost.exe", "ParentCommandLine": "svchost.exe", "ParentProcessId": 17124, "OriginalFileName": "RuntimeBroker.exe", "LogonId": "0x71638e"}
{"@timestamp": "2026-03-11T08:35:30Z", "EventID": 1, "Channel": "Microsoft-Windows-Sysmon/Operational", "Provider": "Microsoft-Windows-Sysmon", "ProviderGuid": "{5770385f-c22a-43e0-bf4c-06f5698ffbd9}", "Computer": "WS-FIN-014", "Task": "Process Create", "UtcTime": "2026-03-11 08:35:30.000", "ProcessGuid": "{ad04715a-0000-0000-0000-7b13ea71d5b8}", "User": "NT AUTHORITY\\SYSTEM", "Image": "C:\\Windows\\System32\\net.exe", "CommandLine": "net.exe localgroup administrators svc_helpdesk /add", "CurrentDirectory": "C:\\Users\\SYSTEM\\", "ProcessId": 20433, "IntegrityLevel": "System", "Hashes": "SHA1=2492C34EBA4C050B038765CC35341DED7BA79CC6,MD5=A4C5B7509140BFE5E8697D45,SHA256=2492C34EBA4C050B038765CC35341DED7BA79CC6A4C5B7509140BFE5E8697D45,IMPHASH=2492C34EBA4C050B038765CC35341DED", "ParentImage": "C:\\Windows\\System32\\cmd.exe", "ParentCommandLine": "cmd.exe /c net localgroup administrators svc_helpdesk /add", "ParentProcessId": 20459, "OriginalFileName": "net.exe", "LogonId": "0x18a4ad"}
{"@timestamp": "2026-03-11T08:35:32Z", "EventID": 1, "Channel": "Microsoft-Windows-Sysmon/Operational", "Provider": "Microsoft-Windows-Sysmon", "ProviderGuid": "{5770385f-c22a-43e0-bf4c-06f5698ffbd9}", "Computer": "WS-FIN-014", "Task": "Process Create", "UtcTime": "2026-03-11 08:35:32.000", "ProcessGuid": "{8e0ac815-0000-0000-0000-dd25525a12bd}", "User": "NT AUTHORITY\\SYSTEM", "Image": "C:\\Windows\\System32\\net1.exe", "CommandLine": "C:\\Windows\\system32\\net1 localgroup administrators svc_helpdesk /add", "CurrentDirectory": "C:\\Users\\SYSTEM\\", "ProcessId": 20465, "IntegrityLevel": "System", "Hashes": "SHA1=2823B865388D90BC7DDCC927E5B137F38DE7A946,MD5=5968E340D62BF609A91E89C1,SHA256=2823B865388D90BC7DDCC927E5B137F38DE7A9465968E340D62BF609A91E89C1,IMPHASH=2823B865388D90BC7DDCC927E5B137F3", "ParentImage": "C:\\Windows\\System32\\net.exe", "ParentCommandLine": "net.exe localgroup administrators svc_helpdesk /add", "ParentProcessId": 20485, "OriginalFileName": "net1.exe", "LogonId": "0x37efac"}
{"@timestamp": "2026-03-11T08:35:38.156127Z", "EventID": 1, "Channel": "Microsoft-Windows-Sysmon/Operational", "Provider": "Microsoft-Windows-Sysmon", "ProviderGuid": "{5770385f-c22a-43e0-bf4c-06f5698ffbd9}", "Computer": "WS-HR-022", "Task": "Process Create", "UtcTime": "2026-03-11 08:35:38.156", "ProcessGuid": "{6ee11d6d-0000-0000-0000-bbe4a39a4473}", "User": "CORP\\m.laurent", "Image": "C:\\Program Files\\Google\\Chrome\\Application\\chrome.exe", "CommandLine": "chrome.exe --type=renderer", "CurrentDirectory": "C:\\Users\\m.laurent\\", "ProcessId": 17163, "IntegrityLevel": "Medium", "Hashes": "SHA1=B98A42E7E75A66429BF21F48D54033A6083EAF10,MD5=1BD296B5FE5A63134C2B6565,SHA256=B98A42E7E75A66429BF21F48D54033A6083EAF101BD296B5FE5A63134C2B6565,IMPHASH=B98A42E7E75A66429BF21F48D54033A6", "ParentImage": "C:\\Windows\\explorer.exe", "ParentCommandLine": "explorer.exe", "ParentProcessId": 17199, "OriginalFileName": "chrome.exe", "LogonId": "0xd8ed09"}
{"@timestamp": "2026-03-11T08:35:47.867515Z", "EventID": 1, "Channel": "Microsoft-Windows-Sysmon/Operational", "Provider": "Microsoft-Windows-Sysmon", "ProviderGuid": "{5770385f-c22a-43e0-bf4c-06f5698ffbd9}", "Computer": "WS-ENG-101", "Task": "Process Create", "UtcTime": "2026-03-11 08:35:47.867", "ProcessGuid": "{b59438c6-0000-0000-0000-2df5a0dce4e8}", "User": "CORP\\a.schmidt", "Image": "C:\\Program Files\\Google\\Chrome\\Application\\chrome.exe", "CommandLine": "chrome.exe --type=renderer", "CurrentDirectory": "C:\\Users\\a.schmidt\\", "ProcessId": 17219, "IntegrityLevel": "Medium", "Hashes": "SHA1=B98A42E7E75A66429BF21F48D54033A6083EAF10,MD5=1BD296B5FE5A63134C2B6565,SHA256=B98A42E7E75A66429BF21F48D54033A6083EAF101BD296B5FE5A63134C2B6565,IMPHASH=B98A42E7E75A66429BF21F48D54033A6", "ParentImage": "C:\\Windows\\explorer.exe", "ParentCommandLine": "explorer.exe", "ParentProcessId": 17234, "OriginalFileName": "chrome.exe", "LogonId": "0x769699"}
{"@timestamp": "2026-03-11T08:35:48.867515Z", "EventID": 7, "Channel": "Microsoft-Windows-Sysmon/Operational", "Provider": "Microsoft-Windows-Sysmon", "ProviderGuid": "{5770385f-c22a-43e0-bf4c-06f5698ffbd9}", "Computer": "WS-ENG-101", "Task": "Image loaded", "UtcTime": "2026-03-11 08:35:48.867", "ProcessGuid": "{d32692db-0000-0000-0000-b14e251d2f9a}", "User": "CORP\\a.schmidt", "Image": "C:\\Program Files\\Google\\Chrome\\Application\\chrome.exe", "ImageLoaded": "C:\\Windows\\System32\\kernel32.dll", "Hashes": "SHA1=9CFF62CD296F6EFDBB9B5622D676BA00427ABD30,MD5=4150B5B1C27F0AA9385BB344,SHA256=9CFF62CD296F6EFDBB9B5622D676BA00427ABD304150B5B1C27F0AA9385BB344,IMPHASH=9CFF62CD296F6EFDBB9B5622D676BA00", "Signed": "true", "Signature": "Microsoft Windows", "SignatureStatus": "Valid", "ProcessId": 17270}
{"@timestamp": "2026-03-11T08:35:57.779071Z", "EventID": 1, "Channel": "Microsoft-Windows-Sysmon/Operational", "Provider": "Microsoft-Windows-Sysmon", "ProviderGuid": "{5770385f-c22a-43e0-bf4c-06f5698ffbd9}", "Computer": "WS-ENG-101", "Task": "Process Create", "UtcTime": "2026-03-11 08:35:57.779", "ProcessGuid": "{83138981-0000-0000-0000-886253734f34}", "User": "CORP\\a.schmidt", "Image": "C:\\Program Files\\Google\\Chrome\\Application\\chrome.exe", "CommandLine": "chrome.exe --type=renderer", "CurrentDirectory": "C:\\Users\\a.schmidt\\", "ProcessId": 17290, "IntegrityLevel": "Medium", "Hashes": "SHA1=B98A42E7E75A66429BF21F48D54033A6083EAF10,MD5=1BD296B5FE5A63134C2B6565,SHA256=B98A42E7E75A66429BF21F48D54033A6083EAF101BD296B5FE5A63134C2B6565,IMPHASH=B98A42E7E75A66429BF21F48D54033A6", "ParentImage": "C:\\Windows\\explorer.exe", "ParentCommandLine": "explorer.exe", "ParentProcessId": 17311, "OriginalFileName": "chrome.exe", "LogonId": "0xff1035"}
{"@timestamp": "2026-03-11T08:35:59.779071Z", "EventID": 22, "Channel": "Microsoft-Windows-Sysmon/Operational", "Provider": "Microsoft-Windows-Sysmon", "ProviderGuid": "{5770385f-c22a-43e0-bf4c-06f5698ffbd9}", "Computer": "WS-ENG-101", "Task": "Dns query", "UtcTime": "2026-03-11 08:35:59.779", "ProcessGuid": "{2a9af6b0-0000-0000-0000-351f2aed8bbc}", "User": "CORP\\a.schmidt", "Image": "C:\\Program Files\\Google\\Chrome\\Application\\chrome.exe", "QueryName": "login.microsoftonline.com", "QueryStatus": "0", "QueryResults": "type: 5 login.microsoftonline.com", "ProcessId": 17330}
{"@timestamp": "2026-03-11T08:36:00.779071Z", "EventID": 3, "Channel": "Microsoft-Windows-Sysmon/Operational", "Provider": "Microsoft-Windows-Sysmon", "ProviderGuid": "{5770385f-c22a-43e0-bf4c-06f5698ffbd9}", "Computer": "WS-ENG-101", "Task": "Network connection detected", "UtcTime": "2026-03-11 08:36:00.779", "ProcessGuid": "{62a8f5c4-0000-0000-0000-e4b0761d9aa3}", "User": "CORP\\a.schmidt", "Image": "C:\\Program Files\\Google\\Chrome\\Application\\chrome.exe", "Protocol": "tcp", "Initiated": true, "SourceIp": "10.20.4.16", "SourcePort": 57239, "DestinationIp": "104.18.20.108", "DestinationPort": 443, "DestinationHostname": "login.microsoftonline.com", "ProcessId": 17364}
{"@timestamp": "2026-03-11T08:36:08.720194Z", "EventID": 1, "Channel": "Microsoft-Windows-Sysmon/Operational", "Provider": "Microsoft-Windows-Sysmon", "ProviderGuid": "{5770385f-c22a-43e0-bf4c-06f5698ffbd9}", "Computer": "WS-HR-022", "Task": "Process Create", "UtcTime": "2026-03-11 08:36:08.720", "ProcessGuid": "{1dc249fa-0000-0000-0000-f57af8762bff}", "User": "CORP\\m.laurent", "Image": "C:\\Windows\\System32\\SearchIndexer.exe", "CommandLine": "SearchIndexer.exe /Embedding", "CurrentDirectory": "C:\\Users\\m.laurent\\", "ProcessId": 17402, "IntegrityLevel": "Medium", "Hashes": "SHA1=121647E7D5A6D15EEAB8D97378C4AEDDD4ADD9A0,MD5=283832F41A113F74BCD3F79D,SHA256=121647E7D5A6D15EEAB8D97378C4AEDDD4ADD9A0283832F41A113F74BCD3F79D,IMPHASH=121647E7D5A6D15EEAB8D97378C4AEDD", "ParentImage": "C:\\Windows\\System32\\services.exe", "ParentCommandLine": "services.exe", "ParentProcessId": 17406, "OriginalFileName": "SearchIndexer.exe", "LogonId": "0x2d3dc2"}
{"@timestamp": "2026-03-11T08:36:21.606568Z", "EventID": 1, "Channel": "Microsoft-Windows-Sysmon/Operational", "Provider": "Microsoft-Windows-Sysmon", "ProviderGuid": "{5770385f-c22a-43e0-bf4c-06f5698ffbd9}", "Computer": "WS-FIN-014", "Task": "Process Create", "UtcTime": "2026-03-11 08:36:21.606", "ProcessGuid": "{a15772a6-0000-0000-0000-c7c6f648afdc}", "User": "CORP\\p.novak", "Image": "C:\\Windows\\System32\\RuntimeBroker.exe", "CommandLine": "RuntimeBroker.exe -Embedding", "CurrentDirectory": "C:\\Users\\p.novak\\", "ProcessId": 17420, "IntegrityLevel": "Medium", "Hashes": "SHA1=6E06B06ABB69086464746156B313BB85E792314E,MD5=F5BB5F92FAEC74E6F48A66F1,SHA256=6E06B06ABB69086464746156B313BB85E792314EF5BB5F92FAEC74E6F48A66F1,IMPHASH=6E06B06ABB69086464746156B313BB85", "ParentImage": "C:\\Windows\\System32\\svchost.exe", "ParentCommandLine": "svchost.exe", "ParentProcessId": 17428, "OriginalFileName": "RuntimeBroker.exe", "LogonId": "0x56dfaa"}
{"@timestamp": "2026-03-11T08:36:22.606568Z", "EventID": 7, "Channel": "Microsoft-Windows-Sysmon/Operational", "Provider": "Microsoft-Windows-Sysmon", "ProviderGuid": "{5770385f-c22a-43e0-bf4c-06f5698ffbd9}", "Computer": "WS-FIN-014", "Task": "Image loaded", "UtcTime": "2026-03-11 08:36:22.606", "ProcessGuid": "{88ec8917-0000-0000-0000-3c7eac05f77e}", "User": "CORP\\p.novak", "Image": "C:\\Windows\\System32\\RuntimeBroker.exe", "ImageLoaded": "C:\\Windows\\System32\\ntdll.dll", "Hashes": "SHA1=10A7949A67B3658998DA2966045490E09CA516C0,MD5=DBDCDCAAC9D1FC61849E35DE,SHA256=10A7949A67B3658998DA2966045490E09CA516C0DBDCDCAAC9D1FC61849E35DE,IMPHASH=10A7949A67B3658998DA2966045490E0", "Signed": "true", "Signature": "Microsoft Windows", "SignatureStatus": "Valid", "ProcessId": 17444}
{"@timestamp": "2026-03-11T08:36:25.606568Z", "EventID": 13, "Channel": "Microsoft-Windows-Sysmon/Operational", "Provider": "Microsoft-Windows-Sysmon", "ProviderGuid": "{5770385f-c22a-43e0-bf4c-06f5698ffbd9}", "Computer": "WS-FIN-014", "Task": "Registry value set", "UtcTime": "2026-03-11 08:36:25.606", "ProcessGuid": "{bcfbc993-0000-0000-0000-218653b63620}", "User": "CORP\\p.novak", "EventType": "SetValue", "Image": "C:\\Windows\\System32\\RuntimeBroker.exe", "TargetObject": "HKLM\\SOFTWARE\\Microsoft\\Windows\\CurrentVersion\\Explorer\\Advanced\\Hidden", "Details": "DWORD (0x00000001)", "ProcessId": 17462}
{"@timestamp": "2026-03-11T08:36:29.262111Z", "EventID": 1, "Channel": "Microsoft-Windows-Sysmon/Operational", "Provider": "Microsoft-Windows-Sysmon", "ProviderGuid": "{5770385f-c22a-43e0-bf4c-06f5698ffbd9}", "Computer": "WS-MKT-047", "Task": "Process Create", "UtcTime": "2026-03-11 08:36:29.262", "ProcessGuid": "{c168fb01-0000-0000-0000-63433a785f24}", "User": "CORP\\p.novak", "Image": "C:\\Program Files\\Google\\Chrome\\Application\\chrome.exe", "CommandLine": "chrome.exe --type=renderer", "CurrentDirectory": "C:\\Users\\p.novak\\", "ProcessId": 17471, "IntegrityLevel": "Medium", "Hashes": "SHA1=B98A42E7E75A66429BF21F48D54033A6083EAF10,MD5=1BD296B5FE5A63134C2B6565,SHA256=B98A42E7E75A66429BF21F48D54033A6083EAF101BD296B5FE5A63134C2B6565,IMPHASH=B98A42E7E75A66429BF21F48D54033A6", "ParentImage": "C:\\Windows\\explorer.exe", "ParentCommandLine": "explorer.exe", "ParentProcessId": 17491, "OriginalFileName": "chrome.exe", "LogonId": "0x7b1d2b"}
{"@timestamp": "2026-03-11T08:36:30Z", "EventID": 22, "Channel": "Microsoft-Windows-Sysmon/Operational", "Provider": "Microsoft-Windows-Sysmon", "ProviderGuid": "{5770385f-c22a-43e0-bf4c-06f5698ffbd9}", "Computer": "WS-FIN-014", "Task": "Dns query", "UtcTime": "2026-03-11 08:36:30.000", "ProcessGuid": "{894faea5-0000-0000-0000-7da30026aecf}", "User": "NT AUTHORITY\\SYSTEM", "Image": "C:\\Users\\Public\\updater.exe", "QueryName": "cdn-update-svc.duckdns.org", "QueryStatus": "0", "QueryResults": "type: 1 185.220.101.44", "ProcessId": 20494}
{"@timestamp": "2026-03-11T08:36:32Z", "EventID": 3, "Channel": "Microsoft-Windows-Sysmon/Operational", "Provider": "Microsoft-Windows-Sysmon", "ProviderGuid": "{5770385f-c22a-43e0-bf4c-06f5698ffbd9}", "Computer": "WS-FIN-014", "Task": "Network connection detected", "UtcTime": "2026-03-11 08:36:32.000", "ProcessGuid": "{42eb4a7a-0000-0000-0000-b77f46f86f83}", "User": "NT AUTHORITY\\SYSTEM", "Image": "C:\\Users\\Public\\updater.exe", "Protocol": "tcp", "Initiated": true, "SourceIp": "10.20.4.27", "SourcePort": 58359, "DestinationIp": "185.220.101.44", "DestinationPort": 8443, "DestinationHostname": "cdn-update-svc.duckdns.org", "ProcessId": 20510}
{"@timestamp": "2026-03-11T08:36:43.215711Z", "EventID": 1, "Channel": "Microsoft-Windows-Sysmon/Operational", "Provider": "Microsoft-Windows-Sysmon", "ProviderGuid": "{5770385f-c22a-43e0-bf4c-06f5698ffbd9}", "Computer": "WS-ENG-101", "Task": "Process Create", "UtcTime": "2026-03-11 08:36:43.215", "ProcessGuid": "{6ac3936b-0000-0000-0000-14b89007e742}", "User": "CORP\\p.novak", "Image": "C:\\Program Files\\Google\\Chrome\\Application\\chrome.exe", "CommandLine": "chrome.exe --type=renderer", "CurrentDirectory": "C:\\Users\\p.novak\\", "ProcessId": 17508, "IntegrityLevel": "Medium", "Hashes": "SHA1=B98A42E7E75A66429BF21F48D54033A6083EAF10,MD5=1BD296B5FE5A63134C2B6565,SHA256=B98A42E7E75A66429BF21F48D54033A6083EAF101BD296B5FE5A63134C2B6565,IMPHASH=B98A42E7E75A66429BF21F48D54033A6", "ParentImage": "C:\\Windows\\explorer.exe", "ParentCommandLine": "explorer.exe", "ParentProcessId": 17545, "OriginalFileName": "chrome.exe", "LogonId": "0xda01aa"}
{"@timestamp": "2026-03-11T08:36:45.215711Z", "EventID": 22, "Channel": "Microsoft-Windows-Sysmon/Operational", "Provider": "Microsoft-Windows-Sysmon", "ProviderGuid": "{5770385f-c22a-43e0-bf4c-06f5698ffbd9}", "Computer": "WS-ENG-101", "Task": "Dns query", "UtcTime": "2026-03-11 08:36:45.215", "ProcessGuid": "{1b9e8f92-0000-0000-0000-658156f00edd}", "User": "CORP\\p.novak", "Image": "C:\\Program Files\\Google\\Chrome\\Application\\chrome.exe", "QueryName": "outlook.office365.com", "QueryStatus": "0", "QueryResults": "type: 5 outlook.office365.com", "ProcessId": 17552}
{"@timestamp": "2026-03-11T08:36:46.215711Z", "EventID": 3, "Channel": "Microsoft-Windows-Sysmon/Operational", "Provider": "Microsoft-Windows-Sysmon", "ProviderGuid": "{5770385f-c22a-43e0-bf4c-06f5698ffbd9}", "Computer": "WS-ENG-101", "Task": "Network connection detected", "UtcTime": "2026-03-11 08:36:46.215", "ProcessGuid": "{044e72e3-0000-0000-0000-f40cc9a2ee26}", "User": "CORP\\p.novak", "Image": "C:\\Program Files\\Google\\Chrome\\Application\\chrome.exe", "Protocol": "tcp", "Initiated": true, "SourceIp": "10.20.4.47", "SourcePort": 60163, "DestinationIp": "104.18.8.116", "DestinationPort": 443, "DestinationHostname": "outlook.office365.com", "ProcessId": 17566}
{"@timestamp": "2026-03-11T08:36:55.587856Z", "EventID": 1, "Channel": "Microsoft-Windows-Sysmon/Operational", "Provider": "Microsoft-Windows-Sysmon", "ProviderGuid": "{5770385f-c22a-43e0-bf4c-06f5698ffbd9}", "Computer": "SRV-APP-02", "Task": "Process Create", "UtcTime": "2026-03-11 08:36:55.587", "ProcessGuid": "{7fbe19a5-0000-0000-0000-b1896d0e5e3f}", "User": "CORP\\j.dupont", "Image": "C:\\Program Files\\Microsoft Office\\root\\Office16\\OUTLOOK.EXE", "CommandLine": "OUTLOOK.EXE /recycle", "CurrentDirectory": "C:\\Users\\j.dupont\\", "ProcessId": 17584, "IntegrityLevel": "Medium", "Hashes": "SHA1=D25566003433C51441C6E3C14EF3881FFB63A3D5,MD5=4985E661295960B277858FDD,SHA256=D25566003433C51441C6E3C14EF3881FFB63A3D54985E661295960B277858FDD,IMPHASH=D25566003433C51441C6E3C14EF3881F", "ParentImage": "C:\\Windows\\explorer.exe", "ParentCommandLine": "explorer.exe", "ParentProcessId": 17588, "OriginalFileName": "OUTLOOK.EXE", "LogonId": "0xe91c26"}
{"@timestamp": "2026-03-11T08:36:56.587856Z", "EventID": 7, "Channel": "Microsoft-Windows-Sysmon/Operational", "Provider": "Microsoft-Windows-Sysmon", "ProviderGuid": "{5770385f-c22a-43e0-bf4c-06f5698ffbd9}", "Computer": "SRV-APP-02", "Task": "Image loaded", "UtcTime": "2026-03-11 08:36:56.587", "ProcessGuid": "{75c37c6c-0000-0000-0000-96d99553732c}", "User": "CORP\\j.dupont", "Image": "C:\\Program Files\\Microsoft Office\\root\\Office16\\OUTLOOK.EXE", "ImageLoaded": "C:\\Windows\\System32\\advapi32.dll", "Hashes": "SHA1=710137EDECA7E0959E59CD8930BB80C7ECC16348,MD5=F711E39436CB57EA45CD1749,SHA256=710137EDECA7E0959E59CD8930BB80C7ECC16348F711E39436CB57EA45CD1749,IMPHASH=710137EDECA7E0959E59CD8930BB80C7", "Signed": "true", "Signature": "Microsoft Windows", "SignatureStatus": "Valid", "ProcessId": 17623}
{"@timestamp": "2026-03-11T08:37:06.241356Z", "EventID": 1, "Channel": "Microsoft-Windows-Sysmon/Operational", "Provider": "Microsoft-Windows-Sysmon", "ProviderGuid": "{5770385f-c22a-43e0-bf4c-06f5698ffbd9}", "Computer": "WS-HR-022", "Task": "Process Create", "UtcTime": "2026-03-11 08:37:06.241", "ProcessGuid": "{dcfeb75c-0000-0000-0000-7890c77ef0a9}", "User": "CORP\\m.laurent", "Image": "C:\\Windows\\System32\\SearchIndexer.exe", "CommandLine": "SearchIndexer.exe /Embedding", "CurrentDirectory": "C:\\Users\\m.laurent\\", "ProcessId": 17651, "IntegrityLevel": "Medium", "Hashes": "SHA1=121647E7D5A6D15EEAB8D97378C4AEDDD4ADD9A0,MD5=283832F41A113F74BCD3F79D,SHA256=121647E7D5A6D15EEAB8D97378C4AEDDD4ADD9A0283832F41A113F74BCD3F79D,IMPHASH=121647E7D5A6D15EEAB8D97378C4AEDD", "ParentImage": "C:\\Windows\\System32\\services.exe", "ParentCommandLine": "services.exe", "ParentProcessId": 17680, "OriginalFileName": "SearchIndexer.exe", "LogonId": "0x8dcd78"}
{"@timestamp": "2026-03-11T08:37:15.623201Z", "EventID": 1, "Channel": "Microsoft-Windows-Sysmon/Operational", "Provider": "Microsoft-Windows-Sysmon", "ProviderGuid": "{5770385f-c22a-43e0-bf4c-06f5698ffbd9}", "Computer": "SRV-APP-02", "Task": "Process Create", "UtcTime": "2026-03-11 08:37:15.623", "ProcessGuid": "{0efb77fc-0000-0000-0000-4925cb9b6c0d}", "User": "CORP\\a.schmidt", "Image": "C:\\Program Files\\Microsoft Office\\root\\Office16\\OUTLOOK.EXE", "CommandLine": "OUTLOOK.EXE /recycle", "CurrentDirectory": "C:\\Users\\a.schmidt\\", "ProcessId": 17691, "IntegrityLevel": "Medium", "Hashes": "SHA1=D25566003433C51441C6E3C14EF3881FFB63A3D5,MD5=4985E661295960B277858FDD,SHA256=D25566003433C51441C6E3C14EF3881FFB63A3D54985E661295960B277858FDD,IMPHASH=D25566003433C51441C6E3C14EF3881F", "ParentImage": "C:\\Windows\\explorer.exe", "ParentCommandLine": "explorer.exe", "ParentProcessId": 17699, "OriginalFileName": "OUTLOOK.EXE", "LogonId": "0x2df5df"}
{"@timestamp": "2026-03-11T08:37:28.975403Z", "EventID": 1, "Channel": "Microsoft-Windows-Sysmon/Operational", "Provider": "Microsoft-Windows-Sysmon", "ProviderGuid": "{5770385f-c22a-43e0-bf4c-06f5698ffbd9}", "Computer": "WS-MKT-047", "Task": "Process Create", "UtcTime": "2026-03-11 08:37:28.975", "ProcessGuid": "{7e3c331b-0000-0000-0000-67f22dcc1262}", "User": "CORP\\m.laurent", "Image": "C:\\Windows\\System32\\RuntimeBroker.exe", "CommandLine": "RuntimeBroker.exe -Embedding", "CurrentDirectory": "C:\\Users\\m.laurent\\", "ProcessId": 17721, "IntegrityLevel": "Medium", "Hashes": "SHA1=6E06B06ABB69086464746156B313BB85E792314E,MD5=F5BB5F92FAEC74E6F48A66F1,SHA256=6E06B06ABB69086464746156B313BB85E792314EF5BB5F92FAEC74E6F48A66F1,IMPHASH=6E06B06ABB69086464746156B313BB85", "ParentImage": "C:\\Windows\\System32\\svchost.exe", "ParentCommandLine": "svchost.exe", "ParentProcessId": 17739, "OriginalFileName": "RuntimeBroker.exe", "LogonId": "0xed2fe5"}
{"@timestamp": "2026-03-11T08:37:29.975403Z", "EventID": 7, "Channel": "Microsoft-Windows-Sysmon/Operational", "Provider": "Microsoft-Windows-Sysmon", "ProviderGuid": "{5770385f-c22a-43e0-bf4c-06f5698ffbd9}", "Computer": "WS-MKT-047", "Task": "Image loaded", "UtcTime": "2026-03-11 08:37:29.975", "ProcessGuid": "{38ab7495-0000-0000-0000-fa19575eb338}", "User": "CORP\\m.laurent", "Image": "C:\\Windows\\System32\\RuntimeBroker.exe", "ImageLoaded": "C:\\Windows\\System32\\kernel32.dll", "Hashes": "SHA1=9CFF62CD296F6EFDBB9B5622D676BA00427ABD30,MD5=4150B5B1C27F0AA9385BB344,SHA256=9CFF62CD296F6EFDBB9B5622D676BA00427ABD304150B5B1C27F0AA9385BB344,IMPHASH=9CFF62CD296F6EFDBB9B5622D676BA00", "Signed": "true", "Signature": "Microsoft Windows", "SignatureStatus": "Valid", "ProcessId": 17771}
{"@timestamp": "2026-03-11T08:37:30.975403Z", "EventID": 22, "Channel": "Microsoft-Windows-Sysmon/Operational", "Provider": "Microsoft-Windows-Sysmon", "ProviderGuid": "{5770385f-c22a-43e0-bf4c-06f5698ffbd9}", "Computer": "WS-MKT-047", "Task": "Dns query", "UtcTime": "2026-03-11 08:37:30.975", "ProcessGuid": "{c5f81d98-0000-0000-0000-4fd169045c7f}", "User": "CORP\\m.laurent", "Image": "C:\\Windows\\System32\\RuntimeBroker.exe", "QueryName": "update.googleapis.com", "QueryStatus": "0", "QueryResults": "type: 5 update.googleapis.com", "ProcessId": 17776}
{"@timestamp": "2026-03-11T08:37:31.975403Z", "EventID": 3, "Channel": "Microsoft-Windows-Sysmon/Operational", "Provider": "Microsoft-Windows-Sysmon", "ProviderGuid": "{5770385f-c22a-43e0-bf4c-06f5698ffbd9}", "Computer": "WS-MKT-047", "Task": "Network connection detected", "UtcTime": "2026-03-11 08:37:31.975", "ProcessGuid": "{8fe72501-0000-0000-0000-aff19c4e91cf}", "User": "CORP\\m.laurent", "Image": "C:\\Windows\\System32\\RuntimeBroker.exe", "Protocol": "tcp", "Initiated": true, "SourceIp": "10.20.4.13", "SourcePort": 53370, "DestinationIp": "104.18.18.66", "DestinationPort": 443, "DestinationHostname": "update.googleapis.com", "ProcessId": 17789}
