{"@timestamp": "2026-03-11T08:05:33.610888Z", "EventID": 1, "Channel": "Microsoft-Windows-Sysmon/Operational", "Provider": "Microsoft-Windows-Sysmon", "ProviderGuid": "{5770385f-c22a-43e0-bf4c-06f5698ffbd9}", "Computer": "WS-MKT-047", "Task": "Process Create", "UtcTime": "2026-03-11 08:05:33.610", "ProcessGuid": "{1b0cec4c-0000-0000-0000-55425b48002d}", "User": "CORP\\j.dupont", "Image": "C:\\Program Files\\Google\\Chrome\\Application\\chrome.exe", "CommandLine": "chrome.exe --type=renderer", "CurrentDirectory": "C:\\Users\\j.dupont\\", "ProcessId": 6112, "IntegrityLevel": "Medium", "Hashes": "SHA1=B98A42E7E75A66429BF21F48D54033A6083EAF10,MD5=1BD296B5FE5A63134C2B6565,SHA256=B98A42E7E75A66429BF21F48D54033A6083EAF101BD296B5FE5A63134C2B6565,IMPHASH=B98A42E7E75A66429BF21F48D54033A6", "ParentImage": "C:\\Windows\\explorer.exe", "ParentCommandLine": "explorer.exe", "ParentProcessId": 6138, "OriginalFileName": "chrome.exe", "LogonId": "0x246c1"}
{"@timestamp": "2026-03-11T08:05:34.610888Z", "EventID": 7, "Channel": "Microsoft-Windows-Sysmon/Operational", "Provider": "Microsoft-Windows-Sysmon", "ProviderGuid": "{5770385f-c22a-43e0-bf4c-06f5698ffbd9}", "Computer": "WS-MKT-047", "Task": "Image loaded", "UtcTime": "2026-03-11 08:05:34.610", "ProcessGuid": "{5ed14801-0000-0000-0000-b7cd3099931d}", "User": "CORP\\j.dupont", "Image": "C:\\Program Files\\Google\\Chrome\\Application\\chrome.exe", "ImageLoaded": "C:\\Windows\\System32\\ntdll.dll", "Hashes": "SHA1=10A7949A67B3658998DA2966045490E09CA516C0,MD5=DBDCDCAAC9D1FC61849E35DE,SHA256=10A7949A67B3658998DA2966045490E09CA516C0DBDCDCAAC9D1FC61849E35DE,IMPHASH=10A7949A67B3658998DA2966045490E0", "Signed": "true", "Signature": "Microsoft Windows", "SignatureStatus": "Valid", "ProcessId": 6142}
{"@timestamp": "2026-03-11T08:05:37.610888Z", "EventID": 13, "Channel": "Microsoft-Windows-Sysmon/Operational", "Provider": "Microsoft-Windows-Sysmon", "ProviderGuid": "{5770385f-c22a-43e0-bf4c-06f5698ffbd9}", "Computer": "WS-MKT-047", "Task": "Registry value set", "UtcTime": "2026-03-11 08:05:37.610", "ProcessGuid": "{e13af03a-0000-0000-0000-a905a034dc6e}", "User": "CORP\\j.dupont", "EventType": "SetValue", "Image": "C:\\Program Files\\Google\\Chrome\\Application\\chrome.exe", "TargetObject": "HKLM\\SOFTWARE\\Microsoft\\Windows\\CurrentVersion\\Explorer\\Advanced\\Hidden", "Details": "DWORD (0x00000001)", "ProcessId": 6172}
{"@timestamp": "2026-03-11T08:05:41.982409Z", "EventID": 1, "Channel": "Microsoft-Windows-Sysmon/Operational", "Provider": "Microsoft-Windows-Sysmon", "ProviderGuid": "{5770385f-c22a-43e0-bf4c-06f5698ffbd9}", "Computer": "SRV-APP-02", "Task": "Process Create", "UtcTime": "2026-03-11 08:05:41.982", "ProcessGuid": "{092d854c-0000-0000-0000-e42efd7967f5}", "User": "CORP\\p.novak", "Image": "C:\\Program Files\\Microsoft Teams\\Teams.exe", "CommandLine": "Teams.exe --system-initiated", "CurrentDirectory": "C:\\Users\\p.novak\\", "ProcessId": 6189, "IntegrityLevel": "Medium", "Hashes": "SHA1=9525FFAF892D6BD1156DEC6DA15806371098DE79,MD5=FF07B9533A5BBA93B98DAC47,SHA256=9525FFAF892D6BD1156DEC6DA15806371098DE79FF07B9533A5BBA93B98DAC47,IMPHASH=9525FFAF892D6BD1156DEC6DA1580637", "ParentImage": "C:\\Windows\\explorer.exe", "ParentCommandLine": "explorer.exe", "ParentProcessId": 6201, "OriginalFileName": "Teams.exe", "LogonId": "0x53bd4c"}
{"@timestamp": "2026-03-11T08:05:54.728526Z", "EventID": 1, "Channel": "Microsoft-Windows-Sysmon/Operational", "Provider": "Microsoft-Windows-Sysmon", "ProviderGuid": "{5770385f-c22a-43e0-bf4c-06f5698ffbd9}", "Computer": "WS-MKT-047", "Task": "Process Create", "UtcTime": "2026-03-11 08:05:54.728", "ProcessGuid": "{d8d6f2a9-0000-0000-0000-a1818c62f9e1}", "User": "CORP\\a.schmidt", "Image": "C:\\Windows\\System32\\svchost.exe", "CommandLine": "svchost.exe -k netsvcs -p", "CurrentDirectory": "C:\\Users\\a.schmidt\\", "ProcessId": 6231, "IntegrityLevel": "Medium", "Hashes": "SHA1=61ED4F85C992073BF9CF86A8CCF97A3836235B30,MD5=26EEE472B11BDD9EB577ED2A,SHA256=61ED4F85C992073BF9CF86A8CCF97A3836235B3026EEE472B11BDD9EB577ED2A,IMPHASH=61ED4F85C992073BF9CF86A8CCF97A38", "ParentImage": "C:\\Windows\\System32\\services.exe", "ParentCommandLine": "services.exe", "ParentProcessId": 6246, "OriginalFileName": "svchost.exe", "LogonId": "0x112393"}
{"@timestamp": "2026-03-11T08:05:56.728526Z", "EventID": 22, "Channel": "Microsoft-Windows-Sysmon/Operational", "Provider": "Microsoft-Windows-Sysmon", "ProviderGuid": "{5770385f-c22a-43e0-bf4c-06f5698ffbd9}", "Computer": "WS-MKT-047", "Task": "Dns query", "UtcTime": "2026-03-11 08:05:56.728", "ProcessGuid": "{01f1bf24-0000-0000-0000-9f809d355db3}", "User": "CORP\\a.schmidt", "Image": "C:\\Windows\\System32\\svchost.exe", "QueryName": "cdn.jsdelivr.net", "QueryStatus": "0", "QueryResults": "type: 5 cdn.jsdelivr.net", "ProcessId": 6279}
{"@timestamp": "2026-03-11T08:05:57.728526Z", "EventID": 3, "Channel": "Microsoft-Windows-Sysmon/Operational", "Provider": "Microsoft-Windows-Sysmon", "ProviderGuid": "{5770385f-c22a-43e0-bf4c-06f5698ffbd9}", "Computer": "WS-MKT-047", "Task": "Network connection detected", "UtcTime": "2026-03-11 08:05:57.728", "ProcessGuid": "{5bac4e3a-0000-0000-0000-f19ef4f8cc6a}", "User": "CORP\\a.schmidt", "Image": "C:\\Windows\\System32\\svchost.exe", "Protocol": "tcp", "Initiated": true, "SourceIp": "10.20.4.72", "SourcePort": 55893, "DestinationIp": "104.18.31.71", "DestinationPort": 443, "DestinationHostname": "cdn.jsdelivr.net", "ProcessId": 6314}
{"@timestamp": "2026-03-11T08:06:05.023121Z", "EventID": 1, "Channel": "Microsoft-Windows-Sysmon/Operational", "Provider": "Microsoft-Windows-Sysmon", "ProviderGuid": "{5770385f-c22a-43e0-bf4c-06f5698ffbd9}", "Computer": "SRV-APP-02", "Task": "Process Create", "UtcTime": "2026-03-11 08:06:05.023", "ProcessGuid": "{8eed75aa-0000-0000-0000-0e22cce7ac04}", "User": "CORP\\a.schmidt", "Image": "C:\\Program Files\\Microsoft Teams\\Teams.exe", "CommandLine": "Teams.exe --system-initiated", "CurrentDirectory": "C:\\Users\\a.schmidt\\", "ProcessId": 6332, "IntegrityLevel": "Medium", "Hashes": "SHA1=9525FFAF892D6BD1156DEC6DA15806371098DE79,MD5=FF07B9533A5BBA93B98DAC47,SHA256=9525FFAF892D6BD1156DEC6DA15806371098DE79FF07B9533A5BBA93B98DAC47,IMPHASH=9525FFAF892D6BD1156DEC6DA1580637", "ParentImage": "C:\\Windows\\explorer.exe", "ParentCommandLine": "explorer.exe", "ParentProcessId": 6338, "OriginalFileName": "Teams.exe", "LogonId": "0xff732f"}
{"@timestamp": "2026-03-11T08:06:06.023121Z", "EventID": 7, "Channel": "Microsoft-Windows-Sysmon/Operational", "Provider": "Microsoft-Windows-Sysmon", "ProviderGuid": "{5770385f-c22a-43e0-bf4c-06f5698ffbd9}", "Computer": "SRV-APP-02", "Task": "Image loaded", "UtcTime": "2026-03-11 08:06:06.023", "ProcessGuid": "{8be4b406-0000-0000-0000-12e79a314861}", "User": "CORP\\a.schmidt", "Image": "C:\\Program Files\\Microsoft Teams\\Teams.exe", "ImageLoaded": "C:\\Windows\\System32\\advapi32.dll", "Hashes": "SHA1=710137EDECA7E0959E59CD8930BB80C7ECC16348,MD5=F711E39436CB57EA45CD1749,SHA256=710137EDECA7E0959E59CD8930BB80C7ECC16348F711E39436CB57EA45CD1749,IMPHASH=710137EDECA7E0959E59CD8930BB80C7", "Signed": "true", "Signature": "Microsoft Windows", "SignatureStatus": "Valid", "ProcessId": 6351}
{"@timestamp": "2026-03-11T08:06:18.630380Z", "EventID": 1, "Channel": "Microsoft-Windows-Sysmon/Operational", "Provider": "Microsoft-Windows-Sysmon", "ProviderGuid": "{5770385f-c22a-43e0-bf4c-06f5698ffbd9}", "Computer": "WS-MKT-047", "Task": "Process Create", "UtcTime": "2026-03-11 08:06:18.630", "ProcessGuid": "{7febc939-0000-0000-0000-63a96ee8ae22}", "User": "CORP\\p.novak", "Image": "C:\\Program Files\\Microsoft Office\\root\\Office16\\OUTLOOK.EXE", "CommandLine": "OUTLOOK.EXE /recycle", "CurrentDirectory": "C:\\Users\\p.novak\\", "ProcessId": 6369, "IntegrityLevel": "Medium", "Hashes": "SHA1=D25566003433C51441C6E3C14EF3881FFB63A3D5,MD5=4985E661295960B277858FDD,SHA256=D25566003433C51441C6E3C14EF3881FFB63A3D54985E661295960B277858FDD,IMPHASH=D25566003433C51441C6E3C14EF3881F", "ParentImage": "C:\\Windows\\explorer.exe", "ParentCommandLine": "explorer.exe", "ParentProcessId": 6390, "OriginalFileName": "OUTLOOK.EXE", "LogonId": "0x3c8c14"}
{"@timestamp": "2026-03-11T08:06:25.292523Z", "EventID": 1, "Channel": "Microsoft-Windows-Sysmon/Operational", "Provider": "Microsoft-Windows-Sysmon", "ProviderGuid": "{5770385f-c22a-43e0-bf4c-06f5698ffbd9}", "Computer": "WS-ENG-101", "Task": "Process Create", "UtcTime": "2026-03-11 08:06:25.292", "ProcessGuid": "{ee87cc99-0000-0000-0000-0e719dcc6dbd}", "User": "CORP\\p.novak", "Image": "C:\\Program Files\\Google\\Chrome\\Application\\chrome.exe", "CommandLine": "chrome.exe --type=renderer", "CurrentDirectory": "C:\\Users\\p.novak\\", "ProcessId": 6427, "IntegrityLevel": "Medium", "Hashes": "SHA1=B98A42E7E75A66429BF21F48D54033A6083EAF10,MD5=1BD296B5FE5A63134C2B6565,SHA256=B98A42E7E75A66429BF21F48D54033A6083EAF101BD296B5FE5A63134C2B6565,IMPHASH=B98A42E7E75A66429BF21F48D54033A6", "ParentImage": "C:\\Windows\\explorer.exe", "ParentCommandLine": "explorer.exe", "ParentProcessId": 6458, "OriginalFileName": "chrome.exe", "LogonId": "0x6f84bc"}
{"@timestamp": "2026-03-11T08:06:39.787095Z", "EventID": 1, "Channel": "Microsoft-Windows-Sysmon/Operational", "Provider": "Microsoft-Windows-Sysmon", "ProviderGuid": "{5770385f-c22a-43e0-bf4c-06f5698ffbd9}", "Computer": "WS-HR-022", "Task": "Process Create", "UtcTime": "2026-03-11 08:06:39.787", "ProcessGuid": "{bfe2460d-0000-0000-0000-334492530dd9}", "User": "CORP\\a.schmidt", "Image": "C:\\Windows\\System32\\RuntimeBroker.exe", "CommandLine": "RuntimeBroker.exe -Embedding", "CurrentDirectory": "C:\\Users\\a.schmidt\\", "ProcessId": 6497, "IntegrityLevel": "Medium", "Hashes": "SHA1=6E06B06ABB69086464746156B313BB85E792314E,MD5=F5BB5F92FAEC74E6F48A66F1,SHA256=6E06B06ABB69086464746156B313BB85E792314EF5BB5F92FAEC74E6F48A66F1,IMPHASH=6E06B06ABB69086464746156B313BB85", "ParentImage": "C:\\Windows\\System32\\svchost.exe", "ParentCommandLine": "svchost.exe", "ParentProcessId": 6522, "OriginalFileName": "RuntimeBroker.exe", "LogonId": "0xc6e048"}
{"@timestamp": "2026-03-11T08:06:40.787095Z", "EventID": 7, "Channel": "Microsoft-Windows-Sysmon/Operational", "Provider": "Microsoft-Windows-Sysmon", "ProviderGuid": "{5770385f-c22a-43e0-bf4c-06f5698ffbd9}", "Computer": "WS-HR-022", "Task": "Image loaded", "UtcTime": "2026-03-11 08:06:40.787", "ProcessGuid": "{b567e694-0000-0000-0000-2a7156ddca2b}", "User": "CORP\\a.schmidt", "Image": "C:\\Windows\\System32\\RuntimeBroker.exe", "ImageLoaded": "C:\\Windows\\System32\\advapi32.dll", "Hashes": "SHA1=710137EDECA7E0959E59CD8930BB80C7ECC16348,MD5=F711E39436CB57EA45CD1749,SHA256=710137EDECA7E0959E59CD8930BB80C7ECC16348F711E39436CB57EA45CD1749,IMPHASH=710137EDECA7E0959E59CD8930BB80C7", "Signed": "true", "Signature": "Microsoft Windows", "SignatureStatus": "Valid", "ProcessId": 6530}
{"@timestamp": "2026-03-11T08:06:41.787095Z", "EventID": 22, "Channel": "Microsoft-Windows-Sysmon/Operational", "Provider": "Microsoft-Windows-Sysmon", "ProviderGuid": "{5770385f-c22a-43e0-bf4c-06f5698ffbd9}", "Computer": "WS-HR-022", "Task": "Dns query", "UtcTime": "2026-03-11 08:06:41.787", "ProcessGuid": "{8acfda0e-0000-0000-0000-c97b8f91ea2b}", "User": "CORP\\a.schmidt", "Image": "C:\\Windows\\System32\\RuntimeBroker.exe", "QueryName": "outlook.office365.com", "QueryStatus": "0", "QueryResults": "type: 5 outlook.office365.com", "ProcessId": 6562}
{"@timestamp": "2026-03-11T08:06:42.787095Z", "EventID": 3, "Channel": "Microsoft-Windows-Sysmon/Operational", "Provider": "Microsoft-Windows-Sysmon", "ProviderGuid": "{5770385f-c22a-43e0-bf4c-06f5698ffbd9}", "Computer": "WS-HR-022", "Task": "Network connection detected", "UtcTime": "2026-03-11 08:06:42.787", "ProcessGuid": "{9350fe8f-0000-0000-0000-1951f0cd8d99}", "User": "CORP\\a.schmidt", "Image": "C:\\Windows\\System32\\RuntimeBroker.exe", "Protocol": "tcp", "Initiated": true, "SourceIp": "10.20.4.67", "SourcePort": 51149, "DestinationIp": "104.18.39.8", "DestinationPort": 443, "DestinationHostname": "outlook.office365.com", "ProcessId": 6567}
{"@timestamp": "2026-03-11T08:06:43.787095Z", "EventID": 13, "Channel": "Microsoft-Windows-Sysmon/Operational", "Provider": "Microsoft-Windows-Sysmon", "ProviderGuid": "{5770385f-c22a-43e0-bf4c-06f5698ffbd9}", "Computer": "WS-HR-022", "Task": "Registry value set", "UtcTime": "2026-03-11 08:06:43.787", "ProcessGuid": "{f10d98da-0000-0000-0000-bd5b2c952615}", "User": "CORP\\a.schmidt", "EventType": "SetValue", "Image": "C:\\Windows\\System32\\RuntimeBroker.exe", "TargetObject": "HKLM\\SOFTWARE\\Microsoft\\Windows\\CurrentVersion\\Explorer\\Advanced\\Hidden", "Details": "DWORD (0x00000001)", "ProcessId": 6592}
{"@timestamp": "2026-03-11T08:06:48.537504Z", "EventID": 1, "Channel": "Microsoft-Windows-Sysmon/Operational", "Provider": "Microsoft-Windows-Sysmon", "ProviderGuid": "{5770385f-c22a-43e0-bf4c-06f5698ffbd9}", "Computer": "WS-HR-022", "Task": "Process Create", "UtcTime": "2026-03-11 08:06:48.537", "ProcessGuid": "{5a1a630b-0000-0000-0000-f35b034bbe03}", "User": "CORP\\p.novak", "Image": "C:\\Windows\\System32\\SearchIndexer.exe", "CommandLine": "SearchIndexer.exe /Embedding", "CurrentDirectory": "C:\\Users\\p.novak\\", "ProcessId": 6603, "IntegrityLevel": "Medium", "Hashes": "SHA1=121647E7D5A6D15EEAB8D97378C4AEDDD4ADD9A0,MD5=283832F41A113F74BCD3F79D,SHA256=121647E7D5A6D15EEAB8D97378C4AEDDD4ADD9A0283832F41A113F74BCD3F79D,IMPHASH=121647E7D5A6D15EEAB8D97378C4AEDD", "ParentImage": "C:\\Windows\\System32\\services.exe", "ParentCommandLine": "services.exe", "ParentProcessId": 6616, "OriginalFileName": "SearchIndexer.exe", "LogonId": "0x78b6ba"}
{"@timestamp": "2026-03-11T08:06:59.927011Z", "EventID": 1, "Channel": "Microsoft-Windows-Sysmon/Operational", "Provider": "Microsoft-Windows-Sysmon", "ProviderGuid": "{5770385f-c22a-43e0-bf4c-06f5698ffbd9}", "Computer": "WS-ENG-101", "Task": "Process Create", "UtcTime": "2026-03-11 08:06:59.927", "ProcessGuid": "{9b0f3dad-0000-0000-0000-6e40438ade34}", "User": "CORP\\p.novak", "Image": "C:\\Windows\\System32\\taskhostw.exe", "CommandLine": "taskhostw.exe {222A245B}", "CurrentDirectory": "C:\\Users\\p.novak\\", "ProcessId": 6633, "IntegrityLevel": "Medium", "Hashes": "SHA1=EADE2CD8C84CE631A2A6917151557D03D7BCF704,MD5=B2A911E5910025FA412EE1D7,SHA256=EADE2CD8C84CE631A2A6917151557D03D7BCF704B2A911E5910025FA412EE1D7,IMPHASH=EADE2CD8C84CE631A2A6917151557D03", "ParentImage": "C:\\Windows\\System32\\svchost.exe", "ParentCommandLine": "svchost.exe", "ParentProcessId": 6638, "OriginalFileName": "taskhostw.exe", "LogonId": "0xf8ccd"}
{"@timestamp": "2026-03-11T08:07:09.706606Z", "EventID": 1, "Channel": "Microsoft-Windows-Sysmon/Operational", "Provider": "Microsoft-Windows-Sysmon", "ProviderGuid": "{5770385f-c22a-43e0-bf4c-06f5698ffbd9}", "Computer": "SRV-APP-02", "Task": "Process Create", "UtcTime": "2026-03-11 08:07:09.706", "ProcessGuid": "{746438bd-0000-0000-0000-b3616754ea2e}", "User": "CORP\\m.laurent", "Image": "C:\\Windows\\System32\\taskhostw.exe", "CommandLine": "taskhostw.exe {222A245B}", "CurrentDirectory": "C:\\Users\\m.laurent\\", "ProcessId": 6647, "IntegrityLevel": "Medium", "Hashes": "SHA1=EADE2CD8C84CE631A2A6917151557D03D7BCF704,MD5=B2A911E5910025FA412EE1D7,SHA256=EADE2CD8C84CE631A2A6917151557D03D7BCF704B2A911E5910025FA412EE1D7,IMPHASH=EADE2CD8C84CE631A2A6917151557D03", "ParentImage": "C:\\Windows\\System32\\svchost.exe", "ParentCommandLine": "svchost.exe", "ParentProcessId": 6669, "OriginalFileName": "taskhostw.exe", "LogonId": "0xf8e029"}
{"@timestamp": "2026-03-11T08:07:10.706606Z", "EventID": 7, "Channel": "Microsoft-Windows-Sysmon/Operational", "Provider": "Microsoft-Windows-Sysmon", "ProviderGuid": "{5770385f-c22a-43e0-bf4c-06f5698ffbd9}", "Computer": "SRV-APP-02", "Task": "Image loaded", "UtcTime": "2026-03-11 08:07:10.706", "ProcessGuid": "{6fef8a2b-0000-0000-0000-34af1547dbed}", "User": "CORP\\m.laurent", "Image": "C:\\Windows\\System32\\taskhostw.exe", "ImageLoaded": "C:\\Windows\\System32\\ole32.dll", "Hashes": "SHA1=F245FE196BF4E32347EB826671DBFA2AE75FC0F7,MD5=3E3DDDD0ED96FA97ED29A527,SHA256=F245FE196BF4E32347EB826671DBFA2AE75FC0F73E3DDDD0ED96FA97ED29A527,IMPHASH=F245FE196BF4E32347EB826671DBFA2A", "Signed": "true", "Signature": "Microsoft Windows", "SignatureStatus": "Valid", "ProcessId": 6695}
{"@timestamp": "2026-03-11T08:07:20.740018Z", "EventID": 1, "Channel": "Microsoft-Windows-Sysmon/Operational", "Provider": "Microsoft-Windows-Sysmon", "ProviderGuid": "{5770385f-c22a-43e0-bf4c-06f5698ffbd9}", "Computer": "WS-ENG-101", "Task": "Process Create", "UtcTime": "2026-03-11 08:07:20.740", "ProcessGuid": "{666db5eb-0000-0000-0000-0bb787fe7047}", "User": "CORP\\m.laurent", "Image": "C:\\Windows\\System32\\svchost.exe", "CommandLine": "svchost.exe -k netsvcs -p", "CurrentDirectory": "C:\\Users\\m.laurent\\", "ProcessId": 6732, "IntegrityLevel": "Medium", "Hashes": "SHA1=61ED4F85C992073BF9CF86A8CCF97A3836235B30,MD5=26EEE472B11BDD9EB577ED2A,SHA256=61ED4F85C992073BF9CF86A8CCF97A3836235B3026EEE472B11BDD9EB577ED2A,IMPHASH=61ED4F85C992073BF9CF86A8CCF97A38", "ParentImage": "C:\\Windows\\System32\\services.exe", "ParentCommandLine": "services.exe", "ParentProcessId": 6771, "OriginalFileName": "svchost.exe", "LogonId": "0x9322ec"}
{"@timestamp": "2026-03-11T08:07:22.740018Z", "EventID": 22, "Channel": "Microsoft-Windows-Sysmon/Operational", "Provider": "Microsoft-Windows-Sysmon", "ProviderGuid": "{5770385f-c22a-43e0-bf4c-06f5698ffbd9}", "Computer": "WS-ENG-101", "Task": "Dns query", "UtcTime": "2026-03-11 08:07:22.740", "ProcessGuid": "{0cb16482-0000-0000-0000-9d619409e342}", "User": "CORP\\m.laurent", "Image": "C:\\Windows\\System32\\svchost.exe", "QueryName": "login.microsoftonline.com", "QueryStatus": "0", "QueryResults": "type: 5 login.microsoftonline.com", "ProcessId": 6810}
{"@timestamp": "2026-03-11T08:07:23.740018Z", "EventID": 3, "Channel": "Microsoft-Windows-Sysmon/Operational", "Provider": "Microsoft-Windows-Sysmon", "ProviderGuid": "{5770385f-c22a-43e0-bf4c-06f5698ffbd9}", "Computer": "WS-ENG-101", "Task": "Network connection detected", "UtcTime": "2026-03-11 08:07:23.740", "ProcessGuid": "{a717274e-0000-0000-0000-63349d144176}", "User": "CORP\\m.laurent", "Image": "C:\\Windows\\System32\\svchost.exe", "Protocol": "tcp", "Initiated": true, "SourceIp": "10.20.4.11", "SourcePort": 52736, "DestinationIp": "104.18.23.238", "DestinationPort": 443, "DestinationHostname": "login.microsoftonline.com", "ProcessId": 6827}
{"@timestamp": "2026-03-11T08:07:33.137416Z", "EventID": 1, "Channel": "Microsoft-Windows-Sysmon/Operational", "Provider": "Microsoft-Windows-Sysmon", "ProviderGuid": "{5770385f-c22a-43e0-bf4c-06f5698ffbd9}", "Computer": "SRV-APP-02", "Task": "Process Create", "UtcTime": "2026-03-11 08:07:33.137", "ProcessGuid": "{c698213d-0000-0000-0000-e84b6a94fc00}", "User": "CORP\\j.dupont", "Image": "C:\\Program Files\\Microsoft Office\\root\\Office16\\OUTLOOK.EXE", "CommandLine": "OUTLOOK.EXE /recycle", "CurrentDirectory": "C:\\Users\\j.dupont\\", "ProcessId": 6863, "IntegrityLevel": "Medium", "Hashes": "SHA1=D25566003433C51441C6E3C14EF3881FFB63A3D5,MD5=4985E661295960B277858FDD,SHA256=D25566003433C51441C6E3C14EF3881FFB63A3D54985E661295960B277858FDD,IMPHASH=D25566003433C51441C6E3C14EF3881F", "ParentImage": "C:\\Windows\\explorer.exe", "ParentCommandLine": "explorer.exe", "ParentProcessId": 6875, "OriginalFileName": "OUTLOOK.EXE", "LogonId": "0x731f69"}
{"@timestamp": "2026-03-11T08:07:44.557531Z", "EventID": 1, "Channel": "Microsoft-Windows-Sysmon/Operational", "Provider": "Microsoft-Windows-Sysmon", "ProviderGuid": "{5770385f-c22a-43e0-bf4c-06f5698ffbd9}", "Computer": "WS-FIN-014", "Task": "Process Create", "UtcTime": "2026-03-11 08:07:44.557", "ProcessGuid": "{dc240538-0000-0000-0000-af9fb9789222}", "User": "CORP\\m.laurent", "Image": "C:\\Program Files\\Microsoft Teams\\Teams.exe", "CommandLine": "Teams.exe --system-initiated", "CurrentDirectory": "C:\\Users\\m.laurent\\", "ProcessId": 6895, "IntegrityLevel": "Medium", "Hashes": "SHA1=9525FFAF892D6BD1156DEC6DA15806371098DE79,MD5=FF07B9533A5BBA93B98DAC47,SHA256=9525FFAF892D6BD1156DEC6DA15806371098DE79FF07B9533A5BBA93B98DAC47,IMPHASH=9525FFAF892D6BD1156DEC6DA1580637", "ParentImage": "C:\\Windows\\explorer.exe", "ParentCommandLine": "explorer.exe", "ParentProcessId": 6899, "OriginalFileName": "Teams.exe", "LogonId": "0xa62218"}
{"@timestamp": "2026-03-11T08:07:45.557531Z", "EventID": 7, "Channel": "Microsoft-Windows-Sysmon/Operational", "Provider": "Microsoft-Windows-Sysmon", "ProviderGuid": "{5770385f-c22a-43e0-bf4c-06f5698ffbd9}", "Computer": "WS-FIN-014", "Task": "Image loaded", "UtcTime": "2026-03-11 08:07:45.557", "ProcessGuid": "{a336e137-0000-0000-0000-e253934d3ea3}", "User": "CORP\\m.laurent", "Image": "C:\\Program Files\\Microsoft Teams\\Teams.exe", "ImageLoaded": "C:\\Windows\\System32\\ntdll.dll", "Hashes": "SHA1=10A7949A67B3658998DA2966045490E09CA516C0,MD5=DBDCDCAAC9D1FC61849E35DE,SHA256=10A7949A67B3658998DA2966045490E09CA516C0DBDCDCAAC9D1FC61849E35DE,IMPHASH=10A7949A67B3658998DA2966045490E0", "Signed": "true", "Signature": "Microsoft Windows", "SignatureStatus": "Valid", "ProcessId": 6923}
{"@timestamp": "2026-03-11T08:07:48.557531Z", "EventID": 13, "Channel": "Microsoft-Windows-Sysmon/Operational", "Provider": "Microsoft-Windows-Sysmon", "ProviderGuid": "{5770385f-c22a-43e0-bf4c-06f5698ffbd9}", "Computer": "WS-FIN-014", "Task": "Registry value set", "UtcTime": "2026-03-11 08:07:48.557", "ProcessGuid": "{0c59159c-0000-0000-0000-e53d15a44c2a}", "User": "CORP\\m.laurent", "EventType": "SetValue", "Image": "C:\\Program Files\\Microsoft Teams\\Teams.exe", "TargetObject": "HKLM\\SOFTWARE\\Microsoft\\Windows\\CurrentVersion\\Explorer\\Advanced\\Hidden", "Details": "DWORD (0x00000001)", "ProcessId": 6957}
{"@timestamp": "2026-03-11T08:07:54.956051Z", "EventID": 1, "Channel": "Microsoft-Windows-Sysmon/Operational", "Provider": "Microsoft-Windows-Sysmon", "ProviderGuid": "{5770385f-c22a-43e0-bf4c-06f5698ffbd9}", "Computer": "WS-HR-022", "Task": "Process Create", "UtcTime": "2026-03-11 08:07:54.956", "ProcessGuid": "{e4e0ca4d-0000-0000-0000-640fe675b6ee}", "User": "CORP\\m.laurent", "Image": "C:\\Windows\\System32\\taskhostw.exe", "CommandLine": "taskhostw.exe {222A245B}", "CurrentDirectory": "C:\\Users\\m.laurent\\", "ProcessId": 6979, "IntegrityLevel": "Medium", "Hashes": "SHA1=EADE2CD8C84CE631A2A6917151557D03D7BCF704,MD5=B2A911E5910025FA412EE1D7,SHA256=EADE2CD8C84CE631A2A6917151557D03D7BCF704B2A911E5910025FA412EE1D7,IMPHASH=EADE2CD8C84CE631A2A6917151557D03", "ParentImage": "C:\\Windows\\System32\\svchost.exe", "ParentCommandLine": "svchost.exe", "ParentProcessId": 7004, "OriginalFileName": "taskhostw.exe", "LogonId": "0xb137fd"}
{"@timestamp": "2026-03-11T08:08:06.396208Z", "EventID": 1, "Channel": "Microsoft-Windows-Sysmon/Operational", "Provider": "Microsoft-Windows-Sysmon", "ProviderGuid": "{5770385f-c22a-43e0-bf4c-06f5698ffbd9}", "Computer": "SRV-APP-02", "Task": "Process Create", "UtcTime": "2026-03-11 08:08:06.396", "ProcessGuid": "{6e14cc48-0000-0000-0000-e3b3dac12d3e}", "User": "CORP\\j.dupont", "Image": "C:\\Windows\\System32\\SearchIndexer.exe", "CommandLine": "SearchIndexer.exe /Embedding", "CurrentDirectory": "C:\\Users\\j.dupont\\", "ProcessId": 7019, "IntegrityLevel": "Medium", "Hashes": "SHA1=121647E7D5A6D15EEAB8D97378C4AEDDD4ADD9A0,MD5=283832F41A113F74BCD3F79D,SHA256=121647E7D5A6D15EEAB8D97378C4AEDDD4ADD9A0283832F41A113F74BCD3F79D,IMPHASH=121647E7D5A6D15EEAB8D97378C4AEDD", "ParentImage": "C:\\Windows\\System32\\services.exe", "ParentCommandLine": "services.exe", "ParentProcessId": 7039, "OriginalFileName": "SearchIndexer.exe", "LogonId": "0xe50078"}
{"@timestamp": "2026-03-11T08:08:08.396208Z", "EventID": 22, "Channel": "Microsoft-Windows-Sysmon/Operational", "Provider": "Microsoft-Windows-Sysmon", "ProviderGuid": "{5770385f-c22a-43e0-bf4c-06f5698ffbd9}", "Computer": "SRV-APP-02", "Task": "Dns query", "UtcTime": "2026-03-11 08:08:08.396", "ProcessGuid": "{09100b24-0000-0000-0000-b03a87e97c63}", "User": "CORP\\j.dupont", "Image": "C:\\Windows\\System32\\SearchIndexer.exe", "QueryName": "update.googleapis.com", "QueryStatus": "0", "QueryResults": "type: 5 update.googleapis.com", "ProcessId": 7056}
{"@timestamp": "2026-03-11T08:08:09.396208Z", "EventID": 3, "Channel": "Microsoft-Windows-Sysmon/Operational", "Provider": "Microsoft-Windows-Sysmon", "ProviderGuid": "{5770385f-c22a-43e0-bf4c-06f5698ffbd9}", "Computer": "SRV-APP-02", "Task": "Network connection detected", "UtcTime": "2026-03-11 08:08:09.396", "ProcessGuid": "{8c6c194b-0000-0000-0000-59f679a97a10}", "User": "CORP\\j.dupont", "Image": "C:\\Windows\\System32\\SearchIndexer.exe", "Protocol": "tcp", "Initiated": true, "SourceIp": "10.20.4.63", "SourcePort": 65165, "DestinationIp": "104.18.8.162", "DestinationPort": 443, "DestinationHostname": "update.googleapis.com", "ProcessId": 7096}
{"@timestamp": "2026-03-11T08:08:18.406041Z", "EventID": 1, "Channel": "Microsoft-Windows-Sysmon/Operational", "Provider": "Microsoft-Windows-Sysmon", "ProviderGuid": "{5770385f-c22a-43e0-bf4c-06f5698ffbd9}", "Computer": "WS-MKT-047", "Task": "Process Create", "UtcTime": "2026-03-11 08:08:18.406", "ProcessGuid": "{a2bf7994-0000-0000-0000-1e05b441a02b}", "User": "CORP\\a.schmidt", "Image": "C:\\Program Files\\Microsoft Teams\\Teams.exe", "CommandLine": "Teams.exe --system-initiated", "CurrentDirectory": "C:\\Users\\a.schmidt\\", "ProcessId": 7118, "IntegrityLevel": "Medium", "Hashes": "SHA1=9525FFAF892D6BD1156DEC6DA15806371098DE79,MD5=FF07B9533A5BBA93B98DAC47,SHA256=9525FFAF892D6BD1156DEC6DA15806371098DE79FF07B9533A5BBA93B98DAC47,IMPHASH=9525FFAF892D6BD1156DEC6DA1580637", "ParentImage": "C:\\Windows\\explorer.exe", "ParentCommandLine": "explorer.exe", "ParentProcessId": 7128, "OriginalFileName": "Teams.exe", "LogonId": "0x37d587"}
{"@timestamp": "2026-03-11T08:08:19.406041Z", "EventID": 7, "Channel": "Microsoft-Windows-Sysmon/Operational", "Provider": "Microsoft-Windows-Sysmon", "ProviderGuid": "{5770385f-c22a-43e0-bf4c-06f5698ffbd9}", "Computer": "WS-MKT-047", "Task": "Image loaded", "UtcTime": "2026-03-11 08:08:19.406", "ProcessGuid": "{80cf4339-0000-0000-0000-db7f8124b916}", "User": "CORP\\a.schmidt", "Image": "C:\\Program Files\\Microsoft Teams\\Teams.exe", "ImageLoaded": "C:\\Windows\\System32\\ole32.dll", "Hashes": "SHA1=F245FE196BF4E32347EB826671DBFA2AE75FC0F7,MD5=3E3DDDD0ED96FA97ED29A527,SHA256=F245FE196BF4E32347EB826671DBFA2AE75FC0F73E3DDDD0ED96FA97ED29A527,IMPHASH=F245FE196BF4E32347EB826671DBFA2A", "Signed": "true", "Signature": "Microsoft Windows", "SignatureStatus": "Valid", "ProcessId": 7150}
{"@timestamp": "2026-03-11T08:08:29.222163Z", "EventID": 1, "Channel": "Microsoft-Windows-Sysmon/Operational", "Provider": "Microsoft-Windows-Sysmon", "ProviderGuid": "{5770385f-c22a-43e0-bf4c-06f5698ffbd9}", "Computer": "WS-ENG-101", "Task": "Process Create", "UtcTime": "2026-03-11 08:08:29.222", "ProcessGuid": "{932acff2-0000-0000-0000-33abf797fd88}", "User": "CORP\\j.dupont", "Image": "C:\\Windows\\System32\\RuntimeBroker.exe", "CommandLine": "RuntimeBroker.exe -Embedding", "CurrentDirectory": "C:\\Users\\j.dupont\\", "ProcessId": 7165, "IntegrityLevel": "Medium", "Hashes": "SHA1=6E06B06ABB69086464746156B313BB85E792314E,MD5=F5BB5F92FAEC74E6F48A66F1,SHA256=6E06B06ABB69086464746156B313BB85E792314EF5BB5F92FAEC74E6F48A66F1,IMPHASH=6E06B06ABB69086464746156B313BB85", "ParentImage": "C:\\Windows\\System32\\svchost.exe", "ParentCommandLine": "svchost.exe", "ParentProcessId": 7191, "OriginalFileName": "RuntimeBroker.exe", "LogonId": "0x74ffc2"}
{"@timestamp": "2026-03-11T08:08:39.161553Z", "EventID": 1, "Channel": "Microsoft-Windows-Sysmon/Operational", "Provider": "Microsoft-Windows-Sysmon", "ProviderGuid": "{5770385f-c22a-43e0-bf4c-06f5698ffbd9}", "Computer": "SRV-APP-02", "Task": "Process Create", "UtcTime": "2026-03-11 08:08:39.161", "ProcessGuid": "{ff298fb7-0000-0000-0000-6ece23dcb64b}", "User": "CORP\\j.dupont", "Image": "C:\\Windows\\System32\\RuntimeBroker.exe", "CommandLine": "RuntimeBroker.exe -Embedding", "CurrentDirectory": "C:\\Users\\j.dupont\\", "ProcessId": 7228, "IntegrityLevel": "Medium", "Hashes": "SHA1=6E06B06ABB69086464746156B313BB85E792314E,MD5=F5BB5F92FAEC74E6F48A66F1,SHA256=6E06B06ABB69086464746156B313BB85E792314EF5BB5F92FAEC74E6F48A66F1,IMPHASH=6E06B06ABB69086464746156B313BB85", "ParentImage": "C:\\Windows\\System32\\svchost.exe", "ParentCommandLine": "svchost.exe", "ParentProcessId": 7237, "OriginalFileName": "RuntimeBroker.exe", "LogonId": "0x427f77"}
{"@timestamp": "2026-03-11T08:08:50.783244Z", "EventID": 1, "Channel": "Microsoft-Windows-Sysmon/Operational", "Provider": "Microsoft-Windows-Sysmon", "ProviderGuid": "{5770385f-c22a-43e0-bf4c-06f5698ffbd9}", "Computer": "WS-ENG-101", "Task": "Process Create", "UtcTime": "2026-03-11 08:08:50.783", "ProcessGuid": "{fe200a1f-0000-0000-0000-88069919a369}", "User": "CORP\\a.schmidt", "Image": "C:\\Program Files\\Microsoft Office\\root\\Office16\\OUTLOOK.EXE", "CommandLine": "OUTLOOK.EXE /recycle", "CurrentDirectory": "C:\\Users\\a.schmidt\\", "ProcessId": 7245, "IntegrityLevel": "Medium", "Hashes": "SHA1=D25566003433C51441C6E3C14EF3881FFB63A3D5,MD5=4985E661295960B277858FDD,SHA256=D25566003433C51441C6E3C14EF3881FFB63A3D54985E661295960B277858FDD,IMPHASH=D25566003433C51441C6E3C14EF3881F", "ParentImage": "C:\\Windows\\explorer.exe", "ParentCommandLine": "explorer.exe", "ParentProcessId": 7284, "OriginalFileName": "OUTLOOK.EXE", "LogonId": "0xef4f3b"}
{"@timestamp": "2026-03-11T08:08:51.783244Z", "EventID": 7, "Channel": "Microsoft-Windows-Sysmon/Operational", "Provider": "Microsoft-Windows-Sysmon", "ProviderGuid": "{5770385f-c22a-43e0-bf4c-06f5698ffbd9}", "Computer": "WS-ENG-101", "Task": "Image loaded", "UtcTime": "2026-03-11 08:08:51.783", "ProcessGuid": "{0fc18765-0000-0000-0000-185ec29faad3}", "User": "CORP\\a.schmidt", "Image": "C:\\Program Files\\Microsoft Office\\root\\Office16\\OUTLOOK.EXE", "ImageLoaded": "C:\\Windows\\System32\\advapi32.dll", "Hashes": "SHA1=710137EDECA7E0959E59CD8930BB80C7ECC16348,MD5=F711E39436CB57EA45CD1749,SHA256=710137EDECA7E0959E59CD8930BB80C7ECC16348F711E39436CB57EA45CD1749,IMPHASH=710137EDECA7E0959E59CD8930BB80C7", "Signed": "true", "Signature": "Microsoft Windows", "SignatureStatus": "Valid", "ProcessId": 7290}
{"@timestamp": "2026-03-11T08:08:52.783244Z", "EventID": 22, "Channel": "Microsoft-Windows-Sysmon/Operational", "Provider": "Microsoft-Windows-Sysmon", "ProviderGuid": "{5770385f-c22a-43e0-bf4c-06f5698ffbd9}", "Computer": "WS-ENG-101", "Task": "Dns query", "UtcTime": "2026-03-11 08:08:52.783", "ProcessGuid": "{bbe8383a-0000-0000-0000-1296993b1ff6}", "User": "CORP\\a.schmidt", "Image": "C:\\Program Files\\Microsoft Office\\root\\Office16\\OUTLOOK.EXE", "QueryName": "cdn.jsdelivr.net", "QueryStatus": "0", "QueryResults": "type: 5 cdn.jsdelivr.net", "ProcessId": 7308}
{"@timestamp": "2026-03-11T08:08:53.783244Z", "EventID": 3, "Channel": "Microsoft-Windows-Sysmon/Operational", "Provider": "Microsoft-Windows-Sysmon", "ProviderGuid": "{5770385f-c22a-43e0-bf4c-06f5698ffbd9}", "Computer": "WS-ENG-101", "Task": "Network connection detected", "UtcTime": "2026-03-11 08:08:53.783", "ProcessGuid": "{639dfdbe-0000-0000-0000-28ed36b121b9}", "User": "CORP\\a.schmidt", "Image": "C:\\Program Files\\Microsoft Office\\root\\Office16\\OUTLOOK.EXE", "Protocol": "tcp", "Initiated": true, "SourceIp": "10.20.4.72", "SourcePort": 51844, "DestinationIp": "104.18.37.179", "DestinationPort": 443, "DestinationHostname": "cdn.jsdelivr.net", "ProcessId": 7338}
{"@timestamp": "2026-03-11T08:08:54.783244Z", "EventID": 13, "Channel": "Microsoft-Windows-Sysmon/Operational", "Provider": "Microsoft-Windows-Sysmon", "ProviderGuid": "{5770385f-c22a-43e0-bf4c-06f5698ffbd9}", "Computer": "WS-ENG-101", "Task": "Registry value set", "UtcTime": "2026-03-11 08:08:54.783", "ProcessGuid": "{5c7ec67b-0000-0000-0000-2e4827b4fb1a}", "User": "CORP\\a.schmidt", "EventType": "SetValue", "Image": "C:\\Program Files\\Microsoft Office\\root\\Office16\\OUTLOOK.EXE", "TargetObject": "HKLM\\SOFTWARE\\Microsoft\\Windows\\CurrentVersion\\Explorer\\Advanced\\Hidden", "Details": "DWORD (0x00000001)", "ProcessId": 7350}
{"@timestamp": "2026-03-11T08:09:00.684820Z", "EventID": 1, "Channel": "Microsoft-Windows-Sysmon/Operational", "Provider": "Microsoft-Windows-Sysmon", "ProviderGuid": "{5770385f-c22a-43e0-bf4c-06f5698ffbd9}", "Computer": "WS-FIN-014", "Task": "Process Create", "UtcTime": "2026-03-11 08:09:00.684", "ProcessGuid": "{2a0ffc76-0000-0000-0000-11d752fc2370}", "User": "CORP\\m.laurent", "Image": "C:\\Windows\\System32\\RuntimeBroker.exe", "CommandLine": "RuntimeBroker.exe -Embedding", "CurrentDirectory": "C:\\Users\\m.laurent\\", "ProcessId": 7366, "IntegrityLevel": "Medium", "Hashes": "SHA1=6E06B06ABB69086464746156B313BB85E792314E,MD5=F5BB5F92FAEC74E6F48A66F1,SHA256=6E06B06ABB69086464746156B313BB85E792314EF5BB5F92FAEC74E6F48A66F1,IMPHASH=6E06B06ABB69086464746156B313BB85", "ParentImage": "C:\\Windows\\System32\\svchost.exe", "ParentCommandLine": "svchost.exe", "ParentProcessId": 7396, "OriginalFileName": "RuntimeBroker.exe", "LogonId": "0x5d3e9"}
{"@timestamp": "2026-03-11T08:09:12.075071Z", "EventID": 1, "Channel": "Microsoft-Windows-Sysmon/Operational", "Provider": "Microsoft-Windows-Sysmon", "ProviderGuid": "{5770385f-c22a-43e0-bf4c-06f5698ffbd9}", "Computer": "WS-ENG-101", "Task": "Process Create", "UtcTime": "2026-03-11 08:09:12.075", "ProcessGuid": "{414f93a5-0000-0000-0000-7acb6a0ba7fb}", "User": "CORP\\a.schmidt", "Image": "C:\\Program Files\\Microsoft Office\\root\\Office16\\OUTLOOK.EXE", "CommandLine": "OUTLOOK.EXE /recycle", "CurrentDirectory": "C:\\Users\\a.schmidt\\", "ProcessId": 7425, "IntegrityLevel": "Medium", "Hashes": "SHA1=D25566003433C51441C6E3C14EF3881FFB63A3D5,MD5=4985E661295960B277858FDD,SHA256=D25566003433C51441C6E3C14EF3881FFB63A3D54985E661295960B277858FDD,IMPHASH=D25566003433C51441C6E3C14EF3881F", "ParentImage": "C:\\Windows\\explorer.exe", "ParentCommandLine": "explorer.exe", "ParentProcessId": 7451, "OriginalFileName": "OUTLOOK.EXE", "LogonId": "0xa9a6dd"}
{"@timestamp": "2026-03-11T08:09:22.053184Z", "EventID": 1, "Channel": "Microsoft-Windows-Sysmon/Operational", "Provider": "Microsoft-Windows-Sysmon", "ProviderGuid": "{5770385f-c22a-43e0-bf4c-06f5698ffbd9}", "Computer": "WS-HR-022", "Task": "Process Create", "UtcTime": "2026-03-11 08:09:22.053", "ProcessGuid": "{21abd5a4-0000-0000-0000-3dfcfd47c06c}", "User": "CORP\\a.schmidt", "Image": "C:\\Windows\\System32\\taskhostw.exe", "CommandLine": "taskhostw.exe {222A245B}", "CurrentDirectory": "C:\\Users\\a.schmidt\\", "ProcessId": 7459, "IntegrityLevel": "Medium", "Hashes": "SHA1=EADE2CD8C84CE631A2A6917151557D03D7BCF704,MD5=B2A911E5910025FA412EE1D7,SHA256=EADE2CD8C84CE631A2A6917151557D03D7BCF704B2A911E5910025FA412EE1D7,IMPHASH=EADE2CD8C84CE631A2A6917151557D03", "ParentImage": "C:\\Windows\\System32\\svchost.exe", "ParentCommandLine": "svchost.exe", "ParentProcessId": 7464, "OriginalFileName": "taskhostw.exe", "LogonId": "0xe39a31"}
{"@timestamp": "2026-03-11T08:09:23.053184Z", "EventID": 7, "Channel": "Microsoft-Windows-Sysmon/Operational", "Provider": "Microsoft-Windows-Sysmon", "ProviderGuid": "{5770385f-c22a-43e0-bf4c-06f5698ffbd9}", "Computer": "WS-HR-022", "Task": "Image loaded", "UtcTime": "2026-03-11 08:09:23.053", "ProcessGuid": "{6282f0e4-0000-0000-0000-32422d092354}", "User": "CORP\\a.schmidt", "Image": "C:\\Windows\\System32\\taskhostw.exe", "ImageLoaded": "C:\\Windows\\System32\\ole32.dll", "Hashes": "SHA1=F245FE196BF4E32347EB826671DBFA2AE75FC0F7,MD5=3E3DDDD0ED96FA97ED29A527,SHA256=F245FE196BF4E32347EB826671DBFA2AE75FC0F73E3DDDD0ED96FA97ED29A527,IMPHASH=F245FE196BF4E32347EB826671DBFA2A", "Signed": "true", "Signature": "Microsoft Windows", "SignatureStatus": "Valid", "ProcessId": 7486}
{"@timestamp": "2026-03-11T08:09:34.903536Z", "EventID": 1, "Channel": "Microsoft-Windows-Sysmon/Operational", "Provider": "Microsoft-Windows-Sysmon", "ProviderGuid": "{5770385f-c22a-43e0-bf4c-06f5698ffbd9}", "Computer": "SRV-APP-02", "Task": "Process Create", "UtcTime": "2026-03-11 08:09:34.903", "ProcessGuid": "{527cbbce-0000-0000-0000-6bb078029d6c}", "User": "CORP\\m.laurent", "Image": "C:\\Windows\\System32\\SearchIndexer.exe", "CommandLine": "SearchIndexer.exe /Embedding", "CurrentDirectory": "C:\\Users\\m.laurent\\", "ProcessId": 7514, "IntegrityLevel": "Medium", "Hashes": "SHA1=121647E7D5A6D15EEAB8D97378C4AEDDD4ADD9A0,MD5=283832F41A113F74BCD3F79D,SHA256=121647E7D5A6D15EEAB8D97378C4AEDDD4ADD9A0283832F41A113F74BCD3F79D,IMPHASH=121647E7D5A6D15EEAB8D97378C4AEDD", "ParentImage": "C:\\Windows\\System32\\services.exe", "ParentCommandLine": "services.exe", "ParentProcessId": 7524, "OriginalFileName": "SearchIndexer.exe", "LogonId": "0x846484"}
{"@timestamp": "2026-03-11T08:09:36.903536Z", "EventID": 22, "Channel": "Microsoft-Windows-Sysmon/Operational", "Provider": "Microsoft-Windows-Sysmon", "ProviderGuid": "{5770385f-c22a-43e0-bf4c-06f5698ffbd9}", "Computer": "SRV-APP-02", "Task": "Dns query", "UtcTime": "2026-03-11 08:09:36.903", "ProcessGuid": "{2b8d6576-0000-0000-0000-6449dc58000d}", "User": "CORP\\m.laurent", "Image": "C:\\Windows\\System32\\SearchIndexer.exe", "QueryName": "www.microsoft.com", "QueryStatus": "0", "QueryResults": "type: 5 www.microsoft.com", "ProcessId": 7563}
{"@timestamp": "2026-03-11T08:09:37.903536Z", "EventID": 3, "Channel": "Microsoft-Windows-Sysmon/Operational", "Provider": "Microsoft-Windows-Sysmon", "ProviderGuid": "{5770385f-c22a-43e0-bf4c-06f5698ffbd9}", "Computer": "SRV-APP-02", "Task": "Network connection detected", "UtcTime": "2026-03-11 08:09:37.903", "ProcessGuid": "{afc32324-0000-0000-0000-26519d624ec7}", "User": "CORP\\m.laurent", "Image": "C:\\Windows\\System32\\SearchIndexer.exe", "Protocol": "tcp", "Initiated": true, "SourceIp": "10.20.4.69", "SourcePort": 53394, "DestinationIp": "104.18.11.60", "DestinationPort": 443, "DestinationHostname": "www.microsoft.com", "ProcessId": 7588}
{"@timestamp": "2026-03-11T08:09:45.493504Z", "EventID": 1, "Channel": "Microsoft-Windows-Sysmon/Operational", "Provider": "Microsoft-Windows-Sysmon", "ProviderGuid": "{5770385f-c22a-43e0-bf4c-06f5698ffbd9}", "Computer": "WS-FIN-014", "Task": "Process Create", "UtcTime": "2026-03-11 08:09:45.493", "ProcessGuid": "{d814c3ef-0000-0000-0000-a9a4215fd534}", "User": "CORP\\a.schmidt", "Image": "C:\\Windows\\System32\\RuntimeBroker.exe", "CommandLine": "RuntimeBroker.exe -Embedding", "CurrentDirectory": "C:\\Users\\a.schmidt\\", "ProcessId": 7610, "IntegrityLevel": "Medium", "Hashes": "SHA1=6E06B06ABB69086464746156B313BB85E792314E,MD5=F5BB5F92FAEC74E6F48A66F1,SHA256=6E06B06ABB69086464746156B313BB85E792314EF5BB5F92FAEC74E6F48A66F1,IMPHASH=6E06B06ABB69086464746156B313BB85", "ParentImage": "C:\\Windows\\System32\\svchost.exe", "ParentCommandLine": "svchost.exe", "ParentProcessId": 7618, "OriginalFileName": "RuntimeBroker.exe", "LogonId": "0xebbfa9"}
{"@timestamp": "2026-03-11T08:09:57.544671Z", "EventID": 1, "Channel": "Microsoft-Windows-Sysmon/Operational", "Provider": "Microsoft-Windows-Sysmon", "ProviderGuid": "{5770385f-c22a-43e0-bf4c-06f5698ffbd9}", "Computer": "SRV-APP-02", "Task": "Process Create", "UtcTime": "2026-03-11 08:09:57.544", "ProcessGuid": "{996f17c9-0000-0000-0000-4bc3bd582d2d}", "User": "CORP\\m.laurent", "Image": "C:\\Windows\\System32\\svchost.exe", "CommandLine": "svchost.exe -k netsvcs -p", "CurrentDirectory": "C:\\Users\\m.laurent\\", "ProcessId": 7629, "IntegrityLevel": "Medium", "Hashes": "SHA1=61ED4F85C992073BF9CF86A8CCF97A3836235B30,MD5=26EEE472B11BDD9EB577ED2A,SHA256=61ED4F85C992073BF9CF86A8CCF97A3836235B3026EEE472B11BDD9EB577ED2A,IMPHASH=61ED4F85C992073BF9CF86A8CCF97A38", "ParentImage": "C:\\Windows\\System32\\services.exe", "ParentCommandLine": "services.exe", "ParentProcessId": 7666, "OriginalFileName": "svchost.exe", "LogonId": "0x5dea7c"}
{"@timestamp": "2026-03-11T08:09:58.544671Z", "EventID": 7, "Channel": "Microsoft-Windows-Sysmon/Operational", "Provider": "Microsoft-Windows-Sysmon", "ProviderGuid": "{5770385f-c22a-43e0-bf4c-06f5698ffbd9}", "Computer": "SRV-APP-02", "Task": "Image loaded", "UtcTime": "2026-03-11 08:09:58.544", "ProcessGuid": "{2c22a903-0000-0000-0000-b50a003cd53c}", "User": "CORP\\m.laurent", "Image": "C:\\Windows\\System32\\svchost.exe", "ImageLoaded": "C:\\Windows\\System32\\kernel32.dll", "Hashes": "SHA1=9CFF62CD296F6EFDBB9B5622D676BA00427ABD30,MD5=4150B5B1C27F0AA9385BB344,SHA256=9CFF62CD296F6EFDBB9B5622D676BA00427ABD304150B5B1C27F0AA9385BB344,IMPHASH=9CFF62CD296F6EFDBB9B5622D676BA00", "Signed": "true", "Signature": "Microsoft Windows", "SignatureStatus": "Valid", "ProcessId": 7701}
{"@timestamp": "2026-03-11T08:10:01.544671Z", "EventID": 13, "Channel": "Microsoft-Windows-Sysmon/Operational", "Provider": "Microsoft-Windows-Sysmon", "ProviderGuid": "{5770385f-c22a-43e0-bf4c-06f5698ffbd9}", "Computer": "SRV-APP-02", "Task": "Registry value set", "UtcTime": "2026-03-11 08:10:01.544", "ProcessGuid": "{819d1ef1-0000-0000-0000-5b66933e45dd}", "User": "CORP\\m.laurent", "EventType": "SetValue", "Image": "C:\\Windows\\System32\\svchost.exe", "TargetObject": "HKLM\\SOFTWARE\\Microsoft\\Windows\\CurrentVersion\\Explorer\\Advanced\\Hidden", "Details": "DWORD (0x00000001)", "ProcessId": 7737}
{"@timestamp": "2026-03-11T08:10:05.699351Z", "EventID": 1, "Channel": "Microsoft-Windows-Sysmon/Operational", "Provider": "Microsoft-Windows-Sysmon", "ProviderGuid": "{5770385f-c22a-43e0-bf4c-06f5698ffbd9}", "Computer": "SRV-APP-02", "Task": "Process Create", "UtcTime": "2026-03-11 08:10:05.699", "ProcessGuid": "{1b1f87d9-0000-0000-0000-ace7ec4fbe7d}", "User": "CORP\\j.dupont", "Image": "C:\\Windows\\System32\\svchost.exe", "CommandLine": "svchost.exe -k netsvcs -p", "CurrentDirectory": "C:\\Users\\j.dupont\\", "ProcessId": 7763, "IntegrityLevel": "Medium", "Hashes": "SHA1=61ED4F85C992073BF9CF86A8CCF97A3836235B30,MD5=26EEE472B11BDD9EB577ED2A,SHA256=61ED4F85C992073BF9CF86A8CCF97A3836235B3026EEE472B11BDD9EB577ED2A,IMPHASH=61ED4F85C992073BF9CF86A8CCF97A38", "ParentImage": "C:\\Windows\\System32\\services.exe", "ParentCommandLine": "services.exe", "ParentProcessId": 7792, "OriginalFileName": "svchost.exe", "LogonId": "0xa2d473"}
{"@timestamp": "2026-03-11T08:10:20.736498Z", "EventID": 1, "Channel": "Microsoft-Windows-Sysmon/Operational", "Provider": "Microsoft-Windows-Sysmon", "ProviderGuid": "{5770385f-c22a-43e0-bf4c-06f5698ffbd9}", "Computer": "WS-FIN-014", "Task": "Process Create", "UtcTime": "2026-03-11 08:10:20.736", "ProcessGuid": "{a7e146b0-0000-0000-0000-f761ffb19597}", "User": "CORP\\p.novak", "Image": "C:\\Windows\\System32\\taskhostw.exe", "CommandLine": "taskhostw.exe {222A245B}", "CurrentDirectory": "C:\\Users\\p.novak\\", "ProcessId": 7801, "IntegrityLevel": "Medium", "Hashes": "SHA1=EADE2CD8C84CE631A2A6917151557D03D7BCF704,MD5=B2A911E5910025FA412EE1D7,SHA256=EADE2CD8C84CE631A2A6917151557D03D7BCF704B2A911E5910025FA412EE1D7,IMPHASH=EADE2CD8C84CE631A2A6917151557D03", "ParentImage": "C:\\Windows\\System32\\svchost.exe", "ParentCommandLine": "svchost.exe", "ParentProcessId": 7821, "OriginalFileName": "taskhostw.exe", "LogonId": "0x4aef3e"}
{"@timestamp": "2026-03-11T08:10:22.736498Z", "EventID": 22, "Channel": "Microsoft-Windows-Sysmon/Operational", "Provider": "Microsoft-Windows-Sysmon", "ProviderGuid": "{5770385f-c22a-43e0-bf4c-06f5698ffbd9}", "Computer": "WS-FIN-014", "Task": "Dns query", "UtcTime": "2026-03-11 08:10:22.736", "ProcessGuid": "{50073474-0000-0000-0000-fd31b8bd42b1}", "User": "CORP\\p.novak", "Image": "C:\\Windows\\System32\\taskhostw.exe", "QueryName": "cdn.jsdelivr.net", "QueryStatus": "0", "QueryResults": "type: 5 cdn.jsdelivr.net", "ProcessId": 7831}
{"@timestamp": "2026-03-11T08:10:23.736498Z", "EventID": 3, "Channel": "Microsoft-Windows-Sysmon/Operational", "Provider": "Microsoft-Windows-Sysmon", "ProviderGuid": "{5770385f-c22a-43e0-bf4c-06f5698ffbd9}", "Computer": "WS-FIN-014", "Task": "Network connection detected", "UtcTime": "2026-03-11 08:10:23.736", "ProcessGuid": "{326927e6-0000-0000-0000-088d13aaac02}", "User": "CORP\\p.novak", "Image": "C:\\Windows\\System32\\taskhostw.exe", "Protocol": "tcp", "Initiated": true, "SourceIp": "10.20.4.77", "SourcePort": 55136, "DestinationIp": "104.18.40.145", "DestinationPort": 443, "DestinationHostname": "cdn.jsdelivr.net", "ProcessId": 7869}
{"@timestamp": "2026-03-11T08:10:27.211761Z", "EventID": 1, "Channel": "Microsoft-Windows-Sysmon/Operational", "Provider": "Microsoft-Windows-Sysmon", "ProviderGuid": "{5770385f-c22a-43e0-bf4c-06f5698ffbd9}", "Computer": "WS-ENG-101", "Task": "Process Create", "UtcTime": "2026-03-11 08:10:27.211", "ProcessGuid": "{9d03590f-0000-0000-0000-784a502aa7ca}", "User": "CORP\\a.schmidt", "Image": "C:\\Program Files\\Google\\Chrome\\Application\\chrome.exe", "CommandLine": "chrome.exe --type=renderer", "CurrentDirectory": "C:\\Users\\a.schmidt\\", "ProcessId": 7899, "IntegrityLevel": "Medium", "Hashes": "SHA1=B98A42E7E75A66429BF21F48D54033A6083EAF10,MD5=1BD296B5FE5A63134C2B6565,SHA256=B98A42E7E75A66429BF21F48D54033A6083EAF101BD296B5FE5A63134C2B6565,IMPHASH=B98A42E7E75A66429BF21F48D54033A6", "ParentImage": "C:\\Windows\\explorer.exe", "ParentCommandLine": "explorer.exe", "ParentProcessId": 7921, "OriginalFileName": "chrome.exe", "LogonId": "0x395905"}
{"@timestamp": "2026-03-11T08:10:28.211761Z", "EventID": 7, "Channel": "Microsoft-Windows-Sysmon/Operational", "Provider": "Microsoft-Windows-Sysmon", "ProviderGuid": "{5770385f-c22a-43e0-bf4c-06f5698ffbd9}", "Computer": "WS-ENG-101", "Task": "Image loaded", "UtcTime": "2026-03-11 08:10:28.211", "ProcessGuid": "{dde98d51-0000-0000-0000-e09f4d5aaf2a}", "User": "CORP\\a.schmidt", "Image": "C:\\Program Files\\Google\\Chrome\\Application\\chrome.exe", "ImageLoaded": "C:\\Windows\\System32\\kernel32.dll", "Hashes": "SHA1=9CFF62CD296F6EFDBB9B5622D676BA00427ABD30,MD5=4150B5B1C27F0AA9385BB344,SHA256=9CFF62CD296F6EFDBB9B5622D676BA00427ABD304150B5B1C27F0AA9385BB344,IMPHASH=9CFF62CD296F6EFDBB9B5622D676BA00", "Signed": "true", "Signature": "Microsoft Windows", "SignatureStatus": "Valid", "ProcessId": 7959}
{"@timestamp": "2026-03-11T08:10:40.185969Z", "EventID": 1, "Channel": "Microsoft-Windows-Sysmon/Operational", "Provider": "Microsoft-Windows-Sysmon", "ProviderGuid": "{5770385f-c22a-43e0-bf4c-06f5698ffbd9}", "Computer": "WS-ENG-101", "Task": "Process Create", "UtcTime": "2026-03-11 08:10:40.185", "ProcessGuid": "{33730cef-0000-0000-0000-b82278ad99af}", "User": "CORP\\j.dupont", "Image": "C:\\Program Files\\Google\\Chrome\\Application\\chrome.exe", "CommandLine": "chrome.exe --type=renderer", "CurrentDirectory": "C:\\Users\\j.dupont\\", "ProcessId": 7967, "IntegrityLevel": "Medium", "Hashes": "SHA1=B98A42E7E75A66429BF21F48D54033A6083EAF10,MD5=1BD296B5FE5A63134C2B6565,SHA256=B98A42E7E75A66429BF21F48D54033A6083EAF101BD296B5FE5A63134C2B6565,IMPHASH=B98A42E7E75A66429BF21F48D54033A6", "ParentImage": "C:\\Windows\\explorer.exe", "ParentCommandLine": "explorer.exe", "ParentProcessId": 7994, "OriginalFileName": "chrome.exe", "LogonId": "0xd83eaf"}
{"@timestamp": "2026-03-11T08:10:49.290992Z", "EventID": 1, "Channel": "Microsoft-Windows-Sysmon/Operational", "Provider": "Microsoft-Windows-Sysmon", "ProviderGuid": "{5770385f-c22a-43e0-bf4c-06f5698ffbd9}", "Computer": "WS-ENG-101", "Task": "Process Create", "UtcTime": "2026-03-11 08:10:49.290", "ProcessGuid": "{95cd59ec-0000-0000-0000-07a91c2e4081}", "User": "CORP\\m.laurent", "Image": "C:\\Program Files\\Google\\Chrome\\Application\\chrome.exe", "CommandLine": "chrome.exe --type=renderer", "CurrentDirectory": "C:\\Users\\m.laurent\\", "ProcessId": 8026, "IntegrityLevel": "Medium", "Hashes": "SHA1=B98A42E7E75A66429BF21F48D54033A6083EAF10,MD5=1BD296B5FE5A63134C2B6565,SHA256=B98A42E7E75A66429BF21F48D54033A6083EAF101BD296B5FE5A63134C2B6565,IMPHASH=B98A42E7E75A66429BF21F48D54033A6", "ParentImage": "C:\\Windows\\explorer.exe", "ParentCommandLine": "explorer.exe", "ParentProcessId": 8053, "OriginalFileName": "chrome.exe", "LogonId": "0x1e52eb"}
{"@timestamp": "2026-03-11T08:11:04.824373Z", "EventID": 1, "Channel": "Microsoft-Windows-Sysmon/Operational", "Provider": "Microsoft-Windows-Sysmon", "ProviderGuid": "{5770385f-c22a-43e0-bf4c-06f5698ffbd9}", "Computer": "SRV-APP-02", "Task": "Process Create", "UtcTime": "2026-03-11 08:11:04.824", "ProcessGuid": "{c17c72be-0000-0000-0000-4dbc1350764a}", "User": "CORP\\a.schmidt", "Image": "C:\\Program Files\\Microsoft Office\\root\\Office16\\OUTLOOK.EXE", "CommandLine": "OUTLOOK.EXE /recycle", "CurrentDirectory": "C:\\Users\\a.schmidt\\", "ProcessId": 8075, "IntegrityLevel": "Medium", "Hashes": "SHA1=D25566003433C51441C6E3C14EF3881FFB63A3D5,MD5=4985E661295960B277858FDD,SHA256=D25566003433C51441C6E3C14EF3881FFB63A3D54985E661295960B277858FDD,IMPHASH=D25566003433C51441C6E3C14EF3881F", "ParentImage": "C:\\Windows\\explorer.exe", "ParentCommandLine": "explorer.exe", "ParentProcessId": 8108, "OriginalFileName": "OUTLOOK.EXE", "LogonId": "0xc46117"}
{"@timestamp": "2026-03-11T08:11:05.824373Z", "EventID": 7, "Channel": "Microsoft-Windows-Sysmon/Operational", "Provider": "Microsoft-Windows-Sysmon", "ProviderGuid": "{5770385f-c22a-43e0-bf4c-06f5698ffbd9}", "Computer": "SRV-APP-02", "Task": "Image loaded", "UtcTime": "2026-03-11 08:11:05.824", "ProcessGuid": "{ab311030-0000-0000-0000-cdf4e984a8df}", "User": "CORP\\a.schmidt", "Image": "C:\\Program Files\\Microsoft Office\\root\\Office16\\OUTLOOK.EXE", "ImageLoaded": "C:\\Windows\\System32\\advapi32.dll", "Hashes": "SHA1=710137EDECA7E0959E59CD8930BB80C7ECC16348,MD5=F711E39436CB57EA45CD1749,SHA256=710137EDECA7E0959E59CD8930BB80C7ECC16348F711E39436CB57EA45CD1749,IMPHASH=710137EDECA7E0959E59CD8930BB80C7", "Signed": "true", "Signature": "Microsoft Windows", "SignatureStatus": "Valid", "ProcessId": 8135}
