{"@timestamp": "2026-03-11T08:22:14.082889Z", "EventID": 1, "Channel": "Microsoft-Windows-Sysmon/Operational", "Provider": "Microsoft-Windows-Sysmon", "ProviderGuid": "{5770385f-c22a-43e0-bf4c-06f5698ffbd9}", "Computer": "SRV-APP-02", "Task": "Process Create", "UtcTime": "2026-03-11 08:22:14.082", "ProcessGuid": "{b433f2cb-0000-0000-0000-7f07ce5eb781}", "User": "CORP\\a.schmidt", "Image": "C:\\Program Files\\Google\\Chrome\\Application\\chrome.exe", "CommandLine": "chrome.exe --type=renderer", "CurrentDirectory": "C:\\Users\\a.schmidt\\", "ProcessId": 12398, "IntegrityLevel": "Medium", "Hashes": "SHA1=B98A42E7E75A66429BF21F48D54033A6083EAF10,MD5=1BD296B5FE5A63134C2B6565,SHA256=B98A42E7E75A66429BF21F48D54033A6083EAF101BD296B5FE5A63134C2B6565,IMPHASH=B98A42E7E75A66429BF21F48D54033A6", "ParentImage": "C:\\Windows\\explorer.exe", "ParentCommandLine": "explorer.exe", "ParentProcessId": 12414, "OriginalFileName": "chrome.exe", "LogonId": "0xa317ec"}
{"@timestamp": "2026-03-11T08:22:22.387845Z", "EventID": 1, "Channel": "Microsoft-Windows-Sysmon/Operational", "Provider": "Microsoft-Windows-Sysmon", "ProviderGuid": "{5770385f-c22a-43e0-bf4c-06f5698ffbd9}", "Computer": "WS-MKT-047", "Task": "Process Create", "UtcTime": "2026-03-11 08:22:22.387", "ProcessGuid": "{f1d5c302-0000-0000-0000-e9501dfef232}", "User": "CORP\\j.dupont", "Image": "C:\\Program Files\\Microsoft Office\\root\\Office16\\OUTLOOK.EXE", "CommandLine": "OUTLOOK.EXE /recycle", "CurrentDirectory": "C:\\Users\\j.dupont\\", "ProcessId": 12446, "IntegrityLevel": "Medium", "Hashes": "SHA1=D25566003433C51441C6E3C14EF3881FFB63A3D5,MD5=4985E661295960B277858FDD,SHA256=D25566003433C51441C6E3C14EF3881FFB63A3D54985E661295960B277858FDD,IMPHASH=D25566003433C51441C6E3C14EF3881F", "ParentImage": "C:\\Windows\\explorer.exe", "ParentCommandLine": "explorer.exe", "ParentProcessId": 12461, "OriginalFileName": "OUTLOOK.EXE", "LogonId": "0x8c4765"}
{"@timestamp": "2026-03-11T08:22:37.160067Z", "EventID": 1, "Channel": "Microsoft-Windows-Sysmon/Operational", "Provider": "Microsoft-Windows-Sysmon", "ProviderGuid": "{5770385f-c22a-43e0-bf4c-06f5698ffbd9}", "Computer": "WS-HR-022", "Task": "Process Create", "UtcTime": "2026-03-11 08:22:37.160", "ProcessGuid": "{4ed07d75-0000-0000-0000-8e2d563a8583}", "User": "CORP\\a.schmidt", "Image": "C:\\Windows\\System32\\RuntimeBroker.exe", "CommandLine": "RuntimeBroker.exe -Embedding", "CurrentDirectory": "C:\\Users\\a.schmidt\\", "ProcessId": 12489, "IntegrityLevel": "Medium", "Hashes": "SHA1=6E06B06ABB69086464746156B313BB85E792314E,MD5=F5BB5F92FAEC74E6F48A66F1,SHA256=6E06B06ABB69086464746156B313BB85E792314EF5BB5F92FAEC74E6F48A66F1,IMPHASH=6E06B06ABB69086464746156B313BB85", "ParentImage": "C:\\Windows\\System32\\svchost.exe", "ParentCommandLine": "svchost.exe", "ParentProcessId": 12514, "OriginalFileName": "RuntimeBroker.exe", "LogonId": "0xa3726b"}
{"@timestamp": "2026-03-11T08:22:38.160067Z", "EventID": 7, "Channel": "Microsoft-Windows-Sysmon/Operational", "Provider": "Microsoft-Windows-Sysmon", "ProviderGuid": "{5770385f-c22a-43e0-bf4c-06f5698ffbd9}", "Computer": "WS-HR-022", "Task": "Image loaded", "UtcTime": "2026-03-11 08:22:38.160", "ProcessGuid": "{e87d405d-0000-0000-0000-4e07e92917c1}", "User": "CORP\\a.schmidt", "Image": "C:\\Windows\\System32\\RuntimeBroker.exe", "ImageLoaded": "C:\\Windows\\System32\\advapi32.dll", "Hashes": "SHA1=710137EDECA7E0959E59CD8930BB80C7ECC16348,MD5=F711E39436CB57EA45CD1749,SHA256=710137EDECA7E0959E59CD8930BB80C7ECC16348F711E39436CB57EA45CD1749,IMPHASH=710137EDECA7E0959E59CD8930BB80C7", "Signed": "true", "Signature": "Microsoft Windows", "SignatureStatus": "Valid", "ProcessId": 12527}
{"@timestamp": "2026-03-11T08:22:46.137655Z", "EventID": 1, "Channel": "Microsoft-Windows-Sysmon/Operational", "Provider": "Microsoft-Windows-Sysmon", "ProviderGuid": "{5770385f-c22a-43e0-bf4c-06f5698ffbd9}", "Computer": "WS-MKT-047", "Task": "Process Create", "UtcTime": "2026-03-11 08:22:46.137", "ProcessGuid": "{37fc0333-0000-0000-0000-2daa49140642}", "User": "CORP\\p.novak", "Image": "C:\\Windows\\System32\\SearchIndexer.exe", "CommandLine": "SearchIndexer.exe /Embedding", "CurrentDirectory": "C:\\Users\\p.novak\\", "ProcessId": 12542, "IntegrityLevel": "Medium", "Hashes": "SHA1=121647E7D5A6D15EEAB8D97378C4AEDDD4ADD9A0,MD5=283832F41A113F74BCD3F79D,SHA256=121647E7D5A6D15EEAB8D97378C4AEDDD4ADD9A0283832F41A113F74BCD3F79D,IMPHASH=121647E7D5A6D15EEAB8D97378C4AEDD", "ParentImage": "C:\\Windows\\System32\\services.exe", "ParentCommandLine": "services.exe", "ParentProcessId": 12552, "OriginalFileName": "SearchIndexer.exe", "LogonId": "0x7a5eb4"}
{"@timestamp": "2026-03-11T08:22:48.137655Z", "EventID": 22, "Channel": "Microsoft-Windows-Sysmon/Operational", "Provider": "Microsoft-Windows-Sysmon", "ProviderGuid": "{5770385f-c22a-43e0-bf4c-06f5698ffbd9}", "Computer": "WS-MKT-047", "Task": "Dns query", "UtcTime": "2026-03-11 08:22:48.137", "ProcessGuid": "{abcfd844-0000-0000-0000-3d508a0c4a7a}", "User": "CORP\\p.novak", "Image": "C:\\Windows\\System32\\SearchIndexer.exe", "QueryName": "cdn.jsdelivr.net", "QueryStatus": "0", "QueryResults": "type: 5 cdn.jsdelivr.net", "ProcessId": 12573}
{"@timestamp": "2026-03-11T08:22:49.137655Z", "EventID": 3, "Channel": "Microsoft-Windows-Sysmon/Operational", "Provider": "Microsoft-Windows-Sysmon", "ProviderGuid": "{5770385f-c22a-43e0-bf4c-06f5698ffbd9}", "Computer": "WS-MKT-047", "Task": "Network connection detected", "UtcTime": "2026-03-11 08:22:49.137", "ProcessGuid": "{250f553c-0000-0000-0000-bac316f65a7c}", "User": "CORP\\p.novak", "Image": "C:\\Windows\\System32\\SearchIndexer.exe", "Protocol": "tcp", "Initiated": true, "SourceIp": "10.20.4.76", "SourcePort": 55499, "DestinationIp": "104.18.17.67", "DestinationPort": 443, "DestinationHostname": "cdn.jsdelivr.net", "ProcessId": 12587}
{"@timestamp": "2026-03-11T08:22:55.360572Z", "EventID": 1, "Channel": "Microsoft-Windows-Sysmon/Operational", "Provider": "Microsoft-Windows-Sysmon", "ProviderGuid": "{5770385f-c22a-43e0-bf4c-06f5698ffbd9}", "Computer": "WS-HR-022", "Task": "Process Create", "UtcTime": "2026-03-11 08:22:55.360", "ProcessGuid": "{db492b42-0000-0000-0000-aa8d4b6b69b9}", "User": "CORP\\j.dupont", "Image": "C:\\Windows\\System32\\svchost.exe", "CommandLine": "svchost.exe -k netsvcs -p", "CurrentDirectory": "C:\\Users\\j.dupont\\", "ProcessId": 12612, "IntegrityLevel": "Medium", "Hashes": "SHA1=61ED4F85C992073BF9CF86A8CCF97A3836235B30,MD5=26EEE472B11BDD9EB577ED2A,SHA256=61ED4F85C992073BF9CF86A8CCF97A3836235B3026EEE472B11BDD9EB577ED2A,IMPHASH=61ED4F85C992073BF9CF86A8CCF97A38", "ParentImage": "C:\\Windows\\System32\\services.exe", "ParentCommandLine": "services.exe", "ParentProcessId": 12640, "OriginalFileName": "svchost.exe", "LogonId": "0xee2eab"}
{"@timestamp": "2026-03-11T08:23:07.950416Z", "EventID": 1, "Channel": "Microsoft-Windows-Sysmon/Operational", "Provider": "Microsoft-Windows-Sysmon", "ProviderGuid": "{5770385f-c22a-43e0-bf4c-06f5698ffbd9}", "Computer": "WS-HR-022", "Task": "Process Create", "UtcTime": "2026-03-11 08:23:07.950", "ProcessGuid": "{52f0852b-0000-0000-0000-8bbbf603fa89}", "User": "CORP\\j.dupont", "Image": "C:\\Windows\\System32\\SearchIndexer.exe", "CommandLine": "SearchIndexer.exe /Embedding", "CurrentDirectory": "C:\\Users\\j.dupont\\", "ProcessId": 12669, "IntegrityLevel": "Medium", "Hashes": "SHA1=121647E7D5A6D15EEAB8D97378C4AEDDD4ADD9A0,MD5=283832F41A113F74BCD3F79D,SHA256=121647E7D5A6D15EEAB8D97378C4AEDDD4ADD9A0283832F41A113F74BCD3F79D,IMPHASH=121647E7D5A6D15EEAB8D97378C4AEDD", "ParentImage": "C:\\Windows\\System32\\services.exe", "ParentCommandLine": "services.exe", "ParentProcessId": 12693, "OriginalFileName": "SearchIndexer.exe", "LogonId": "0x69af86"}
{"@timestamp": "2026-03-11T08:23:08.950416Z", "EventID": 7, "Channel": "Microsoft-Windows-Sysmon/Operational", "Provider": "Microsoft-Windows-Sysmon", "ProviderGuid": "{5770385f-c22a-43e0-bf4c-06f5698ffbd9}", "Computer": "WS-HR-022", "Task": "Image loaded", "UtcTime": "2026-03-11 08:23:08.950", "ProcessGuid": "{ae8a6e2a-0000-0000-0000-049d9305725e}", "User": "CORP\\j.dupont", "Image": "C:\\Windows\\System32\\SearchIndexer.exe", "ImageLoaded": "C:\\Windows\\System32\\advapi32.dll", "Hashes": "SHA1=710137EDECA7E0959E59CD8930BB80C7ECC16348,MD5=F711E39436CB57EA45CD1749,SHA256=710137EDECA7E0959E59CD8930BB80C7ECC16348F711E39436CB57EA45CD1749,IMPHASH=710137EDECA7E0959E59CD8930BB80C7", "Signed": "true", "Signature": "Microsoft Windows", "SignatureStatus": "Valid", "ProcessId": 12700}
{"@timestamp": "2026-03-11T08:23:11.950416Z", "EventID": 13, "Channel": "Microsoft-Windows-Sysmon/Operational", "Provider": "Microsoft-Windows-Sysmon", "ProviderGuid": "{5770385f-c22a-43e0-bf4c-06f5698ffbd9}", "Computer": "WS-HR-022", "Task": "Registry value set", "UtcTime": "2026-03-11 08:23:11.950", "ProcessGuid": "{a3cf97b6-0000-0000-0000-ed91e389a2d4}", "User": "CORP\\j.dupont", "EventType": "SetValue", "Image": "C:\\Windows\\System32\\SearchIndexer.exe", "TargetObject": "HKLM\\SOFTWARE\\Microsoft\\Windows\\CurrentVersion\\Explorer\\Advanced\\Hidden", "Details": "DWORD (0x00000001)", "ProcessId": 12726}
{"@timestamp": "2026-03-11T08:23:19.378769Z", "EventID": 1, "Channel": "Microsoft-Windows-Sysmon/Operational", "Provider": "Microsoft-Windows-Sysmon", "ProviderGuid": "{5770385f-c22a-43e0-bf4c-06f5698ffbd9}", "Computer": "WS-HR-022", "Task": "Process Create", "UtcTime": "2026-03-11 08:23:19.378", "ProcessGuid": "{5efbccc9-0000-0000-0000-049522bb1cd6}", "User": "CORP\\a.schmidt", "Image": "C:\\Windows\\System32\\taskhostw.exe", "CommandLine": "taskhostw.exe {222A245B}", "CurrentDirectory": "C:\\Users\\a.schmidt\\", "ProcessId": 12741, "IntegrityLevel": "Medium", "Hashes": "SHA1=EADE2CD8C84CE631A2A6917151557D03D7BCF704,MD5=B2A911E5910025FA412EE1D7,SHA256=EADE2CD8C84CE631A2A6917151557D03D7BCF704B2A911E5910025FA412EE1D7,IMPHASH=EADE2CD8C84CE631A2A6917151557D03", "ParentImage": "C:\\Windows\\System32\\svchost.exe", "ParentCommandLine": "svchost.exe", "ParentProcessId": 12777, "OriginalFileName": "taskhostw.exe", "LogonId": "0x52417d"}
{"@timestamp": "2026-03-11T08:23:29.926962Z", "EventID": 1, "Channel": "Microsoft-Windows-Sysmon/Operational", "Provider": "Microsoft-Windows-Sysmon", "ProviderGuid": "{5770385f-c22a-43e0-bf4c-06f5698ffbd9}", "Computer": "SRV-APP-02", "Task": "Process Create", "UtcTime": "2026-03-11 08:23:29.926", "ProcessGuid": "{1d549e13-0000-0000-0000-9d2359e0fae8}", "User": "CORP\\a.schmidt", "Image": "C:\\Windows\\System32\\SearchIndexer.exe", "CommandLine": "SearchIndexer.exe /Embedding", "CurrentDirectory": "C:\\Users\\a.schmidt\\", "ProcessId": 12800, "IntegrityLevel": "Medium", "Hashes": "SHA1=121647E7D5A6D15EEAB8D97378C4AEDDD4ADD9A0,MD5=283832F41A113F74BCD3F79D,SHA256=121647E7D5A6D15EEAB8D97378C4AEDDD4ADD9A0283832F41A113F74BCD3F79D,IMPHASH=121647E7D5A6D15EEAB8D97378C4AEDD", "ParentImage": "C:\\Windows\\System32\\services.exe", "ParentCommandLine": "services.exe", "ParentProcessId": 12822, "OriginalFileName": "SearchIndexer.exe", "LogonId": "0x4aa612"}
{"@timestamp": "2026-03-11T08:23:31.926962Z", "EventID": 22, "Channel": "Microsoft-Windows-Sysmon/Operational", "Provider": "Microsoft-Windows-Sysmon", "ProviderGuid": "{5770385f-c22a-43e0-bf4c-06f5698ffbd9}", "Computer": "SRV-APP-02", "Task": "Dns query", "UtcTime": "2026-03-11 08:23:31.926", "ProcessGuid": "{7b732a41-0000-0000-0000-5c1c937ae594}", "User": "CORP\\a.schmidt", "Image": "C:\\Windows\\System32\\SearchIndexer.exe", "QueryName": "www.microsoft.com", "QueryStatus": "0", "QueryResults": "type: 5 www.microsoft.com", "ProcessId": 12840}
{"@timestamp": "2026-03-11T08:23:32.926962Z", "EventID": 3, "Channel": "Microsoft-Windows-Sysmon/Operational", "Provider": "Microsoft-Windows-Sysmon", "ProviderGuid": "{5770385f-c22a-43e0-bf4c-06f5698ffbd9}", "Computer": "SRV-APP-02", "Task": "Network connection detected", "UtcTime": "2026-03-11 08:23:32.926", "ProcessGuid": "{98f8cee5-0000-0000-0000-64ea5f59d347}", "User": "CORP\\a.schmidt", "Image": "C:\\Windows\\System32\\SearchIndexer.exe", "Protocol": "tcp", "Initiated": true, "SourceIp": "10.20.4.76", "SourcePort": 57799, "DestinationIp": "104.18.1.39", "DestinationPort": 443, "DestinationHostname": "www.microsoft.com", "ProcessId": 12858}
{"@timestamp": "2026-03-11T08:23:43.282742Z", "EventID": 1, "Channel": "Microsoft-Windows-Sysmon/Operational", "Provider": "Microsoft-Windows-Sysmon", "ProviderGuid": "{5770385f-c22a-43e0-bf4c-06f5698ffbd9}", "Computer": "WS-MKT-047", "Task": "Process Create", "UtcTime": "2026-03-11 08:23:43.282", "ProcessGuid": "{67243649-0000-0000-0000-ea1707fe5292}", "User": "CORP\\m.laurent", "Image": "C:\\Windows\\System32\\RuntimeBroker.exe", "CommandLine": "RuntimeBroker.exe -Embedding", "CurrentDirectory": "C:\\Users\\m.laurent\\", "ProcessId": 12866, "IntegrityLevel": "Medium", "Hashes": "SHA1=6E06B06ABB69086464746156B313BB85E792314E,MD5=F5BB5F92FAEC74E6F48A66F1,SHA256=6E06B06ABB69086464746156B313BB85E792314EF5BB5F92FAEC74E6F48A66F1,IMPHASH=6E06B06ABB69086464746156B313BB85", "ParentImage": "C:\\Windows\\System32\\svchost.exe", "ParentCommandLine": "svchost.exe", "ParentProcessId": 12879, "OriginalFileName": "RuntimeBroker.exe", "LogonId": "0x53e21e"}
{"@timestamp": "2026-03-11T08:23:44.282742Z", "EventID": 7, "Channel": "Microsoft-Windows-Sysmon/Operational", "Provider": "Microsoft-Windows-Sysmon", "ProviderGuid": "{5770385f-c22a-43e0-bf4c-06f5698ffbd9}", "Computer": "WS-MKT-047", "Task": "Image loaded", "UtcTime": "2026-03-11 08:23:44.282", "ProcessGuid": "{0a9e6db3-0000-0000-0000-ed4854b5957a}", "User": "CORP\\m.laurent", "Image": "C:\\Windows\\System32\\RuntimeBroker.exe", "ImageLoaded": "C:\\Windows\\System32\\kernel32.dll", "Hashes": "SHA1=9CFF62CD296F6EFDBB9B5622D676BA00427ABD30,MD5=4150B5B1C27F0AA9385BB344,SHA256=9CFF62CD296F6EFDBB9B5622D676BA00427ABD304150B5B1C27F0AA9385BB344,IMPHASH=9CFF62CD296F6EFDBB9B5622D676BA00", "Signed": "true", "Signature": "Microsoft Windows", "SignatureStatus": "Valid", "ProcessId": 12899}
{"@timestamp": "2026-03-11T08:23:50.680773Z", "EventID": 1, "Channel": "Microsoft-Windows-Sysmon/Operational", "Provider": "Microsoft-Windows-Sysmon", "ProviderGuid": "{5770385f-c22a-43e0-bf4c-06f5698ffbd9}", "Computer": "WS-FIN-014", "Task": "Process Create", "UtcTime": "2026-03-11 08:23:50.680", "ProcessGuid": "{7530d5de-0000-0000-0000-ed4ccaac3d20}", "User": "CORP\\p.novak", "Image": "C:\\Windows\\System32\\taskhostw.exe", "CommandLine": "taskhostw.exe {222A245B}", "CurrentDirectory": "C:\\Users\\p.novak\\", "ProcessId": 12903, "IntegrityLevel": "Medium", "Hashes": "SHA1=EADE2CD8C84CE631A2A6917151557D03D7BCF704,MD5=B2A911E5910025FA412EE1D7,SHA256=EADE2CD8C84CE631A2A6917151557D03D7BCF704B2A911E5910025FA412EE1D7,IMPHASH=EADE2CD8C84CE631A2A6917151557D03", "ParentImage": "C:\\Windows\\System32\\svchost.exe", "ParentCommandLine": "svchost.exe", "ParentProcessId": 12914, "OriginalFileName": "taskhostw.exe", "LogonId": "0xba1a8f"}
{"@timestamp": "2026-03-11T08:24:03.997234Z", "EventID": 1, "Channel": "Microsoft-Windows-Sysmon/Operational", "Provider": "Microsoft-Windows-Sysmon", "ProviderGuid": "{5770385f-c22a-43e0-bf4c-06f5698ffbd9}", "Computer": "WS-ENG-101", "Task": "Process Create", "UtcTime": "2026-03-11 08:24:03.997", "ProcessGuid": "{a8f302c7-0000-0000-0000-15c1f9bcf1b4}", "User": "CORP\\j.dupont", "Image": "C:\\Windows\\System32\\svchost.exe", "CommandLine": "svchost.exe -k netsvcs -p", "CurrentDirectory": "C:\\Users\\j.dupont\\", "ProcessId": 12919, "IntegrityLevel": "Medium", "Hashes": "SHA1=61ED4F85C992073BF9CF86A8CCF97A3836235B30,MD5=26EEE472B11BDD9EB577ED2A,SHA256=61ED4F85C992073BF9CF86A8CCF97A3836235B3026EEE472B11BDD9EB577ED2A,IMPHASH=61ED4F85C992073BF9CF86A8CCF97A38", "ParentImage": "C:\\Windows\\System32\\services.exe", "ParentCommandLine": "services.exe", "ParentProcessId": 12945, "OriginalFileName": "svchost.exe", "LogonId": "0x4bda13"}
{"@timestamp": "2026-03-11T08:24:12.347617Z", "EventID": 1, "Channel": "Microsoft-Windows-Sysmon/Operational", "Provider": "Microsoft-Windows-Sysmon", "ProviderGuid": "{5770385f-c22a-43e0-bf4c-06f5698ffbd9}", "Computer": "WS-MKT-047", "Task": "Process Create", "UtcTime": "2026-03-11 08:24:12.347", "ProcessGuid": "{d8155dea-0000-0000-0000-71c2e891ef2d}", "User": "CORP\\j.dupont", "Image": "C:\\Program Files\\Google\\Chrome\\Application\\chrome.exe", "CommandLine": "chrome.exe --type=renderer", "CurrentDirectory": "C:\\Users\\j.dupont\\", "ProcessId": 12974, "IntegrityLevel": "Medium", "Hashes": "SHA1=B98A42E7E75A66429BF21F48D54033A6083EAF10,MD5=1BD296B5FE5A63134C2B6565,SHA256=B98A42E7E75A66429BF21F48D54033A6083EAF101BD296B5FE5A63134C2B6565,IMPHASH=B98A42E7E75A66429BF21F48D54033A6", "ParentImage": "C:\\Windows\\explorer.exe", "ParentCommandLine": "explorer.exe", "ParentProcessId": 12978, "OriginalFileName": "chrome.exe", "LogonId": "0x8084b0"}
{"@timestamp": "2026-03-11T08:24:13.347617Z", "EventID": 7, "Channel": "Microsoft-Windows-Sysmon/Operational", "Provider": "Microsoft-Windows-Sysmon", "ProviderGuid": "{5770385f-c22a-43e0-bf4c-06f5698ffbd9}", "Computer": "WS-MKT-047", "Task": "Image loaded", "UtcTime": "2026-03-11 08:24:13.347", "ProcessGuid": "{9425095a-0000-0000-0000-5171698bf9cf}", "User": "CORP\\j.dupont", "Image": "C:\\Program Files\\Google\\Chrome\\Application\\chrome.exe", "ImageLoaded": "C:\\Windows\\System32\\ntdll.dll", "Hashes": "SHA1=10A7949A67B3658998DA2966045490E09CA516C0,MD5=DBDCDCAAC9D1FC61849E35DE,SHA256=10A7949A67B3658998DA2966045490E09CA516C0DBDCDCAAC9D1FC61849E35DE,IMPHASH=10A7949A67B3658998DA2966045490E0", "Signed": "true", "Signature": "Microsoft Windows", "SignatureStatus": "Valid", "ProcessId": 12985}
{"@timestamp": "2026-03-11T08:24:14.347617Z", "EventID": 22, "Channel": "Microsoft-Windows-Sysmon/Operational", "Provider": "Microsoft-Windows-Sysmon", "ProviderGuid": "{5770385f-c22a-43e0-bf4c-06f5698ffbd9}", "Computer": "WS-MKT-047", "Task": "Dns query", "UtcTime": "2026-03-11 08:24:14.347", "ProcessGuid": "{98708119-0000-0000-0000-1f8988718a47}", "User": "CORP\\j.dupont", "Image": "C:\\Program Files\\Google\\Chrome\\Application\\chrome.exe", "QueryName": "www.microsoft.com", "QueryStatus": "0", "QueryResults": "type: 5 www.microsoft.com", "ProcessId": 13015}
{"@timestamp": "2026-03-11T08:24:15.347617Z", "EventID": 3, "Channel": "Microsoft-Windows-Sysmon/Operational", "Provider": "Microsoft-Windows-Sysmon", "ProviderGuid": "{5770385f-c22a-43e0-bf4c-06f5698ffbd9}", "Computer": "WS-MKT-047", "Task": "Network connection detected", "UtcTime": "2026-03-11 08:24:15.347", "ProcessGuid": "{e3e521f5-0000-0000-0000-2ad8f5f98c26}", "User": "CORP\\j.dupont", "Image": "C:\\Program Files\\Google\\Chrome\\Application\\chrome.exe", "Protocol": "tcp", "Initiated": true, "SourceIp": "10.20.4.24", "SourcePort": 53317, "DestinationIp": "104.18.13.188", "DestinationPort": 443, "DestinationHostname": "www.microsoft.com", "ProcessId": 13037}
{"@timestamp": "2026-03-11T08:24:16.347617Z", "EventID": 13, "Channel": "Microsoft-Windows-Sysmon/Operational", "Provider": "Microsoft-Windows-Sysmon", "ProviderGuid": "{5770385f-c22a-43e0-bf4c-06f5698ffbd9}", "Computer": "WS-MKT-047", "Task": "Registry value set", "UtcTime": "2026-03-11 08:24:16.347", "ProcessGuid": "{03d06d1f-0000-0000-0000-6253784b5cf5}", "User": "CORP\\j.dupont", "EventType": "SetValue", "Image": "C:\\Program Files\\Google\\Chrome\\Application\\chrome.exe", "TargetObject": "HKLM\\SOFTWARE\\Microsoft\\Windows\\CurrentVersion\\Explorer\\Advanced\\Hidden", "Details": "DWORD (0x00000001)", "ProcessId": 13060}
{"@timestamp": "2026-03-11T08:24:27.094520Z", "EventID": 1, "Channel": "Microsoft-Windows-Sysmon/Operational", "Provider": "Microsoft-Windows-Sysmon", "ProviderGuid": "{5770385f-c22a-43e0-bf4c-06f5698ffbd9}", "Computer": "WS-MKT-047", "Task": "Process Create", "UtcTime": "2026-03-11 08:24:27.094", "ProcessGuid": "{40bef347-0000-0000-0000-ededb03f1717}", "User": "CORP\\m.laurent", "Image": "C:\\Windows\\System32\\taskhostw.exe", "CommandLine": "taskhostw.exe {222A245B}", "CurrentDirectory": "C:\\Users\\m.laurent\\", "ProcessId": 13071, "IntegrityLevel": "Medium", "Hashes": "SHA1=EADE2CD8C84CE631A2A6917151557D03D7BCF704,MD5=B2A911E5910025FA412EE1D7,SHA256=EADE2CD8C84CE631A2A6917151557D03D7BCF704B2A911E5910025FA412EE1D7,IMPHASH=EADE2CD8C84CE631A2A6917151557D03", "ParentImage": "C:\\Windows\\System32\\svchost.exe", "ParentCommandLine": "svchost.exe", "ParentProcessId": 13110, "OriginalFileName": "taskhostw.exe", "LogonId": "0x8a7d07"}
{"@timestamp": "2026-03-11T08:24:38.410191Z", "EventID": 1, "Channel": "Microsoft-Windows-Sysmon/Operational", "Provider": "Microsoft-Windows-Sysmon", "ProviderGuid": "{5770385f-c22a-43e0-bf4c-06f5698ffbd9}", "Computer": "WS-MKT-047", "Task": "Process Create", "UtcTime": "2026-03-11 08:24:38.410", "ProcessGuid": "{e4eb4691-0000-0000-0000-a2709db98d44}", "User": "CORP\\p.novak", "Image": "C:\\Windows\\System32\\taskhostw.exe", "CommandLine": "taskhostw.exe {222A245B}", "CurrentDirectory": "C:\\Users\\p.novak\\", "ProcessId": 13117, "IntegrityLevel": "Medium", "Hashes": "SHA1=EADE2CD8C84CE631A2A6917151557D03D7BCF704,MD5=B2A911E5910025FA412EE1D7,SHA256=EADE2CD8C84CE631A2A6917151557D03D7BCF704B2A911E5910025FA412EE1D7,IMPHASH=EADE2CD8C84CE631A2A6917151557D03", "ParentImage": "C:\\Windows\\System32\\svchost.exe", "ParentCommandLine": "svchost.exe", "ParentProcessId": 13129, "OriginalFileName": "taskhostw.exe", "LogonId": "0x741bc"}
{"@timestamp": "2026-03-11T08:24:47.285153Z", "EventID": 1, "Channel": "Microsoft-Windows-Sysmon/Operational", "Provider": "Microsoft-Windows-Sysmon", "ProviderGuid": "{5770385f-c22a-43e0-bf4c-06f5698ffbd9}", "Computer": "WS-HR-022", "Task": "Process Create", "UtcTime": "2026-03-11 08:24:47.285", "ProcessGuid": "{4f5d8cba-0000-0000-0000-c62a2d4a9138}", "User": "CORP\\j.dupont", "Image": "C:\\Windows\\System32\\svchost.exe", "CommandLine": "svchost.exe -k netsvcs -p", "CurrentDirectory": "C:\\Users\\j.dupont\\", "ProcessId": 13157, "IntegrityLevel": "Medium", "Hashes": "SHA1=61ED4F85C992073BF9CF86A8CCF97A3836235B30,MD5=26EEE472B11BDD9EB577ED2A,SHA256=61ED4F85C992073BF9CF86A8CCF97A3836235B3026EEE472B11BDD9EB577ED2A,IMPHASH=61ED4F85C992073BF9CF86A8CCF97A38", "ParentImage": "C:\\Windows\\System32\\services.exe", "ParentCommandLine": "services.exe", "ParentProcessId": 13167, "OriginalFileName": "svchost.exe", "LogonId": "0x7f0956"}
{"@timestamp": "2026-03-11T08:24:48.285153Z", "EventID": 7, "Channel": "Microsoft-Windows-Sysmon/Operational", "Provider": "Microsoft-Windows-Sysmon", "ProviderGuid": "{5770385f-c22a-43e0-bf4c-06f5698ffbd9}", "Computer": "WS-HR-022", "Task": "Image loaded", "UtcTime": "2026-03-11 08:24:48.285", "ProcessGuid": "{f4a2d0d1-0000-0000-0000-e7aa4f0ff7ba}", "User": "CORP\\j.dupont", "Image": "C:\\Windows\\System32\\svchost.exe", "ImageLoaded": "C:\\Windows\\System32\\ole32.dll", "Hashes": "SHA1=F245FE196BF4E32347EB826671DBFA2AE75FC0F7,MD5=3E3DDDD0ED96FA97ED29A527,SHA256=F245FE196BF4E32347EB826671DBFA2AE75FC0F73E3DDDD0ED96FA97ED29A527,IMPHASH=F245FE196BF4E32347EB826671DBFA2A", "Signed": "true", "Signature": "Microsoft Windows", "SignatureStatus": "Valid", "ProcessId": 13202}
{"@timestamp": "2026-03-11T08:25:00.495672Z", "EventID": 1, "Channel": "Microsoft-Windows-Sysmon/Operational", "Provider": "Microsoft-Windows-Sysmon", "ProviderGuid": "{5770385f-c22a-43e0-bf4c-06f5698ffbd9}", "Computer": "WS-MKT-047", "Task": "Process Create", "UtcTime": "2026-03-11 08:25:00.495", "ProcessGuid": "{60c4791b-0000-0000-0000-65022b0be602}", "User": "CORP\\p.novak", "Image": "C:\\Program Files\\Microsoft Office\\root\\Office16\\OUTLOOK.EXE", "CommandLine": "OUTLOOK.EXE /recycle", "CurrentDirectory": "C:\\Users\\p.novak\\", "ProcessId": 13235, "IntegrityLevel": "Medium", "Hashes": "SHA1=D25566003433C51441C6E3C14EF3881FFB63A3D5,MD5=4985E661295960B277858FDD,SHA256=D25566003433C51441C6E3C14EF3881FFB63A3D54985E661295960B277858FDD,IMPHASH=D25566003433C51441C6E3C14EF3881F", "ParentImage": "C:\\Windows\\explorer.exe", "ParentCommandLine": "explorer.exe", "ParentProcessId": 13263, "OriginalFileName": "OUTLOOK.EXE", "LogonId": "0x18afad"}
{"@timestamp": "2026-03-11T08:25:02.495672Z", "EventID": 22, "Channel": "Microsoft-Windows-Sysmon/Operational", "Provider": "Microsoft-Windows-Sysmon", "ProviderGuid": "{5770385f-c22a-43e0-bf4c-06f5698ffbd9}", "Computer": "WS-MKT-047", "Task": "Dns query", "UtcTime": "2026-03-11 08:25:02.495", "ProcessGuid": "{7a98801d-0000-0000-0000-b3cf010c422a}", "User": "CORP\\p.novak", "Image": "C:\\Program Files\\Microsoft Office\\root\\Office16\\OUTLOOK.EXE", "QueryName": "cdn.jsdelivr.net", "QueryStatus": "0", "QueryResults": "type: 5 cdn.jsdelivr.net", "ProcessId": 13291}
{"@timestamp": "2026-03-11T08:25:03.495672Z", "EventID": 3, "Channel": "Microsoft-Windows-Sysmon/Operational", "Provider": "Microsoft-Windows-Sysmon", "ProviderGuid": "{5770385f-c22a-43e0-bf4c-06f5698ffbd9}", "Computer": "WS-MKT-047", "Task": "Network connection detected", "UtcTime": "2026-03-11 08:25:03.495", "ProcessGuid": "{09e98073-0000-0000-0000-6a1401ed7d53}", "User": "CORP\\p.novak", "Image": "C:\\Program Files\\Microsoft Office\\root\\Office16\\OUTLOOK.EXE", "Protocol": "tcp", "Initiated": true, "SourceIp": "10.20.4.35", "SourcePort": 60379, "DestinationIp": "104.18.2.48", "DestinationPort": 443, "DestinationHostname": "cdn.jsdelivr.net", "ProcessId": 13295}
{"@timestamp": "2026-03-11T08:25:07.278645Z", "EventID": 1, "Channel": "Microsoft-Windows-Sysmon/Operational", "Provider": "Microsoft-Windows-Sysmon", "ProviderGuid": "{5770385f-c22a-43e0-bf4c-06f5698ffbd9}", "Computer": "WS-ENG-101", "Task": "Process Create", "UtcTime": "2026-03-11 08:25:07.278", "ProcessGuid": "{20c80f40-0000-0000-0000-b37db29db36d}", "User": "CORP\\p.novak", "Image": "C:\\Program Files\\Microsoft Teams\\Teams.exe", "CommandLine": "Teams.exe --system-initiated", "CurrentDirectory": "C:\\Users\\p.novak\\", "ProcessId": 13331, "IntegrityLevel": "Medium", "Hashes": "SHA1=9525FFAF892D6BD1156DEC6DA15806371098DE79,MD5=FF07B9533A5BBA93B98DAC47,SHA256=9525FFAF892D6BD1156DEC6DA15806371098DE79FF07B9533A5BBA93B98DAC47,IMPHASH=9525FFAF892D6BD1156DEC6DA1580637", "ParentImage": "C:\\Windows\\explorer.exe", "ParentCommandLine": "explorer.exe", "ParentProcessId": 13336, "OriginalFileName": "Teams.exe", "LogonId": "0x97e936"}
{"@timestamp": "2026-03-11T08:25:19.870105Z", "EventID": 1, "Channel": "Microsoft-Windows-Sysmon/Operational", "Provider": "Microsoft-Windows-Sysmon", "ProviderGuid": "{5770385f-c22a-43e0-bf4c-06f5698ffbd9}", "Computer": "WS-HR-022", "Task": "Process Create", "UtcTime": "2026-03-11 08:25:19.870", "ProcessGuid": "{24d6934c-0000-0000-0000-0d507874c6b8}", "User": "CORP\\p.novak", "Image": "C:\\Program Files\\Google\\Chrome\\Application\\chrome.exe", "CommandLine": "chrome.exe --type=renderer", "CurrentDirectory": "C:\\Users\\p.novak\\", "ProcessId": 13351, "IntegrityLevel": "Medium", "Hashes": "SHA1=B98A42E7E75A66429BF21F48D54033A6083EAF10,MD5=1BD296B5FE5A63134C2B6565,SHA256=B98A42E7E75A66429BF21F48D54033A6083EAF101BD296B5FE5A63134C2B6565,IMPHASH=B98A42E7E75A66429BF21F48D54033A6", "ParentImage": "C:\\Windows\\explorer.exe", "ParentCommandLine": "explorer.exe", "ParentProcessId": 13388, "OriginalFileName": "chrome.exe", "LogonId": "0xe6e7d8"}
{"@timestamp": "2026-03-11T08:25:20.870105Z", "EventID": 7, "Channel": "Microsoft-Windows-Sysmon/Operational", "Provider": "Microsoft-Windows-Sysmon", "ProviderGuid": "{5770385f-c22a-43e0-bf4c-06f5698ffbd9}", "Computer": "WS-HR-022", "Task": "Image loaded", "UtcTime": "2026-03-11 08:25:20.870", "ProcessGuid": "{7583d035-0000-0000-0000-9f108fed293e}", "User": "CORP\\p.novak", "Image": "C:\\Program Files\\Google\\Chrome\\Application\\chrome.exe", "ImageLoaded": "C:\\Windows\\System32\\kernel32.dll", "Hashes": "SHA1=9CFF62CD296F6EFDBB9B5622D676BA00427ABD30,MD5=4150B5B1C27F0AA9385BB344,SHA256=9CFF62CD296F6EFDBB9B5622D676BA00427ABD304150B5B1C27F0AA9385BB344,IMPHASH=9CFF62CD296F6EFDBB9B5622D676BA00", "Signed": "true", "Signature": "Microsoft Windows", "SignatureStatus": "Valid", "ProcessId": 13400}
{"@timestamp": "2026-03-11T08:25:23.870105Z", "EventID": 13, "Channel": "Microsoft-Windows-Sysmon/Operational", "Provider": "Microsoft-Windows-Sysmon", "ProviderGuid": "{5770385f-c22a-43e0-bf4c-06f5698ffbd9}", "Computer": "WS-HR-022", "Task": "Registry value set", "UtcTime": "2026-03-11 08:25:23.870", "ProcessGuid": "{1450a691-0000-0000-0000-e2dba4bde250}", "User": "CORP\\p.novak", "EventType": "SetValue", "Image": "C:\\Program Files\\Google\\Chrome\\Application\\chrome.exe", "TargetObject": "HKLM\\SOFTWARE\\Microsoft\\Windows\\CurrentVersion\\Explorer\\Advanced\\Hidden", "Details": "DWORD (0x00000001)", "ProcessId": 13430}
{"@timestamp": "2026-03-11T08:25:30.060690Z", "EventID": 1, "Channel": "Microsoft-Windows-Sysmon/Operational", "Provider": "Microsoft-Windows-Sysmon", "ProviderGuid": "{5770385f-c22a-43e0-bf4c-06f5698ffbd9}", "Computer": "WS-FIN-014", "Task": "Process Create", "UtcTime": "2026-03-11 08:25:30.060", "ProcessGuid": "{b31e7984-0000-0000-0000-d3929473938a}", "User": "CORP\\a.schmidt", "Image": "C:\\Windows\\System32\\RuntimeBroker.exe", "CommandLine": "RuntimeBroker.exe -Embedding", "CurrentDirectory": "C:\\Users\\a.schmidt\\", "ProcessId": 13466, "IntegrityLevel": "Medium", "Hashes": "SHA1=6E06B06ABB69086464746156B313BB85E792314E,MD5=F5BB5F92FAEC74E6F48A66F1,SHA256=6E06B06ABB69086464746156B313BB85E792314EF5BB5F92FAEC74E6F48A66F1,IMPHASH=6E06B06ABB69086464746156B313BB85", "ParentImage": "C:\\Windows\\System32\\svchost.exe", "ParentCommandLine": "svchost.exe", "ParentProcessId": 13479, "OriginalFileName": "RuntimeBroker.exe", "LogonId": "0x1b799c"}
{"@timestamp": "2026-03-11T08:25:44.322896Z", "EventID": 1, "Channel": "Microsoft-Windows-Sysmon/Operational", "Provider": "Microsoft-Windows-Sysmon", "ProviderGuid": "{5770385f-c22a-43e0-bf4c-06f5698ffbd9}", "Computer": "WS-MKT-047", "Task": "Process Create", "UtcTime": "2026-03-11 08:25:44.322", "ProcessGuid": "{e9628660-0000-0000-0000-52e547d7d71c}", "User": "CORP\\p.novak", "Image": "C:\\Windows\\System32\\SearchIndexer.exe", "CommandLine": "SearchIndexer.exe /Embedding", "CurrentDirectory": "C:\\Users\\p.novak\\", "ProcessId": 13517, "IntegrityLevel": "Medium", "Hashes": "SHA1=121647E7D5A6D15EEAB8D97378C4AEDDD4ADD9A0,MD5=283832F41A113F74BCD3F79D,SHA256=121647E7D5A6D15EEAB8D97378C4AEDDD4ADD9A0283832F41A113F74BCD3F79D,IMPHASH=121647E7D5A6D15EEAB8D97378C4AEDD", "ParentImage": "C:\\Windows\\System32\\services.exe", "ParentCommandLine": "services.exe", "ParentProcessId": 13542, "OriginalFileName": "SearchIndexer.exe", "LogonId": "0xc917b3"}
{"@timestamp": "2026-03-11T08:25:46.322896Z", "EventID": 22, "Channel": "Microsoft-Windows-Sysmon/Operational", "Provider": "Microsoft-Windows-Sysmon", "ProviderGuid": "{5770385f-c22a-43e0-bf4c-06f5698ffbd9}", "Computer": "WS-MKT-047", "Task": "Dns query", "UtcTime": "2026-03-11 08:25:46.322", "ProcessGuid": "{7d1f9e14-0000-0000-0000-f05487ca8edf}", "User": "CORP\\p.novak", "Image": "C:\\Windows\\System32\\SearchIndexer.exe", "QueryName": "login.microsoftonline.com", "QueryStatus": "0", "QueryResults": "type: 5 login.microsoftonline.com", "ProcessId": 13552}
{"@timestamp": "2026-03-11T08:25:47.322896Z", "EventID": 3, "Channel": "Microsoft-Windows-Sysmon/Operational", "Provider": "Microsoft-Windows-Sysmon", "ProviderGuid": "{5770385f-c22a-43e0-bf4c-06f5698ffbd9}", "Computer": "WS-MKT-047", "Task": "Network connection detected", "UtcTime": "2026-03-11 08:25:47.322", "ProcessGuid": "{c214181c-0000-0000-0000-251d5aaa4c3c}", "User": "CORP\\p.novak", "Image": "C:\\Windows\\System32\\SearchIndexer.exe", "Protocol": "tcp", "Initiated": true, "SourceIp": "10.20.4.56", "SourcePort": 50467, "DestinationIp": "104.18.19.179", "DestinationPort": 443, "DestinationHostname": "login.microsoftonline.com", "ProcessId": 13568}
{"@timestamp": "2026-03-11T08:25:53.315882Z", "EventID": 1, "Channel": "Microsoft-Windows-Sysmon/Operational", "Provider": "Microsoft-Windows-Sysmon", "ProviderGuid": "{5770385f-c22a-43e0-bf4c-06f5698ffbd9}", "Computer": "WS-FIN-014", "Task": "Process Create", "UtcTime": "2026-03-11 08:25:53.315", "ProcessGuid": "{82e8b124-0000-0000-0000-9463ac321527}", "User": "CORP\\a.schmidt", "Image": "C:\\Program Files\\Microsoft Office\\root\\Office16\\OUTLOOK.EXE", "CommandLine": "OUTLOOK.EXE /recycle", "CurrentDirectory": "C:\\Users\\a.schmidt\\", "ProcessId": 13594, "IntegrityLevel": "Medium", "Hashes": "SHA1=D25566003433C51441C6E3C14EF3881FFB63A3D5,MD5=4985E661295960B277858FDD,SHA256=D25566003433C51441C6E3C14EF3881FFB63A3D54985E661295960B277858FDD,IMPHASH=D25566003433C51441C6E3C14EF3881F", "ParentImage": "C:\\Windows\\explorer.exe", "ParentCommandLine": "explorer.exe", "ParentProcessId": 13615, "OriginalFileName": "OUTLOOK.EXE", "LogonId": "0xa419dc"}
{"@timestamp": "2026-03-11T08:25:54.315882Z", "EventID": 7, "Channel": "Microsoft-Windows-Sysmon/Operational", "Provider": "Microsoft-Windows-Sysmon", "ProviderGuid": "{5770385f-c22a-43e0-bf4c-06f5698ffbd9}", "Computer": "WS-FIN-014", "Task": "Image loaded", "UtcTime": "2026-03-11 08:25:54.315", "ProcessGuid": "{b8d0deaf-0000-0000-0000-d296639d9f7e}", "User": "CORP\\a.schmidt", "Image": "C:\\Program Files\\Microsoft Office\\root\\Office16\\OUTLOOK.EXE", "ImageLoaded": "C:\\Windows\\System32\\advapi32.dll", "Hashes": "SHA1=710137EDECA7E0959E59CD8930BB80C7ECC16348,MD5=F711E39436CB57EA45CD1749,SHA256=710137EDECA7E0959E59CD8930BB80C7ECC16348F711E39436CB57EA45CD1749,IMPHASH=710137EDECA7E0959E59CD8930BB80C7", "Signed": "true", "Signature": "Microsoft Windows", "SignatureStatus": "Valid", "ProcessId": 13634}
{"@timestamp": "2026-03-11T08:26:05.619114Z", "EventID": 1, "Channel": "Microsoft-Windows-Sysmon/Operational", "Provider": "Microsoft-Windows-Sysmon", "ProviderGuid": "{5770385f-c22a-43e0-bf4c-06f5698ffbd9}", "Computer": "SRV-APP-02", "Task": "Process Create", "UtcTime": "2026-03-11 08:26:05.619", "ProcessGuid": "{a3e01496-0000-0000-0000-c9f5303a3f93}", "User": "CORP\\p.novak", "Image": "C:\\Windows\\System32\\svchost.exe", "CommandLine": "svchost.exe -k netsvcs -p", "CurrentDirectory": "C:\\Users\\p.novak\\", "ProcessId": 13670, "IntegrityLevel": "Medium", "Hashes": "SHA1=61ED4F85C992073BF9CF86A8CCF97A3836235B30,MD5=26EEE472B11BDD9EB577ED2A,SHA256=61ED4F85C992073BF9CF86A8CCF97A3836235B3026EEE472B11BDD9EB577ED2A,IMPHASH=61ED4F85C992073BF9CF86A8CCF97A38", "ParentImage": "C:\\Windows\\System32\\services.exe", "ParentCommandLine": "services.exe", "ParentProcessId": 13700, "OriginalFileName": "svchost.exe", "LogonId": "0x83481c"}
{"@timestamp": "2026-03-11T08:26:17.073812Z", "EventID": 1, "Channel": "Microsoft-Windows-Sysmon/Operational", "Provider": "Microsoft-Windows-Sysmon", "ProviderGuid": "{5770385f-c22a-43e0-bf4c-06f5698ffbd9}", "Computer": "WS-HR-022", "Task": "Process Create", "UtcTime": "2026-03-11 08:26:17.073", "ProcessGuid": "{ab2782c9-0000-0000-0000-fee1d8a1e449}", "User": "CORP\\a.schmidt", "Image": "C:\\Program Files\\Microsoft Teams\\Teams.exe", "CommandLine": "Teams.exe --system-initiated", "CurrentDirectory": "C:\\Users\\a.schmidt\\", "ProcessId": 13717, "IntegrityLevel": "Medium", "Hashes": "SHA1=9525FFAF892D6BD1156DEC6DA15806371098DE79,MD5=FF07B9533A5BBA93B98DAC47,SHA256=9525FFAF892D6BD1156DEC6DA15806371098DE79FF07B9533A5BBA93B98DAC47,IMPHASH=9525FFAF892D6BD1156DEC6DA1580637", "ParentImage": "C:\\Windows\\explorer.exe", "ParentCommandLine": "explorer.exe", "ParentProcessId": 13731, "OriginalFileName": "Teams.exe", "LogonId": "0x4a994"}
{"@timestamp": "2026-03-11T08:26:26.182093Z", "EventID": 1, "Channel": "Microsoft-Windows-Sysmon/Operational", "Provider": "Microsoft-Windows-Sysmon", "ProviderGuid": "{5770385f-c22a-43e0-bf4c-06f5698ffbd9}", "Computer": "WS-ENG-101", "Task": "Process Create", "UtcTime": "2026-03-11 08:26:26.182", "ProcessGuid": "{7e58aeb6-0000-0000-0000-fd66e3737586}", "User": "CORP\\a.schmidt", "Image": "C:\\Program Files\\Microsoft Teams\\Teams.exe", "CommandLine": "Teams.exe --system-initiated", "CurrentDirectory": "C:\\Users\\a.schmidt\\", "ProcessId": 13743, "IntegrityLevel": "Medium", "Hashes": "SHA1=9525FFAF892D6BD1156DEC6DA15806371098DE79,MD5=FF07B9533A5BBA93B98DAC47,SHA256=9525FFAF892D6BD1156DEC6DA15806371098DE79FF07B9533A5BBA93B98DAC47,IMPHASH=9525FFAF892D6BD1156DEC6DA1580637", "ParentImage": "C:\\Windows\\explorer.exe", "ParentCommandLine": "explorer.exe", "ParentProcessId": 13782, "OriginalFileName": "Teams.exe", "LogonId": "0x5eff91"}
{"@timestamp": "2026-03-11T08:26:27.182093Z", "EventID": 7, "Channel": "Microsoft-Windows-Sysmon/Operational", "Provider": "Microsoft-Windows-Sysmon", "ProviderGuid": "{5770385f-c22a-43e0-bf4c-06f5698ffbd9}", "Computer": "WS-ENG-101", "Task": "Image loaded", "UtcTime": "2026-03-11 08:26:27.182", "ProcessGuid": "{a361a361-0000-0000-0000-03fb1d7fc4e1}", "User": "CORP\\a.schmidt", "Image": "C:\\Program Files\\Microsoft Teams\\Teams.exe", "ImageLoaded": "C:\\Windows\\System32\\kernel32.dll", "Hashes": "SHA1=9CFF62CD296F6EFDBB9B5622D676BA00427ABD30,MD5=4150B5B1C27F0AA9385BB344,SHA256=9CFF62CD296F6EFDBB9B5622D676BA00427ABD304150B5B1C27F0AA9385BB344,IMPHASH=9CFF62CD296F6EFDBB9B5622D676BA00", "Signed": "true", "Signature": "Microsoft Windows", "SignatureStatus": "Valid", "ProcessId": 13816}
{"@timestamp": "2026-03-11T08:26:28.182093Z", "EventID": 22, "Channel": "Microsoft-Windows-Sysmon/Operational", "Provider": "Microsoft-Windows-Sysmon", "ProviderGuid": "{5770385f-c22a-43e0-bf4c-06f5698ffbd9}", "Computer": "WS-ENG-101", "Task": "Dns query", "UtcTime": "2026-03-11 08:26:28.182", "ProcessGuid": "{52387e38-0000-0000-0000-e792fc47c72a}", "User": "CORP\\a.schmidt", "Image": "C:\\Program Files\\Microsoft Teams\\Teams.exe", "QueryName": "login.microsoftonline.com", "QueryStatus": "0", "QueryResults": "type: 5 login.microsoftonline.com", "ProcessId": 13825}
{"@timestamp": "2026-03-11T08:26:29.182093Z", "EventID": 3, "Channel": "Microsoft-Windows-Sysmon/Operational", "Provider": "Microsoft-Windows-Sysmon", "ProviderGuid": "{5770385f-c22a-43e0-bf4c-06f5698ffbd9}", "Computer": "WS-ENG-101", "Task": "Network connection detected", "UtcTime": "2026-03-11 08:26:29.182", "ProcessGuid": "{2775c795-0000-0000-0000-070c2ddef44b}", "User": "CORP\\a.schmidt", "Image": "C:\\Program Files\\Microsoft Teams\\Teams.exe", "Protocol": "tcp", "Initiated": true, "SourceIp": "10.20.4.46", "SourcePort": 58299, "DestinationIp": "104.18.29.184", "DestinationPort": 443, "DestinationHostname": "login.microsoftonline.com", "ProcessId": 13832}
{"@timestamp": "2026-03-11T08:26:30.182093Z", "EventID": 13, "Channel": "Microsoft-Windows-Sysmon/Operational", "Provider": "Microsoft-Windows-Sysmon", "ProviderGuid": "{5770385f-c22a-43e0-bf4c-06f5698ffbd9}", "Computer": "WS-ENG-101", "Task": "Registry value set", "UtcTime": "2026-03-11 08:26:30.182", "ProcessGuid": "{4a8cfdf0-0000-0000-0000-dd48dd48f293}", "User": "CORP\\a.schmidt", "EventType": "SetValue", "Image": "C:\\Program Files\\Microsoft Teams\\Teams.exe", "TargetObject": "HKLM\\SOFTWARE\\Microsoft\\Windows\\CurrentVersion\\Explorer\\Advanced\\Hidden", "Details": "DWORD (0x00000001)", "ProcessId": 13865}
{"@timestamp": "2026-03-11T08:26:38.262621Z", "EventID": 1, "Channel": "Microsoft-Windows-Sysmon/Operational", "Provider": "Microsoft-Windows-Sysmon", "ProviderGuid": "{5770385f-c22a-43e0-bf4c-06f5698ffbd9}", "Computer": "WS-HR-022", "Task": "Process Create", "UtcTime": "2026-03-11 08:26:38.262", "ProcessGuid": "{50bba702-0000-0000-0000-8e3f3f11ac59}", "User": "CORP\\j.dupont", "Image": "C:\\Program Files\\Microsoft Office\\root\\Office16\\OUTLOOK.EXE", "CommandLine": "OUTLOOK.EXE /recycle", "CurrentDirectory": "C:\\Users\\j.dupont\\", "ProcessId": 13873, "IntegrityLevel": "Medium", "Hashes": "SHA1=D25566003433C51441C6E3C14EF3881FFB63A3D5,MD5=4985E661295960B277858FDD,SHA256=D25566003433C51441C6E3C14EF3881FFB63A3D54985E661295960B277858FDD,IMPHASH=D25566003433C51441C6E3C14EF3881F", "ParentImage": "C:\\Windows\\explorer.exe", "ParentCommandLine": "explorer.exe", "ParentProcessId": 13878, "OriginalFileName": "OUTLOOK.EXE", "LogonId": "0xbc096a"}
{"@timestamp": "2026-03-11T08:26:49.560473Z", "EventID": 1, "Channel": "Microsoft-Windows-Sysmon/Operational", "Provider": "Microsoft-Windows-Sysmon", "ProviderGuid": "{5770385f-c22a-43e0-bf4c-06f5698ffbd9}", "Computer": "WS-MKT-047", "Task": "Process Create", "UtcTime": "2026-03-11 08:26:49.560", "ProcessGuid": "{537dc7f1-0000-0000-0000-74a869326f5e}", "User": "CORP\\a.schmidt", "Image": "C:\\Windows\\System32\\taskhostw.exe", "CommandLine": "taskhostw.exe {222A245B}", "CurrentDirectory": "C:\\Users\\a.schmidt\\", "ProcessId": 13884, "IntegrityLevel": "Medium", "Hashes": "SHA1=EADE2CD8C84CE631A2A6917151557D03D7BCF704,MD5=B2A911E5910025FA412EE1D7,SHA256=EADE2CD8C84CE631A2A6917151557D03D7BCF704B2A911E5910025FA412EE1D7,IMPHASH=EADE2CD8C84CE631A2A6917151557D03", "ParentImage": "C:\\Windows\\System32\\svchost.exe", "ParentCommandLine": "svchost.exe", "ParentProcessId": 13918, "OriginalFileName": "taskhostw.exe", "LogonId": "0x1d32f7"}
{"@timestamp": "2026-03-11T08:27:01.188538Z", "EventID": 1, "Channel": "Microsoft-Windows-Sysmon/Operational", "Provider": "Microsoft-Windows-Sysmon", "ProviderGuid": "{5770385f-c22a-43e0-bf4c-06f5698ffbd9}", "Computer": "WS-HR-022", "Task": "Process Create", "UtcTime": "2026-03-11 08:27:01.188", "ProcessGuid": "{0b4fac9e-0000-0000-0000-11c1b1ffac3c}", "User": "CORP\\m.laurent", "Image": "C:\\Windows\\System32\\taskhostw.exe", "CommandLine": "taskhostw.exe {222A245B}", "CurrentDirectory": "C:\\Users\\m.laurent\\", "ProcessId": 13948, "IntegrityLevel": "Medium", "Hashes": "SHA1=EADE2CD8C84CE631A2A6917151557D03D7BCF704,MD5=B2A911E5910025FA412EE1D7,SHA256=EADE2CD8C84CE631A2A6917151557D03D7BCF704B2A911E5910025FA412EE1D7,IMPHASH=EADE2CD8C84CE631A2A6917151557D03", "ParentImage": "C:\\Windows\\System32\\svchost.exe", "ParentCommandLine": "svchost.exe", "ParentProcessId": 13963, "OriginalFileName": "taskhostw.exe", "LogonId": "0xf5d046"}
{"@timestamp": "2026-03-11T08:27:02.188538Z", "EventID": 7, "Channel": "Microsoft-Windows-Sysmon/Operational", "Provider": "Microsoft-Windows-Sysmon", "ProviderGuid": "{5770385f-c22a-43e0-bf4c-06f5698ffbd9}", "Computer": "WS-HR-022", "Task": "Image loaded", "UtcTime": "2026-03-11 08:27:02.188", "ProcessGuid": "{62b02f30-0000-0000-0000-97cc429386e6}", "User": "CORP\\m.laurent", "Image": "C:\\Windows\\System32\\taskhostw.exe", "ImageLoaded": "C:\\Windows\\System32\\kernel32.dll", "Hashes": "SHA1=9CFF62CD296F6EFDBB9B5622D676BA00427ABD30,MD5=4150B5B1C27F0AA9385BB344,SHA256=9CFF62CD296F6EFDBB9B5622D676BA00427ABD304150B5B1C27F0AA9385BB344,IMPHASH=9CFF62CD296F6EFDBB9B5622D676BA00", "Signed": "true", "Signature": "Microsoft Windows", "SignatureStatus": "Valid", "ProcessId": 13998}
{"@timestamp": "2026-03-11T08:27:10.915337Z", "EventID": 1, "Channel": "Microsoft-Windows-Sysmon/Operational", "Provider": "Microsoft-Windows-Sysmon", "ProviderGuid": "{5770385f-c22a-43e0-bf4c-06f5698ffbd9}", "Computer": "SRV-APP-02", "Task": "Process Create", "UtcTime": "2026-03-11 08:27:10.915", "ProcessGuid": "{0472e101-0000-0000-0000-776f709097f5}", "User": "CORP\\p.novak", "Image": "C:\\Windows\\System32\\RuntimeBroker.exe", "CommandLine": "RuntimeBroker.exe -Embedding", "CurrentDirectory": "C:\\Users\\p.novak\\", "ProcessId": 14016, "IntegrityLevel": "Medium", "Hashes": "SHA1=6E06B06ABB69086464746156B313BB85E792314E,MD5=F5BB5F92FAEC74E6F48A66F1,SHA256=6E06B06ABB69086464746156B313BB85E792314EF5BB5F92FAEC74E6F48A66F1,IMPHASH=6E06B06ABB69086464746156B313BB85", "ParentImage": "C:\\Windows\\System32\\svchost.exe", "ParentCommandLine": "svchost.exe", "ParentProcessId": 14049, "OriginalFileName": "RuntimeBroker.exe", "LogonId": "0xf6fec1"}
{"@timestamp": "2026-03-11T08:27:12.915337Z", "EventID": 22, "Channel": "Microsoft-Windows-Sysmon/Operational", "Provider": "Microsoft-Windows-Sysmon", "ProviderGuid": "{5770385f-c22a-43e0-bf4c-06f5698ffbd9}", "Computer": "SRV-APP-02", "Task": "Dns query", "UtcTime": "2026-03-11 08:27:12.915", "ProcessGuid": "{bb19581c-0000-0000-0000-372b066284a9}", "User": "CORP\\p.novak", "Image": "C:\\Windows\\System32\\RuntimeBroker.exe", "QueryName": "update.googleapis.com", "QueryStatus": "0", "QueryResults": "type: 5 update.googleapis.com", "ProcessId": 14071}
{"@timestamp": "2026-03-11T08:27:13.915337Z", "EventID": 3, "Channel": "Microsoft-Windows-Sysmon/Operational", "Provider": "Microsoft-Windows-Sysmon", "ProviderGuid": "{5770385f-c22a-43e0-bf4c-06f5698ffbd9}", "Computer": "SRV-APP-02", "Task": "Network connection detected", "UtcTime": "2026-03-11 08:27:13.915", "ProcessGuid": "{eba70f42-0000-0000-0000-7b04c3057431}", "User": "CORP\\p.novak", "Image": "C:\\Windows\\System32\\RuntimeBroker.exe", "Protocol": "tcp", "Initiated": true, "SourceIp": "10.20.4.29", "SourcePort": 56288, "DestinationIp": "104.18.22.218", "DestinationPort": 443, "DestinationHostname": "update.googleapis.com", "ProcessId": 14106}
{"@timestamp": "2026-03-11T08:27:20.430259Z", "EventID": 1, "Channel": "Microsoft-Windows-Sysmon/Operational", "Provider": "Microsoft-Windows-Sysmon", "ProviderGuid": "{5770385f-c22a-43e0-bf4c-06f5698ffbd9}", "Computer": "WS-ENG-101", "Task": "Process Create", "UtcTime": "2026-03-11 08:27:20.430", "ProcessGuid": "{5a35ff96-0000-0000-0000-48678fb18aa3}", "User": "CORP\\j.dupont", "Image": "C:\\Program Files\\Microsoft Office\\root\\Office16\\OUTLOOK.EXE", "CommandLine": "OUTLOOK.EXE /recycle", "CurrentDirectory": "C:\\Users\\j.dupont\\", "ProcessId": 14121, "IntegrityLevel": "Medium", "Hashes": "SHA1=D25566003433C51441C6E3C14EF3881FFB63A3D5,MD5=4985E661295960B277858FDD,SHA256=D25566003433C51441C6E3C14EF3881FFB63A3D54985E661295960B277858FDD,IMPHASH=D25566003433C51441C6E3C14EF3881F", "ParentImage": "C:\\Windows\\explorer.exe", "ParentCommandLine": "explorer.exe", "ParentProcessId": 14133, "OriginalFileName": "OUTLOOK.EXE", "LogonId": "0x221e42"}
{"@timestamp": "2026-03-11T08:27:32.062343Z", "EventID": 1, "Channel": "Microsoft-Windows-Sysmon/Operational", "Provider": "Microsoft-Windows-Sysmon", "ProviderGuid": "{5770385f-c22a-43e0-bf4c-06f5698ffbd9}", "Computer": "WS-HR-022", "Task": "Process Create", "UtcTime": "2026-03-11 08:27:32.062", "ProcessGuid": "{4d4a4dcd-0000-0000-0000-7684b8b588aa}", "User": "CORP\\m.laurent", "Image": "C:\\Windows\\System32\\svchost.exe", "CommandLine": "svchost.exe -k netsvcs -p", "CurrentDirectory": "C:\\Users\\m.laurent\\", "ProcessId": 14155, "IntegrityLevel": "Medium", "Hashes": "SHA1=61ED4F85C992073BF9CF86A8CCF97A3836235B30,MD5=26EEE472B11BDD9EB577ED2A,SHA256=61ED4F85C992073BF9CF86A8CCF97A3836235B3026EEE472B11BDD9EB577ED2A,IMPHASH=61ED4F85C992073BF9CF86A8CCF97A38", "ParentImage": "C:\\Windows\\System32\\services.exe", "ParentCommandLine": "services.exe", "ParentProcessId": 14180, "OriginalFileName": "svchost.exe", "LogonId": "0xfc4301"}
{"@timestamp": "2026-03-11T08:27:33.062343Z", "EventID": 7, "Channel": "Microsoft-Windows-Sysmon/Operational", "Provider": "Microsoft-Windows-Sysmon", "ProviderGuid": "{5770385f-c22a-43e0-bf4c-06f5698ffbd9}", "Computer": "WS-HR-022", "Task": "Image loaded", "UtcTime": "2026-03-11 08:27:33.062", "ProcessGuid": "{a81ca985-0000-0000-0000-ce7aae03b32c}", "User": "CORP\\m.laurent", "Image": "C:\\Windows\\System32\\svchost.exe", "ImageLoaded": "C:\\Windows\\System32\\kernel32.dll", "Hashes": "SHA1=9CFF62CD296F6EFDBB9B5622D676BA00427ABD30,MD5=4150B5B1C27F0AA9385BB344,SHA256=9CFF62CD296F6EFDBB9B5622D676BA00427ABD304150B5B1C27F0AA9385BB344,IMPHASH=9CFF62CD296F6EFDBB9B5622D676BA00", "Signed": "true", "Signature": "Microsoft Windows", "SignatureStatus": "Valid", "ProcessId": 14191}
{"@timestamp": "2026-03-11T08:27:36.062343Z", "EventID": 13, "Channel": "Microsoft-Windows-Sysmon/Operational", "Provider": "Microsoft-Windows-Sysmon", "ProviderGuid": "{5770385f-c22a-43e0-bf4c-06f5698ffbd9}", "Computer": "WS-HR-022", "Task": "Registry value set", "UtcTime": "2026-03-11 08:27:36.062", "ProcessGuid": "{be6c6c11-0000-0000-0000-e014e6ed1b99}", "User": "CORP\\m.laurent", "EventType": "SetValue", "Image": "C:\\Windows\\System32\\svchost.exe", "TargetObject": "HKLM\\SOFTWARE\\Microsoft\\Windows\\CurrentVersion\\Explorer\\Advanced\\Hidden", "Details": "DWORD (0x00000001)", "ProcessId": 14202}
{"@timestamp": "2026-03-11T08:27:43.086639Z", "EventID": 1, "Channel": "Microsoft-Windows-Sysmon/Operational", "Provider": "Microsoft-Windows-Sysmon", "ProviderGuid": "{5770385f-c22a-43e0-bf4c-06f5698ffbd9}", "Computer": "WS-FIN-014", "Task": "Process Create", "UtcTime": "2026-03-11 08:27:43.086", "ProcessGuid": "{75a7f1ad-0000-0000-0000-41d1bfab2ecc}", "User": "CORP\\p.novak", "Image": "C:\\Program Files\\Microsoft Office\\root\\Office16\\OUTLOOK.EXE", "CommandLine": "OUTLOOK.EXE /recycle", "CurrentDirectory": "C:\\Users\\p.novak\\", "ProcessId": 14223, "IntegrityLevel": "Medium", "Hashes": "SHA1=D25566003433C51441C6E3C14EF3881FFB63A3D5,MD5=4985E661295960B277858FDD,SHA256=D25566003433C51441C6E3C14EF3881FFB63A3D54985E661295960B277858FDD,IMPHASH=D25566003433C51441C6E3C14EF3881F", "ParentImage": "C:\\Windows\\explorer.exe", "ParentCommandLine": "explorer.exe", "ParentProcessId": 14242, "OriginalFileName": "OUTLOOK.EXE", "LogonId": "0xc20e92"}
