{"@timestamp": "2026-03-11T08:16:43.651628Z", "EventID": 1, "Channel": "Microsoft-Windows-Sysmon/Operational", "Provider": "Microsoft-Windows-Sysmon", "ProviderGuid": "{5770385f-c22a-43e0-bf4c-06f5698ffbd9}", "Computer": "WS-ENG-101", "Task": "Process Create", "UtcTime": "2026-03-11 08:16:43.651", "ProcessGuid": "{fba906dd-0000-0000-0000-bc121bfd1ba1}", "User": "CORP\\a.schmidt", "Image": "C:\\Windows\\System32\\RuntimeBroker.exe", "CommandLine": "RuntimeBroker.exe -Embedding", "CurrentDirectory": "C:\\Users\\a.schmidt\\", "ProcessId": 10233, "IntegrityLevel": "Medium", "Hashes": "SHA1=6E06B06ABB69086464746156B313BB85E792314E,MD5=F5BB5F92FAEC74E6F48A66F1,SHA256=6E06B06ABB69086464746156B313BB85E792314EF5BB5F92FAEC74E6F48A66F1,IMPHASH=6E06B06ABB69086464746156B313BB85", "ParentImage": "C:\\Windows\\System32\\svchost.exe", "ParentCommandLine": "svchost.exe", "ParentProcessId": 10243, "OriginalFileName": "RuntimeBroker.exe", "LogonId": "0x99c570"}
{"@timestamp": "2026-03-11T08:16:55.754953Z", "EventID": 1, "Channel": "Microsoft-Windows-Sysmon/Operational", "Provider": "Microsoft-Windows-Sysmon", "ProviderGuid": "{5770385f-c22a-43e0-bf4c-06f5698ffbd9}", "Computer": "WS-MKT-047", "Task": "Process Create", "UtcTime": "2026-03-11 08:16:55.754", "ProcessGuid": "{3d68cf1c-0000-0000-0000-e5899c484ec9}", "User": "CORP\\m.laurent", "Image": "C:\\Program Files\\Microsoft Teams\\Teams.exe", "CommandLine": "Teams.exe --system-initiated", "CurrentDirectory": "C:\\Users\\m.laurent\\", "ProcessId": 10281, "IntegrityLevel": "Medium", "Hashes": "SHA1=9525FFAF892D6BD1156DEC6DA15806371098DE79,MD5=FF07B9533A5BBA93B98DAC47,SHA256=9525FFAF892D6BD1156DEC6DA15806371098DE79FF07B9533A5BBA93B98DAC47,IMPHASH=9525FFAF892D6BD1156DEC6DA1580637", "ParentImage": "C:\\Windows\\explorer.exe", "ParentCommandLine": "explorer.exe", "ParentProcessId": 10313, "OriginalFileName": "Teams.exe", "LogonId": "0xcc7a0e"}
{"@timestamp": "2026-03-11T08:16:57.754953Z", "EventID": 22, "Channel": "Microsoft-Windows-Sysmon/Operational", "Provider": "Microsoft-Windows-Sysmon", "ProviderGuid": "{5770385f-c22a-43e0-bf4c-06f5698ffbd9}", "Computer": "WS-MKT-047", "Task": "Dns query", "UtcTime": "2026-03-11 08:16:57.754", "ProcessGuid": "{e24a4df4-0000-0000-0000-2470da26777f}", "User": "CORP\\m.laurent", "Image": "C:\\Program Files\\Microsoft Teams\\Teams.exe", "QueryName": "outlook.office365.com", "QueryStatus": "0", "QueryResults": "type: 5 outlook.office365.com", "ProcessId": 10333}
{"@timestamp": "2026-03-11T08:16:58.754953Z", "EventID": 3, "Channel": "Microsoft-Windows-Sysmon/Operational", "Provider": "Microsoft-Windows-Sysmon", "ProviderGuid": "{5770385f-c22a-43e0-bf4c-06f5698ffbd9}", "Computer": "WS-MKT-047", "Task": "Network connection detected", "UtcTime": "2026-03-11 08:16:58.754", "ProcessGuid": "{cc0b755e-0000-0000-0000-3b525376ef3f}", "User": "CORP\\m.laurent", "Image": "C:\\Program Files\\Microsoft Teams\\Teams.exe", "Protocol": "tcp", "Initiated": true, "SourceIp": "10.20.4.14", "SourcePort": 59766, "DestinationIp": "104.18.35.243", "DestinationPort": 443, "DestinationHostname": "outlook.office365.com", "ProcessId": 10356}
{"@timestamp": "2026-03-11T08:17:06.995201Z", "EventID": 1, "Channel": "Microsoft-Windows-Sysmon/Operational", "Provider": "Microsoft-Windows-Sysmon", "ProviderGuid": "{5770385f-c22a-43e0-bf4c-06f5698ffbd9}", "Computer": "SRV-APP-02", "Task": "Process Create", "UtcTime": "2026-03-11 08:17:06.995", "ProcessGuid": "{5a45253a-0000-0000-0000-c809cdafdc05}", "User": "CORP\\a.schmidt", "Image": "C:\\Windows\\System32\\SearchIndexer.exe", "CommandLine": "SearchIndexer.exe /Embedding", "CurrentDirectory": "C:\\Users\\a.schmidt\\", "ProcessId": 10383, "IntegrityLevel": "Medium", "Hashes": "SHA1=121647E7D5A6D15EEAB8D97378C4AEDDD4ADD9A0,MD5=283832F41A113F74BCD3F79D,SHA256=121647E7D5A6D15EEAB8D97378C4AEDDD4ADD9A0283832F41A113F74BCD3F79D,IMPHASH=121647E7D5A6D15EEAB8D97378C4AEDD", "ParentImage": "C:\\Windows\\System32\\services.exe", "ParentCommandLine": "services.exe", "ParentProcessId": 10422, "OriginalFileName": "SearchIndexer.exe", "LogonId": "0x8be81f"}
{"@timestamp": "2026-03-11T08:17:07.995201Z", "EventID": 7, "Channel": "Microsoft-Windows-Sysmon/Operational", "Provider": "Microsoft-Windows-Sysmon", "ProviderGuid": "{5770385f-c22a-43e0-bf4c-06f5698ffbd9}", "Computer": "SRV-APP-02", "Task": "Image loaded", "UtcTime": "2026-03-11 08:17:07.995", "ProcessGuid": "{346ba499-0000-0000-0000-f6287cc8efe1}", "User": "CORP\\a.schmidt", "Image": "C:\\Windows\\System32\\SearchIndexer.exe", "ImageLoaded": "C:\\Windows\\System32\\advapi32.dll", "Hashes": "SHA1=710137EDECA7E0959E59CD8930BB80C7ECC16348,MD5=F711E39436CB57EA45CD1749,SHA256=710137EDECA7E0959E59CD8930BB80C7ECC16348F711E39436CB57EA45CD1749,IMPHASH=710137EDECA7E0959E59CD8930BB80C7", "Signed": "true", "Signature": "Microsoft Windows", "SignatureStatus": "Valid", "ProcessId": 10434}
{"@timestamp": "2026-03-11T08:17:14.057718Z", "EventID": 1, "Channel": "Microsoft-Windows-Sysmon/Operational", "Provider": "Microsoft-Windows-Sysmon", "ProviderGuid": "{5770385f-c22a-43e0-bf4c-06f5698ffbd9}", "Computer": "WS-HR-022", "Task": "Process Create", "UtcTime": "2026-03-11 08:17:14.057", "ProcessGuid": "{d7b083a5-0000-0000-0000-1159aace0d64}", "User": "CORP\\m.laurent", "Image": "C:\\Windows\\System32\\SearchIndexer.exe", "CommandLine": "SearchIndexer.exe /Embedding", "CurrentDirectory": "C:\\Users\\m.laurent\\", "ProcessId": 10438, "IntegrityLevel": "Medium", "Hashes": "SHA1=121647E7D5A6D15EEAB8D97378C4AEDDD4ADD9A0,MD5=283832F41A113F74BCD3F79D,SHA256=121647E7D5A6D15EEAB8D97378C4AEDDD4ADD9A0283832F41A113F74BCD3F79D,IMPHASH=121647E7D5A6D15EEAB8D97378C4AEDD", "ParentImage": "C:\\Windows\\System32\\services.exe", "ParentCommandLine": "services.exe", "ParentProcessId": 10449, "OriginalFileName": "SearchIndexer.exe", "LogonId": "0xc86542"}
{"@timestamp": "2026-03-11T08:17:26.630979Z", "EventID": 1, "Channel": "Microsoft-Windows-Sysmon/Operational", "Provider": "Microsoft-Windows-Sysmon", "ProviderGuid": "{5770385f-c22a-43e0-bf4c-06f5698ffbd9}", "Computer": "WS-ENG-101", "Task": "Process Create", "UtcTime": "2026-03-11 08:17:26.630", "ProcessGuid": "{a402b025-0000-0000-0000-d91e9c710b4c}", "User": "CORP\\m.laurent", "Image": "C:\\Windows\\System32\\SearchIndexer.exe", "CommandLine": "SearchIndexer.exe /Embedding", "CurrentDirectory": "C:\\Users\\m.laurent\\", "ProcessId": 10458, "IntegrityLevel": "Medium", "Hashes": "SHA1=121647E7D5A6D15EEAB8D97378C4AEDDD4ADD9A0,MD5=283832F41A113F74BCD3F79D,SHA256=121647E7D5A6D15EEAB8D97378C4AEDDD4ADD9A0283832F41A113F74BCD3F79D,IMPHASH=121647E7D5A6D15EEAB8D97378C4AEDD", "ParentImage": "C:\\Windows\\System32\\services.exe", "ParentCommandLine": "services.exe", "ParentProcessId": 10471, "OriginalFileName": "SearchIndexer.exe", "LogonId": "0xc97fcc"}
{"@timestamp": "2026-03-11T08:17:39.683785Z", "EventID": 1, "Channel": "Microsoft-Windows-Sysmon/Operational", "Provider": "Microsoft-Windows-Sysmon", "ProviderGuid": "{5770385f-c22a-43e0-bf4c-06f5698ffbd9}", "Computer": "WS-HR-022", "Task": "Process Create", "UtcTime": "2026-03-11 08:17:39.683", "ProcessGuid": "{4f3eab21-0000-0000-0000-bdc101dc3291}", "User": "CORP\\j.dupont", "Image": "C:\\Windows\\System32\\taskhostw.exe", "CommandLine": "taskhostw.exe {222A245B}", "CurrentDirectory": "C:\\Users\\j.dupont\\", "ProcessId": 10495, "IntegrityLevel": "Medium", "Hashes": "SHA1=EADE2CD8C84CE631A2A6917151557D03D7BCF704,MD5=B2A911E5910025FA412EE1D7,SHA256=EADE2CD8C84CE631A2A6917151557D03D7BCF704B2A911E5910025FA412EE1D7,IMPHASH=EADE2CD8C84CE631A2A6917151557D03", "ParentImage": "C:\\Windows\\System32\\svchost.exe", "ParentCommandLine": "svchost.exe", "ParentProcessId": 10519, "OriginalFileName": "taskhostw.exe", "LogonId": "0xef6061"}
{"@timestamp": "2026-03-11T08:17:40.683785Z", "EventID": 7, "Channel": "Microsoft-Windows-Sysmon/Operational", "Provider": "Microsoft-Windows-Sysmon", "ProviderGuid": "{5770385f-c22a-43e0-bf4c-06f5698ffbd9}", "Computer": "WS-HR-022", "Task": "Image loaded", "UtcTime": "2026-03-11 08:17:40.683", "ProcessGuid": "{c69394aa-0000-0000-0000-71e26a878b1d}", "User": "CORP\\j.dupont", "Image": "C:\\Windows\\System32\\taskhostw.exe", "ImageLoaded": "C:\\Windows\\System32\\advapi32.dll", "Hashes": "SHA1=710137EDECA7E0959E59CD8930BB80C7ECC16348,MD5=F711E39436CB57EA45CD1749,SHA256=710137EDECA7E0959E59CD8930BB80C7ECC16348F711E39436CB57EA45CD1749,IMPHASH=710137EDECA7E0959E59CD8930BB80C7", "Signed": "true", "Signature": "Microsoft Windows", "SignatureStatus": "Valid", "ProcessId": 10546}
{"@timestamp": "2026-03-11T08:17:41.683785Z", "EventID": 22, "Channel": "Microsoft-Windows-Sysmon/Operational", "Provider": "Microsoft-Windows-Sysmon", "ProviderGuid": "{5770385f-c22a-43e0-bf4c-06f5698ffbd9}", "Computer": "WS-HR-022", "Task": "Dns query", "UtcTime": "2026-03-11 08:17:41.683", "ProcessGuid": "{04f274c1-0000-0000-0000-aa3f23218120}", "User": "CORP\\j.dupont", "Image": "C:\\Windows\\System32\\taskhostw.exe", "QueryName": "cdn.jsdelivr.net", "QueryStatus": "0", "QueryResults": "type: 5 cdn.jsdelivr.net", "ProcessId": 10575}
{"@timestamp": "2026-03-11T08:17:42.683785Z", "EventID": 3, "Channel": "Microsoft-Windows-Sysmon/Operational", "Provider": "Microsoft-Windows-Sysmon", "ProviderGuid": "{5770385f-c22a-43e0-bf4c-06f5698ffbd9}", "Computer": "WS-HR-022", "Task": "Network connection detected", "UtcTime": "2026-03-11 08:17:42.683", "ProcessGuid": "{22134268-0000-0000-0000-03aaa68f44ae}", "User": "CORP\\j.dupont", "Image": "C:\\Windows\\System32\\taskhostw.exe", "Protocol": "tcp", "Initiated": true, "SourceIp": "10.20.4.18", "SourcePort": 57678, "DestinationIp": "104.18.30.249", "DestinationPort": 443, "DestinationHostname": "cdn.jsdelivr.net", "ProcessId": 10580}
{"@timestamp": "2026-03-11T08:17:43.683785Z", "EventID": 13, "Channel": "Microsoft-Windows-Sysmon/Operational", "Provider": "Microsoft-Windows-Sysmon", "ProviderGuid": "{5770385f-c22a-43e0-bf4c-06f5698ffbd9}", "Computer": "WS-HR-022", "Task": "Registry value set", "UtcTime": "2026-03-11 08:17:43.683", "ProcessGuid": "{21201239-0000-0000-0000-d47bed8f8bb5}", "User": "CORP\\j.dupont", "EventType": "SetValue", "Image": "C:\\Windows\\System32\\taskhostw.exe", "TargetObject": "HKLM\\SOFTWARE\\Microsoft\\Windows\\CurrentVersion\\Explorer\\Advanced\\Hidden", "Details": "DWORD (0x00000001)", "ProcessId": 10593}
{"@timestamp": "2026-03-11T08:17:51.946051Z", "EventID": 1, "Channel": "Microsoft-Windows-Sysmon/Operational", "Provider": "Microsoft-Windows-Sysmon", "ProviderGuid": "{5770385f-c22a-43e0-bf4c-06f5698ffbd9}", "Computer": "SRV-APP-02", "Task": "Process Create", "UtcTime": "2026-03-11 08:17:51.946", "ProcessGuid": "{92b751a3-0000-0000-0000-a9274de7a5f0}", "User": "CORP\\p.novak", "Image": "C:\\Windows\\System32\\SearchIndexer.exe", "CommandLine": "SearchIndexer.exe /Embedding", "CurrentDirectory": "C:\\Users\\p.novak\\", "ProcessId": 10613, "IntegrityLevel": "Medium", "Hashes": "SHA1=121647E7D5A6D15EEAB8D97378C4AEDDD4ADD9A0,MD5=283832F41A113F74BCD3F79D,SHA256=121647E7D5A6D15EEAB8D97378C4AEDDD4ADD9A0283832F41A113F74BCD3F79D,IMPHASH=121647E7D5A6D15EEAB8D97378C4AEDD", "ParentImage": "C:\\Windows\\System32\\services.exe", "ParentCommandLine": "services.exe", "ParentProcessId": 10651, "OriginalFileName": "SearchIndexer.exe", "LogonId": "0x347eb"}
{"@timestamp": "2026-03-11T08:18:02.795246Z", "EventID": 1, "Channel": "Microsoft-Windows-Sysmon/Operational", "Provider": "Microsoft-Windows-Sysmon", "ProviderGuid": "{5770385f-c22a-43e0-bf4c-06f5698ffbd9}", "Computer": "WS-FIN-014", "Task": "Process Create", "UtcTime": "2026-03-11 08:18:02.795", "ProcessGuid": "{59a11ae2-0000-0000-0000-ba7f35cb82ae}", "User": "CORP\\m.laurent", "Image": "C:\\Windows\\System32\\svchost.exe", "CommandLine": "svchost.exe -k netsvcs -p", "CurrentDirectory": "C:\\Users\\m.laurent\\", "ProcessId": 10691, "IntegrityLevel": "Medium", "Hashes": "SHA1=61ED4F85C992073BF9CF86A8CCF97A3836235B30,MD5=26EEE472B11BDD9EB577ED2A,SHA256=61ED4F85C992073BF9CF86A8CCF97A3836235B3026EEE472B11BDD9EB577ED2A,IMPHASH=61ED4F85C992073BF9CF86A8CCF97A38", "ParentImage": "C:\\Windows\\System32\\services.exe", "ParentCommandLine": "services.exe", "ParentProcessId": 10699, "OriginalFileName": "svchost.exe", "LogonId": "0xe9e22c"}
{"@timestamp": "2026-03-11T08:18:09.636465Z", "EventID": 1, "Channel": "Microsoft-Windows-Sysmon/Operational", "Provider": "Microsoft-Windows-Sysmon", "ProviderGuid": "{5770385f-c22a-43e0-bf4c-06f5698ffbd9}", "Computer": "WS-ENG-101", "Task": "Process Create", "UtcTime": "2026-03-11 08:18:09.636", "ProcessGuid": "{4851492b-0000-0000-0000-8a0a3c0911c8}", "User": "CORP\\a.schmidt", "Image": "C:\\Program Files\\Microsoft Teams\\Teams.exe", "CommandLine": "Teams.exe --system-initiated", "CurrentDirectory": "C:\\Users\\a.schmidt\\", "ProcessId": 10711, "IntegrityLevel": "Medium", "Hashes": "SHA1=9525FFAF892D6BD1156DEC6DA15806371098DE79,MD5=FF07B9533A5BBA93B98DAC47,SHA256=9525FFAF892D6BD1156DEC6DA15806371098DE79FF07B9533A5BBA93B98DAC47,IMPHASH=9525FFAF892D6BD1156DEC6DA1580637", "ParentImage": "C:\\Windows\\explorer.exe", "ParentCommandLine": "explorer.exe", "ParentProcessId": 10727, "OriginalFileName": "Teams.exe", "LogonId": "0x8064be"}
{"@timestamp": "2026-03-11T08:18:10.636465Z", "EventID": 7, "Channel": "Microsoft-Windows-Sysmon/Operational", "Provider": "Microsoft-Windows-Sysmon", "ProviderGuid": "{5770385f-c22a-43e0-bf4c-06f5698ffbd9}", "Computer": "WS-ENG-101", "Task": "Image loaded", "UtcTime": "2026-03-11 08:18:10.636", "ProcessGuid": "{ae3e179e-0000-0000-0000-c5f3fc9e877b}", "User": "CORP\\a.schmidt", "Image": "C:\\Program Files\\Microsoft Teams\\Teams.exe", "ImageLoaded": "C:\\Windows\\System32\\ole32.dll", "Hashes": "SHA1=F245FE196BF4E32347EB826671DBFA2AE75FC0F7,MD5=3E3DDDD0ED96FA97ED29A527,SHA256=F245FE196BF4E32347EB826671DBFA2AE75FC0F73E3DDDD0ED96FA97ED29A527,IMPHASH=F245FE196BF4E32347EB826671DBFA2A", "Signed": "true", "Signature": "Microsoft Windows", "SignatureStatus": "Valid", "ProcessId": 10741}
{"@timestamp": "2026-03-11T08:18:24.997821Z", "EventID": 1, "Channel": "Microsoft-Windows-Sysmon/Operational", "Provider": "Microsoft-Windows-Sysmon", "ProviderGuid": "{5770385f-c22a-43e0-bf4c-06f5698ffbd9}", "Computer": "SRV-APP-02", "Task": "Process Create", "UtcTime": "2026-03-11 08:18:24.997", "ProcessGuid": "{ac4f263d-0000-0000-0000-b6ab4c226ff4}", "User": "CORP\\a.schmidt", "Image": "C:\\Program Files\\Google\\Chrome\\Application\\chrome.exe", "CommandLine": "chrome.exe --type=renderer", "CurrentDirectory": "C:\\Users\\a.schmidt\\", "ProcessId": 10775, "IntegrityLevel": "Medium", "Hashes": "SHA1=B98A42E7E75A66429BF21F48D54033A6083EAF10,MD5=1BD296B5FE5A63134C2B6565,SHA256=B98A42E7E75A66429BF21F48D54033A6083EAF101BD296B5FE5A63134C2B6565,IMPHASH=B98A42E7E75A66429BF21F48D54033A6", "ParentImage": "C:\\Windows\\explorer.exe", "ParentCommandLine": "explorer.exe", "ParentProcessId": 10799, "OriginalFileName": "chrome.exe", "LogonId": "0x2fe8d5"}
{"@timestamp": "2026-03-11T08:18:26.997821Z", "EventID": 22, "Channel": "Microsoft-Windows-Sysmon/Operational", "Provider": "Microsoft-Windows-Sysmon", "ProviderGuid": "{5770385f-c22a-43e0-bf4c-06f5698ffbd9}", "Computer": "SRV-APP-02", "Task": "Dns query", "UtcTime": "2026-03-11 08:18:26.997", "ProcessGuid": "{7149963f-0000-0000-0000-5de0c7d76302}", "User": "CORP\\a.schmidt", "Image": "C:\\Program Files\\Google\\Chrome\\Application\\chrome.exe", "QueryName": "www.microsoft.com", "QueryStatus": "0", "QueryResults": "type: 5 www.microsoft.com", "ProcessId": 10825}
{"@timestamp": "2026-03-11T08:18:27.997821Z", "EventID": 3, "Channel": "Microsoft-Windows-Sysmon/Operational", "Provider": "Microsoft-Windows-Sysmon", "ProviderGuid": "{5770385f-c22a-43e0-bf4c-06f5698ffbd9}", "Computer": "SRV-APP-02", "Task": "Network connection detected", "UtcTime": "2026-03-11 08:18:27.997", "ProcessGuid": "{45eb2803-0000-0000-0000-8ce579d7dd6b}", "User": "CORP\\a.schmidt", "Image": "C:\\Program Files\\Google\\Chrome\\Application\\chrome.exe", "Protocol": "tcp", "Initiated": true, "SourceIp": "10.20.4.62", "SourcePort": 50607, "DestinationIp": "104.18.29.179", "DestinationPort": 443, "DestinationHostname": "www.microsoft.com", "ProcessId": 10851}
{"@timestamp": "2026-03-11T08:18:35.637116Z", "EventID": 1, "Channel": "Microsoft-Windows-Sysmon/Operational", "Provider": "Microsoft-Windows-Sysmon", "ProviderGuid": "{5770385f-c22a-43e0-bf4c-06f5698ffbd9}", "Computer": "WS-FIN-014", "Task": "Process Create", "UtcTime": "2026-03-11 08:18:35.637", "ProcessGuid": "{f89aa262-0000-0000-0000-9b23c7b1f35e}", "User": "CORP\\p.novak", "Image": "C:\\Windows\\System32\\RuntimeBroker.exe", "CommandLine": "RuntimeBroker.exe -Embedding", "CurrentDirectory": "C:\\Users\\p.novak\\", "ProcessId": 10888, "IntegrityLevel": "Medium", "Hashes": "SHA1=6E06B06ABB69086464746156B313BB85E792314E,MD5=F5BB5F92FAEC74E6F48A66F1,SHA256=6E06B06ABB69086464746156B313BB85E792314EF5BB5F92FAEC74E6F48A66F1,IMPHASH=6E06B06ABB69086464746156B313BB85", "ParentImage": "C:\\Windows\\System32\\svchost.exe", "ParentCommandLine": "svchost.exe", "ParentProcessId": 10920, "OriginalFileName": "RuntimeBroker.exe", "LogonId": "0x8cac23"}
{"@timestamp": "2026-03-11T08:18:46.698711Z", "EventID": 1, "Channel": "Microsoft-Windows-Sysmon/Operational", "Provider": "Microsoft-Windows-Sysmon", "ProviderGuid": "{5770385f-c22a-43e0-bf4c-06f5698ffbd9}", "Computer": "WS-HR-022", "Task": "Process Create", "UtcTime": "2026-03-11 08:18:46.698", "ProcessGuid": "{78f90de1-0000-0000-0000-55dca9ae932d}", "User": "CORP\\m.laurent", "Image": "C:\\Program Files\\Google\\Chrome\\Application\\chrome.exe", "CommandLine": "chrome.exe --type=renderer", "CurrentDirectory": "C:\\Users\\m.laurent\\", "ProcessId": 10930, "IntegrityLevel": "Medium", "Hashes": "SHA1=B98A42E7E75A66429BF21F48D54033A6083EAF10,MD5=1BD296B5FE5A63134C2B6565,SHA256=B98A42E7E75A66429BF21F48D54033A6083EAF101BD296B5FE5A63134C2B6565,IMPHASH=B98A42E7E75A66429BF21F48D54033A6", "ParentImage": "C:\\Windows\\explorer.exe", "ParentCommandLine": "explorer.exe", "ParentProcessId": 10954, "OriginalFileName": "chrome.exe", "LogonId": "0x63c928"}
{"@timestamp": "2026-03-11T08:18:47.698711Z", "EventID": 7, "Channel": "Microsoft-Windows-Sysmon/Operational", "Provider": "Microsoft-Windows-Sysmon", "ProviderGuid": "{5770385f-c22a-43e0-bf4c-06f5698ffbd9}", "Computer": "WS-HR-022", "Task": "Image loaded", "UtcTime": "2026-03-11 08:18:47.698", "ProcessGuid": "{9807f8fa-0000-0000-0000-6a893ecaba5f}", "User": "CORP\\m.laurent", "Image": "C:\\Program Files\\Google\\Chrome\\Application\\chrome.exe", "ImageLoaded": "C:\\Windows\\System32\\kernel32.dll", "Hashes": "SHA1=9CFF62CD296F6EFDBB9B5622D676BA00427ABD30,MD5=4150B5B1C27F0AA9385BB344,SHA256=9CFF62CD296F6EFDBB9B5622D676BA00427ABD304150B5B1C27F0AA9385BB344,IMPHASH=9CFF62CD296F6EFDBB9B5622D676BA00", "Signed": "true", "Signature": "Microsoft Windows", "SignatureStatus": "Valid", "ProcessId": 10979}
{"@timestamp": "2026-03-11T08:18:50.698711Z", "EventID": 13, "Channel": "Microsoft-Windows-Sysmon/Operational", "Provider": "Microsoft-Windows-Sysmon", "ProviderGuid": "{5770385f-c22a-43e0-bf4c-06f5698ffbd9}", "Computer": "WS-HR-022", "Task": "Registry value set", "UtcTime": "2026-03-11 08:18:50.698", "ProcessGuid": "{5c6068e8-0000-0000-0000-2754442cbcc8}", "User": "CORP\\m.laurent", "EventType": "SetValue", "Image": "C:\\Program Files\\Google\\Chrome\\Application\\chrome.exe", "TargetObject": "HKLM\\SOFTWARE\\Microsoft\\Windows\\CurrentVersion\\Explorer\\Advanced\\Hidden", "Details": "DWORD (0x00000001)", "ProcessId": 10988}
{"@timestamp": "2026-03-11T08:18:53.279904Z", "EventID": 1, "Channel": "Microsoft-Windows-Sysmon/Operational", "Provider": "Microsoft-Windows-Sysmon", "ProviderGuid": "{5770385f-c22a-43e0-bf4c-06f5698ffbd9}", "Computer": "WS-FIN-014", "Task": "Process Create", "UtcTime": "2026-03-11 08:18:53.279", "ProcessGuid": "{e525c5c6-0000-0000-0000-22df5137ec10}", "User": "CORP\\j.dupont", "Image": "C:\\Windows\\System32\\svchost.exe", "CommandLine": "svchost.exe -k netsvcs -p", "CurrentDirectory": "C:\\Users\\j.dupont\\", "ProcessId": 11020, "IntegrityLevel": "Medium", "Hashes": "SHA1=61ED4F85C992073BF9CF86A8CCF97A3836235B30,MD5=26EEE472B11BDD9EB577ED2A,SHA256=61ED4F85C992073BF9CF86A8CCF97A3836235B3026EEE472B11BDD9EB577ED2A,IMPHASH=61ED4F85C992073BF9CF86A8CCF97A38", "ParentImage": "C:\\Windows\\System32\\services.exe", "ParentCommandLine": "services.exe", "ParentProcessId": 11041, "OriginalFileName": "svchost.exe", "LogonId": "0x31c90"}
{"@timestamp": "2026-03-11T08:19:05.903722Z", "EventID": 1, "Channel": "Microsoft-Windows-Sysmon/Operational", "Provider": "Microsoft-Windows-Sysmon", "ProviderGuid": "{5770385f-c22a-43e0-bf4c-06f5698ffbd9}", "Computer": "WS-ENG-101", "Task": "Process Create", "UtcTime": "2026-03-11 08:19:05.903", "ProcessGuid": "{bdae17c9-0000-0000-0000-077e592cc452}", "User": "CORP\\a.schmidt", "Image": "C:\\Windows\\System32\\RuntimeBroker.exe", "CommandLine": "RuntimeBroker.exe -Embedding", "CurrentDirectory": "C:\\Users\\a.schmidt\\", "ProcessId": 11079, "IntegrityLevel": "Medium", "Hashes": "SHA1=6E06B06ABB69086464746156B313BB85E792314E,MD5=F5BB5F92FAEC74E6F48A66F1,SHA256=6E06B06ABB69086464746156B313BB85E792314EF5BB5F92FAEC74E6F48A66F1,IMPHASH=6E06B06ABB69086464746156B313BB85", "ParentImage": "C:\\Windows\\System32\\svchost.exe", "ParentCommandLine": "svchost.exe", "ParentProcessId": 11115, "OriginalFileName": "RuntimeBroker.exe", "LogonId": "0xab77dc"}
{"@timestamp": "2026-03-11T08:19:07.903722Z", "EventID": 22, "Channel": "Microsoft-Windows-Sysmon/Operational", "Provider": "Microsoft-Windows-Sysmon", "ProviderGuid": "{5770385f-c22a-43e0-bf4c-06f5698ffbd9}", "Computer": "WS-ENG-101", "Task": "Dns query", "UtcTime": "2026-03-11 08:19:07.903", "ProcessGuid": "{63739d1c-0000-0000-0000-559a98231630}", "User": "CORP\\a.schmidt", "Image": "C:\\Windows\\System32\\RuntimeBroker.exe", "QueryName": "www.microsoft.com", "QueryStatus": "0", "QueryResults": "type: 5 www.microsoft.com", "ProcessId": 11119}
{"@timestamp": "2026-03-11T08:19:08.903722Z", "EventID": 3, "Channel": "Microsoft-Windows-Sysmon/Operational", "Provider": "Microsoft-Windows-Sysmon", "ProviderGuid": "{5770385f-c22a-43e0-bf4c-06f5698ffbd9}", "Computer": "WS-ENG-101", "Task": "Network connection detected", "UtcTime": "2026-03-11 08:19:08.903", "ProcessGuid": "{7becc8e9-0000-0000-0000-dc80394af189}", "User": "CORP\\a.schmidt", "Image": "C:\\Windows\\System32\\RuntimeBroker.exe", "Protocol": "tcp", "Initiated": true, "SourceIp": "10.20.4.39", "SourcePort": 52265, "DestinationIp": "104.18.23.75", "DestinationPort": 443, "DestinationHostname": "www.microsoft.com", "ProcessId": 11150}
{"@timestamp": "2026-03-11T08:19:17.777017Z", "EventID": 1, "Channel": "Microsoft-Windows-Sysmon/Operational", "Provider": "Microsoft-Windows-Sysmon", "ProviderGuid": "{5770385f-c22a-43e0-bf4c-06f5698ffbd9}", "Computer": "WS-MKT-047", "Task": "Process Create", "UtcTime": "2026-03-11 08:19:17.777", "ProcessGuid": "{c6f7bd5b-0000-0000-0000-5b31eec1f298}", "User": "CORP\\m.laurent", "Image": "C:\\Windows\\System32\\SearchIndexer.exe", "CommandLine": "SearchIndexer.exe /Embedding", "CurrentDirectory": "C:\\Users\\m.laurent\\", "ProcessId": 11184, "IntegrityLevel": "Medium", "Hashes": "SHA1=121647E7D5A6D15EEAB8D97378C4AEDDD4ADD9A0,MD5=283832F41A113F74BCD3F79D,SHA256=121647E7D5A6D15EEAB8D97378C4AEDDD4ADD9A0283832F41A113F74BCD3F79D,IMPHASH=121647E7D5A6D15EEAB8D97378C4AEDD", "ParentImage": "C:\\Windows\\System32\\services.exe", "ParentCommandLine": "services.exe", "ParentProcessId": 11194, "OriginalFileName": "SearchIndexer.exe", "LogonId": "0xcff11e"}
{"@timestamp": "2026-03-11T08:19:18.777017Z", "EventID": 7, "Channel": "Microsoft-Windows-Sysmon/Operational", "Provider": "Microsoft-Windows-Sysmon", "ProviderGuid": "{5770385f-c22a-43e0-bf4c-06f5698ffbd9}", "Computer": "WS-MKT-047", "Task": "Image loaded", "UtcTime": "2026-03-11 08:19:18.777", "ProcessGuid": "{52d06837-0000-0000-0000-0b0e0a657c28}", "User": "CORP\\m.laurent", "Image": "C:\\Windows\\System32\\SearchIndexer.exe", "ImageLoaded": "C:\\Windows\\System32\\kernel32.dll", "Hashes": "SHA1=9CFF62CD296F6EFDBB9B5622D676BA00427ABD30,MD5=4150B5B1C27F0AA9385BB344,SHA256=9CFF62CD296F6EFDBB9B5622D676BA00427ABD304150B5B1C27F0AA9385BB344,IMPHASH=9CFF62CD296F6EFDBB9B5622D676BA00", "Signed": "true", "Signature": "Microsoft Windows", "SignatureStatus": "Valid", "ProcessId": 11206}
{"@timestamp": "2026-03-11T08:19:30.216585Z", "EventID": 1, "Channel": "Microsoft-Windows-Sysmon/Operational", "Provider": "Microsoft-Windows-Sysmon", "ProviderGuid": "{5770385f-c22a-43e0-bf4c-06f5698ffbd9}", "Computer": "WS-HR-022", "Task": "Process Create", "UtcTime": "2026-03-11 08:19:30.216", "ProcessGuid": "{2a801178-0000-0000-0000-e9fe2d4b5f09}", "User": "CORP\\a.schmidt", "Image": "C:\\Windows\\System32\\RuntimeBroker.exe", "CommandLine": "RuntimeBroker.exe -Embedding", "CurrentDirectory": "C:\\Users\\a.schmidt\\", "ProcessId": 11238, "IntegrityLevel": "Medium", "Hashes": "SHA1=6E06B06ABB69086464746156B313BB85E792314E,MD5=F5BB5F92FAEC74E6F48A66F1,SHA256=6E06B06ABB69086464746156B313BB85E792314EF5BB5F92FAEC74E6F48A66F1,IMPHASH=6E06B06ABB69086464746156B313BB85", "ParentImage": "C:\\Windows\\System32\\svchost.exe", "ParentCommandLine": "svchost.exe", "ParentProcessId": 11264, "OriginalFileName": "RuntimeBroker.exe", "LogonId": "0xaf7d69"}
{"@timestamp": "2026-03-11T08:19:41.321030Z", "EventID": 1, "Channel": "Microsoft-Windows-Sysmon/Operational", "Provider": "Microsoft-Windows-Sysmon", "ProviderGuid": "{5770385f-c22a-43e0-bf4c-06f5698ffbd9}", "Computer": "WS-FIN-014", "Task": "Process Create", "UtcTime": "2026-03-11 08:19:41.321", "ProcessGuid": "{6eef86ea-0000-0000-0000-6f143376844b}", "User": "CORP\\a.schmidt", "Image": "C:\\Program Files\\Google\\Chrome\\Application\\chrome.exe", "CommandLine": "chrome.exe --type=renderer", "CurrentDirectory": "C:\\Users\\a.schmidt\\", "ProcessId": 11280, "IntegrityLevel": "Medium", "Hashes": "SHA1=B98A42E7E75A66429BF21F48D54033A6083EAF10,MD5=1BD296B5FE5A63134C2B6565,SHA256=B98A42E7E75A66429BF21F48D54033A6083EAF101BD296B5FE5A63134C2B6565,IMPHASH=B98A42E7E75A66429BF21F48D54033A6", "ParentImage": "C:\\Windows\\explorer.exe", "ParentCommandLine": "explorer.exe", "ParentProcessId": 11292, "OriginalFileName": "chrome.exe", "LogonId": "0x892a65"}
{"@timestamp": "2026-03-11T08:19:52.177056Z", "EventID": 1, "Channel": "Microsoft-Windows-Sysmon/Operational", "Provider": "Microsoft-Windows-Sysmon", "ProviderGuid": "{5770385f-c22a-43e0-bf4c-06f5698ffbd9}", "Computer": "WS-MKT-047", "Task": "Process Create", "UtcTime": "2026-03-11 08:19:52.177", "ProcessGuid": "{f06fb4d8-0000-0000-0000-f88e0829d10d}", "User": "CORP\\a.schmidt", "Image": "C:\\Program Files\\Microsoft Office\\root\\Office16\\OUTLOOK.EXE", "CommandLine": "OUTLOOK.EXE /recycle", "CurrentDirectory": "C:\\Users\\a.schmidt\\", "ProcessId": 11301, "IntegrityLevel": "Medium", "Hashes": "SHA1=D25566003433C51441C6E3C14EF3881FFB63A3D5,MD5=4985E661295960B277858FDD,SHA256=D25566003433C51441C6E3C14EF3881FFB63A3D54985E661295960B277858FDD,IMPHASH=D25566003433C51441C6E3C14EF3881F", "ParentImage": "C:\\Windows\\explorer.exe", "ParentCommandLine": "explorer.exe", "ParentProcessId": 11340, "OriginalFileName": "OUTLOOK.EXE", "LogonId": "0x4ef04c"}
{"@timestamp": "2026-03-11T08:19:53.177056Z", "EventID": 7, "Channel": "Microsoft-Windows-Sysmon/Operational", "Provider": "Microsoft-Windows-Sysmon", "ProviderGuid": "{5770385f-c22a-43e0-bf4c-06f5698ffbd9}", "Computer": "WS-MKT-047", "Task": "Image loaded", "UtcTime": "2026-03-11 08:19:53.177", "ProcessGuid": "{0ca9ac12-0000-0000-0000-af1e17c3c763}", "User": "CORP\\a.schmidt", "Image": "C:\\Program Files\\Microsoft Office\\root\\Office16\\OUTLOOK.EXE", "ImageLoaded": "C:\\Windows\\System32\\advapi32.dll", "Hashes": "SHA1=710137EDECA7E0959E59CD8930BB80C7ECC16348,MD5=F711E39436CB57EA45CD1749,SHA256=710137EDECA7E0959E59CD8930BB80C7ECC16348F711E39436CB57EA45CD1749,IMPHASH=710137EDECA7E0959E59CD8930BB80C7", "Signed": "true", "Signature": "Microsoft Windows", "SignatureStatus": "Valid", "ProcessId": 11378}
{"@timestamp": "2026-03-11T08:19:54.177056Z", "EventID": 22, "Channel": "Microsoft-Windows-Sysmon/Operational", "Provider": "Microsoft-Windows-Sysmon", "ProviderGuid": "{5770385f-c22a-43e0-bf4c-06f5698ffbd9}", "Computer": "WS-MKT-047", "Task": "Dns query", "UtcTime": "2026-03-11 08:19:54.177", "ProcessGuid": "{c7118a43-0000-0000-0000-e5e2cfb1325b}", "User": "CORP\\a.schmidt", "Image": "C:\\Program Files\\Microsoft Office\\root\\Office16\\OUTLOOK.EXE", "QueryName": "login.microsoftonline.com", "QueryStatus": "0", "QueryResults": "type: 5 login.microsoftonline.com", "ProcessId": 11390}
{"@timestamp": "2026-03-11T08:19:55.177056Z", "EventID": 3, "Channel": "Microsoft-Windows-Sysmon/Operational", "Provider": "Microsoft-Windows-Sysmon", "ProviderGuid": "{5770385f-c22a-43e0-bf4c-06f5698ffbd9}", "Computer": "WS-MKT-047", "Task": "Network connection detected", "UtcTime": "2026-03-11 08:19:55.177", "ProcessGuid": "{6369f79c-0000-0000-0000-6ab69d1fd30e}", "User": "CORP\\a.schmidt", "Image": "C:\\Program Files\\Microsoft Office\\root\\Office16\\OUTLOOK.EXE", "Protocol": "tcp", "Initiated": true, "SourceIp": "10.20.4.38", "SourcePort": 63509, "DestinationIp": "104.18.5.67", "DestinationPort": 443, "DestinationHostname": "login.microsoftonline.com", "ProcessId": 11414}
{"@timestamp": "2026-03-11T08:19:56.177056Z", "EventID": 13, "Channel": "Microsoft-Windows-Sysmon/Operational", "Provider": "Microsoft-Windows-Sysmon", "ProviderGuid": "{5770385f-c22a-43e0-bf4c-06f5698ffbd9}", "Computer": "WS-MKT-047", "Task": "Registry value set", "UtcTime": "2026-03-11 08:19:56.177", "ProcessGuid": "{5687bd78-0000-0000-0000-47dfcb5b3735}", "User": "CORP\\a.schmidt", "EventType": "SetValue", "Image": "C:\\Program Files\\Microsoft Office\\root\\Office16\\OUTLOOK.EXE", "TargetObject": "HKLM\\SOFTWARE\\Microsoft\\Windows\\CurrentVersion\\Explorer\\Advanced\\Hidden", "Details": "DWORD (0x00000001)", "ProcessId": 11451}
{"@timestamp": "2026-03-11T08:19:59.667250Z", "EventID": 1, "Channel": "Microsoft-Windows-Sysmon/Operational", "Provider": "Microsoft-Windows-Sysmon", "ProviderGuid": "{5770385f-c22a-43e0-bf4c-06f5698ffbd9}", "Computer": "WS-HR-022", "Task": "Process Create", "UtcTime": "2026-03-11 08:19:59.667", "ProcessGuid": "{f17d92f1-0000-0000-0000-41de7515d127}", "User": "CORP\\a.schmidt", "Image": "C:\\Windows\\System32\\RuntimeBroker.exe", "CommandLine": "RuntimeBroker.exe -Embedding", "CurrentDirectory": "C:\\Users\\a.schmidt\\", "ProcessId": 11475, "IntegrityLevel": "Medium", "Hashes": "SHA1=6E06B06ABB69086464746156B313BB85E792314E,MD5=F5BB5F92FAEC74E6F48A66F1,SHA256=6E06B06ABB69086464746156B313BB85E792314EF5BB5F92FAEC74E6F48A66F1,IMPHASH=6E06B06ABB69086464746156B313BB85", "ParentImage": "C:\\Windows\\System32\\svchost.exe", "ParentCommandLine": "svchost.exe", "ParentProcessId": 11501, "OriginalFileName": "RuntimeBroker.exe", "LogonId": "0x6928b7"}
{"@timestamp": "2026-03-11T08:20:13.030584Z", "EventID": 1, "Channel": "Microsoft-Windows-Sysmon/Operational", "Provider": "Microsoft-Windows-Sysmon", "ProviderGuid": "{5770385f-c22a-43e0-bf4c-06f5698ffbd9}", "Computer": "WS-FIN-014", "Task": "Process Create", "UtcTime": "2026-03-11 08:20:13.030", "ProcessGuid": "{4a84ae94-0000-0000-0000-cd195ae13a69}", "User": "CORP\\p.novak", "Image": "C:\\Windows\\System32\\taskhostw.exe", "CommandLine": "taskhostw.exe {222A245B}", "CurrentDirectory": "C:\\Users\\p.novak\\", "ProcessId": 11520, "IntegrityLevel": "Medium", "Hashes": "SHA1=EADE2CD8C84CE631A2A6917151557D03D7BCF704,MD5=B2A911E5910025FA412EE1D7,SHA256=EADE2CD8C84CE631A2A6917151557D03D7BCF704B2A911E5910025FA412EE1D7,IMPHASH=EADE2CD8C84CE631A2A6917151557D03", "ParentImage": "C:\\Windows\\System32\\svchost.exe", "ParentCommandLine": "svchost.exe", "ParentProcessId": 11536, "OriginalFileName": "taskhostw.exe", "LogonId": "0xdc79de"}
{"@timestamp": "2026-03-11T08:20:25.079263Z", "EventID": 1, "Channel": "Microsoft-Windows-Sysmon/Operational", "Provider": "Microsoft-Windows-Sysmon", "ProviderGuid": "{5770385f-c22a-43e0-bf4c-06f5698ffbd9}", "Computer": "WS-HR-022", "Task": "Process Create", "UtcTime": "2026-03-11 08:20:25.079", "ProcessGuid": "{74807a03-0000-0000-0000-8badab7a236d}", "User": "CORP\\p.novak", "Image": "C:\\Windows\\System32\\RuntimeBroker.exe", "CommandLine": "RuntimeBroker.exe -Embedding", "CurrentDirectory": "C:\\Users\\p.novak\\", "ProcessId": 11555, "IntegrityLevel": "Medium", "Hashes": "SHA1=6E06B06ABB69086464746156B313BB85E792314E,MD5=F5BB5F92FAEC74E6F48A66F1,SHA256=6E06B06ABB69086464746156B313BB85E792314EF5BB5F92FAEC74E6F48A66F1,IMPHASH=6E06B06ABB69086464746156B313BB85", "ParentImage": "C:\\Windows\\System32\\svchost.exe", "ParentCommandLine": "svchost.exe", "ParentProcessId": 11564, "OriginalFileName": "RuntimeBroker.exe", "LogonId": "0x7c9306"}
{"@timestamp": "2026-03-11T08:20:26.079263Z", "EventID": 7, "Channel": "Microsoft-Windows-Sysmon/Operational", "Provider": "Microsoft-Windows-Sysmon", "ProviderGuid": "{5770385f-c22a-43e0-bf4c-06f5698ffbd9}", "Computer": "WS-HR-022", "Task": "Image loaded", "UtcTime": "2026-03-11 08:20:26.079", "ProcessGuid": "{8a06b494-0000-0000-0000-b597d49454dc}", "User": "CORP\\p.novak", "Image": "C:\\Windows\\System32\\RuntimeBroker.exe", "ImageLoaded": "C:\\Windows\\System32\\ole32.dll", "Hashes": "SHA1=F245FE196BF4E32347EB826671DBFA2AE75FC0F7,MD5=3E3DDDD0ED96FA97ED29A527,SHA256=F245FE196BF4E32347EB826671DBFA2AE75FC0F73E3DDDD0ED96FA97ED29A527,IMPHASH=F245FE196BF4E32347EB826671DBFA2A", "Signed": "true", "Signature": "Microsoft Windows", "SignatureStatus": "Valid", "ProcessId": 11586}
{"@timestamp": "2026-03-11T08:20:34.694912Z", "EventID": 1, "Channel": "Microsoft-Windows-Sysmon/Operational", "Provider": "Microsoft-Windows-Sysmon", "ProviderGuid": "{5770385f-c22a-43e0-bf4c-06f5698ffbd9}", "Computer": "SRV-APP-02", "Task": "Process Create", "UtcTime": "2026-03-11 08:20:34.694", "ProcessGuid": "{55083be0-0000-0000-0000-0542612563e8}", "User": "CORP\\p.novak", "Image": "C:\\Windows\\System32\\RuntimeBroker.exe", "CommandLine": "RuntimeBroker.exe -Embedding", "CurrentDirectory": "C:\\Users\\p.novak\\", "ProcessId": 11621, "IntegrityLevel": "Medium", "Hashes": "SHA1=6E06B06ABB69086464746156B313BB85E792314E,MD5=F5BB5F92FAEC74E6F48A66F1,SHA256=6E06B06ABB69086464746156B313BB85E792314EF5BB5F92FAEC74E6F48A66F1,IMPHASH=6E06B06ABB69086464746156B313BB85", "ParentImage": "C:\\Windows\\System32\\svchost.exe", "ParentCommandLine": "svchost.exe", "ParentProcessId": 11658, "OriginalFileName": "RuntimeBroker.exe", "LogonId": "0xe3a37"}
{"@timestamp": "2026-03-11T08:20:36.694912Z", "EventID": 22, "Channel": "Microsoft-Windows-Sysmon/Operational", "Provider": "Microsoft-Windows-Sysmon", "ProviderGuid": "{5770385f-c22a-43e0-bf4c-06f5698ffbd9}", "Computer": "SRV-APP-02", "Task": "Dns query", "UtcTime": "2026-03-11 08:20:36.694", "ProcessGuid": "{3be6900d-0000-0000-0000-dae774a81207}", "User": "CORP\\p.novak", "Image": "C:\\Windows\\System32\\RuntimeBroker.exe", "QueryName": "update.googleapis.com", "QueryStatus": "0", "QueryResults": "type: 5 update.googleapis.com", "ProcessId": 11689}
{"@timestamp": "2026-03-11T08:20:37.694912Z", "EventID": 3, "Channel": "Microsoft-Windows-Sysmon/Operational", "Provider": "Microsoft-Windows-Sysmon", "ProviderGuid": "{5770385f-c22a-43e0-bf4c-06f5698ffbd9}", "Computer": "SRV-APP-02", "Task": "Network connection detected", "UtcTime": "2026-03-11 08:20:37.694", "ProcessGuid": "{f55ec1dc-0000-0000-0000-a5ee43d548b1}", "User": "CORP\\p.novak", "Image": "C:\\Windows\\System32\\RuntimeBroker.exe", "Protocol": "tcp", "Initiated": true, "SourceIp": "10.20.4.68", "SourcePort": 55275, "DestinationIp": "104.18.24.91", "DestinationPort": 443, "DestinationHostname": "update.googleapis.com", "ProcessId": 11729}
{"@timestamp": "2026-03-11T08:20:45.892838Z", "EventID": 1, "Channel": "Microsoft-Windows-Sysmon/Operational", "Provider": "Microsoft-Windows-Sysmon", "ProviderGuid": "{5770385f-c22a-43e0-bf4c-06f5698ffbd9}", "Computer": "WS-HR-022", "Task": "Process Create", "UtcTime": "2026-03-11 08:20:45.892", "ProcessGuid": "{9b527df0-0000-0000-0000-6ce542ab5dbf}", "User": "CORP\\m.laurent", "Image": "C:\\Windows\\System32\\svchost.exe", "CommandLine": "svchost.exe -k netsvcs -p", "CurrentDirectory": "C:\\Users\\m.laurent\\", "ProcessId": 11746, "IntegrityLevel": "Medium", "Hashes": "SHA1=61ED4F85C992073BF9CF86A8CCF97A3836235B30,MD5=26EEE472B11BDD9EB577ED2A,SHA256=61ED4F85C992073BF9CF86A8CCF97A3836235B3026EEE472B11BDD9EB577ED2A,IMPHASH=61ED4F85C992073BF9CF86A8CCF97A38", "ParentImage": "C:\\Windows\\System32\\services.exe", "ParentCommandLine": "services.exe", "ParentProcessId": 11785, "OriginalFileName": "svchost.exe", "LogonId": "0xf891d4"}
{"@timestamp": "2026-03-11T08:20:58.380681Z", "EventID": 1, "Channel": "Microsoft-Windows-Sysmon/Operational", "Provider": "Microsoft-Windows-Sysmon", "ProviderGuid": "{5770385f-c22a-43e0-bf4c-06f5698ffbd9}", "Computer": "WS-ENG-101", "Task": "Process Create", "UtcTime": "2026-03-11 08:20:58.380", "ProcessGuid": "{79f8194f-0000-0000-0000-be8a92ecece9}", "User": "CORP\\j.dupont", "Image": "C:\\Windows\\System32\\svchost.exe", "CommandLine": "svchost.exe -k netsvcs -p", "CurrentDirectory": "C:\\Users\\j.dupont\\", "ProcessId": 11823, "IntegrityLevel": "Medium", "Hashes": "SHA1=61ED4F85C992073BF9CF86A8CCF97A3836235B30,MD5=26EEE472B11BDD9EB577ED2A,SHA256=61ED4F85C992073BF9CF86A8CCF97A3836235B3026EEE472B11BDD9EB577ED2A,IMPHASH=61ED4F85C992073BF9CF86A8CCF97A38", "ParentImage": "C:\\Windows\\System32\\services.exe", "ParentCommandLine": "services.exe", "ParentProcessId": 11849, "OriginalFileName": "svchost.exe", "LogonId": "0xd67d52"}
{"@timestamp": "2026-03-11T08:20:59.380681Z", "EventID": 7, "Channel": "Microsoft-Windows-Sysmon/Operational", "Provider": "Microsoft-Windows-Sysmon", "ProviderGuid": "{5770385f-c22a-43e0-bf4c-06f5698ffbd9}", "Computer": "WS-ENG-101", "Task": "Image loaded", "UtcTime": "2026-03-11 08:20:59.380", "ProcessGuid": "{ca1a1bf6-0000-0000-0000-67d311c69fb1}", "User": "CORP\\j.dupont", "Image": "C:\\Windows\\System32\\svchost.exe", "ImageLoaded": "C:\\Windows\\System32\\ole32.dll", "Hashes": "SHA1=F245FE196BF4E32347EB826671DBFA2AE75FC0F7,MD5=3E3DDDD0ED96FA97ED29A527,SHA256=F245FE196BF4E32347EB826671DBFA2AE75FC0F73E3DDDD0ED96FA97ED29A527,IMPHASH=F245FE196BF4E32347EB826671DBFA2A", "Signed": "true", "Signature": "Microsoft Windows", "SignatureStatus": "Valid", "ProcessId": 11883}
{"@timestamp": "2026-03-11T08:21:02.380681Z", "EventID": 13, "Channel": "Microsoft-Windows-Sysmon/Operational", "Provider": "Microsoft-Windows-Sysmon", "ProviderGuid": "{5770385f-c22a-43e0-bf4c-06f5698ffbd9}", "Computer": "WS-ENG-101", "Task": "Registry value set", "UtcTime": "2026-03-11 08:21:02.380", "ProcessGuid": "{471b3100-0000-0000-0000-50ac8916e3f6}", "User": "CORP\\j.dupont", "EventType": "SetValue", "Image": "C:\\Windows\\System32\\svchost.exe", "TargetObject": "HKLM\\SOFTWARE\\Microsoft\\Windows\\CurrentVersion\\Explorer\\Advanced\\Hidden", "Details": "DWORD (0x00000001)", "ProcessId": 11915}
{"@timestamp": "2026-03-11T08:21:06.290768Z", "EventID": 1, "Channel": "Microsoft-Windows-Sysmon/Operational", "Provider": "Microsoft-Windows-Sysmon", "ProviderGuid": "{5770385f-c22a-43e0-bf4c-06f5698ffbd9}", "Computer": "WS-ENG-101", "Task": "Process Create", "UtcTime": "2026-03-11 08:21:06.290", "ProcessGuid": "{d6d0e958-0000-0000-0000-cb03f06bc75b}", "User": "CORP\\m.laurent", "Image": "C:\\Windows\\System32\\RuntimeBroker.exe", "CommandLine": "RuntimeBroker.exe -Embedding", "CurrentDirectory": "C:\\Users\\m.laurent\\", "ProcessId": 11952, "IntegrityLevel": "Medium", "Hashes": "SHA1=6E06B06ABB69086464746156B313BB85E792314E,MD5=F5BB5F92FAEC74E6F48A66F1,SHA256=6E06B06ABB69086464746156B313BB85E792314EF5BB5F92FAEC74E6F48A66F1,IMPHASH=6E06B06ABB69086464746156B313BB85", "ParentImage": "C:\\Windows\\System32\\svchost.exe", "ParentCommandLine": "svchost.exe", "ParentProcessId": 11962, "OriginalFileName": "RuntimeBroker.exe", "LogonId": "0x85f034"}
{"@timestamp": "2026-03-11T08:21:18.893539Z", "EventID": 1, "Channel": "Microsoft-Windows-Sysmon/Operational", "Provider": "Microsoft-Windows-Sysmon", "ProviderGuid": "{5770385f-c22a-43e0-bf4c-06f5698ffbd9}", "Computer": "WS-FIN-014", "Task": "Process Create", "UtcTime": "2026-03-11 08:21:18.893", "ProcessGuid": "{9bfcbf2e-0000-0000-0000-36b5c7cc8d7b}", "User": "CORP\\p.novak", "Image": "C:\\Windows\\System32\\RuntimeBroker.exe", "CommandLine": "RuntimeBroker.exe -Embedding", "CurrentDirectory": "C:\\Users\\p.novak\\", "ProcessId": 11985, "IntegrityLevel": "Medium", "Hashes": "SHA1=6E06B06ABB69086464746156B313BB85E792314E,MD5=F5BB5F92FAEC74E6F48A66F1,SHA256=6E06B06ABB69086464746156B313BB85E792314EF5BB5F92FAEC74E6F48A66F1,IMPHASH=6E06B06ABB69086464746156B313BB85", "ParentImage": "C:\\Windows\\System32\\svchost.exe", "ParentCommandLine": "svchost.exe", "ParentProcessId": 12018, "OriginalFileName": "RuntimeBroker.exe", "LogonId": "0x2d1b67"}
{"@timestamp": "2026-03-11T08:21:20.893539Z", "EventID": 22, "Channel": "Microsoft-Windows-Sysmon/Operational", "Provider": "Microsoft-Windows-Sysmon", "ProviderGuid": "{5770385f-c22a-43e0-bf4c-06f5698ffbd9}", "Computer": "WS-FIN-014", "Task": "Dns query", "UtcTime": "2026-03-11 08:21:20.893", "ProcessGuid": "{52869cef-0000-0000-0000-13a23bf0687b}", "User": "CORP\\p.novak", "Image": "C:\\Windows\\System32\\RuntimeBroker.exe", "QueryName": "outlook.office365.com", "QueryStatus": "0", "QueryResults": "type: 5 outlook.office365.com", "ProcessId": 12046}
{"@timestamp": "2026-03-11T08:21:21.893539Z", "EventID": 3, "Channel": "Microsoft-Windows-Sysmon/Operational", "Provider": "Microsoft-Windows-Sysmon", "ProviderGuid": "{5770385f-c22a-43e0-bf4c-06f5698ffbd9}", "Computer": "WS-FIN-014", "Task": "Network connection detected", "UtcTime": "2026-03-11 08:21:21.893", "ProcessGuid": "{16e0342f-0000-0000-0000-adfa353621bb}", "User": "CORP\\p.novak", "Image": "C:\\Windows\\System32\\RuntimeBroker.exe", "Protocol": "tcp", "Initiated": true, "SourceIp": "10.20.4.10", "SourcePort": 55293, "DestinationIp": "104.18.12.46", "DestinationPort": 443, "DestinationHostname": "outlook.office365.com", "ProcessId": 12084}
{"@timestamp": "2026-03-11T08:21:27.099703Z", "EventID": 1, "Channel": "Microsoft-Windows-Sysmon/Operational", "Provider": "Microsoft-Windows-Sysmon", "ProviderGuid": "{5770385f-c22a-43e0-bf4c-06f5698ffbd9}", "Computer": "WS-ENG-101", "Task": "Process Create", "UtcTime": "2026-03-11 08:21:27.099", "ProcessGuid": "{ef72b3eb-0000-0000-0000-ed4ac3aa7ad9}", "User": "CORP\\a.schmidt", "Image": "C:\\Program Files\\Google\\Chrome\\Application\\chrome.exe", "CommandLine": "chrome.exe --type=renderer", "CurrentDirectory": "C:\\Users\\a.schmidt\\", "ProcessId": 12093, "IntegrityLevel": "Medium", "Hashes": "SHA1=B98A42E7E75A66429BF21F48D54033A6083EAF10,MD5=1BD296B5FE5A63134C2B6565,SHA256=B98A42E7E75A66429BF21F48D54033A6083EAF101BD296B5FE5A63134C2B6565,IMPHASH=B98A42E7E75A66429BF21F48D54033A6", "ParentImage": "C:\\Windows\\explorer.exe", "ParentCommandLine": "explorer.exe", "ParentProcessId": 12129, "OriginalFileName": "chrome.exe", "LogonId": "0x391845"}
{"@timestamp": "2026-03-11T08:21:28.099703Z", "EventID": 7, "Channel": "Microsoft-Windows-Sysmon/Operational", "Provider": "Microsoft-Windows-Sysmon", "ProviderGuid": "{5770385f-c22a-43e0-bf4c-06f5698ffbd9}", "Computer": "WS-ENG-101", "Task": "Image loaded", "UtcTime": "2026-03-11 08:21:28.099", "ProcessGuid": "{66635ecb-0000-0000-0000-e59fa6b0c294}", "User": "CORP\\a.schmidt", "Image": "C:\\Program Files\\Google\\Chrome\\Application\\chrome.exe", "ImageLoaded": "C:\\Windows\\System32\\kernel32.dll", "Hashes": "SHA1=9CFF62CD296F6EFDBB9B5622D676BA00427ABD30,MD5=4150B5B1C27F0AA9385BB344,SHA256=9CFF62CD296F6EFDBB9B5622D676BA00427ABD304150B5B1C27F0AA9385BB344,IMPHASH=9CFF62CD296F6EFDBB9B5622D676BA00", "Signed": "true", "Signature": "Microsoft Windows", "SignatureStatus": "Valid", "ProcessId": 12159}
{"@timestamp": "2026-03-11T08:21:41.297743Z", "EventID": 1, "Channel": "Microsoft-Windows-Sysmon/Operational", "Provider": "Microsoft-Windows-Sysmon", "ProviderGuid": "{5770385f-c22a-43e0-bf4c-06f5698ffbd9}", "Computer": "WS-FIN-014", "Task": "Process Create", "UtcTime": "2026-03-11 08:21:41.297", "ProcessGuid": "{181e2756-0000-0000-0000-fcaa7f7fbf45}", "User": "CORP\\m.laurent", "Image": "C:\\Program Files\\Microsoft Teams\\Teams.exe", "CommandLine": "Teams.exe --system-initiated", "CurrentDirectory": "C:\\Users\\m.laurent\\", "ProcessId": 12168, "IntegrityLevel": "Medium", "Hashes": "SHA1=9525FFAF892D6BD1156DEC6DA15806371098DE79,MD5=FF07B9533A5BBA93B98DAC47,SHA256=9525FFAF892D6BD1156DEC6DA15806371098DE79FF07B9533A5BBA93B98DAC47,IMPHASH=9525FFAF892D6BD1156DEC6DA1580637", "ParentImage": "C:\\Windows\\explorer.exe", "ParentCommandLine": "explorer.exe", "ParentProcessId": 12208, "OriginalFileName": "Teams.exe", "LogonId": "0x758b96"}
{"@timestamp": "2026-03-11T08:21:52.359131Z", "EventID": 1, "Channel": "Microsoft-Windows-Sysmon/Operational", "Provider": "Microsoft-Windows-Sysmon", "ProviderGuid": "{5770385f-c22a-43e0-bf4c-06f5698ffbd9}", "Computer": "WS-FIN-014", "Task": "Process Create", "UtcTime": "2026-03-11 08:21:52.359", "ProcessGuid": "{d48573ef-0000-0000-0000-364792524db4}", "User": "CORP\\j.dupont", "Image": "C:\\Windows\\System32\\SearchIndexer.exe", "CommandLine": "SearchIndexer.exe /Embedding", "CurrentDirectory": "C:\\Users\\j.dupont\\", "ProcessId": 12231, "IntegrityLevel": "Medium", "Hashes": "SHA1=121647E7D5A6D15EEAB8D97378C4AEDDD4ADD9A0,MD5=283832F41A113F74BCD3F79D,SHA256=121647E7D5A6D15EEAB8D97378C4AEDDD4ADD9A0283832F41A113F74BCD3F79D,IMPHASH=121647E7D5A6D15EEAB8D97378C4AEDD", "ParentImage": "C:\\Windows\\System32\\services.exe", "ParentCommandLine": "services.exe", "ParentProcessId": 12238, "OriginalFileName": "SearchIndexer.exe", "LogonId": "0x4fafef"}
{"@timestamp": "2026-03-11T08:22:04.923070Z", "EventID": 1, "Channel": "Microsoft-Windows-Sysmon/Operational", "Provider": "Microsoft-Windows-Sysmon", "ProviderGuid": "{5770385f-c22a-43e0-bf4c-06f5698ffbd9}", "Computer": "WS-FIN-014", "Task": "Process Create", "UtcTime": "2026-03-11 08:22:04.923", "ProcessGuid": "{bd9257d5-0000-0000-0000-c10f344cd7d7}", "User": "CORP\\p.novak", "Image": "C:\\Windows\\System32\\RuntimeBroker.exe", "CommandLine": "RuntimeBroker.exe -Embedding", "CurrentDirectory": "C:\\Users\\p.novak\\", "ProcessId": 12265, "IntegrityLevel": "Medium", "Hashes": "SHA1=6E06B06ABB69086464746156B313BB85E792314E,MD5=F5BB5F92FAEC74E6F48A66F1,SHA256=6E06B06ABB69086464746156B313BB85E792314EF5BB5F92FAEC74E6F48A66F1,IMPHASH=6E06B06ABB69086464746156B313BB85", "ParentImage": "C:\\Windows\\System32\\svchost.exe", "ParentCommandLine": "svchost.exe", "ParentProcessId": 12297, "OriginalFileName": "RuntimeBroker.exe", "LogonId": "0xed2c71"}
{"@timestamp": "2026-03-11T08:22:05.923070Z", "EventID": 7, "Channel": "Microsoft-Windows-Sysmon/Operational", "Provider": "Microsoft-Windows-Sysmon", "ProviderGuid": "{5770385f-c22a-43e0-bf4c-06f5698ffbd9}", "Computer": "WS-FIN-014", "Task": "Image loaded", "UtcTime": "2026-03-11 08:22:05.923", "ProcessGuid": "{cb1f3dae-0000-0000-0000-0fd85e044995}", "User": "CORP\\p.novak", "Image": "C:\\Windows\\System32\\RuntimeBroker.exe", "ImageLoaded": "C:\\Windows\\System32\\ntdll.dll", "Hashes": "SHA1=10A7949A67B3658998DA2966045490E09CA516C0,MD5=DBDCDCAAC9D1FC61849E35DE,SHA256=10A7949A67B3658998DA2966045490E09CA516C0DBDCDCAAC9D1FC61849E35DE,IMPHASH=10A7949A67B3658998DA2966045490E0", "Signed": "true", "Signature": "Microsoft Windows", "SignatureStatus": "Valid", "ProcessId": 12304}
{"@timestamp": "2026-03-11T08:22:06.923070Z", "EventID": 22, "Channel": "Microsoft-Windows-Sysmon/Operational", "Provider": "Microsoft-Windows-Sysmon", "ProviderGuid": "{5770385f-c22a-43e0-bf4c-06f5698ffbd9}", "Computer": "WS-FIN-014", "Task": "Dns query", "UtcTime": "2026-03-11 08:22:06.923", "ProcessGuid": "{c4f1fed6-0000-0000-0000-7f5fa5b93c88}", "User": "CORP\\p.novak", "Image": "C:\\Windows\\System32\\RuntimeBroker.exe", "QueryName": "cdn.jsdelivr.net", "QueryStatus": "0", "QueryResults": "type: 5 cdn.jsdelivr.net", "ProcessId": 12323}
{"@timestamp": "2026-03-11T08:22:07.923070Z", "EventID": 3, "Channel": "Microsoft-Windows-Sysmon/Operational", "Provider": "Microsoft-Windows-Sysmon", "ProviderGuid": "{5770385f-c22a-43e0-bf4c-06f5698ffbd9}", "Computer": "WS-FIN-014", "Task": "Network connection detected", "UtcTime": "2026-03-11 08:22:07.923", "ProcessGuid": "{54b865c2-0000-0000-0000-84713b2c3984}", "User": "CORP\\p.novak", "Image": "C:\\Windows\\System32\\RuntimeBroker.exe", "Protocol": "tcp", "Initiated": true, "SourceIp": "10.20.4.13", "SourcePort": 61306, "DestinationIp": "104.18.17.194", "DestinationPort": 443, "DestinationHostname": "cdn.jsdelivr.net", "ProcessId": 12347}
{"@timestamp": "2026-03-11T08:22:08.923070Z", "EventID": 13, "Channel": "Microsoft-Windows-Sysmon/Operational", "Provider": "Microsoft-Windows-Sysmon", "ProviderGuid": "{5770385f-c22a-43e0-bf4c-06f5698ffbd9}", "Computer": "WS-FIN-014", "Task": "Registry value set", "UtcTime": "2026-03-11 08:22:08.923", "ProcessGuid": "{9b862211-0000-0000-0000-91ad04725369}", "User": "CORP\\p.novak", "EventType": "SetValue", "Image": "C:\\Windows\\System32\\RuntimeBroker.exe", "TargetObject": "HKLM\\SOFTWARE\\Microsoft\\Windows\\CurrentVersion\\Explorer\\Advanced\\Hidden", "Details": "DWORD (0x00000001)", "ProcessId": 12373}
