{"@timestamp": "2026-03-11T08:00:00.270961Z", "EventID": 1, "Channel": "Microsoft-Windows-Sysmon/Operational", "Provider": "Microsoft-Windows-Sysmon", "ProviderGuid": "{5770385f-c22a-43e0-bf4c-06f5698ffbd9}", "Computer": "SRV-APP-02", "Task": "Process Create", "UtcTime": "2026-03-11 08:00:00.270", "ProcessGuid": "{be1a7c36-0000-0000-0000-f23c535af1fa}", "User": "CORP\\m.laurent", "Image": "C:\\Program Files\\Google\\Chrome\\Application\\chrome.exe", "CommandLine": "chrome.exe --type=renderer", "CurrentDirectory": "C:\\Users\\m.laurent\\", "ProcessId": 4019, "IntegrityLevel": "Medium", "Hashes": "SHA1=B98A42E7E75A66429BF21F48D54033A6083EAF10,MD5=1BD296B5FE5A63134C2B6565,SHA256=B98A42E7E75A66429BF21F48D54033A6083EAF101BD296B5FE5A63134C2B6565,IMPHASH=B98A42E7E75A66429BF21F48D54033A6", "ParentImage": "C:\\Windows\\explorer.exe", "ParentCommandLine": "explorer.exe", "ParentProcessId": 4054, "OriginalFileName": "chrome.exe", "LogonId": "0xeeebca"}
{"@timestamp": "2026-03-11T08:00:01.270961Z", "EventID": 7, "Channel": "Microsoft-Windows-Sysmon/Operational", "Provider": "Microsoft-Windows-Sysmon", "ProviderGuid": "{5770385f-c22a-43e0-bf4c-06f5698ffbd9}", "Computer": "SRV-APP-02", "Task": "Image loaded", "UtcTime": "2026-03-11 08:00:01.270", "ProcessGuid": "{d2f4c15f-0000-0000-0000-16455966ffd5}", "User": "CORP\\m.laurent", "Image": "C:\\Program Files\\Google\\Chrome\\Application\\chrome.exe", "ImageLoaded": "C:\\Windows\\System32\\ole32.dll", "Hashes": "SHA1=F245FE196BF4E32347EB826671DBFA2AE75FC0F7,MD5=3E3DDDD0ED96FA97ED29A527,SHA256=F245FE196BF4E32347EB826671DBFA2AE75FC0F73E3DDDD0ED96FA97ED29A527,IMPHASH=F245FE196BF4E32347EB826671DBFA2A", "Signed": "true", "Signature": "Microsoft Windows", "SignatureStatus": "Valid", "ProcessId": 4082}
{"@timestamp": "2026-03-11T08:00:02.270961Z", "EventID": 22, "Channel": "Microsoft-Windows-Sysmon/Operational", "Provider": "Microsoft-Windows-Sysmon", "ProviderGuid": "{5770385f-c22a-43e0-bf4c-06f5698ffbd9}", "Computer": "SRV-APP-02", "Task": "Dns query", "UtcTime": "2026-03-11 08:00:02.270", "ProcessGuid": "{fa21d9f1-0000-0000-0000-99c8696e1787}", "User": "CORP\\m.laurent", "Image": "C:\\Program Files\\Google\\Chrome\\Application\\chrome.exe", "QueryName": "update.googleapis.com", "QueryStatus": "0", "QueryResults": "type: 5 update.googleapis.com", "ProcessId": 4093}
{"@timestamp": "2026-03-11T08:00:03.270961Z", "EventID": 3, "Channel": "Microsoft-Windows-Sysmon/Operational", "Provider": "Microsoft-Windows-Sysmon", "ProviderGuid": "{5770385f-c22a-43e0-bf4c-06f5698ffbd9}", "Computer": "SRV-APP-02", "Task": "Network connection detected", "UtcTime": "2026-03-11 08:00:03.270", "ProcessGuid": "{ee4f7881-0000-0000-0000-d1fee69e76c7}", "User": "CORP\\m.laurent", "Image": "C:\\Program Files\\Google\\Chrome\\Application\\chrome.exe", "Protocol": "tcp", "Initiated": true, "SourceIp": "10.20.4.24", "SourcePort": 54464, "DestinationIp": "104.18.3.62", "DestinationPort": 443, "DestinationHostname": "update.googleapis.com", "ProcessId": 4130}
{"@timestamp": "2026-03-11T08:00:04.270961Z", "EventID": 13, "Channel": "Microsoft-Windows-Sysmon/Operational", "Provider": "Microsoft-Windows-Sysmon", "ProviderGuid": "{5770385f-c22a-43e0-bf4c-06f5698ffbd9}", "Computer": "SRV-APP-02", "Task": "Registry value set", "UtcTime": "2026-03-11 08:00:04.270", "ProcessGuid": "{1448a061-0000-0000-0000-9608d76349e3}", "User": "CORP\\m.laurent", "EventType": "SetValue", "Image": "C:\\Program Files\\Google\\Chrome\\Application\\chrome.exe", "TargetObject": "HKLM\\SOFTWARE\\Microsoft\\Windows\\CurrentVersion\\Explorer\\Advanced\\Hidden", "Details": "DWORD (0x00000001)", "ProcessId": 4149}
{"@timestamp": "2026-03-11T08:00:11.714539Z", "EventID": 1, "Channel": "Microsoft-Windows-Sysmon/Operational", "Provider": "Microsoft-Windows-Sysmon", "ProviderGuid": "{5770385f-c22a-43e0-bf4c-06f5698ffbd9}", "Computer": "WS-HR-022", "Task": "Process Create", "UtcTime": "2026-03-11 08:00:11.714", "ProcessGuid": "{3352f0b7-0000-0000-0000-e096e597dac1}", "User": "CORP\\p.novak", "Image": "C:\\Program Files\\Microsoft Teams\\Teams.exe", "CommandLine": "Teams.exe --system-initiated", "CurrentDirectory": "C:\\Users\\p.novak\\", "ProcessId": 4178, "IntegrityLevel": "Medium", "Hashes": "SHA1=9525FFAF892D6BD1156DEC6DA15806371098DE79,MD5=FF07B9533A5BBA93B98DAC47,SHA256=9525FFAF892D6BD1156DEC6DA15806371098DE79FF07B9533A5BBA93B98DAC47,IMPHASH=9525FFAF892D6BD1156DEC6DA1580637", "ParentImage": "C:\\Windows\\explorer.exe", "ParentCommandLine": "explorer.exe", "ParentProcessId": 4196, "OriginalFileName": "Teams.exe", "LogonId": "0xf149c4"}
{"@timestamp": "2026-03-11T08:00:26.200869Z", "EventID": 1, "Channel": "Microsoft-Windows-Sysmon/Operational", "Provider": "Microsoft-Windows-Sysmon", "ProviderGuid": "{5770385f-c22a-43e0-bf4c-06f5698ffbd9}", "Computer": "WS-MKT-047", "Task": "Process Create", "UtcTime": "2026-03-11 08:00:26.200", "ProcessGuid": "{e3deafdc-0000-0000-0000-44e3d9ed0a44}", "User": "CORP\\m.laurent", "Image": "C:\\Windows\\System32\\RuntimeBroker.exe", "CommandLine": "RuntimeBroker.exe -Embedding", "CurrentDirectory": "C:\\Users\\m.laurent\\", "ProcessId": 4204, "IntegrityLevel": "Medium", "Hashes": "SHA1=6E06B06ABB69086464746156B313BB85E792314E,MD5=F5BB5F92FAEC74E6F48A66F1,SHA256=6E06B06ABB69086464746156B313BB85E792314EF5BB5F92FAEC74E6F48A66F1,IMPHASH=6E06B06ABB69086464746156B313BB85", "ParentImage": "C:\\Windows\\System32\\svchost.exe", "ParentCommandLine": "svchost.exe", "ParentProcessId": 4230, "OriginalFileName": "RuntimeBroker.exe", "LogonId": "0x57044"}
{"@timestamp": "2026-03-11T08:00:34.355541Z", "EventID": 1, "Channel": "Microsoft-Windows-Sysmon/Operational", "Provider": "Microsoft-Windows-Sysmon", "ProviderGuid": "{5770385f-c22a-43e0-bf4c-06f5698ffbd9}", "Computer": "SRV-APP-02", "Task": "Process Create", "UtcTime": "2026-03-11 08:00:34.355", "ProcessGuid": "{dee3631b-0000-0000-0000-8deb556eb09a}", "User": "CORP\\a.schmidt", "Image": "C:\\Program Files\\Microsoft Office\\root\\Office16\\OUTLOOK.EXE", "CommandLine": "OUTLOOK.EXE /recycle", "CurrentDirectory": "C:\\Users\\a.schmidt\\", "ProcessId": 4262, "IntegrityLevel": "Medium", "Hashes": "SHA1=D25566003433C51441C6E3C14EF3881FFB63A3D5,MD5=4985E661295960B277858FDD,SHA256=D25566003433C51441C6E3C14EF3881FFB63A3D54985E661295960B277858FDD,IMPHASH=D25566003433C51441C6E3C14EF3881F", "ParentImage": "C:\\Windows\\explorer.exe", "ParentCommandLine": "explorer.exe", "ParentProcessId": 4293, "OriginalFileName": "OUTLOOK.EXE", "LogonId": "0xabe3f8"}
{"@timestamp": "2026-03-11T08:00:35.355541Z", "EventID": 7, "Channel": "Microsoft-Windows-Sysmon/Operational", "Provider": "Microsoft-Windows-Sysmon", "ProviderGuid": "{5770385f-c22a-43e0-bf4c-06f5698ffbd9}", "Computer": "SRV-APP-02", "Task": "Image loaded", "UtcTime": "2026-03-11 08:00:35.355", "ProcessGuid": "{546c2aad-0000-0000-0000-a3d570317dc9}", "User": "CORP\\a.schmidt", "Image": "C:\\Program Files\\Microsoft Office\\root\\Office16\\OUTLOOK.EXE", "ImageLoaded": "C:\\Windows\\System32\\kernel32.dll", "Hashes": "SHA1=9CFF62CD296F6EFDBB9B5622D676BA00427ABD30,MD5=4150B5B1C27F0AA9385BB344,SHA256=9CFF62CD296F6EFDBB9B5622D676BA00427ABD304150B5B1C27F0AA9385BB344,IMPHASH=9CFF62CD296F6EFDBB9B5622D676BA00", "Signed": "true", "Signature": "Microsoft Windows", "SignatureStatus": "Valid", "ProcessId": 4307}
{"@timestamp": "2026-03-11T08:00:46.059307Z", "EventID": 1, "Channel": "Microsoft-Windows-Sysmon/Operational", "Provider": "Microsoft-Windows-Sysmon", "ProviderGuid": "{5770385f-c22a-43e0-bf4c-06f5698ffbd9}", "Computer": "WS-HR-022", "Task": "Process Create", "UtcTime": "2026-03-11 08:00:46.059", "ProcessGuid": "{93b84a00-0000-0000-0000-0d0434dd928c}", "User": "CORP\\p.novak", "Image": "C:\\Program Files\\Google\\Chrome\\Application\\chrome.exe", "CommandLine": "chrome.exe --type=renderer", "CurrentDirectory": "C:\\Users\\p.novak\\", "ProcessId": 4320, "IntegrityLevel": "Medium", "Hashes": "SHA1=B98A42E7E75A66429BF21F48D54033A6083EAF10,MD5=1BD296B5FE5A63134C2B6565,SHA256=B98A42E7E75A66429BF21F48D54033A6083EAF101BD296B5FE5A63134C2B6565,IMPHASH=B98A42E7E75A66429BF21F48D54033A6", "ParentImage": "C:\\Windows\\explorer.exe", "ParentCommandLine": "explorer.exe", "ParentProcessId": 4357, "OriginalFileName": "chrome.exe", "LogonId": "0x32ae99"}
{"@timestamp": "2026-03-11T08:00:48.059307Z", "EventID": 22, "Channel": "Microsoft-Windows-Sysmon/Operational", "Provider": "Microsoft-Windows-Sysmon", "ProviderGuid": "{5770385f-c22a-43e0-bf4c-06f5698ffbd9}", "Computer": "WS-HR-022", "Task": "Dns query", "UtcTime": "2026-03-11 08:00:48.059", "ProcessGuid": "{1259de72-0000-0000-0000-b6f0d5baf61a}", "User": "CORP\\p.novak", "Image": "C:\\Program Files\\Google\\Chrome\\Application\\chrome.exe", "QueryName": "login.microsoftonline.com", "QueryStatus": "0", "QueryResults": "type: 5 login.microsoftonline.com", "ProcessId": 4378}
{"@timestamp": "2026-03-11T08:00:49.059307Z", "EventID": 3, "Channel": "Microsoft-Windows-Sysmon/Operational", "Provider": "Microsoft-Windows-Sysmon", "ProviderGuid": "{5770385f-c22a-43e0-bf4c-06f5698ffbd9}", "Computer": "WS-HR-022", "Task": "Network connection detected", "UtcTime": "2026-03-11 08:00:49.059", "ProcessGuid": "{10eb3a86-0000-0000-0000-3dca7e2a3058}", "User": "CORP\\p.novak", "Image": "C:\\Program Files\\Google\\Chrome\\Application\\chrome.exe", "Protocol": "tcp", "Initiated": true, "SourceIp": "10.20.4.73", "SourcePort": 56456, "DestinationIp": "104.18.27.33", "DestinationPort": 443, "DestinationHostname": "login.microsoftonline.com", "ProcessId": 4401}
{"@timestamp": "2026-03-11T08:00:58.087348Z", "EventID": 1, "Channel": "Microsoft-Windows-Sysmon/Operational", "Provider": "Microsoft-Windows-Sysmon", "ProviderGuid": "{5770385f-c22a-43e0-bf4c-06f5698ffbd9}", "Computer": "WS-FIN-014", "Task": "Process Create", "UtcTime": "2026-03-11 08:00:58.087", "ProcessGuid": "{536fe5e6-0000-0000-0000-489fd77bfd6f}", "User": "CORP\\j.dupont", "Image": "C:\\Windows\\System32\\svchost.exe", "CommandLine": "svchost.exe -k netsvcs -p", "CurrentDirectory": "C:\\Users\\j.dupont\\", "ProcessId": 4419, "IntegrityLevel": "Medium", "Hashes": "SHA1=61ED4F85C992073BF9CF86A8CCF97A3836235B30,MD5=26EEE472B11BDD9EB577ED2A,SHA256=61ED4F85C992073BF9CF86A8CCF97A3836235B3026EEE472B11BDD9EB577ED2A,IMPHASH=61ED4F85C992073BF9CF86A8CCF97A38", "ParentImage": "C:\\Windows\\System32\\services.exe", "ParentCommandLine": "services.exe", "ParentProcessId": 4450, "OriginalFileName": "svchost.exe", "LogonId": "0xa890b"}
{"@timestamp": "2026-03-11T08:01:10.607509Z", "EventID": 1, "Channel": "Microsoft-Windows-Sysmon/Operational", "Provider": "Microsoft-Windows-Sysmon", "ProviderGuid": "{5770385f-c22a-43e0-bf4c-06f5698ffbd9}", "Computer": "WS-HR-022", "Task": "Process Create", "UtcTime": "2026-03-11 08:01:10.607", "ProcessGuid": "{e7d6714f-0000-0000-0000-14a0119c7710}", "User": "CORP\\m.laurent", "Image": "C:\\Program Files\\Microsoft Teams\\Teams.exe", "CommandLine": "Teams.exe --system-initiated", "CurrentDirectory": "C:\\Users\\m.laurent\\", "ProcessId": 4470, "IntegrityLevel": "Medium", "Hashes": "SHA1=9525FFAF892D6BD1156DEC6DA15806371098DE79,MD5=FF07B9533A5BBA93B98DAC47,SHA256=9525FFAF892D6BD1156DEC6DA15806371098DE79FF07B9533A5BBA93B98DAC47,IMPHASH=9525FFAF892D6BD1156DEC6DA1580637", "ParentImage": "C:\\Windows\\explorer.exe", "ParentCommandLine": "explorer.exe", "ParentProcessId": 4499, "OriginalFileName": "Teams.exe", "LogonId": "0x789a68"}
{"@timestamp": "2026-03-11T08:01:11.607509Z", "EventID": 7, "Channel": "Microsoft-Windows-Sysmon/Operational", "Provider": "Microsoft-Windows-Sysmon", "ProviderGuid": "{5770385f-c22a-43e0-bf4c-06f5698ffbd9}", "Computer": "WS-HR-022", "Task": "Image loaded", "UtcTime": "2026-03-11 08:01:11.607", "ProcessGuid": "{703014e1-0000-0000-0000-e76a9cdff76d}", "User": "CORP\\m.laurent", "Image": "C:\\Program Files\\Microsoft Teams\\Teams.exe", "ImageLoaded": "C:\\Windows\\System32\\kernel32.dll", "Hashes": "SHA1=9CFF62CD296F6EFDBB9B5622D676BA00427ABD30,MD5=4150B5B1C27F0AA9385BB344,SHA256=9CFF62CD296F6EFDBB9B5622D676BA00427ABD304150B5B1C27F0AA9385BB344,IMPHASH=9CFF62CD296F6EFDBB9B5622D676BA00", "Signed": "true", "Signature": "Microsoft Windows", "SignatureStatus": "Valid", "ProcessId": 4528}
{"@timestamp": "2026-03-11T08:01:14.607509Z", "EventID": 13, "Channel": "Microsoft-Windows-Sysmon/Operational", "Provider": "Microsoft-Windows-Sysmon", "ProviderGuid": "{5770385f-c22a-43e0-bf4c-06f5698ffbd9}", "Computer": "WS-HR-022", "Task": "Registry value set", "UtcTime": "2026-03-11 08:01:14.607", "ProcessGuid": "{addfdcdf-0000-0000-0000-96054ee5ada9}", "User": "CORP\\m.laurent", "EventType": "SetValue", "Image": "C:\\Program Files\\Microsoft Teams\\Teams.exe", "TargetObject": "HKLM\\SOFTWARE\\Microsoft\\Windows\\CurrentVersion\\Explorer\\Advanced\\Hidden", "Details": "DWORD (0x00000001)", "ProcessId": 4568}
{"@timestamp": "2026-03-11T08:01:17.910804Z", "EventID": 1, "Channel": "Microsoft-Windows-Sysmon/Operational", "Provider": "Microsoft-Windows-Sysmon", "ProviderGuid": "{5770385f-c22a-43e0-bf4c-06f5698ffbd9}", "Computer": "WS-FIN-014", "Task": "Process Create", "UtcTime": "2026-03-11 08:01:17.910", "ProcessGuid": "{24e73382-0000-0000-0000-490c7bfdacaf}", "User": "CORP\\m.laurent", "Image": "C:\\Program Files\\Google\\Chrome\\Application\\chrome.exe", "CommandLine": "chrome.exe --type=renderer", "CurrentDirectory": "C:\\Users\\m.laurent\\", "ProcessId": 4593, "IntegrityLevel": "Medium", "Hashes": "SHA1=B98A42E7E75A66429BF21F48D54033A6083EAF10,MD5=1BD296B5FE5A63134C2B6565,SHA256=B98A42E7E75A66429BF21F48D54033A6083EAF101BD296B5FE5A63134C2B6565,IMPHASH=B98A42E7E75A66429BF21F48D54033A6", "ParentImage": "C:\\Windows\\explorer.exe", "ParentCommandLine": "explorer.exe", "ParentProcessId": 4607, "OriginalFileName": "chrome.exe", "LogonId": "0x3b57d4"}
{"@timestamp": "2026-03-11T08:01:30.702619Z", "EventID": 1, "Channel": "Microsoft-Windows-Sysmon/Operational", "Provider": "Microsoft-Windows-Sysmon", "ProviderGuid": "{5770385f-c22a-43e0-bf4c-06f5698ffbd9}", "Computer": "SRV-APP-02", "Task": "Process Create", "UtcTime": "2026-03-11 08:01:30.702", "ProcessGuid": "{df9d383c-0000-0000-0000-3685d1400478}", "User": "CORP\\j.dupont", "Image": "C:\\Program Files\\Microsoft Office\\root\\Office16\\OUTLOOK.EXE", "CommandLine": "OUTLOOK.EXE /recycle", "CurrentDirectory": "C:\\Users\\j.dupont\\", "ProcessId": 4636, "IntegrityLevel": "Medium", "Hashes": "SHA1=D25566003433C51441C6E3C14EF3881FFB63A3D5,MD5=4985E661295960B277858FDD,SHA256=D25566003433C51441C6E3C14EF3881FFB63A3D54985E661295960B277858FDD,IMPHASH=D25566003433C51441C6E3C14EF3881F", "ParentImage": "C:\\Windows\\explorer.exe", "ParentCommandLine": "explorer.exe", "ParentProcessId": 4676, "OriginalFileName": "OUTLOOK.EXE", "LogonId": "0x9dc032"}
{"@timestamp": "2026-03-11T08:01:32.702619Z", "EventID": 22, "Channel": "Microsoft-Windows-Sysmon/Operational", "Provider": "Microsoft-Windows-Sysmon", "ProviderGuid": "{5770385f-c22a-43e0-bf4c-06f5698ffbd9}", "Computer": "SRV-APP-02", "Task": "Dns query", "UtcTime": "2026-03-11 08:01:32.702", "ProcessGuid": "{2a7fc8d4-0000-0000-0000-3e217e4f2c9d}", "User": "CORP\\j.dupont", "Image": "C:\\Program Files\\Microsoft Office\\root\\Office16\\OUTLOOK.EXE", "QueryName": "outlook.office365.com", "QueryStatus": "0", "QueryResults": "type: 5 outlook.office365.com", "ProcessId": 4698}
{"@timestamp": "2026-03-11T08:01:33.702619Z", "EventID": 3, "Channel": "Microsoft-Windows-Sysmon/Operational", "Provider": "Microsoft-Windows-Sysmon", "ProviderGuid": "{5770385f-c22a-43e0-bf4c-06f5698ffbd9}", "Computer": "SRV-APP-02", "Task": "Network connection detected", "UtcTime": "2026-03-11 08:01:33.702", "ProcessGuid": "{5556fc27-0000-0000-0000-5f11fa9bc79f}", "User": "CORP\\j.dupont", "Image": "C:\\Program Files\\Microsoft Office\\root\\Office16\\OUTLOOK.EXE", "Protocol": "tcp", "Initiated": true, "SourceIp": "10.20.4.47", "SourcePort": 60652, "DestinationIp": "104.18.29.197", "DestinationPort": 443, "DestinationHostname": "outlook.office365.com", "ProcessId": 4710}
{"@timestamp": "2026-03-11T08:01:42.556571Z", "EventID": 1, "Channel": "Microsoft-Windows-Sysmon/Operational", "Provider": "Microsoft-Windows-Sysmon", "ProviderGuid": "{5770385f-c22a-43e0-bf4c-06f5698ffbd9}", "Computer": "WS-FIN-014", "Task": "Process Create", "UtcTime": "2026-03-11 08:01:42.556", "ProcessGuid": "{84ea05bd-0000-0000-0000-4a343eb069cd}", "User": "CORP\\m.laurent", "Image": "C:\\Program Files\\Microsoft Teams\\Teams.exe", "CommandLine": "Teams.exe --system-initiated", "CurrentDirectory": "C:\\Users\\m.laurent\\", "ProcessId": 4746, "IntegrityLevel": "Medium", "Hashes": "SHA1=9525FFAF892D6BD1156DEC6DA15806371098DE79,MD5=FF07B9533A5BBA93B98DAC47,SHA256=9525FFAF892D6BD1156DEC6DA15806371098DE79FF07B9533A5BBA93B98DAC47,IMPHASH=9525FFAF892D6BD1156DEC6DA1580637", "ParentImage": "C:\\Windows\\explorer.exe", "ParentCommandLine": "explorer.exe", "ParentProcessId": 4780, "OriginalFileName": "Teams.exe", "LogonId": "0x9673eb"}
{"@timestamp": "2026-03-11T08:01:43.556571Z", "EventID": 7, "Channel": "Microsoft-Windows-Sysmon/Operational", "Provider": "Microsoft-Windows-Sysmon", "ProviderGuid": "{5770385f-c22a-43e0-bf4c-06f5698ffbd9}", "Computer": "WS-FIN-014", "Task": "Image loaded", "UtcTime": "2026-03-11 08:01:43.556", "ProcessGuid": "{e6bc9f9d-0000-0000-0000-501d90f17c24}", "User": "CORP\\m.laurent", "Image": "C:\\Program Files\\Microsoft Teams\\Teams.exe", "ImageLoaded": "C:\\Windows\\System32\\advapi32.dll", "Hashes": "SHA1=710137EDECA7E0959E59CD8930BB80C7ECC16348,MD5=F711E39436CB57EA45CD1749,SHA256=710137EDECA7E0959E59CD8930BB80C7ECC16348F711E39436CB57EA45CD1749,IMPHASH=710137EDECA7E0959E59CD8930BB80C7", "Signed": "true", "Signature": "Microsoft Windows", "SignatureStatus": "Valid", "ProcessId": 4811}
{"@timestamp": "2026-03-11T08:01:52.423140Z", "EventID": 1, "Channel": "Microsoft-Windows-Sysmon/Operational", "Provider": "Microsoft-Windows-Sysmon", "ProviderGuid": "{5770385f-c22a-43e0-bf4c-06f5698ffbd9}", "Computer": "WS-MKT-047", "Task": "Process Create", "UtcTime": "2026-03-11 08:01:52.423", "ProcessGuid": "{b32d45ec-0000-0000-0000-ab108a175708}", "User": "CORP\\a.schmidt", "Image": "C:\\Program Files\\Microsoft Teams\\Teams.exe", "CommandLine": "Teams.exe --system-initiated", "CurrentDirectory": "C:\\Users\\a.schmidt\\", "ProcessId": 4822, "IntegrityLevel": "Medium", "Hashes": "SHA1=9525FFAF892D6BD1156DEC6DA15806371098DE79,MD5=FF07B9533A5BBA93B98DAC47,SHA256=9525FFAF892D6BD1156DEC6DA15806371098DE79FF07B9533A5BBA93B98DAC47,IMPHASH=9525FFAF892D6BD1156DEC6DA1580637", "ParentImage": "C:\\Windows\\explorer.exe", "ParentCommandLine": "explorer.exe", "ParentProcessId": 4840, "OriginalFileName": "Teams.exe", "LogonId": "0x63c389"}
{"@timestamp": "2026-03-11T08:02:02.187786Z", "EventID": 1, "Channel": "Microsoft-Windows-Sysmon/Operational", "Provider": "Microsoft-Windows-Sysmon", "ProviderGuid": "{5770385f-c22a-43e0-bf4c-06f5698ffbd9}", "Computer": "SRV-APP-02", "Task": "Process Create", "UtcTime": "2026-03-11 08:02:02.187", "ProcessGuid": "{1e838fb2-0000-0000-0000-086b2067380b}", "User": "CORP\\a.schmidt", "Image": "C:\\Program Files\\Microsoft Teams\\Teams.exe", "CommandLine": "Teams.exe --system-initiated", "CurrentDirectory": "C:\\Users\\a.schmidt\\", "ProcessId": 4860, "IntegrityLevel": "Medium", "Hashes": "SHA1=9525FFAF892D6BD1156DEC6DA15806371098DE79,MD5=FF07B9533A5BBA93B98DAC47,SHA256=9525FFAF892D6BD1156DEC6DA15806371098DE79FF07B9533A5BBA93B98DAC47,IMPHASH=9525FFAF892D6BD1156DEC6DA1580637", "ParentImage": "C:\\Windows\\explorer.exe", "ParentCommandLine": "explorer.exe", "ParentProcessId": 4886, "OriginalFileName": "Teams.exe", "LogonId": "0xe6ff82"}
{"@timestamp": "2026-03-11T08:02:15.209053Z", "EventID": 1, "Channel": "Microsoft-Windows-Sysmon/Operational", "Provider": "Microsoft-Windows-Sysmon", "ProviderGuid": "{5770385f-c22a-43e0-bf4c-06f5698ffbd9}", "Computer": "WS-MKT-047", "Task": "Process Create", "UtcTime": "2026-03-11 08:02:15.209", "ProcessGuid": "{9a38f68e-0000-0000-0000-f018603c7209}", "User": "CORP\\a.schmidt", "Image": "C:\\Windows\\System32\\taskhostw.exe", "CommandLine": "taskhostw.exe {222A245B}", "CurrentDirectory": "C:\\Users\\a.schmidt\\", "ProcessId": 4905, "IntegrityLevel": "Medium", "Hashes": "SHA1=EADE2CD8C84CE631A2A6917151557D03D7BCF704,MD5=B2A911E5910025FA412EE1D7,SHA256=EADE2CD8C84CE631A2A6917151557D03D7BCF704B2A911E5910025FA412EE1D7,IMPHASH=EADE2CD8C84CE631A2A6917151557D03", "ParentImage": "C:\\Windows\\System32\\svchost.exe", "ParentCommandLine": "svchost.exe", "ParentProcessId": 4932, "OriginalFileName": "taskhostw.exe", "LogonId": "0x5aee6d"}
{"@timestamp": "2026-03-11T08:02:16.209053Z", "EventID": 7, "Channel": "Microsoft-Windows-Sysmon/Operational", "Provider": "Microsoft-Windows-Sysmon", "ProviderGuid": "{5770385f-c22a-43e0-bf4c-06f5698ffbd9}", "Computer": "WS-MKT-047", "Task": "Image loaded", "UtcTime": "2026-03-11 08:02:16.209", "ProcessGuid": "{e370f473-0000-0000-0000-0aaed1339200}", "User": "CORP\\a.schmidt", "Image": "C:\\Windows\\System32\\taskhostw.exe", "ImageLoaded": "C:\\Windows\\System32\\ole32.dll", "Hashes": "SHA1=F245FE196BF4E32347EB826671DBFA2AE75FC0F7,MD5=3E3DDDD0ED96FA97ED29A527,SHA256=F245FE196BF4E32347EB826671DBFA2AE75FC0F73E3DDDD0ED96FA97ED29A527,IMPHASH=F245FE196BF4E32347EB826671DBFA2A", "Signed": "true", "Signature": "Microsoft Windows", "SignatureStatus": "Valid", "ProcessId": 4944}
{"@timestamp": "2026-03-11T08:02:17.209053Z", "EventID": 22, "Channel": "Microsoft-Windows-Sysmon/Operational", "Provider": "Microsoft-Windows-Sysmon", "ProviderGuid": "{5770385f-c22a-43e0-bf4c-06f5698ffbd9}", "Computer": "WS-MKT-047", "Task": "Dns query", "UtcTime": "2026-03-11 08:02:17.209", "ProcessGuid": "{2d38048c-0000-0000-0000-88f998a63aa0}", "User": "CORP\\a.schmidt", "Image": "C:\\Windows\\System32\\taskhostw.exe", "QueryName": "login.microsoftonline.com", "QueryStatus": "0", "QueryResults": "type: 5 login.microsoftonline.com", "ProcessId": 4974}
{"@timestamp": "2026-03-11T08:02:18.209053Z", "EventID": 3, "Channel": "Microsoft-Windows-Sysmon/Operational", "Provider": "Microsoft-Windows-Sysmon", "ProviderGuid": "{5770385f-c22a-43e0-bf4c-06f5698ffbd9}", "Computer": "WS-MKT-047", "Task": "Network connection detected", "UtcTime": "2026-03-11 08:02:18.209", "ProcessGuid": "{ffe0de17-0000-0000-0000-8126d0e7131e}", "User": "CORP\\a.schmidt", "Image": "C:\\Windows\\System32\\taskhostw.exe", "Protocol": "tcp", "Initiated": true, "SourceIp": "10.20.4.50", "SourcePort": 60622, "DestinationIp": "104.18.29.1", "DestinationPort": 443, "DestinationHostname": "login.microsoftonline.com", "ProcessId": 5010}
{"@timestamp": "2026-03-11T08:02:19.209053Z", "EventID": 13, "Channel": "Microsoft-Windows-Sysmon/Operational", "Provider": "Microsoft-Windows-Sysmon", "ProviderGuid": "{5770385f-c22a-43e0-bf4c-06f5698ffbd9}", "Computer": "WS-MKT-047", "Task": "Registry value set", "UtcTime": "2026-03-11 08:02:19.209", "ProcessGuid": "{317c1d1e-0000-0000-0000-e824308711d9}", "User": "CORP\\a.schmidt", "EventType": "SetValue", "Image": "C:\\Windows\\System32\\taskhostw.exe", "TargetObject": "HKLM\\SOFTWARE\\Microsoft\\Windows\\CurrentVersion\\Explorer\\Advanced\\Hidden", "Details": "DWORD (0x00000001)", "ProcessId": 5039}
{"@timestamp": "2026-03-11T08:02:26.375607Z", "EventID": 1, "Channel": "Microsoft-Windows-Sysmon/Operational", "Provider": "Microsoft-Windows-Sysmon", "ProviderGuid": "{5770385f-c22a-43e0-bf4c-06f5698ffbd9}", "Computer": "WS-ENG-101", "Task": "Process Create", "UtcTime": "2026-03-11 08:02:26.375", "ProcessGuid": "{872e9e57-0000-0000-0000-c3e58395c4f6}", "User": "CORP\\a.schmidt", "Image": "C:\\Program Files\\Microsoft Office\\root\\Office16\\OUTLOOK.EXE", "CommandLine": "OUTLOOK.EXE /recycle", "CurrentDirectory": "C:\\Users\\a.schmidt\\", "ProcessId": 5043, "IntegrityLevel": "Medium", "Hashes": "SHA1=D25566003433C51441C6E3C14EF3881FFB63A3D5,MD5=4985E661295960B277858FDD,SHA256=D25566003433C51441C6E3C14EF3881FFB63A3D54985E661295960B277858FDD,IMPHASH=D25566003433C51441C6E3C14EF3881F", "ParentImage": "C:\\Windows\\explorer.exe", "ParentCommandLine": "explorer.exe", "ParentProcessId": 5083, "OriginalFileName": "OUTLOOK.EXE", "LogonId": "0x2ae981"}
{"@timestamp": "2026-03-11T08:02:38.654362Z", "EventID": 1, "Channel": "Microsoft-Windows-Sysmon/Operational", "Provider": "Microsoft-Windows-Sysmon", "ProviderGuid": "{5770385f-c22a-43e0-bf4c-06f5698ffbd9}", "Computer": "WS-FIN-014", "Task": "Process Create", "UtcTime": "2026-03-11 08:02:38.654", "ProcessGuid": "{46994191-0000-0000-0000-c7e0d9ac6414}", "User": "CORP\\p.novak", "Image": "C:\\Program Files\\Google\\Chrome\\Application\\chrome.exe", "CommandLine": "chrome.exe --type=renderer", "CurrentDirectory": "C:\\Users\\p.novak\\", "ProcessId": 5112, "IntegrityLevel": "Medium", "Hashes": "SHA1=B98A42E7E75A66429BF21F48D54033A6083EAF10,MD5=1BD296B5FE5A63134C2B6565,SHA256=B98A42E7E75A66429BF21F48D54033A6083EAF101BD296B5FE5A63134C2B6565,IMPHASH=B98A42E7E75A66429BF21F48D54033A6", "ParentImage": "C:\\Windows\\explorer.exe", "ParentCommandLine": "explorer.exe", "ParentProcessId": 5133, "OriginalFileName": "chrome.exe", "LogonId": "0xa2eba7"}
{"@timestamp": "2026-03-11T08:02:46.911653Z", "EventID": 1, "Channel": "Microsoft-Windows-Sysmon/Operational", "Provider": "Microsoft-Windows-Sysmon", "ProviderGuid": "{5770385f-c22a-43e0-bf4c-06f5698ffbd9}", "Computer": "SRV-APP-02", "Task": "Process Create", "UtcTime": "2026-03-11 08:02:46.911", "ProcessGuid": "{8f51b26f-0000-0000-0000-f7f76e370f68}", "User": "CORP\\a.schmidt", "Image": "C:\\Windows\\System32\\svchost.exe", "CommandLine": "svchost.exe -k netsvcs -p", "CurrentDirectory": "C:\\Users\\a.schmidt\\", "ProcessId": 5149, "IntegrityLevel": "Medium", "Hashes": "SHA1=61ED4F85C992073BF9CF86A8CCF97A3836235B30,MD5=26EEE472B11BDD9EB577ED2A,SHA256=61ED4F85C992073BF9CF86A8CCF97A3836235B3026EEE472B11BDD9EB577ED2A,IMPHASH=61ED4F85C992073BF9CF86A8CCF97A38", "ParentImage": "C:\\Windows\\System32\\services.exe", "ParentCommandLine": "services.exe", "ParentProcessId": 5173, "OriginalFileName": "svchost.exe", "LogonId": "0xda09ac"}
{"@timestamp": "2026-03-11T08:02:47.911653Z", "EventID": 7, "Channel": "Microsoft-Windows-Sysmon/Operational", "Provider": "Microsoft-Windows-Sysmon", "ProviderGuid": "{5770385f-c22a-43e0-bf4c-06f5698ffbd9}", "Computer": "SRV-APP-02", "Task": "Image loaded", "UtcTime": "2026-03-11 08:02:47.911", "ProcessGuid": "{7870ec21-0000-0000-0000-b3a817d6eeb3}", "User": "CORP\\a.schmidt", "Image": "C:\\Windows\\System32\\svchost.exe", "ImageLoaded": "C:\\Windows\\System32\\ntdll.dll", "Hashes": "SHA1=10A7949A67B3658998DA2966045490E09CA516C0,MD5=DBDCDCAAC9D1FC61849E35DE,SHA256=10A7949A67B3658998DA2966045490E09CA516C0DBDCDCAAC9D1FC61849E35DE,IMPHASH=10A7949A67B3658998DA2966045490E0", "Signed": "true", "Signature": "Microsoft Windows", "SignatureStatus": "Valid", "ProcessId": 5195}
{"@timestamp": "2026-03-11T08:03:00.806157Z", "EventID": 1, "Channel": "Microsoft-Windows-Sysmon/Operational", "Provider": "Microsoft-Windows-Sysmon", "ProviderGuid": "{5770385f-c22a-43e0-bf4c-06f5698ffbd9}", "Computer": "WS-MKT-047", "Task": "Process Create", "UtcTime": "2026-03-11 08:03:00.806", "ProcessGuid": "{f4aaa107-0000-0000-0000-e036b39b1dc7}", "User": "CORP\\m.laurent", "Image": "C:\\Program Files\\Google\\Chrome\\Application\\chrome.exe", "CommandLine": "chrome.exe --type=renderer", "CurrentDirectory": "C:\\Users\\m.laurent\\", "ProcessId": 5212, "IntegrityLevel": "Medium", "Hashes": "SHA1=B98A42E7E75A66429BF21F48D54033A6083EAF10,MD5=1BD296B5FE5A63134C2B6565,SHA256=B98A42E7E75A66429BF21F48D54033A6083EAF101BD296B5FE5A63134C2B6565,IMPHASH=B98A42E7E75A66429BF21F48D54033A6", "ParentImage": "C:\\Windows\\explorer.exe", "ParentCommandLine": "explorer.exe", "ParentProcessId": 5240, "OriginalFileName": "chrome.exe", "LogonId": "0x8ec575"}
{"@timestamp": "2026-03-11T08:03:02.806157Z", "EventID": 22, "Channel": "Microsoft-Windows-Sysmon/Operational", "Provider": "Microsoft-Windows-Sysmon", "ProviderGuid": "{5770385f-c22a-43e0-bf4c-06f5698ffbd9}", "Computer": "WS-MKT-047", "Task": "Dns query", "UtcTime": "2026-03-11 08:03:02.806", "ProcessGuid": "{d05752c1-0000-0000-0000-29aa3c825545}", "User": "CORP\\m.laurent", "Image": "C:\\Program Files\\Google\\Chrome\\Application\\chrome.exe", "QueryName": "outlook.office365.com", "QueryStatus": "0", "QueryResults": "type: 5 outlook.office365.com", "ProcessId": 5265}
{"@timestamp": "2026-03-11T08:03:03.806157Z", "EventID": 3, "Channel": "Microsoft-Windows-Sysmon/Operational", "Provider": "Microsoft-Windows-Sysmon", "ProviderGuid": "{5770385f-c22a-43e0-bf4c-06f5698ffbd9}", "Computer": "WS-MKT-047", "Task": "Network connection detected", "UtcTime": "2026-03-11 08:03:03.806", "ProcessGuid": "{cc7b26be-0000-0000-0000-f45e37e87cc5}", "User": "CORP\\m.laurent", "Image": "C:\\Program Files\\Google\\Chrome\\Application\\chrome.exe", "Protocol": "tcp", "Initiated": true, "SourceIp": "10.20.4.43", "SourcePort": 63792, "DestinationIp": "104.18.24.38", "DestinationPort": 443, "DestinationHostname": "outlook.office365.com", "ProcessId": 5290}
{"@timestamp": "2026-03-11T08:03:09.219171Z", "EventID": 1, "Channel": "Microsoft-Windows-Sysmon/Operational", "Provider": "Microsoft-Windows-Sysmon", "ProviderGuid": "{5770385f-c22a-43e0-bf4c-06f5698ffbd9}", "Computer": "WS-HR-022", "Task": "Process Create", "UtcTime": "2026-03-11 08:03:09.219", "ProcessGuid": "{53ecc91b-0000-0000-0000-4691cf4874ae}", "User": "CORP\\a.schmidt", "Image": "C:\\Program Files\\Microsoft Teams\\Teams.exe", "CommandLine": "Teams.exe --system-initiated", "CurrentDirectory": "C:\\Users\\a.schmidt\\", "ProcessId": 5317, "IntegrityLevel": "Medium", "Hashes": "SHA1=9525FFAF892D6BD1156DEC6DA15806371098DE79,MD5=FF07B9533A5BBA93B98DAC47,SHA256=9525FFAF892D6BD1156DEC6DA15806371098DE79FF07B9533A5BBA93B98DAC47,IMPHASH=9525FFAF892D6BD1156DEC6DA1580637", "ParentImage": "C:\\Windows\\explorer.exe", "ParentCommandLine": "explorer.exe", "ParentProcessId": 5333, "OriginalFileName": "Teams.exe", "LogonId": "0xcc62f9"}
{"@timestamp": "2026-03-11T08:03:22.673696Z", "EventID": 1, "Channel": "Microsoft-Windows-Sysmon/Operational", "Provider": "Microsoft-Windows-Sysmon", "ProviderGuid": "{5770385f-c22a-43e0-bf4c-06f5698ffbd9}", "Computer": "WS-ENG-101", "Task": "Process Create", "UtcTime": "2026-03-11 08:03:22.673", "ProcessGuid": "{7be23df6-0000-0000-0000-8452b1228e8f}", "User": "CORP\\m.laurent", "Image": "C:\\Program Files\\Microsoft Office\\root\\Office16\\OUTLOOK.EXE", "CommandLine": "OUTLOOK.EXE /recycle", "CurrentDirectory": "C:\\Users\\m.laurent\\", "ProcessId": 5359, "IntegrityLevel": "Medium", "Hashes": "SHA1=D25566003433C51441C6E3C14EF3881FFB63A3D5,MD5=4985E661295960B277858FDD,SHA256=D25566003433C51441C6E3C14EF3881FFB63A3D54985E661295960B277858FDD,IMPHASH=D25566003433C51441C6E3C14EF3881F", "ParentImage": "C:\\Windows\\explorer.exe", "ParentCommandLine": "explorer.exe", "ParentProcessId": 5396, "OriginalFileName": "OUTLOOK.EXE", "LogonId": "0xb90554"}
{"@timestamp": "2026-03-11T08:03:23.673696Z", "EventID": 7, "Channel": "Microsoft-Windows-Sysmon/Operational", "Provider": "Microsoft-Windows-Sysmon", "ProviderGuid": "{5770385f-c22a-43e0-bf4c-06f5698ffbd9}", "Computer": "WS-ENG-101", "Task": "Image loaded", "UtcTime": "2026-03-11 08:03:23.673", "ProcessGuid": "{a44eaf31-0000-0000-0000-5809defb4dd9}", "User": "CORP\\m.laurent", "Image": "C:\\Program Files\\Microsoft Office\\root\\Office16\\OUTLOOK.EXE", "ImageLoaded": "C:\\Windows\\System32\\advapi32.dll", "Hashes": "SHA1=710137EDECA7E0959E59CD8930BB80C7ECC16348,MD5=F711E39436CB57EA45CD1749,SHA256=710137EDECA7E0959E59CD8930BB80C7ECC16348F711E39436CB57EA45CD1749,IMPHASH=710137EDECA7E0959E59CD8930BB80C7", "Signed": "true", "Signature": "Microsoft Windows", "SignatureStatus": "Valid", "ProcessId": 5426}
{"@timestamp": "2026-03-11T08:03:26.673696Z", "EventID": 13, "Channel": "Microsoft-Windows-Sysmon/Operational", "Provider": "Microsoft-Windows-Sysmon", "ProviderGuid": "{5770385f-c22a-43e0-bf4c-06f5698ffbd9}", "Computer": "WS-ENG-101", "Task": "Registry value set", "UtcTime": "2026-03-11 08:03:26.673", "ProcessGuid": "{4c84c4a2-0000-0000-0000-237f4b8b8835}", "User": "CORP\\m.laurent", "EventType": "SetValue", "Image": "C:\\Program Files\\Microsoft Office\\root\\Office16\\OUTLOOK.EXE", "TargetObject": "HKLM\\SOFTWARE\\Microsoft\\Windows\\CurrentVersion\\Explorer\\Advanced\\Hidden", "Details": "DWORD (0x00000001)", "ProcessId": 5463}
{"@timestamp": "2026-03-11T08:03:31.717003Z", "EventID": 1, "Channel": "Microsoft-Windows-Sysmon/Operational", "Provider": "Microsoft-Windows-Sysmon", "ProviderGuid": "{5770385f-c22a-43e0-bf4c-06f5698ffbd9}", "Computer": "SRV-APP-02", "Task": "Process Create", "UtcTime": "2026-03-11 08:03:31.717", "ProcessGuid": "{97c47847-0000-0000-0000-fd0c3165ca1f}", "User": "CORP\\j.dupont", "Image": "C:\\Windows\\System32\\taskhostw.exe", "CommandLine": "taskhostw.exe {222A245B}", "CurrentDirectory": "C:\\Users\\j.dupont\\", "ProcessId": 5471, "IntegrityLevel": "Medium", "Hashes": "SHA1=EADE2CD8C84CE631A2A6917151557D03D7BCF704,MD5=B2A911E5910025FA412EE1D7,SHA256=EADE2CD8C84CE631A2A6917151557D03D7BCF704B2A911E5910025FA412EE1D7,IMPHASH=EADE2CD8C84CE631A2A6917151557D03", "ParentImage": "C:\\Windows\\System32\\svchost.exe", "ParentCommandLine": "svchost.exe", "ParentProcessId": 5508, "OriginalFileName": "taskhostw.exe", "LogonId": "0x3fb41"}
{"@timestamp": "2026-03-11T08:03:43.159441Z", "EventID": 1, "Channel": "Microsoft-Windows-Sysmon/Operational", "Provider": "Microsoft-Windows-Sysmon", "ProviderGuid": "{5770385f-c22a-43e0-bf4c-06f5698ffbd9}", "Computer": "WS-ENG-101", "Task": "Process Create", "UtcTime": "2026-03-11 08:03:43.159", "ProcessGuid": "{bfbe1683-0000-0000-0000-493c4517a06f}", "User": "CORP\\m.laurent", "Image": "C:\\Program Files\\Google\\Chrome\\Application\\chrome.exe", "CommandLine": "chrome.exe --type=renderer", "CurrentDirectory": "C:\\Users\\m.laurent\\", "ProcessId": 5534, "IntegrityLevel": "Medium", "Hashes": "SHA1=B98A42E7E75A66429BF21F48D54033A6083EAF10,MD5=1BD296B5FE5A63134C2B6565,SHA256=B98A42E7E75A66429BF21F48D54033A6083EAF101BD296B5FE5A63134C2B6565,IMPHASH=B98A42E7E75A66429BF21F48D54033A6", "ParentImage": "C:\\Windows\\explorer.exe", "ParentCommandLine": "explorer.exe", "ParentProcessId": 5539, "OriginalFileName": "chrome.exe", "LogonId": "0x598b48"}
{"@timestamp": "2026-03-11T08:03:45.159441Z", "EventID": 22, "Channel": "Microsoft-Windows-Sysmon/Operational", "Provider": "Microsoft-Windows-Sysmon", "ProviderGuid": "{5770385f-c22a-43e0-bf4c-06f5698ffbd9}", "Computer": "WS-ENG-101", "Task": "Dns query", "UtcTime": "2026-03-11 08:03:45.159", "ProcessGuid": "{311dcf8b-0000-0000-0000-e26babbfb3e8}", "User": "CORP\\m.laurent", "Image": "C:\\Program Files\\Google\\Chrome\\Application\\chrome.exe", "QueryName": "teams.microsoft.com", "QueryStatus": "0", "QueryResults": "type: 5 teams.microsoft.com", "ProcessId": 5560}
{"@timestamp": "2026-03-11T08:03:46.159441Z", "EventID": 3, "Channel": "Microsoft-Windows-Sysmon/Operational", "Provider": "Microsoft-Windows-Sysmon", "ProviderGuid": "{5770385f-c22a-43e0-bf4c-06f5698ffbd9}", "Computer": "WS-ENG-101", "Task": "Network connection detected", "UtcTime": "2026-03-11 08:03:46.159", "ProcessGuid": "{a4b52785-0000-0000-0000-6a45e6ab89fe}", "User": "CORP\\m.laurent", "Image": "C:\\Program Files\\Google\\Chrome\\Application\\chrome.exe", "Protocol": "tcp", "Initiated": true, "SourceIp": "10.20.4.47", "SourcePort": 51353, "DestinationIp": "104.18.9.43", "DestinationPort": 443, "DestinationHostname": "teams.microsoft.com", "ProcessId": 5588}
{"@timestamp": "2026-03-11T08:03:54.550240Z", "EventID": 1, "Channel": "Microsoft-Windows-Sysmon/Operational", "Provider": "Microsoft-Windows-Sysmon", "ProviderGuid": "{5770385f-c22a-43e0-bf4c-06f5698ffbd9}", "Computer": "WS-HR-022", "Task": "Process Create", "UtcTime": "2026-03-11 08:03:54.550", "ProcessGuid": "{c652ab91-0000-0000-0000-bd6cf749ab0c}", "User": "CORP\\p.novak", "Image": "C:\\Program Files\\Microsoft Office\\root\\Office16\\OUTLOOK.EXE", "CommandLine": "OUTLOOK.EXE /recycle", "CurrentDirectory": "C:\\Users\\p.novak\\", "ProcessId": 5628, "IntegrityLevel": "Medium", "Hashes": "SHA1=D25566003433C51441C6E3C14EF3881FFB63A3D5,MD5=4985E661295960B277858FDD,SHA256=D25566003433C51441C6E3C14EF3881FFB63A3D54985E661295960B277858FDD,IMPHASH=D25566003433C51441C6E3C14EF3881F", "ParentImage": "C:\\Windows\\explorer.exe", "ParentCommandLine": "explorer.exe", "ParentProcessId": 5645, "OriginalFileName": "OUTLOOK.EXE", "LogonId": "0x6c0817"}
{"@timestamp": "2026-03-11T08:03:55.550240Z", "EventID": 7, "Channel": "Microsoft-Windows-Sysmon/Operational", "Provider": "Microsoft-Windows-Sysmon", "ProviderGuid": "{5770385f-c22a-43e0-bf4c-06f5698ffbd9}", "Computer": "WS-HR-022", "Task": "Image loaded", "UtcTime": "2026-03-11 08:03:55.550", "ProcessGuid": "{2e95a6b2-0000-0000-0000-acf3dffafa26}", "User": "CORP\\p.novak", "Image": "C:\\Program Files\\Microsoft Office\\root\\Office16\\OUTLOOK.EXE", "ImageLoaded": "C:\\Windows\\System32\\advapi32.dll", "Hashes": "SHA1=710137EDECA7E0959E59CD8930BB80C7ECC16348,MD5=F711E39436CB57EA45CD1749,SHA256=710137EDECA7E0959E59CD8930BB80C7ECC16348F711E39436CB57EA45CD1749,IMPHASH=710137EDECA7E0959E59CD8930BB80C7", "Signed": "true", "Signature": "Microsoft Windows", "SignatureStatus": "Valid", "ProcessId": 5653}
{"@timestamp": "2026-03-11T08:04:02.008846Z", "EventID": 1, "Channel": "Microsoft-Windows-Sysmon/Operational", "Provider": "Microsoft-Windows-Sysmon", "ProviderGuid": "{5770385f-c22a-43e0-bf4c-06f5698ffbd9}", "Computer": "WS-ENG-101", "Task": "Process Create", "UtcTime": "2026-03-11 08:04:02.008", "ProcessGuid": "{94fb2709-0000-0000-0000-017f1fe71b8e}", "User": "CORP\\m.laurent", "Image": "C:\\Program Files\\Microsoft Office\\root\\Office16\\OUTLOOK.EXE", "CommandLine": "OUTLOOK.EXE /recycle", "CurrentDirectory": "C:\\Users\\m.laurent\\", "ProcessId": 5684, "IntegrityLevel": "Medium", "Hashes": "SHA1=D25566003433C51441C6E3C14EF3881FFB63A3D5,MD5=4985E661295960B277858FDD,SHA256=D25566003433C51441C6E3C14EF3881FFB63A3D54985E661295960B277858FDD,IMPHASH=D25566003433C51441C6E3C14EF3881F", "ParentImage": "C:\\Windows\\explorer.exe", "ParentCommandLine": "explorer.exe", "ParentProcessId": 5691, "OriginalFileName": "OUTLOOK.EXE", "LogonId": "0x91633b"}
{"@timestamp": "2026-03-11T08:04:15.146348Z", "EventID": 1, "Channel": "Microsoft-Windows-Sysmon/Operational", "Provider": "Microsoft-Windows-Sysmon", "ProviderGuid": "{5770385f-c22a-43e0-bf4c-06f5698ffbd9}", "Computer": "WS-FIN-014", "Task": "Process Create", "UtcTime": "2026-03-11 08:04:15.146", "ProcessGuid": "{6cdaae89-0000-0000-0000-9e67bfd598ff}", "User": "CORP\\j.dupont", "Image": "C:\\Windows\\System32\\SearchIndexer.exe", "CommandLine": "SearchIndexer.exe /Embedding", "CurrentDirectory": "C:\\Users\\j.dupont\\", "ProcessId": 5704, "IntegrityLevel": "Medium", "Hashes": "SHA1=121647E7D5A6D15EEAB8D97378C4AEDDD4ADD9A0,MD5=283832F41A113F74BCD3F79D,SHA256=121647E7D5A6D15EEAB8D97378C4AEDDD4ADD9A0283832F41A113F74BCD3F79D,IMPHASH=121647E7D5A6D15EEAB8D97378C4AEDD", "ParentImage": "C:\\Windows\\System32\\services.exe", "ParentCommandLine": "services.exe", "ParentProcessId": 5721, "OriginalFileName": "SearchIndexer.exe", "LogonId": "0xafe336"}
{"@timestamp": "2026-03-11T08:04:27.471212Z", "EventID": 1, "Channel": "Microsoft-Windows-Sysmon/Operational", "Provider": "Microsoft-Windows-Sysmon", "ProviderGuid": "{5770385f-c22a-43e0-bf4c-06f5698ffbd9}", "Computer": "WS-FIN-014", "Task": "Process Create", "UtcTime": "2026-03-11 08:04:27.471", "ProcessGuid": "{3aa892fe-0000-0000-0000-c4e01fddc72b}", "User": "CORP\\a.schmidt", "Image": "C:\\Windows\\System32\\RuntimeBroker.exe", "CommandLine": "RuntimeBroker.exe -Embedding", "CurrentDirectory": "C:\\Users\\a.schmidt\\", "ProcessId": 5739, "IntegrityLevel": "Medium", "Hashes": "SHA1=6E06B06ABB69086464746156B313BB85E792314E,MD5=F5BB5F92FAEC74E6F48A66F1,SHA256=6E06B06ABB69086464746156B313BB85E792314EF5BB5F92FAEC74E6F48A66F1,IMPHASH=6E06B06ABB69086464746156B313BB85", "ParentImage": "C:\\Windows\\System32\\svchost.exe", "ParentCommandLine": "svchost.exe", "ParentProcessId": 5775, "OriginalFileName": "RuntimeBroker.exe", "LogonId": "0x40a7e3"}
{"@timestamp": "2026-03-11T08:04:28.471212Z", "EventID": 7, "Channel": "Microsoft-Windows-Sysmon/Operational", "Provider": "Microsoft-Windows-Sysmon", "ProviderGuid": "{5770385f-c22a-43e0-bf4c-06f5698ffbd9}", "Computer": "WS-FIN-014", "Task": "Image loaded", "UtcTime": "2026-03-11 08:04:28.471", "ProcessGuid": "{f778f0a8-0000-0000-0000-ba6b1deb304f}", "User": "CORP\\a.schmidt", "Image": "C:\\Windows\\System32\\RuntimeBroker.exe", "ImageLoaded": "C:\\Windows\\System32\\ntdll.dll", "Hashes": "SHA1=10A7949A67B3658998DA2966045490E09CA516C0,MD5=DBDCDCAAC9D1FC61849E35DE,SHA256=10A7949A67B3658998DA2966045490E09CA516C0DBDCDCAAC9D1FC61849E35DE,IMPHASH=10A7949A67B3658998DA2966045490E0", "Signed": "true", "Signature": "Microsoft Windows", "SignatureStatus": "Valid", "ProcessId": 5789}
{"@timestamp": "2026-03-11T08:04:29.471212Z", "EventID": 22, "Channel": "Microsoft-Windows-Sysmon/Operational", "Provider": "Microsoft-Windows-Sysmon", "ProviderGuid": "{5770385f-c22a-43e0-bf4c-06f5698ffbd9}", "Computer": "WS-FIN-014", "Task": "Dns query", "UtcTime": "2026-03-11 08:04:29.471", "ProcessGuid": "{77d02444-0000-0000-0000-d3909cee18cf}", "User": "CORP\\a.schmidt", "Image": "C:\\Windows\\System32\\RuntimeBroker.exe", "QueryName": "outlook.office365.com", "QueryStatus": "0", "QueryResults": "type: 5 outlook.office365.com", "ProcessId": 5800}
{"@timestamp": "2026-03-11T08:04:30.471212Z", "EventID": 3, "Channel": "Microsoft-Windows-Sysmon/Operational", "Provider": "Microsoft-Windows-Sysmon", "ProviderGuid": "{5770385f-c22a-43e0-bf4c-06f5698ffbd9}", "Computer": "WS-FIN-014", "Task": "Network connection detected", "UtcTime": "2026-03-11 08:04:30.471", "ProcessGuid": "{46048f3d-0000-0000-0000-66144a44f8c3}", "User": "CORP\\a.schmidt", "Image": "C:\\Windows\\System32\\RuntimeBroker.exe", "Protocol": "tcp", "Initiated": true, "SourceIp": "10.20.4.66", "SourcePort": 57712, "DestinationIp": "104.18.27.78", "DestinationPort": 443, "DestinationHostname": "outlook.office365.com", "ProcessId": 5806}
{"@timestamp": "2026-03-11T08:04:31.471212Z", "EventID": 13, "Channel": "Microsoft-Windows-Sysmon/Operational", "Provider": "Microsoft-Windows-Sysmon", "ProviderGuid": "{5770385f-c22a-43e0-bf4c-06f5698ffbd9}", "Computer": "WS-FIN-014", "Task": "Registry value set", "UtcTime": "2026-03-11 08:04:31.471", "ProcessGuid": "{8602bf8d-0000-0000-0000-5cc9266a8ea6}", "User": "CORP\\a.schmidt", "EventType": "SetValue", "Image": "C:\\Windows\\System32\\RuntimeBroker.exe", "TargetObject": "HKLM\\SOFTWARE\\Microsoft\\Windows\\CurrentVersion\\Explorer\\Advanced\\Hidden", "Details": "DWORD (0x00000001)", "ProcessId": 5831}
{"@timestamp": "2026-03-11T08:04:36.070793Z", "EventID": 1, "Channel": "Microsoft-Windows-Sysmon/Operational", "Provider": "Microsoft-Windows-Sysmon", "ProviderGuid": "{5770385f-c22a-43e0-bf4c-06f5698ffbd9}", "Computer": "WS-FIN-014", "Task": "Process Create", "UtcTime": "2026-03-11 08:04:36.070", "ProcessGuid": "{ca678200-0000-0000-0000-6542072cdf8f}", "User": "CORP\\m.laurent", "Image": "C:\\Program Files\\Google\\Chrome\\Application\\chrome.exe", "CommandLine": "chrome.exe --type=renderer", "CurrentDirectory": "C:\\Users\\m.laurent\\", "ProcessId": 5841, "IntegrityLevel": "Medium", "Hashes": "SHA1=B98A42E7E75A66429BF21F48D54033A6083EAF10,MD5=1BD296B5FE5A63134C2B6565,SHA256=B98A42E7E75A66429BF21F48D54033A6083EAF101BD296B5FE5A63134C2B6565,IMPHASH=B98A42E7E75A66429BF21F48D54033A6", "ParentImage": "C:\\Windows\\explorer.exe", "ParentCommandLine": "explorer.exe", "ParentProcessId": 5853, "OriginalFileName": "chrome.exe", "LogonId": "0x43c35c"}
{"@timestamp": "2026-03-11T08:04:47.862437Z", "EventID": 1, "Channel": "Microsoft-Windows-Sysmon/Operational", "Provider": "Microsoft-Windows-Sysmon", "ProviderGuid": "{5770385f-c22a-43e0-bf4c-06f5698ffbd9}", "Computer": "WS-FIN-014", "Task": "Process Create", "UtcTime": "2026-03-11 08:04:47.862", "ProcessGuid": "{7bf5536f-0000-0000-0000-e9f1475b3e76}", "User": "CORP\\a.schmidt", "Image": "C:\\Windows\\System32\\svchost.exe", "CommandLine": "svchost.exe -k netsvcs -p", "CurrentDirectory": "C:\\Users\\a.schmidt\\", "ProcessId": 5870, "IntegrityLevel": "Medium", "Hashes": "SHA1=61ED4F85C992073BF9CF86A8CCF97A3836235B30,MD5=26EEE472B11BDD9EB577ED2A,SHA256=61ED4F85C992073BF9CF86A8CCF97A3836235B3026EEE472B11BDD9EB577ED2A,IMPHASH=61ED4F85C992073BF9CF86A8CCF97A38", "ParentImage": "C:\\Windows\\System32\\services.exe", "ParentCommandLine": "services.exe", "ParentProcessId": 5875, "OriginalFileName": "svchost.exe", "LogonId": "0xc6a64e"}
{"@timestamp": "2026-03-11T08:05:01.715194Z", "EventID": 1, "Channel": "Microsoft-Windows-Sysmon/Operational", "Provider": "Microsoft-Windows-Sysmon", "ProviderGuid": "{5770385f-c22a-43e0-bf4c-06f5698ffbd9}", "Computer": "WS-HR-022", "Task": "Process Create", "UtcTime": "2026-03-11 08:05:01.715", "ProcessGuid": "{93d4b6fe-0000-0000-0000-03465bb52df6}", "User": "CORP\\p.novak", "Image": "C:\\Windows\\System32\\RuntimeBroker.exe", "CommandLine": "RuntimeBroker.exe -Embedding", "CurrentDirectory": "C:\\Users\\p.novak\\", "ProcessId": 5912, "IntegrityLevel": "Medium", "Hashes": "SHA1=6E06B06ABB69086464746156B313BB85E792314E,MD5=F5BB5F92FAEC74E6F48A66F1,SHA256=6E06B06ABB69086464746156B313BB85E792314EF5BB5F92FAEC74E6F48A66F1,IMPHASH=6E06B06ABB69086464746156B313BB85", "ParentImage": "C:\\Windows\\System32\\svchost.exe", "ParentCommandLine": "svchost.exe", "ParentProcessId": 5947, "OriginalFileName": "RuntimeBroker.exe", "LogonId": "0xf0d0fb"}
{"@timestamp": "2026-03-11T08:05:02.715194Z", "EventID": 7, "Channel": "Microsoft-Windows-Sysmon/Operational", "Provider": "Microsoft-Windows-Sysmon", "ProviderGuid": "{5770385f-c22a-43e0-bf4c-06f5698ffbd9}", "Computer": "WS-HR-022", "Task": "Image loaded", "UtcTime": "2026-03-11 08:05:02.715", "ProcessGuid": "{7e755f2d-0000-0000-0000-38cb59b5c240}", "User": "CORP\\p.novak", "Image": "C:\\Windows\\System32\\RuntimeBroker.exe", "ImageLoaded": "C:\\Windows\\System32\\ole32.dll", "Hashes": "SHA1=F245FE196BF4E32347EB826671DBFA2AE75FC0F7,MD5=3E3DDDD0ED96FA97ED29A527,SHA256=F245FE196BF4E32347EB826671DBFA2AE75FC0F73E3DDDD0ED96FA97ED29A527,IMPHASH=F245FE196BF4E32347EB826671DBFA2A", "Signed": "true", "Signature": "Microsoft Windows", "SignatureStatus": "Valid", "ProcessId": 5962}
{"@timestamp": "2026-03-11T08:05:10.828676Z", "EventID": 1, "Channel": "Microsoft-Windows-Sysmon/Operational", "Provider": "Microsoft-Windows-Sysmon", "ProviderGuid": "{5770385f-c22a-43e0-bf4c-06f5698ffbd9}", "Computer": "SRV-APP-02", "Task": "Process Create", "UtcTime": "2026-03-11 08:05:10.828", "ProcessGuid": "{f7b25aed-0000-0000-0000-eedaaddce68f}", "User": "CORP\\a.schmidt", "Image": "C:\\Windows\\System32\\SearchIndexer.exe", "CommandLine": "SearchIndexer.exe /Embedding", "CurrentDirectory": "C:\\Users\\a.schmidt\\", "ProcessId": 5973, "IntegrityLevel": "Medium", "Hashes": "SHA1=121647E7D5A6D15EEAB8D97378C4AEDDD4ADD9A0,MD5=283832F41A113F74BCD3F79D,SHA256=121647E7D5A6D15EEAB8D97378C4AEDDD4ADD9A0283832F41A113F74BCD3F79D,IMPHASH=121647E7D5A6D15EEAB8D97378C4AEDD", "ParentImage": "C:\\Windows\\System32\\services.exe", "ParentCommandLine": "services.exe", "ParentProcessId": 6009, "OriginalFileName": "SearchIndexer.exe", "LogonId": "0x23d415"}
{"@timestamp": "2026-03-11T08:05:12.828676Z", "EventID": 22, "Channel": "Microsoft-Windows-Sysmon/Operational", "Provider": "Microsoft-Windows-Sysmon", "ProviderGuid": "{5770385f-c22a-43e0-bf4c-06f5698ffbd9}", "Computer": "SRV-APP-02", "Task": "Dns query", "UtcTime": "2026-03-11 08:05:12.828", "ProcessGuid": "{2a99ef69-0000-0000-0000-5fe297ad2eb5}", "User": "CORP\\a.schmidt", "Image": "C:\\Windows\\System32\\SearchIndexer.exe", "QueryName": "www.microsoft.com", "QueryStatus": "0", "QueryResults": "type: 5 www.microsoft.com", "ProcessId": 6022}
{"@timestamp": "2026-03-11T08:05:13.828676Z", "EventID": 3, "Channel": "Microsoft-Windows-Sysmon/Operational", "Provider": "Microsoft-Windows-Sysmon", "ProviderGuid": "{5770385f-c22a-43e0-bf4c-06f5698ffbd9}", "Computer": "SRV-APP-02", "Task": "Network connection detected", "UtcTime": "2026-03-11 08:05:13.828", "ProcessGuid": "{4205d5ab-0000-0000-0000-e7578a045d26}", "User": "CORP\\a.schmidt", "Image": "C:\\Windows\\System32\\SearchIndexer.exe", "Protocol": "tcp", "Initiated": true, "SourceIp": "10.20.4.21", "SourcePort": 56180, "DestinationIp": "104.18.40.212", "DestinationPort": 443, "DestinationHostname": "www.microsoft.com", "ProcessId": 6049}
{"@timestamp": "2026-03-11T08:05:22.652926Z", "EventID": 1, "Channel": "Microsoft-Windows-Sysmon/Operational", "Provider": "Microsoft-Windows-Sysmon", "ProviderGuid": "{5770385f-c22a-43e0-bf4c-06f5698ffbd9}", "Computer": "WS-FIN-014", "Task": "Process Create", "UtcTime": "2026-03-11 08:05:22.652", "ProcessGuid": "{b0cd0cc8-0000-0000-0000-54c53f2a2361}", "User": "CORP\\j.dupont", "Image": "C:\\Program Files\\Google\\Chrome\\Application\\chrome.exe", "CommandLine": "chrome.exe --type=renderer", "CurrentDirectory": "C:\\Users\\j.dupont\\", "ProcessId": 6079, "IntegrityLevel": "Medium", "Hashes": "SHA1=B98A42E7E75A66429BF21F48D54033A6083EAF10,MD5=1BD296B5FE5A63134C2B6565,SHA256=B98A42E7E75A66429BF21F48D54033A6083EAF101BD296B5FE5A63134C2B6565,IMPHASH=B98A42E7E75A66429BF21F48D54033A6", "ParentImage": "C:\\Windows\\explorer.exe", "ParentCommandLine": "explorer.exe", "ParentProcessId": 6087, "OriginalFileName": "chrome.exe", "LogonId": "0xf4cae3"}
